<?xml version="1.0" encoding="UTF-8"?>
<testsuite xmlns:xsi="http://www.w3.org/2001/XMLSchema-instance" xsi:noNamespaceSchemaLocation="https://maven.apache.org/surefire/maven-surefire-plugin/xsd/surefire-test-report-3.0.xsd" version="3.0" name="org.example.integration.KafkaIntegrationTest" time="16.251" tests="1" errors="0" skipped="0" failures="0">
  <properties>
    <property name="java.specification.version" value="21"/>
    <property name="sun.jnu.encoding" value="UTF-8"/>
    <property name="java.class.path" value="/home/l4yoos/KafkaProject/target/test-classes:/home/l4yoos/KafkaProject/target/classes:/home/l4yoos/.m2/repository/org/apache/kafka/kafka-clients/3.6.0/kafka-clients-3.6.0.jar:/home/l4yoos/.m2/repository/com/github/luben/zstd-jni/1.5.5-1/zstd-jni-1.5.5-1.jar:/home/l4yoos/.m2/repository/org/lz4/lz4-java/1.8.0/lz4-java-1.8.0.jar:/home/l4yoos/.m2/repository/org/xerial/snappy/snappy-java/1.1.10.4/snappy-java-1.1.10.4.jar:/home/l4yoos/.m2/repository/org/json/json/20230618/json-20230618.jar:/home/l4yoos/.m2/repository/org/slf4j/slf4j-api/1.7.36/slf4j-api-1.7.36.jar:/home/l4yoos/.m2/repository/ch/qos/logback/logback-classic/1.2.12/logback-classic-1.2.12.jar:/home/l4yoos/.m2/repository/ch/qos/logback/logback-core/1.2.12/logback-core-1.2.12.jar:/home/l4yoos/.m2/repository/org/testcontainers/kafka/1.19.0/kafka-1.19.0.jar:/home/l4yoos/.m2/repository/org/testcontainers/testcontainers/1.19.0/testcontainers-1.19.0.jar:/home/l4yoos/.m2/repository/junit/junit/4.13.2/junit-4.13.2.jar:/home/l4yoos/.m2/repository/org/hamcrest/hamcrest-core/1.3/hamcrest-core-1.3.jar:/home/l4yoos/.m2/repository/org/apache/commons/commons-compress/1.23.0/commons-compress-1.23.0.jar:/home/l4yoos/.m2/repository/org/rnorth/duct-tape/duct-tape/1.0.8/duct-tape-1.0.8.jar:/home/l4yoos/.m2/repository/org/jetbrains/annotations/17.0.0/annotations-17.0.0.jar:/home/l4yoos/.m2/repository/com/github/docker-java/docker-java-api/3.3.3/docker-java-api-3.3.3.jar:/home/l4yoos/.m2/repository/com/fasterxml/jackson/core/jackson-annotations/2.10.3/jackson-annotations-2.10.3.jar:/home/l4yoos/.m2/repository/com/github/docker-java/docker-java-transport-zerodep/3.3.3/docker-java-transport-zerodep-3.3.3.jar:/home/l4yoos/.m2/repository/com/github/docker-java/docker-java-transport/3.3.3/docker-java-transport-3.3.3.jar:/home/l4yoos/.m2/repository/net/java/dev/jna/jna/5.12.1/jna-5.12.1.jar:/home/l4yoos/.m2/repository/org/junit/jupiter/junit-jupiter/5.10.0/junit-jupiter-5.10.0.jar:/home/l4yoos/.m2/repository/org/junit/jupiter/junit-jupiter-api/5.10.0/junit-jupiter-api-5.10.0.jar:/home/l4yoos/.m2/repository/org/opentest4j/opentest4j/1.3.0/opentest4j-1.3.0.jar:/home/l4yoos/.m2/repository/org/junit/platform/junit-platform-commons/1.10.0/junit-platform-commons-1.10.0.jar:/home/l4yoos/.m2/repository/org/apiguardian/apiguardian-api/1.1.2/apiguardian-api-1.1.2.jar:/home/l4yoos/.m2/repository/org/junit/jupiter/junit-jupiter-params/5.10.0/junit-jupiter-params-5.10.0.jar:/home/l4yoos/.m2/repository/org/junit/jupiter/junit-jupiter-engine/5.10.0/junit-jupiter-engine-5.10.0.jar:/home/l4yoos/.m2/repository/org/junit/platform/junit-platform-engine/1.10.0/junit-platform-engine-1.10.0.jar:/home/l4yoos/.m2/repository/org/apache/commons/commons-lang3/3.12.0/commons-lang3-3.12.0.jar:"/>
    <property name="java.vm.vendor" value="Red Hat, Inc."/>
    <property name="sun.arch.data.model" value="64"/>
    <property name="java.vendor.url" value="https://www.redhat.com/"/>
    <property name="user.timezone" value="Europe/Warsaw"/>
    <property name="os.name" value="Linux"/>
    <property name="java.vm.specification.version" value="21"/>
    <property name="sun.java.launcher" value="SUN_STANDARD"/>
    <property name="user.country" value="PL"/>
    <property name="sun.boot.library.path" value="/usr/lib/jvm/java-21-openjdk-21.0.5.0.11-1.fc40.x86_64/lib"/>
    <property name="sun.java.command" value="/home/l4yoos/KafkaProject/target/surefire/surefirebooter-20241220173429089_3.jar /home/l4yoos/KafkaProject/target/surefire 2024-12-20T17-34-28_949-jvmRun1 surefire-20241220173429089_1tmp surefire_0-20241220173429089_2tmp"/>
    <property name="jdk.debug" value="release"/>
    <property name="surefire.test.class.path" value="/home/l4yoos/KafkaProject/target/test-classes:/home/l4yoos/KafkaProject/target/classes:/home/l4yoos/.m2/repository/org/apache/kafka/kafka-clients/3.6.0/kafka-clients-3.6.0.jar:/home/l4yoos/.m2/repository/com/github/luben/zstd-jni/1.5.5-1/zstd-jni-1.5.5-1.jar:/home/l4yoos/.m2/repository/org/lz4/lz4-java/1.8.0/lz4-java-1.8.0.jar:/home/l4yoos/.m2/repository/org/xerial/snappy/snappy-java/1.1.10.4/snappy-java-1.1.10.4.jar:/home/l4yoos/.m2/repository/org/json/json/20230618/json-20230618.jar:/home/l4yoos/.m2/repository/org/slf4j/slf4j-api/1.7.36/slf4j-api-1.7.36.jar:/home/l4yoos/.m2/repository/ch/qos/logback/logback-classic/1.2.12/logback-classic-1.2.12.jar:/home/l4yoos/.m2/repository/ch/qos/logback/logback-core/1.2.12/logback-core-1.2.12.jar:/home/l4yoos/.m2/repository/org/testcontainers/kafka/1.19.0/kafka-1.19.0.jar:/home/l4yoos/.m2/repository/org/testcontainers/testcontainers/1.19.0/testcontainers-1.19.0.jar:/home/l4yoos/.m2/repository/junit/junit/4.13.2/junit-4.13.2.jar:/home/l4yoos/.m2/repository/org/hamcrest/hamcrest-core/1.3/hamcrest-core-1.3.jar:/home/l4yoos/.m2/repository/org/apache/commons/commons-compress/1.23.0/commons-compress-1.23.0.jar:/home/l4yoos/.m2/repository/org/rnorth/duct-tape/duct-tape/1.0.8/duct-tape-1.0.8.jar:/home/l4yoos/.m2/repository/org/jetbrains/annotations/17.0.0/annotations-17.0.0.jar:/home/l4yoos/.m2/repository/com/github/docker-java/docker-java-api/3.3.3/docker-java-api-3.3.3.jar:/home/l4yoos/.m2/repository/com/fasterxml/jackson/core/jackson-annotations/2.10.3/jackson-annotations-2.10.3.jar:/home/l4yoos/.m2/repository/com/github/docker-java/docker-java-transport-zerodep/3.3.3/docker-java-transport-zerodep-3.3.3.jar:/home/l4yoos/.m2/repository/com/github/docker-java/docker-java-transport/3.3.3/docker-java-transport-3.3.3.jar:/home/l4yoos/.m2/repository/net/java/dev/jna/jna/5.12.1/jna-5.12.1.jar:/home/l4yoos/.m2/repository/org/junit/jupiter/junit-jupiter/5.10.0/junit-jupiter-5.10.0.jar:/home/l4yoos/.m2/repository/org/junit/jupiter/junit-jupiter-api/5.10.0/junit-jupiter-api-5.10.0.jar:/home/l4yoos/.m2/repository/org/opentest4j/opentest4j/1.3.0/opentest4j-1.3.0.jar:/home/l4yoos/.m2/repository/org/junit/platform/junit-platform-commons/1.10.0/junit-platform-commons-1.10.0.jar:/home/l4yoos/.m2/repository/org/apiguardian/apiguardian-api/1.1.2/apiguardian-api-1.1.2.jar:/home/l4yoos/.m2/repository/org/junit/jupiter/junit-jupiter-params/5.10.0/junit-jupiter-params-5.10.0.jar:/home/l4yoos/.m2/repository/org/junit/jupiter/junit-jupiter-engine/5.10.0/junit-jupiter-engine-5.10.0.jar:/home/l4yoos/.m2/repository/org/junit/platform/junit-platform-engine/1.10.0/junit-platform-engine-1.10.0.jar:/home/l4yoos/.m2/repository/org/apache/commons/commons-lang3/3.12.0/commons-lang3-3.12.0.jar:"/>
    <property name="sun.cpu.endian" value="little"/>
    <property name="user.home" value="/home/l4yoos"/>
    <property name="user.language" value="pl"/>
    <property name="java.specification.vendor" value="Oracle Corporation"/>
    <property name="java.version.date" value="2024-10-15"/>
    <property name="java.home" value="/usr/lib/jvm/java-21-openjdk-21.0.5.0.11-1.fc40.x86_64"/>
    <property name="file.separator" value="/"/>
    <property name="basedir" value="/home/l4yoos/KafkaProject"/>
    <property name="java.vm.compressedOopsMode" value="32-bit"/>
    <property name="line.separator" value="&#10;"/>
    <property name="java.specification.name" value="Java Platform API Specification"/>
    <property name="java.vm.specification.vendor" value="Oracle Corporation"/>
    <property name="surefire.real.class.path" value="/home/l4yoos/KafkaProject/target/surefire/surefirebooter-20241220173429089_3.jar"/>
    <property name="sun.management.compiler" value="HotSpot 64-Bit Tiered Compilers"/>
    <property name="java.runtime.version" value="21.0.5+11"/>
    <property name="user.name" value="l4yoos"/>
    <property name="stdout.encoding" value="UTF-8"/>
    <property name="path.separator" value=":"/>
    <property name="os.version" value="6.12.4-100.fc40.x86_64"/>
    <property name="java.runtime.name" value="OpenJDK Runtime Environment"/>
    <property name="file.encoding" value="UTF-8"/>
    <property name="java.vm.name" value="OpenJDK 64-Bit Server VM"/>
    <property name="java.vendor.version" value="(Red_Hat-21.0.5.0.11-1)"/>
    <property name="localRepository" value="/home/l4yoos/.m2/repository"/>
    <property name="java.vendor.url.bug" value="https://bugzilla.redhat.com/enter_bug.cgi?product=Fedora&amp;component=java-21-openjdk&amp;version=39"/>
    <property name="java.io.tmpdir" value="/tmp"/>
    <property name="java.version" value="21.0.5"/>
    <property name="user.dir" value="/home/l4yoos/KafkaProject"/>
    <property name="os.arch" value="amd64"/>
    <property name="java.vm.specification.name" value="Java Virtual Machine Specification"/>
    <property name="native.encoding" value="UTF-8"/>
    <property name="java.library.path" value="/usr/java/packages/lib:/usr/lib64:/lib64:/lib:/usr/lib"/>
    <property name="java.vm.info" value="mixed mode, sharing"/>
    <property name="stderr.encoding" value="UTF-8"/>
    <property name="java.vendor" value="Red Hat, Inc."/>
    <property name="java.vm.version" value="21.0.5+11"/>
    <property name="sun.io.unicode.encoding" value="UnicodeLittle"/>
    <property name="java.class.version" value="65.0"/>
  </properties>
  <testcase name="testKafkaProducerConsumerIntegration" classname="org.example.integration.KafkaIntegrationTest" time="1.986">
    <system-out><![CDATA[17:34:30.324 [main] DEBUG org.testcontainers.utility.TestcontainersConfiguration - Testcontainers configuration overrides will be loaded from file:/home/l4yoos/.testcontainers.properties
17:34:30.336 [main] DEBUG org.testcontainers.utility.TestcontainersConfiguration - Attempted to read Testcontainers configuration file at file:/home/l4yoos/.testcontainers.properties but the file was not found. Exception message: FileNotFoundException: /home/l4yoos/.testcontainers.properties (Nie ma takiego pliku ani katalogu)
17:34:30.342 [main] INFO org.testcontainers.utility.ImageNameSubstitutor - Image name substitution will be performed by: DefaultImageNameSubstitutor (composite of 'ConfigurationFileImageNameSubstitutor' and 'PrefixingImageNameSubstitutor')
17:34:30.564 [main] DEBUG org.testcontainers.dockerclient.DockerClientProviderStrategy - Trying out strategy: EnvironmentAndSystemPropertyClientProviderStrategy
17:34:30.723 [main] DEBUG org.testcontainers.shaded.com.github.dockerjava.core.command.AbstrDockerCmd - Cmd: 
17:34:30.745 [main] DEBUG com.github.dockerjava.zerodep.shaded.org.apache.hc.client5.http.impl.classic.InternalHttpClient - ex-00000001: preparing request execution
17:34:30.750 [main] DEBUG com.github.dockerjava.zerodep.shaded.org.apache.hc.client5.http.protocol.RequestAddCookies - Cookie spec selected: strict
17:34:30.754 [main] DEBUG com.github.dockerjava.zerodep.shaded.org.apache.hc.client5.http.protocol.RequestAuthCache - Auth cache not set in the context
17:34:30.755 [main] DEBUG com.github.dockerjava.zerodep.shaded.org.apache.hc.client5.http.impl.classic.ProtocolExec - ex-00000001: target auth state: UNCHALLENGED
17:34:30.755 [main] DEBUG com.github.dockerjava.zerodep.shaded.org.apache.hc.client5.http.impl.classic.ProtocolExec - ex-00000001: proxy auth state: UNCHALLENGED
17:34:30.756 [main] DEBUG com.github.dockerjava.zerodep.shaded.org.apache.hc.client5.http.impl.classic.ConnectExec - ex-00000001: acquiring connection with route {}->unix://localhost:2375
17:34:30.756 [main] DEBUG com.github.dockerjava.zerodep.shaded.org.apache.hc.client5.http.impl.classic.InternalHttpClient - ex-00000001: acquiring endpoint (3 MINUTES)
17:34:30.757 [main] DEBUG com.github.dockerjava.zerodep.shaded.org.apache.hc.client5.http.impl.io.PoolingHttpClientConnectionManager - ex-00000001: endpoint lease request (3 MINUTES) [route: {}->unix://localhost:2375][total available: 0; route allocated: 0 of 2147483647; total allocated: 0 of 2147483647]
17:34:30.761 [main] DEBUG com.github.dockerjava.zerodep.shaded.org.apache.hc.client5.http.impl.io.PoolingHttpClientConnectionManager - ex-00000001: endpoint leased [route: {}->unix://localhost:2375][total available: 0; route allocated: 1 of 2147483647; total allocated: 1 of 2147483647]
17:34:30.771 [main] DEBUG com.github.dockerjava.zerodep.shaded.org.apache.hc.client5.http.impl.io.PoolingHttpClientConnectionManager - ex-00000001: acquired ep-00000000
17:34:30.772 [main] DEBUG com.github.dockerjava.zerodep.shaded.org.apache.hc.client5.http.impl.classic.InternalHttpClient - ex-00000001: acquired endpoint ep-00000000
17:34:30.772 [main] DEBUG com.github.dockerjava.zerodep.shaded.org.apache.hc.client5.http.impl.classic.ConnectExec - ex-00000001: opening connection {}->unix://localhost:2375
17:34:30.772 [main] DEBUG com.github.dockerjava.zerodep.shaded.org.apache.hc.client5.http.impl.classic.InternalHttpClient - ep-00000000: connecting endpoint (3 MINUTES)
17:34:30.773 [main] DEBUG com.github.dockerjava.zerodep.shaded.org.apache.hc.client5.http.impl.io.PoolingHttpClientConnectionManager - ep-00000000: connecting endpoint to unix://localhost:2375 (3 MINUTES)
17:34:30.779 [main] DEBUG com.github.dockerjava.zerodep.shaded.org.apache.hc.client5.http.impl.io.DefaultHttpClientConnectionOperator - http-outgoing-0: connecting to localhost/127.0.0.1:2375
17:34:30.779 [main] DEBUG com.github.dockerjava.zerodep.shaded.org.apache.hc.client5.http.impl.io.DefaultHttpClientConnectionOperator - http-outgoing-0: connection established /var/run/docker.sock<->/var/run/docker.sock
17:34:30.781 [main] DEBUG com.github.dockerjava.zerodep.shaded.org.apache.hc.client5.http.impl.io.PoolingHttpClientConnectionManager - ep-00000000: connected http-outgoing-0
17:34:30.781 [main] DEBUG com.github.dockerjava.zerodep.shaded.org.apache.hc.client5.http.impl.classic.InternalHttpClient - ep-00000000: endpoint connected
17:34:30.781 [main] DEBUG com.github.dockerjava.zerodep.shaded.org.apache.hc.client5.http.impl.classic.MainClientExec - ex-00000001: executing GET /v1.32/info HTTP/1.1
17:34:30.782 [main] DEBUG com.github.dockerjava.zerodep.shaded.org.apache.hc.client5.http.impl.classic.InternalHttpClient - ep-00000000: start execution ex-00000001
17:34:30.782 [main] DEBUG com.github.dockerjava.zerodep.shaded.org.apache.hc.client5.http.impl.io.PoolingHttpClientConnectionManager - ep-00000000: executing exchange ex-00000001 over http-outgoing-0
17:34:30.784 [main] DEBUG com.github.dockerjava.zerodep.shaded.org.apache.hc.client5.http.headers - http-outgoing-0 >> GET /v1.32/info HTTP/1.1
17:34:30.784 [main] DEBUG com.github.dockerjava.zerodep.shaded.org.apache.hc.client5.http.headers - http-outgoing-0 >> x-tc-sid: 63b6f132-4791-4107-bf40-862197cff523
17:34:30.784 [main] DEBUG com.github.dockerjava.zerodep.shaded.org.apache.hc.client5.http.headers - http-outgoing-0 >> User-Agent: tc-java/1.19.0
17:34:30.784 [main] DEBUG com.github.dockerjava.zerodep.shaded.org.apache.hc.client5.http.headers - http-outgoing-0 >> Accept-Encoding: gzip, x-gzip, deflate
17:34:30.784 [main] DEBUG com.github.dockerjava.zerodep.shaded.org.apache.hc.client5.http.headers - http-outgoing-0 >> Host: localhost:2375
17:34:30.784 [main] DEBUG com.github.dockerjava.zerodep.shaded.org.apache.hc.client5.http.headers - http-outgoing-0 >> Connection: keep-alive
17:34:30.785 [main] DEBUG com.github.dockerjava.zerodep.shaded.org.apache.hc.client5.http.wire - http-outgoing-0 >> "GET /v1.32/info HTTP/1.1[\r][\n]"
17:34:30.785 [main] DEBUG com.github.dockerjava.zerodep.shaded.org.apache.hc.client5.http.wire - http-outgoing-0 >> "x-tc-sid: 63b6f132-4791-4107-bf40-862197cff523[\r][\n]"
17:34:30.785 [main] DEBUG com.github.dockerjava.zerodep.shaded.org.apache.hc.client5.http.wire - http-outgoing-0 >> "User-Agent: tc-java/1.19.0[\r][\n]"
17:34:30.785 [main] DEBUG com.github.dockerjava.zerodep.shaded.org.apache.hc.client5.http.wire - http-outgoing-0 >> "Accept-Encoding: gzip, x-gzip, deflate[\r][\n]"
17:34:30.785 [main] DEBUG com.github.dockerjava.zerodep.shaded.org.apache.hc.client5.http.wire - http-outgoing-0 >> "Host: localhost:2375[\r][\n]"
17:34:30.785 [main] DEBUG com.github.dockerjava.zerodep.shaded.org.apache.hc.client5.http.wire - http-outgoing-0 >> "Connection: keep-alive[\r][\n]"
17:34:30.785 [main] DEBUG com.github.dockerjava.zerodep.shaded.org.apache.hc.client5.http.wire - http-outgoing-0 >> "[\r][\n]"
17:34:30.795 [main] DEBUG com.github.dockerjava.zerodep.shaded.org.apache.hc.client5.http.wire - http-outgoing-0 << "HTTP/1.1 200 OK[\r][\n]"
17:34:30.795 [main] DEBUG com.github.dockerjava.zerodep.shaded.org.apache.hc.client5.http.wire - http-outgoing-0 << "Api-Version: 1.47[\r][\n]"
17:34:30.795 [main] DEBUG com.github.dockerjava.zerodep.shaded.org.apache.hc.client5.http.wire - http-outgoing-0 << "Content-Type: application/json[\r][\n]"
17:34:30.795 [main] DEBUG com.github.dockerjava.zerodep.shaded.org.apache.hc.client5.http.wire - http-outgoing-0 << "Docker-Experimental: false[\r][\n]"
17:34:30.795 [main] DEBUG com.github.dockerjava.zerodep.shaded.org.apache.hc.client5.http.wire - http-outgoing-0 << "Ostype: linux[\r][\n]"
17:34:30.795 [main] DEBUG com.github.dockerjava.zerodep.shaded.org.apache.hc.client5.http.wire - http-outgoing-0 << "Server: Docker/27.4.1 (linux)[\r][\n]"
17:34:30.795 [main] DEBUG com.github.dockerjava.zerodep.shaded.org.apache.hc.client5.http.wire - http-outgoing-0 << "Date: Fri, 20 Dec 2024 16:34:30 GMT[\r][\n]"
17:34:30.795 [main] DEBUG com.github.dockerjava.zerodep.shaded.org.apache.hc.client5.http.wire - http-outgoing-0 << "Transfer-Encoding: chunked[\r][\n]"
17:34:30.795 [main] DEBUG com.github.dockerjava.zerodep.shaded.org.apache.hc.client5.http.wire - http-outgoing-0 << "[\r][\n]"
17:34:30.795 [main] DEBUG com.github.dockerjava.zerodep.shaded.org.apache.hc.client5.http.wire - http-outgoing-0 << "8be[\r][\n]"
17:34:30.796 [main] DEBUG com.github.dockerjava.zerodep.shaded.org.apache.hc.client5.http.wire - http-outgoing-0 << "{"ID":"aa83555f-f9e8-4bca-91ab-71f784d4720e","Containers":1,"ContainersRunning":0,"ContainersPaused":0,"ContainersStopped":1,"Images":3,"Driver":"overlay2","DriverStatus":[["Backing Filesystem","btrfs"],["Supports d_type","true"],["Using metacopy","false"],["Native Overlay Diff","true"],["userxattr","false"]],"Plugins":{"Volume":["local"],"Network":["bridge","host","ipvlan","macvlan","null","overlay"],"Authorization":null,"Log":["awslogs","fluentd","gcplogs","gelf","journald","json-file","local","splunk","syslog"]},"MemoryLimit":true,"SwapLimit":true,"CpuCfsPeriod":true,"CpuCfsQuota":true,"CPUShares":true,"CPUSet":true,"PidsLimit":true,"IPv4Forwarding":true,"BridgeNfIptables":false,"BridgeNfIp6tables":false,"Debug":false,"NFd":24,"OomKillDisable":false,"NGoroutines":44,"SystemTime":"2024-12-20T17:34:30.786367171+01:00","LoggingDriver":"json-file","CgroupDriver":"systemd","CgroupVersion":"2","NEventsListener":0,"KernelVersion":"6.12.4-100.fc40.x86_64","OperatingSystem":"Fedora Linux 40 (Workstation Edition)","OSVersion":"40","OSType":"linux","Architecture":"x86_64","IndexServerAddress":"https://index.docker.io/v1/","RegistryConfig":{"AllowNondistributableArtifactsCIDRs":null,"AllowNondistributableArtifactsHostnames":null,"InsecureRegistryCIDRs":["127.0.0.0/8"],"IndexConfigs":{"docker.io":{"Name":"docker.io","Mirrors":[],"Secure":true,"Official":true}},"Mirrors":null},"NCPU":8,"MemTotal":8181719040,"GenericResources":null,"DockerRootDir":"/var/lib/docker","HttpProxy":"","HttpsProxy":"","NoProxy":"","Name":"fedora","Labels":[],"ExperimentalBuild":false,"ServerVersion":"27.4.1","Runtimes":{"io.containerd.runc.v2":{"path":"runc"},"runc":{"path":"runc"}},"DefaultRuntime":"runc","Swarm":{"NodeID":"","NodeAddr":"","LocalNodeState":"inactive","ControlAvailable":false,"Error":"","RemoteManagers":null},"LiveRestoreEnabled":false,"Isolation":"","InitBinary":"docker-init","ContainerdCommit":{"ID":"88bf19b2105c8b17560993bee28a01ddc2f97182","Expected":"88bf19b2105c8b17560993bee28a01ddc2f97182"},"RuncCommit":{"ID":"v1.2.2-0-g7cb3632","Expected":"v1.2.2-0-g7cb3632"},"InitCommit":{"ID":"de40ad0","Expected":"de40ad0"},"SecurityOptions":["name=seccomp,profile=builtin","name=cgroupns"],"CDISpecDirs":[],"Warnings":null}[\n]"
17:34:30.796 [main] DEBUG com.github.dockerjava.zerodep.shaded.org.apache.hc.client5.http.wire - http-outgoing-0 << "[\r][\n]"
17:34:30.796 [main] DEBUG com.github.dockerjava.zerodep.shaded.org.apache.hc.client5.http.wire - http-outgoing-0 << "0[\r][\n]"
17:34:30.796 [main] DEBUG com.github.dockerjava.zerodep.shaded.org.apache.hc.client5.http.wire - http-outgoing-0 << "[\r][\n]"
17:34:30.799 [main] DEBUG com.github.dockerjava.zerodep.shaded.org.apache.hc.client5.http.headers - http-outgoing-0 << HTTP/1.1 200 OK
17:34:30.799 [main] DEBUG com.github.dockerjava.zerodep.shaded.org.apache.hc.client5.http.headers - http-outgoing-0 << Api-Version: 1.47
17:34:30.799 [main] DEBUG com.github.dockerjava.zerodep.shaded.org.apache.hc.client5.http.headers - http-outgoing-0 << Content-Type: application/json
17:34:30.799 [main] DEBUG com.github.dockerjava.zerodep.shaded.org.apache.hc.client5.http.headers - http-outgoing-0 << Docker-Experimental: false
17:34:30.799 [main] DEBUG com.github.dockerjava.zerodep.shaded.org.apache.hc.client5.http.headers - http-outgoing-0 << Ostype: linux
17:34:30.799 [main] DEBUG com.github.dockerjava.zerodep.shaded.org.apache.hc.client5.http.headers - http-outgoing-0 << Server: Docker/27.4.1 (linux)
17:34:30.799 [main] DEBUG com.github.dockerjava.zerodep.shaded.org.apache.hc.client5.http.headers - http-outgoing-0 << Date: Fri, 20 Dec 2024 16:34:30 GMT
17:34:30.799 [main] DEBUG com.github.dockerjava.zerodep.shaded.org.apache.hc.client5.http.headers - http-outgoing-0 << Transfer-Encoding: chunked
17:34:30.804 [main] DEBUG com.github.dockerjava.zerodep.shaded.org.apache.hc.client5.http.impl.classic.MainClientExec - ex-00000001: connection can be kept alive for 3 MINUTES
17:34:31.086 [main] DEBUG com.github.dockerjava.zerodep.shaded.org.apache.hc.client5.http.impl.classic.InternalHttpClient - ep-00000000: releasing valid endpoint
17:34:31.087 [main] DEBUG com.github.dockerjava.zerodep.shaded.org.apache.hc.client5.http.impl.io.PoolingHttpClientConnectionManager - ep-00000000: releasing endpoint
17:34:31.088 [main] DEBUG com.github.dockerjava.zerodep.shaded.org.apache.hc.client5.http.impl.io.PoolingHttpClientConnectionManager - ep-00000000: connection http-outgoing-0 can be kept alive for 3 MINUTES
17:34:31.088 [main] DEBUG com.github.dockerjava.zerodep.shaded.org.apache.hc.client5.http.impl.io.PoolingHttpClientConnectionManager - ep-00000000: connection released [route: {}->unix://localhost:2375][total available: 1; route allocated: 1 of 2147483647; total allocated: 1 of 2147483647]
17:34:31.089 [main] INFO org.testcontainers.dockerclient.DockerClientProviderStrategy - Found Docker environment with Environment variables, system properties and defaults. Resolved dockerHost=unix:///var/run/docker.sock
17:34:31.093 [main] DEBUG org.testcontainers.dockerclient.DockerClientProviderStrategy - Transport type: 'httpclient5', Docker host: 'unix:///var/run/docker.sock'
17:34:31.094 [main] DEBUG org.testcontainers.dockerclient.DockerClientProviderStrategy - Checking Docker OS type for Environment variables, system properties and defaults. Resolved dockerHost=unix:///var/run/docker.sock
17:34:31.096 [main] INFO org.testcontainers.DockerClientFactory - Docker host IP address is localhost
17:34:31.097 [main] DEBUG org.testcontainers.DockerClientFactory - Docker info: {CDISpecDirs=[], NGoroutines=44, Name=fedora, Swarm={NodeID=, NodeAddr=, LocalNodeState=inactive, ControlAvailable=false, Error=, RemoteManagers=null}, RuncCommit={ID=v1.2.2-0-g7cb3632, Expected=v1.2.2-0-g7cb3632}, OSVersion=40, Runtimes={io.containerd.runc.v2={path=runc}, runc={path=runc}}, ID=aa83555f-f9e8-4bca-91ab-71f784d4720e, DriverStatus=[[Backing Filesystem, btrfs], [Supports d_type, true], [Using metacopy, false], [Native Overlay Diff, true], [userxattr, false]], BridgeNfIptables=false, LiveRestoreEnabled=false, SystemTime=2024-12-20T17:34:30.786367171+01:00, NoProxy=, Architecture=x86_64, NEventsListener=0, HttpsProxy=, Images=3, ContainersRunning=0, Labels=[], InitCommit={ID=de40ad0, Expected=de40ad0}, NFd=24, KernelVersion=6.12.4-100.fc40.x86_64, LoggingDriver=json-file, OSType=linux, SecurityOptions=[name=seccomp,profile=builtin, name=cgroupns], ContainerdCommit={ID=88bf19b2105c8b17560993bee28a01ddc2f97182, Expected=88bf19b2105c8b17560993bee28a01ddc2f97182}, GenericResources=null, OperatingSystem=Fedora Linux 40 (Workstation Edition), RegistryConfig={AllowNondistributableArtifactsCIDRs=null, AllowNondistributableArtifactsHostnames=null, InsecureRegistryCIDRs=[127.0.0.0/8], IndexConfigs={docker.io={Name=docker.io, Mirrors=[], Secure=true, Official=true}}, Mirrors=null}, ServerVersion=27.4.1, OomKillDisable=false, CpuCfsQuota=true, Containers=1, Driver=overlay2, IPv4Forwarding=true, ExperimentalBuild=false, DockerRootDir=/var/lib/docker, CPUSet=true, CpuCfsPeriod=true, DefaultRuntime=runc, CPUShares=true, Debug=false, NCPU=8, Plugins={Volume=[local], Network=[bridge, host, ipvlan, macvlan, null, overlay], Authorization=null, Log=[awslogs, fluentd, gcplogs, gelf, journald, json-file, local, splunk, syslog]}, SwapLimit=true, CgroupDriver=systemd, ContainersPaused=0, MemTotal=8181719040, IndexServerAddress=https://index.docker.io/v1/, MemoryLimit=true, HttpProxy=, InitBinary=docker-init, CgroupVersion=2, PidsLimit=true, Isolation=, BridgeNfIp6tables=false, Warnings=null, ContainersStopped=1}
17:34:31.104 [main] DEBUG org.testcontainers.shaded.com.github.dockerjava.core.command.AbstrDockerCmd - Cmd: 
17:34:31.105 [main] DEBUG com.github.dockerjava.zerodep.shaded.org.apache.hc.client5.http.impl.classic.InternalHttpClient - ex-00000002: preparing request execution
17:34:31.109 [main] DEBUG com.github.dockerjava.zerodep.shaded.org.apache.hc.client5.http.protocol.RequestAddCookies - Cookie spec selected: strict
17:34:31.110 [main] DEBUG com.github.dockerjava.zerodep.shaded.org.apache.hc.client5.http.protocol.RequestAuthCache - Auth cache not set in the context
17:34:31.110 [main] DEBUG com.github.dockerjava.zerodep.shaded.org.apache.hc.client5.http.impl.classic.ProtocolExec - ex-00000002: target auth state: UNCHALLENGED
17:34:31.110 [main] DEBUG com.github.dockerjava.zerodep.shaded.org.apache.hc.client5.http.impl.classic.ProtocolExec - ex-00000002: proxy auth state: UNCHALLENGED
17:34:31.110 [main] DEBUG com.github.dockerjava.zerodep.shaded.org.apache.hc.client5.http.impl.classic.ConnectExec - ex-00000002: acquiring connection with route {}->unix://localhost:2375
17:34:31.110 [main] DEBUG com.github.dockerjava.zerodep.shaded.org.apache.hc.client5.http.impl.classic.InternalHttpClient - ex-00000002: acquiring endpoint (3 MINUTES)
17:34:31.111 [main] DEBUG com.github.dockerjava.zerodep.shaded.org.apache.hc.client5.http.impl.io.PoolingHttpClientConnectionManager - ex-00000002: endpoint lease request (3 MINUTES) [route: {}->unix://localhost:2375][total available: 1; route allocated: 1 of 2147483647; total allocated: 1 of 2147483647]
17:34:31.111 [main] DEBUG com.github.dockerjava.zerodep.shaded.org.apache.hc.client5.http.impl.io.PoolingHttpClientConnectionManager - ex-00000002: endpoint leased [route: {}->unix://localhost:2375][total available: 0; route allocated: 1 of 2147483647; total allocated: 1 of 2147483647]
17:34:31.111 [main] DEBUG com.github.dockerjava.zerodep.shaded.org.apache.hc.client5.http.impl.io.PoolingHttpClientConnectionManager - ex-00000002: acquired ep-00000001
17:34:31.111 [main] DEBUG com.github.dockerjava.zerodep.shaded.org.apache.hc.client5.http.impl.classic.InternalHttpClient - ex-00000002: acquired endpoint ep-00000001
17:34:31.111 [main] DEBUG com.github.dockerjava.zerodep.shaded.org.apache.hc.client5.http.impl.classic.MainClientExec - ex-00000002: executing GET /v1.32/version HTTP/1.1
17:34:31.112 [main] DEBUG com.github.dockerjava.zerodep.shaded.org.apache.hc.client5.http.impl.classic.InternalHttpClient - ep-00000001: start execution ex-00000002
17:34:31.112 [main] DEBUG com.github.dockerjava.zerodep.shaded.org.apache.hc.client5.http.impl.io.PoolingHttpClientConnectionManager - ep-00000001: executing exchange ex-00000002 over http-outgoing-0
17:34:31.112 [main] DEBUG com.github.dockerjava.zerodep.shaded.org.apache.hc.client5.http.headers - http-outgoing-0 >> GET /v1.32/version HTTP/1.1
17:34:31.112 [main] DEBUG com.github.dockerjava.zerodep.shaded.org.apache.hc.client5.http.headers - http-outgoing-0 >> accept: application/json
17:34:31.112 [main] DEBUG com.github.dockerjava.zerodep.shaded.org.apache.hc.client5.http.headers - http-outgoing-0 >> x-tc-sid: 63b6f132-4791-4107-bf40-862197cff523
17:34:31.112 [main] DEBUG com.github.dockerjava.zerodep.shaded.org.apache.hc.client5.http.headers - http-outgoing-0 >> User-Agent: tc-java/1.19.0
17:34:31.113 [main] DEBUG com.github.dockerjava.zerodep.shaded.org.apache.hc.client5.http.headers - http-outgoing-0 >> Accept-Encoding: gzip, x-gzip, deflate
17:34:31.113 [main] DEBUG com.github.dockerjava.zerodep.shaded.org.apache.hc.client5.http.headers - http-outgoing-0 >> Host: localhost:2375
17:34:31.113 [main] DEBUG com.github.dockerjava.zerodep.shaded.org.apache.hc.client5.http.headers - http-outgoing-0 >> Connection: keep-alive
17:34:31.113 [main] DEBUG com.github.dockerjava.zerodep.shaded.org.apache.hc.client5.http.wire - http-outgoing-0 >> "GET /v1.32/version HTTP/1.1[\r][\n]"
17:34:31.118 [main] DEBUG com.github.dockerjava.zerodep.shaded.org.apache.hc.client5.http.wire - http-outgoing-0 >> "accept: application/json[\r][\n]"
17:34:31.119 [main] DEBUG com.github.dockerjava.zerodep.shaded.org.apache.hc.client5.http.wire - http-outgoing-0 >> "x-tc-sid: 63b6f132-4791-4107-bf40-862197cff523[\r][\n]"
17:34:31.119 [main] DEBUG com.github.dockerjava.zerodep.shaded.org.apache.hc.client5.http.wire - http-outgoing-0 >> "User-Agent: tc-java/1.19.0[\r][\n]"
17:34:31.119 [main] DEBUG com.github.dockerjava.zerodep.shaded.org.apache.hc.client5.http.wire - http-outgoing-0 >> "Accept-Encoding: gzip, x-gzip, deflate[\r][\n]"
17:34:31.119 [main] DEBUG com.github.dockerjava.zerodep.shaded.org.apache.hc.client5.http.wire - http-outgoing-0 >> "Host: localhost:2375[\r][\n]"
17:34:31.119 [main] DEBUG com.github.dockerjava.zerodep.shaded.org.apache.hc.client5.http.wire - http-outgoing-0 >> "Connection: keep-alive[\r][\n]"
17:34:31.119 [main] DEBUG com.github.dockerjava.zerodep.shaded.org.apache.hc.client5.http.wire - http-outgoing-0 >> "[\r][\n]"
17:34:31.134 [main] DEBUG com.github.dockerjava.zerodep.shaded.org.apache.hc.client5.http.wire - http-outgoing-0 << "HTTP/1.1 200 OK[\r][\n]"
17:34:31.135 [main] DEBUG com.github.dockerjava.zerodep.shaded.org.apache.hc.client5.http.wire - http-outgoing-0 << "Api-Version: 1.47[\r][\n]"
17:34:31.135 [main] DEBUG com.github.dockerjava.zerodep.shaded.org.apache.hc.client5.http.wire - http-outgoing-0 << "Content-Type: application/json[\r][\n]"
17:34:31.135 [main] DEBUG com.github.dockerjava.zerodep.shaded.org.apache.hc.client5.http.wire - http-outgoing-0 << "Docker-Experimental: false[\r][\n]"
17:34:31.135 [main] DEBUG com.github.dockerjava.zerodep.shaded.org.apache.hc.client5.http.wire - http-outgoing-0 << "Ostype: linux[\r][\n]"
17:34:31.135 [main] DEBUG com.github.dockerjava.zerodep.shaded.org.apache.hc.client5.http.wire - http-outgoing-0 << "Server: Docker/27.4.1 (linux)[\r][\n]"
17:34:31.135 [main] DEBUG com.github.dockerjava.zerodep.shaded.org.apache.hc.client5.http.wire - http-outgoing-0 << "Date: Fri, 20 Dec 2024 16:34:31 GMT[\r][\n]"
17:34:31.135 [main] DEBUG com.github.dockerjava.zerodep.shaded.org.apache.hc.client5.http.wire - http-outgoing-0 << "Content-Length: 834[\r][\n]"
17:34:31.136 [main] DEBUG com.github.dockerjava.zerodep.shaded.org.apache.hc.client5.http.wire - http-outgoing-0 << "[\r][\n]"
17:34:31.136 [main] DEBUG com.github.dockerjava.zerodep.shaded.org.apache.hc.client5.http.wire - http-outgoing-0 << "{"Platform":{"Name":"Docker Engine - Community"},"Components":[{"Name":"Engine","Version":"27.4.1","Details":{"ApiVersion":"1.47","Arch":"amd64","BuildTime":"2024-12-17T15:45:26.000000000+00:00","Experimental":"false","GitCommit":"c710b88","GoVersion":"go1.22.10","KernelVersion":"6.12.4-100.fc40.x86_64","MinAPIVersion":"1.24","Os":"linux"}},{"Name":"containerd","Version":"1.7.24","Details":{"GitCommit":"88bf19b2105c8b17560993bee28a01ddc2f97182"}},{"Name":"runc","Version":"1.2.2","Details":{"GitCommit":"v1.2.2-0-g7cb3632"}},{"Name":"docker-init","Version":"0.19.0","Details":{"GitCommit":"de40ad0"}}],"Version":"27.4.1","ApiVersion":"1.47","MinAPIVersion":"1.24","GitCommit":"c710b88","GoVersion":"go1.22.10","Os":"linux","Arch":"amd64","KernelVersion":"6.12.4-100.fc40.x86_64","BuildTime":"2024-12-17T15:45:26.000000000+00:00"}[\n]"
17:34:31.136 [main] DEBUG com.github.dockerjava.zerodep.shaded.org.apache.hc.client5.http.headers - http-outgoing-0 << HTTP/1.1 200 OK
17:34:31.137 [main] DEBUG com.github.dockerjava.zerodep.shaded.org.apache.hc.client5.http.headers - http-outgoing-0 << Api-Version: 1.47
17:34:31.137 [main] DEBUG com.github.dockerjava.zerodep.shaded.org.apache.hc.client5.http.headers - http-outgoing-0 << Content-Type: application/json
17:34:31.137 [main] DEBUG com.github.dockerjava.zerodep.shaded.org.apache.hc.client5.http.headers - http-outgoing-0 << Docker-Experimental: false
17:34:31.137 [main] DEBUG com.github.dockerjava.zerodep.shaded.org.apache.hc.client5.http.headers - http-outgoing-0 << Ostype: linux
17:34:31.137 [main] DEBUG com.github.dockerjava.zerodep.shaded.org.apache.hc.client5.http.headers - http-outgoing-0 << Server: Docker/27.4.1 (linux)
17:34:31.137 [main] DEBUG com.github.dockerjava.zerodep.shaded.org.apache.hc.client5.http.headers - http-outgoing-0 << Date: Fri, 20 Dec 2024 16:34:31 GMT
17:34:31.141 [main] DEBUG com.github.dockerjava.zerodep.shaded.org.apache.hc.client5.http.headers - http-outgoing-0 << Content-Length: 834
17:34:31.142 [main] DEBUG com.github.dockerjava.zerodep.shaded.org.apache.hc.client5.http.impl.classic.MainClientExec - ex-00000002: connection can be kept alive for 3 MINUTES
17:34:31.174 [main] DEBUG com.github.dockerjava.zerodep.shaded.org.apache.hc.client5.http.impl.classic.InternalHttpClient - ep-00000001: releasing valid endpoint
17:34:31.174 [main] DEBUG com.github.dockerjava.zerodep.shaded.org.apache.hc.client5.http.impl.io.PoolingHttpClientConnectionManager - ep-00000001: releasing endpoint
17:34:31.174 [main] DEBUG com.github.dockerjava.zerodep.shaded.org.apache.hc.client5.http.impl.io.PoolingHttpClientConnectionManager - ep-00000001: connection http-outgoing-0 can be kept alive for 3 MINUTES
17:34:31.175 [main] DEBUG com.github.dockerjava.zerodep.shaded.org.apache.hc.client5.http.impl.io.PoolingHttpClientConnectionManager - ep-00000001: connection released [route: {}->unix://localhost:2375][total available: 1; route allocated: 1 of 2147483647; total allocated: 1 of 2147483647]
17:34:31.175 [main] DEBUG org.testcontainers.DockerClientFactory - Docker version: {Components=[{Name=Engine, Version=27.4.1, Details={ApiVersion=1.47, Arch=amd64, BuildTime=2024-12-17T15:45:26.000000000+00:00, Experimental=false, GitCommit=c710b88, GoVersion=go1.22.10, KernelVersion=6.12.4-100.fc40.x86_64, MinAPIVersion=1.24, Os=linux}}, {Name=containerd, Version=1.7.24, Details={GitCommit=88bf19b2105c8b17560993bee28a01ddc2f97182}}, {Name=runc, Version=1.2.2, Details={GitCommit=v1.2.2-0-g7cb3632}}, {Name=docker-init, Version=0.19.0, Details={GitCommit=de40ad0}}], KernelVersion=6.12.4-100.fc40.x86_64, ApiVersion=1.47, Platform={Name=Docker Engine - Community}, GitCommit=c710b88, Os=linux, Version=27.4.1, MinAPIVersion=1.24, Arch=amd64, GoVersion=go1.22.10, BuildTime=2024-12-17T15:45:26.000000000+00:00}
17:34:31.175 [main] INFO org.testcontainers.DockerClientFactory - Connected to docker: 
  Server Version: 27.4.1
  API Version: 1.47
  Operating System: Fedora Linux 40 (Workstation Edition)
  Total Memory: 7802 MB
17:34:31.186 [main] DEBUG org.testcontainers.utility.RyukResourceReaper - Ryuk is enabled
17:34:31.190 [main] DEBUG org.testcontainers.utility.PrefixingImageNameSubstitutor - No prefix is configured
17:34:31.190 [main] DEBUG org.testcontainers.utility.ImageNameSubstitutor - Did not find a substitute image for testcontainers/ryuk:0.5.1 (using image substitutor: DefaultImageNameSubstitutor (composite of 'ConfigurationFileImageNameSubstitutor' and 'PrefixingImageNameSubstitutor'))
17:34:31.194 [main] DEBUG org.testcontainers.shaded.com.github.dockerjava.core.command.AbstrDockerCmd - Cmd: ListImagesCmdImpl[filters=org.testcontainers.shaded.com.github.dockerjava.core.util.FiltersBuilder@0,imageNameFilter=<null>,showAll=false]
17:34:31.198 [main] DEBUG com.github.dockerjava.zerodep.shaded.org.apache.hc.client5.http.impl.classic.InternalHttpClient - ex-00000003: preparing request execution
17:34:31.199 [main] DEBUG com.github.dockerjava.zerodep.shaded.org.apache.hc.client5.http.protocol.RequestAddCookies - Cookie spec selected: strict
17:34:31.199 [main] DEBUG com.github.dockerjava.zerodep.shaded.org.apache.hc.client5.http.protocol.RequestAuthCache - Auth cache not set in the context
17:34:31.199 [main] DEBUG com.github.dockerjava.zerodep.shaded.org.apache.hc.client5.http.impl.classic.ProtocolExec - ex-00000003: target auth state: UNCHALLENGED
17:34:31.199 [main] DEBUG com.github.dockerjava.zerodep.shaded.org.apache.hc.client5.http.impl.classic.ProtocolExec - ex-00000003: proxy auth state: UNCHALLENGED
17:34:31.199 [main] DEBUG com.github.dockerjava.zerodep.shaded.org.apache.hc.client5.http.impl.classic.ConnectExec - ex-00000003: acquiring connection with route {}->unix://localhost:2375
17:34:31.199 [main] DEBUG com.github.dockerjava.zerodep.shaded.org.apache.hc.client5.http.impl.classic.InternalHttpClient - ex-00000003: acquiring endpoint (3 MINUTES)
17:34:31.199 [main] DEBUG com.github.dockerjava.zerodep.shaded.org.apache.hc.client5.http.impl.io.PoolingHttpClientConnectionManager - ex-00000003: endpoint lease request (3 MINUTES) [route: {}->unix://localhost:2375][total available: 1; route allocated: 1 of 2147483647; total allocated: 1 of 2147483647]
17:34:31.200 [main] DEBUG com.github.dockerjava.zerodep.shaded.org.apache.hc.client5.http.impl.io.PoolingHttpClientConnectionManager - ex-00000003: endpoint leased [route: {}->unix://localhost:2375][total available: 0; route allocated: 1 of 2147483647; total allocated: 1 of 2147483647]
17:34:31.200 [main] DEBUG com.github.dockerjava.zerodep.shaded.org.apache.hc.client5.http.impl.io.PoolingHttpClientConnectionManager - ex-00000003: acquired ep-00000002
17:34:31.201 [main] DEBUG com.github.dockerjava.zerodep.shaded.org.apache.hc.client5.http.impl.classic.InternalHttpClient - ex-00000003: acquired endpoint ep-00000002
17:34:31.206 [main] DEBUG com.github.dockerjava.zerodep.shaded.org.apache.hc.client5.http.impl.classic.MainClientExec - ex-00000003: executing GET /v1.32/images/json HTTP/1.1
17:34:31.206 [main] DEBUG com.github.dockerjava.zerodep.shaded.org.apache.hc.client5.http.impl.classic.InternalHttpClient - ep-00000002: start execution ex-00000003
17:34:31.206 [main] DEBUG com.github.dockerjava.zerodep.shaded.org.apache.hc.client5.http.impl.io.PoolingHttpClientConnectionManager - ep-00000002: executing exchange ex-00000003 over http-outgoing-0
17:34:31.207 [main] DEBUG com.github.dockerjava.zerodep.shaded.org.apache.hc.client5.http.headers - http-outgoing-0 >> GET /v1.32/images/json HTTP/1.1
17:34:31.207 [main] DEBUG com.github.dockerjava.zerodep.shaded.org.apache.hc.client5.http.headers - http-outgoing-0 >> accept: application/json
17:34:31.207 [main] DEBUG com.github.dockerjava.zerodep.shaded.org.apache.hc.client5.http.headers - http-outgoing-0 >> x-tc-sid: 63b6f132-4791-4107-bf40-862197cff523
17:34:31.207 [main] DEBUG com.github.dockerjava.zerodep.shaded.org.apache.hc.client5.http.headers - http-outgoing-0 >> User-Agent: tc-java/1.19.0
17:34:31.207 [main] DEBUG com.github.dockerjava.zerodep.shaded.org.apache.hc.client5.http.headers - http-outgoing-0 >> Accept-Encoding: gzip, x-gzip, deflate
17:34:31.207 [main] DEBUG com.github.dockerjava.zerodep.shaded.org.apache.hc.client5.http.headers - http-outgoing-0 >> Host: localhost:2375
17:34:31.207 [main] DEBUG com.github.dockerjava.zerodep.shaded.org.apache.hc.client5.http.headers - http-outgoing-0 >> Connection: keep-alive
17:34:31.208 [main] DEBUG com.github.dockerjava.zerodep.shaded.org.apache.hc.client5.http.wire - http-outgoing-0 >> "GET /v1.32/images/json HTTP/1.1[\r][\n]"
17:34:31.208 [main] DEBUG com.github.dockerjava.zerodep.shaded.org.apache.hc.client5.http.wire - http-outgoing-0 >> "accept: application/json[\r][\n]"
17:34:31.208 [main] DEBUG com.github.dockerjava.zerodep.shaded.org.apache.hc.client5.http.wire - http-outgoing-0 >> "x-tc-sid: 63b6f132-4791-4107-bf40-862197cff523[\r][\n]"
17:34:31.208 [main] DEBUG com.github.dockerjava.zerodep.shaded.org.apache.hc.client5.http.wire - http-outgoing-0 >> "User-Agent: tc-java/1.19.0[\r][\n]"
17:34:31.208 [main] DEBUG com.github.dockerjava.zerodep.shaded.org.apache.hc.client5.http.wire - http-outgoing-0 >> "Accept-Encoding: gzip, x-gzip, deflate[\r][\n]"
17:34:31.208 [main] DEBUG com.github.dockerjava.zerodep.shaded.org.apache.hc.client5.http.wire - http-outgoing-0 >> "Host: localhost:2375[\r][\n]"
17:34:31.208 [main] DEBUG com.github.dockerjava.zerodep.shaded.org.apache.hc.client5.http.wire - http-outgoing-0 >> "Connection: keep-alive[\r][\n]"
17:34:31.209 [main] DEBUG com.github.dockerjava.zerodep.shaded.org.apache.hc.client5.http.wire - http-outgoing-0 >> "[\r][\n]"
17:34:31.213 [main] DEBUG com.github.dockerjava.zerodep.shaded.org.apache.hc.client5.http.wire - http-outgoing-0 << "HTTP/1.1 200 OK[\r][\n]"
17:34:31.213 [main] DEBUG com.github.dockerjava.zerodep.shaded.org.apache.hc.client5.http.wire - http-outgoing-0 << "Api-Version: 1.47[\r][\n]"
17:34:31.213 [main] DEBUG com.github.dockerjava.zerodep.shaded.org.apache.hc.client5.http.wire - http-outgoing-0 << "Content-Type: application/json[\r][\n]"
17:34:31.213 [main] DEBUG com.github.dockerjava.zerodep.shaded.org.apache.hc.client5.http.wire - http-outgoing-0 << "Docker-Experimental: false[\r][\n]"
17:34:31.214 [main] DEBUG com.github.dockerjava.zerodep.shaded.org.apache.hc.client5.http.wire - http-outgoing-0 << "Ostype: linux[\r][\n]"
17:34:31.214 [main] DEBUG com.github.dockerjava.zerodep.shaded.org.apache.hc.client5.http.wire - http-outgoing-0 << "Server: Docker/27.4.1 (linux)[\r][\n]"
17:34:31.214 [main] DEBUG com.github.dockerjava.zerodep.shaded.org.apache.hc.client5.http.wire - http-outgoing-0 << "Date: Fri, 20 Dec 2024 16:34:31 GMT[\r][\n]"
17:34:31.214 [main] DEBUG com.github.dockerjava.zerodep.shaded.org.apache.hc.client5.http.wire - http-outgoing-0 << "Transfer-Encoding: chunked[\r][\n]"
17:34:31.221 [main] DEBUG com.github.dockerjava.zerodep.shaded.org.apache.hc.client5.http.wire - http-outgoing-0 << "[\r][\n]"
17:34:31.222 [main] DEBUG com.github.dockerjava.zerodep.shaded.org.apache.hc.client5.http.wire - http-outgoing-0 << "931[\r][\n]"
17:34:31.225 [main] DEBUG com.github.dockerjava.zerodep.shaded.org.apache.hc.client5.http.wire - http-outgoing-0 << "[{"Containers":-1,"Created":1689054591,"Id":"sha256:7252649cef98513da00c40ac85b9a4bba8c22c774d4bdfbc6d486bef44e0769f","Labels":{"architecture":"x86_64","build-date":"2023-06-23T02:02:47","com.redhat.component":"ubi8-minimal-container","com.redhat.license_terms":"https://www.redhat.com/en/about/red-hat-end-user-license-agreements#UBI","description":"Common base image for Confluent's Docker images.","distribution-scope":"public","io.buildah.version":"1.29.0","io.confluent.docker":"true","io.confluent.docker.build.number":"3","io.confluent.docker.git.id":"271251a34","io.confluent.docker.git.repo":"confluentinc/kafka-images","io.k8s.description":"The Universal Base Image Minimal is a stripped down image that uses microdnf as a package manager. This base image is freely redistributable, but Red Hat only supports Red Hat technologies through subscriptions for Red Hat products. This image is maintained by Red Hat and updated regularly.","io.k8s.display-name":"Red Hat Universal Base Image 8 Minimal","io.openshift.expose-services":"","io.openshift.tags":"minimal rhel8","maintainer":"partner-support@confluent.io","name":"cp-kafka","release":"7.4.1","summary":"Confluent platform Kafka.","url":"https://access.redhat.com/containers/#/registry.access.redhat.com/ubi8-minimal/images/8.8-1014","vcs-ref":"dee8029ddcc7ecbfbebb0905d2b15e134338616c","vcs-type":"git","vendor":"Confluent","version":"271251a34"},"ParentId":"","RepoDigests":["confluentinc/cp-kafka@sha256:d3acff0466ec26c8048b75c7185dbc9c9d718cb1111f0cc00d535df073d71103"],"RepoTags":["confluentinc/cp-kafka:7.4.1"],"SharedSize":-1,"Size":845241255,"VirtualSize":845241255},{"Containers":-1,"Created":1684336262,"Id":"sha256:ec913eeff75a6b5ed284cf17e186213a466ec10a8f471798318ffa0813b5d828","Labels":{"org.testcontainers.ryuk":"true"},"ParentId":"","RepoDigests":["testcontainers/ryuk@sha256:533abc56c07b52a26c955d1e7ae428d810582ab01c156384ae79960eb5fa0775"],"RepoTags":["testcontainers/ryuk:0.5.1"],"SharedSize":-1,"Size":12695732,"VirtualSize":12695732},{"Containers":-1,"Created":1683046167,"Id":"sha256:d2c94e258dcb3c5ac2798d32e1249e42ef01cba4841c2234249495f87264ac5a","Labels":null,"ParentId":"","RepoDigests":["hello-world@sha256:5b3cc85e16e3058003c13b7821318369dad01dac3dbb877aac3c28182255c724"],"RepoTags":["hello-world:latest"],"SharedSize":-1,"Size":13256,"VirtualSize":13256}][\n]"
17:34:31.234 [main] DEBUG com.github.dockerjava.zerodep.shaded.org.apache.hc.client5.http.wire - http-outgoing-0 << "[\r][\n]"
17:34:31.235 [main] DEBUG com.github.dockerjava.zerodep.shaded.org.apache.hc.client5.http.wire - http-outgoing-0 << "0[\r][\n]"
17:34:31.235 [main] DEBUG com.github.dockerjava.zerodep.shaded.org.apache.hc.client5.http.wire - http-outgoing-0 << "[\r][\n]"
17:34:31.236 [main] DEBUG com.github.dockerjava.zerodep.shaded.org.apache.hc.client5.http.headers - http-outgoing-0 << HTTP/1.1 200 OK
17:34:31.236 [main] DEBUG com.github.dockerjava.zerodep.shaded.org.apache.hc.client5.http.headers - http-outgoing-0 << Api-Version: 1.47
17:34:31.236 [main] DEBUG com.github.dockerjava.zerodep.shaded.org.apache.hc.client5.http.headers - http-outgoing-0 << Content-Type: application/json
17:34:31.236 [main] DEBUG com.github.dockerjava.zerodep.shaded.org.apache.hc.client5.http.headers - http-outgoing-0 << Docker-Experimental: false
17:34:31.236 [main] DEBUG com.github.dockerjava.zerodep.shaded.org.apache.hc.client5.http.headers - http-outgoing-0 << Ostype: linux
17:34:31.239 [main] DEBUG com.github.dockerjava.zerodep.shaded.org.apache.hc.client5.http.headers - http-outgoing-0 << Server: Docker/27.4.1 (linux)
17:34:31.240 [main] DEBUG com.github.dockerjava.zerodep.shaded.org.apache.hc.client5.http.headers - http-outgoing-0 << Date: Fri, 20 Dec 2024 16:34:31 GMT
17:34:31.240 [main] DEBUG com.github.dockerjava.zerodep.shaded.org.apache.hc.client5.http.headers - http-outgoing-0 << Transfer-Encoding: chunked
17:34:31.240 [main] DEBUG com.github.dockerjava.zerodep.shaded.org.apache.hc.client5.http.impl.classic.MainClientExec - ex-00000003: connection can be kept alive for 3 MINUTES
17:34:31.251 [main] DEBUG com.github.dockerjava.zerodep.shaded.org.apache.hc.client5.http.impl.classic.InternalHttpClient - ep-00000002: releasing valid endpoint
17:34:31.252 [main] DEBUG com.github.dockerjava.zerodep.shaded.org.apache.hc.client5.http.impl.io.PoolingHttpClientConnectionManager - ep-00000002: releasing endpoint
17:34:31.252 [main] DEBUG com.github.dockerjava.zerodep.shaded.org.apache.hc.client5.http.impl.io.PoolingHttpClientConnectionManager - ep-00000002: connection http-outgoing-0 can be kept alive for 3 MINUTES
17:34:31.252 [main] DEBUG com.github.dockerjava.zerodep.shaded.org.apache.hc.client5.http.impl.io.PoolingHttpClientConnectionManager - ep-00000002: connection released [route: {}->unix://localhost:2375][total available: 1; route allocated: 1 of 2147483647; total allocated: 1 of 2147483647]
17:34:31.255 [main] DEBUG org.testcontainers.images.AbstractImagePullPolicy - Using locally available and not pulling image: testcontainers/ryuk:0.5.1
17:34:31.255 [main] DEBUG tc.testcontainers/ryuk:0.5.1 - Starting container: testcontainers/ryuk:0.5.1
17:34:31.257 [main] DEBUG tc.testcontainers/ryuk:0.5.1 - Trying to start container: testcontainers/ryuk:0.5.1 (attempt 1/1)
17:34:31.257 [main] DEBUG tc.testcontainers/ryuk:0.5.1 - Starting container: testcontainers/ryuk:0.5.1
17:34:31.257 [main] INFO tc.testcontainers/ryuk:0.5.1 - Creating container for image: testcontainers/ryuk:0.5.1
17:34:31.278 [main] DEBUG org.testcontainers.utility.RegistryAuthLocator - Looking up auth config for image: testcontainers/ryuk:0.5.1 at registry: https://index.docker.io/v1/
17:34:31.279 [main] DEBUG org.testcontainers.utility.RegistryAuthLocator - RegistryAuthLocator has configFile: /home/l4yoos/.docker/config.json (does not exist) configEnv: DOCKER_AUTH_CONFIG (does not exist) and commandPathPrefix: 
17:34:31.279 [main] INFO org.testcontainers.utility.RegistryAuthLocator - Failure when attempting to lookup auth config. Please ignore if you don't have images in an authenticated registry. Details: (dockerImageName: testcontainers/ryuk:0.5.1, configFile: /home/l4yoos/.docker/config.json, configEnv: DOCKER_AUTH_CONFIG). Falling back to docker-java default behaviour. Exception message: Status 404: No config supplied. Checked in order: /home/l4yoos/.docker/config.json (file not found), DOCKER_AUTH_CONFIG (not set)
17:34:31.288 [main] DEBUG org.testcontainers.utility.RegistryAuthLocator - No matching Auth Configs - falling back to defaultAuthConfig [null]
17:34:31.288 [main] DEBUG org.testcontainers.dockerclient.AuthDelegatingDockerClientConfig - Effective auth config [null]
17:34:31.319 [main] DEBUG org.testcontainers.shaded.com.github.dockerjava.core.command.AbstrDockerCmd - Cmd: org.testcontainers.shaded.com.github.dockerjava.core.command.CreateContainerCmdImpl@30c31dd7[aliases=<null>,argsEscaped=<null>,attachStderr=<null>,attachStdin=<null>,attachStdout=<null>,authConfig=<null>,cmd={},domainName=<null>,entrypoint=<null>,env={},exposedPorts=ExposedPorts(exposedPorts=[8080/tcp]),healthcheck=<null>,hostConfig=HostConfig(binds=[/var/run/docker.sock:/var/run/docker.sock:rw], blkioWeight=null, blkioWeightDevice=null, blkioDeviceReadBps=null, blkioDeviceWriteBps=null, blkioDeviceReadIOps=null, blkioDeviceWriteIOps=null, memorySwappiness=null, nanoCPUs=null, capAdd=null, capDrop=null, containerIDFile=null, cpuPeriod=null, cpuRealtimePeriod=null, cpuRealtimeRuntime=null, cpuShares=null, cpuQuota=null, cpusetCpus=null, cpusetMems=null, devices=null, deviceCgroupRules=null, deviceRequests=null, diskQuota=null, dns=null, dnsOptions=null, dnsSearch=null, extraHosts=[], groupAdd=null, ipcMode=null, cgroup=null, links=[], logConfig=LogConfig(type=null, config=null), lxcConf=null, memory=null, memorySwap=null, memoryReservation=null, kernelMemory=null, networkMode=null, oomKillDisable=null, init=null, autoRemove=true, oomScoreAdj=null, portBindings={8080/tcp=[Lcom.github.dockerjava.api.model.Ports$Binding;@3aacf32a}, privileged=true, publishAllPorts=null, readonlyRootfs=null, restartPolicy=null, ulimits=null, cpuCount=null, cpuPercent=null, ioMaximumIOps=null, ioMaximumBandwidth=null, volumesFrom=[], mounts=null, pidMode=null, isolation=null, securityOpts=null, storageOpt=null, cgroupParent=null, volumeDriver=null, shmSize=null, pidsLimit=null, runtime=null, tmpFs=null, utSMode=null, usernsMode=null, sysctls=null, consoleSize=null, cgroupnsMode=null),hostName=<null>,image=testcontainers/ryuk:0.5.1,ipv4Address=<null>,ipv6Address=<null>,labels={org.testcontainers=true, org.testcontainers.lang=java, org.testcontainers.version=1.19.0},macAddress=<null>,name=testcontainers-ryuk-63b6f132-4791-4107-bf40-862197cff523,networkDisabled=<null>,networkingConfig=<null>,onBuild=<null>,platform=<null>,portSpecs=<null>,shell=<null>,stdInOnce=<null>,stdinOpen=<null>,stopSignal=<null>,stopTimeout=<null>,tty=<null>,user=<null>,volumes=Volumes(volumes=[]),workingDir=<null>]
17:34:31.545 [main] DEBUG com.github.dockerjava.zerodep.shaded.org.apache.hc.client5.http.impl.classic.InternalHttpClient - ex-00000004: preparing request execution
17:34:31.546 [main] DEBUG com.github.dockerjava.zerodep.shaded.org.apache.hc.client5.http.protocol.RequestAddCookies - Cookie spec selected: strict
17:34:31.547 [main] DEBUG com.github.dockerjava.zerodep.shaded.org.apache.hc.client5.http.protocol.RequestAuthCache - Auth cache not set in the context
17:34:31.547 [main] DEBUG com.github.dockerjava.zerodep.shaded.org.apache.hc.client5.http.impl.classic.ProtocolExec - ex-00000004: target auth state: UNCHALLENGED
17:34:31.547 [main] DEBUG com.github.dockerjava.zerodep.shaded.org.apache.hc.client5.http.impl.classic.ProtocolExec - ex-00000004: proxy auth state: UNCHALLENGED
17:34:31.547 [main] DEBUG com.github.dockerjava.zerodep.shaded.org.apache.hc.client5.http.impl.classic.ConnectExec - ex-00000004: acquiring connection with route {}->unix://localhost:2375
17:34:31.548 [main] DEBUG com.github.dockerjava.zerodep.shaded.org.apache.hc.client5.http.impl.classic.InternalHttpClient - ex-00000004: acquiring endpoint (3 MINUTES)
17:34:31.548 [main] DEBUG com.github.dockerjava.zerodep.shaded.org.apache.hc.client5.http.impl.io.PoolingHttpClientConnectionManager - ex-00000004: endpoint lease request (3 MINUTES) [route: {}->unix://localhost:2375][total available: 1; route allocated: 1 of 2147483647; total allocated: 1 of 2147483647]
17:34:31.548 [main] DEBUG com.github.dockerjava.zerodep.shaded.org.apache.hc.client5.http.impl.io.PoolingHttpClientConnectionManager - ex-00000004: endpoint leased [route: {}->unix://localhost:2375][total available: 0; route allocated: 1 of 2147483647; total allocated: 1 of 2147483647]
17:34:31.548 [main] DEBUG com.github.dockerjava.zerodep.shaded.org.apache.hc.client5.http.impl.io.PoolingHttpClientConnectionManager - ex-00000004: acquired ep-00000003
17:34:31.549 [main] DEBUG com.github.dockerjava.zerodep.shaded.org.apache.hc.client5.http.impl.classic.InternalHttpClient - ex-00000004: acquired endpoint ep-00000003
17:34:31.549 [main] DEBUG com.github.dockerjava.zerodep.shaded.org.apache.hc.client5.http.impl.classic.MainClientExec - ex-00000004: executing POST /v1.32/containers/create?name=testcontainers-ryuk-63b6f132-4791-4107-bf40-862197cff523 HTTP/1.1
17:34:31.549 [main] DEBUG com.github.dockerjava.zerodep.shaded.org.apache.hc.client5.http.impl.classic.InternalHttpClient - ep-00000003: start execution ex-00000004
17:34:31.549 [main] DEBUG com.github.dockerjava.zerodep.shaded.org.apache.hc.client5.http.impl.io.PoolingHttpClientConnectionManager - ep-00000003: executing exchange ex-00000004 over http-outgoing-0
17:34:31.549 [main] DEBUG com.github.dockerjava.zerodep.shaded.org.apache.hc.client5.http.headers - http-outgoing-0 >> POST /v1.32/containers/create?name=testcontainers-ryuk-63b6f132-4791-4107-bf40-862197cff523 HTTP/1.1
17:34:31.549 [main] DEBUG com.github.dockerjava.zerodep.shaded.org.apache.hc.client5.http.headers - http-outgoing-0 >> accept: application/json
17:34:31.550 [main] DEBUG com.github.dockerjava.zerodep.shaded.org.apache.hc.client5.http.headers - http-outgoing-0 >> content-type: application/json
17:34:31.550 [main] DEBUG com.github.dockerjava.zerodep.shaded.org.apache.hc.client5.http.headers - http-outgoing-0 >> x-tc-sid: 63b6f132-4791-4107-bf40-862197cff523
17:34:31.550 [main] DEBUG com.github.dockerjava.zerodep.shaded.org.apache.hc.client5.http.headers - http-outgoing-0 >> User-Agent: tc-java/1.19.0
17:34:31.550 [main] DEBUG com.github.dockerjava.zerodep.shaded.org.apache.hc.client5.http.headers - http-outgoing-0 >> Accept-Encoding: gzip, x-gzip, deflate
17:34:31.550 [main] DEBUG com.github.dockerjava.zerodep.shaded.org.apache.hc.client5.http.headers - http-outgoing-0 >> Content-Length: 1954
17:34:31.550 [main] DEBUG com.github.dockerjava.zerodep.shaded.org.apache.hc.client5.http.headers - http-outgoing-0 >> Host: localhost:2375
17:34:31.550 [main] DEBUG com.github.dockerjava.zerodep.shaded.org.apache.hc.client5.http.headers - http-outgoing-0 >> Connection: keep-alive
17:34:31.551 [main] DEBUG com.github.dockerjava.zerodep.shaded.org.apache.hc.client5.http.wire - http-outgoing-0 >> "POST /v1.32/containers/create?name=testcontainers-ryuk-63b6f132-4791-4107-bf40-862197cff523 HTTP/1.1[\r][\n]"
17:34:31.551 [main] DEBUG com.github.dockerjava.zerodep.shaded.org.apache.hc.client5.http.wire - http-outgoing-0 >> "accept: application/json[\r][\n]"
17:34:31.551 [main] DEBUG com.github.dockerjava.zerodep.shaded.org.apache.hc.client5.http.wire - http-outgoing-0 >> "content-type: application/json[\r][\n]"
17:34:31.551 [main] DEBUG com.github.dockerjava.zerodep.shaded.org.apache.hc.client5.http.wire - http-outgoing-0 >> "x-tc-sid: 63b6f132-4791-4107-bf40-862197cff523[\r][\n]"
17:34:31.551 [main] DEBUG com.github.dockerjava.zerodep.shaded.org.apache.hc.client5.http.wire - http-outgoing-0 >> "User-Agent: tc-java/1.19.0[\r][\n]"
17:34:31.551 [main] DEBUG com.github.dockerjava.zerodep.shaded.org.apache.hc.client5.http.wire - http-outgoing-0 >> "Accept-Encoding: gzip, x-gzip, deflate[\r][\n]"
17:34:31.551 [main] DEBUG com.github.dockerjava.zerodep.shaded.org.apache.hc.client5.http.wire - http-outgoing-0 >> "Content-Length: 1954[\r][\n]"
17:34:31.551 [main] DEBUG com.github.dockerjava.zerodep.shaded.org.apache.hc.client5.http.wire - http-outgoing-0 >> "Host: localhost:2375[\r][\n]"
17:34:31.551 [main] DEBUG com.github.dockerjava.zerodep.shaded.org.apache.hc.client5.http.wire - http-outgoing-0 >> "Connection: keep-alive[\r][\n]"
17:34:31.551 [main] DEBUG com.github.dockerjava.zerodep.shaded.org.apache.hc.client5.http.wire - http-outgoing-0 >> "[\r][\n]"
17:34:31.552 [main] DEBUG com.github.dockerjava.zerodep.shaded.org.apache.hc.client5.http.wire - http-outgoing-0 >> "{"Hostname":null,"Domainname":null,"User":null,"AttachStdin":null,"AttachStdout":null,"AttachStderr":null,"PortSpecs":null,"Tty":null,"OpenStdin":null,"StdinOnce":null,"Env":[],"Cmd":[],"Healthcheck":null,"ArgsEscaped":null,"Entrypoint":null,"Image":"testcontainers/ryuk:0.5.1","Volumes":{},"WorkingDir":null,"MacAddress":null,"OnBuild":null,"NetworkDisabled":null,"ExposedPorts":{"8080/tcp":{}},"StopSignal":null,"StopTimeout":null,"HostConfig":{"Binds":["/var/run/docker.sock:/var/run/docker.sock:rw"],"BlkioWeight":null,"BlkioWeightDevice":null,"BlkioDeviceReadBps":null,"BlkioDeviceWriteBps":null,"BlkioDeviceReadIOps":null,"BlkioDeviceWriteIOps":null,"MemorySwappiness":null,"NanoCpus":null,"CapAdd":null,"CapDrop":null,"ContainerIDFile":null,"CpuPeriod":null,"CpuRealtimePeriod":null,"CpuRealtimeRuntime":null,"CpuShares":null,"CpuQuota":null,"CpusetCpus":null,"CpusetMems":null,"Devices":null,"DeviceCgroupRules":null,"DeviceRequests":null,"DiskQuota":null,"Dns":null,"DnsOptions":null,"DnsSearch":null,"ExtraHosts":[],"GroupAdd":null,"IpcMode":null,"Cgroup":null,"Links":[],"LogConfig":null,"LxcConf":null,"Memory":null,"MemorySwap":null,"MemoryReservation":null,"KernelMemory":null,"NetworkMode":null,"OomKillDisable":null,"Init":null,"AutoRemove":true,"OomScoreAdj":null,"PortBindings":{"8080/tcp":[{"HostIp":"","HostPort":""}]},"Privileged":true,"PublishAllPorts":null,"ReadonlyRootfs":null,"RestartPolicy":null,"Ulimits":null,"CpuCount":null,"CpuPercent":null,"IOMaximumIOps":null,"IOMaximumBandwidth":null,"VolumesFrom":[],"Mounts":null,"PidMode":null,"Isolation":null,"SecurityOpt":null,"StorageOpt":null,"CgroupParent":null,"VolumeDriver":null,"ShmSize":null,"PidsLimit":null,"Runtime":null,"Tmpfs":null,"UTSMode":null,"UsernsMode":null,"Sysctls":null,"ConsoleSize":null,"CgroupnsMode":null},"Labels":{"org.testcontainers":"true","org.testcontainers.lang":"java","org.testcontainers.version":"1.19.0"},"Shell":null,"NetworkingConfig":null}"
17:34:31.728 [main] DEBUG com.github.dockerjava.zerodep.shaded.org.apache.hc.client5.http.wire - http-outgoing-0 << "HTTP/1.1 201 Created[\r][\n]"
17:34:31.729 [main] DEBUG com.github.dockerjava.zerodep.shaded.org.apache.hc.client5.http.wire - http-outgoing-0 << "Api-Version: 1.47[\r][\n]"
17:34:31.729 [main] DEBUG com.github.dockerjava.zerodep.shaded.org.apache.hc.client5.http.wire - http-outgoing-0 << "Content-Type: application/json[\r][\n]"
17:34:31.729 [main] DEBUG com.github.dockerjava.zerodep.shaded.org.apache.hc.client5.http.wire - http-outgoing-0 << "Docker-Experimental: false[\r][\n]"
17:34:31.729 [main] DEBUG com.github.dockerjava.zerodep.shaded.org.apache.hc.client5.http.wire - http-outgoing-0 << "Ostype: linux[\r][\n]"
17:34:31.729 [main] DEBUG com.github.dockerjava.zerodep.shaded.org.apache.hc.client5.http.wire - http-outgoing-0 << "Server: Docker/27.4.1 (linux)[\r][\n]"
17:34:31.729 [main] DEBUG com.github.dockerjava.zerodep.shaded.org.apache.hc.client5.http.wire - http-outgoing-0 << "Date: Fri, 20 Dec 2024 16:34:31 GMT[\r][\n]"
17:34:31.729 [main] DEBUG com.github.dockerjava.zerodep.shaded.org.apache.hc.client5.http.wire - http-outgoing-0 << "Content-Length: 88[\r][\n]"
17:34:31.730 [main] DEBUG com.github.dockerjava.zerodep.shaded.org.apache.hc.client5.http.wire - http-outgoing-0 << "[\r][\n]"
17:34:31.730 [main] DEBUG com.github.dockerjava.zerodep.shaded.org.apache.hc.client5.http.wire - http-outgoing-0 << "{"Id":"2870c85a150b58e13964ce7f03c5cc4833e4722f44c00264efaf25dac30ad001","Warnings":[]}[\n]"
17:34:31.730 [main] DEBUG com.github.dockerjava.zerodep.shaded.org.apache.hc.client5.http.headers - http-outgoing-0 << HTTP/1.1 201 Created
17:34:31.730 [main] DEBUG com.github.dockerjava.zerodep.shaded.org.apache.hc.client5.http.headers - http-outgoing-0 << Api-Version: 1.47
17:34:31.730 [main] DEBUG com.github.dockerjava.zerodep.shaded.org.apache.hc.client5.http.headers - http-outgoing-0 << Content-Type: application/json
17:34:31.730 [main] DEBUG com.github.dockerjava.zerodep.shaded.org.apache.hc.client5.http.headers - http-outgoing-0 << Docker-Experimental: false
17:34:31.730 [main] DEBUG com.github.dockerjava.zerodep.shaded.org.apache.hc.client5.http.headers - http-outgoing-0 << Ostype: linux
17:34:31.730 [main] DEBUG com.github.dockerjava.zerodep.shaded.org.apache.hc.client5.http.headers - http-outgoing-0 << Server: Docker/27.4.1 (linux)
17:34:31.730 [main] DEBUG com.github.dockerjava.zerodep.shaded.org.apache.hc.client5.http.headers - http-outgoing-0 << Date: Fri, 20 Dec 2024 16:34:31 GMT
17:34:31.731 [main] DEBUG com.github.dockerjava.zerodep.shaded.org.apache.hc.client5.http.headers - http-outgoing-0 << Content-Length: 88
17:34:31.732 [main] DEBUG com.github.dockerjava.zerodep.shaded.org.apache.hc.client5.http.impl.classic.MainClientExec - ex-00000004: connection can be kept alive for 3 MINUTES
17:34:31.736 [main] DEBUG com.github.dockerjava.zerodep.shaded.org.apache.hc.client5.http.impl.classic.InternalHttpClient - ep-00000003: releasing valid endpoint
17:34:31.736 [main] DEBUG com.github.dockerjava.zerodep.shaded.org.apache.hc.client5.http.impl.io.PoolingHttpClientConnectionManager - ep-00000003: releasing endpoint
17:34:31.736 [main] DEBUG com.github.dockerjava.zerodep.shaded.org.apache.hc.client5.http.impl.io.PoolingHttpClientConnectionManager - ep-00000003: connection http-outgoing-0 can be kept alive for 3 MINUTES
17:34:31.736 [main] DEBUG com.github.dockerjava.zerodep.shaded.org.apache.hc.client5.http.impl.io.PoolingHttpClientConnectionManager - ep-00000003: connection released [route: {}->unix://localhost:2375][total available: 1; route allocated: 1 of 2147483647; total allocated: 1 of 2147483647]
17:34:31.739 [main] INFO tc.testcontainers/ryuk:0.5.1 - Container testcontainers/ryuk:0.5.1 is starting: 2870c85a150b58e13964ce7f03c5cc4833e4722f44c00264efaf25dac30ad001
17:34:31.741 [main] DEBUG org.testcontainers.shaded.com.github.dockerjava.core.command.AbstrDockerCmd - Cmd: 2870c85a150b58e13964ce7f03c5cc4833e4722f44c00264efaf25dac30ad001
17:34:31.742 [main] DEBUG com.github.dockerjava.zerodep.shaded.org.apache.hc.client5.http.impl.classic.InternalHttpClient - ex-00000005: preparing request execution
17:34:31.742 [main] DEBUG com.github.dockerjava.zerodep.shaded.org.apache.hc.client5.http.protocol.RequestAddCookies - Cookie spec selected: strict
17:34:31.743 [main] DEBUG com.github.dockerjava.zerodep.shaded.org.apache.hc.client5.http.protocol.RequestAuthCache - Auth cache not set in the context
17:34:31.743 [main] DEBUG com.github.dockerjava.zerodep.shaded.org.apache.hc.client5.http.impl.classic.ProtocolExec - ex-00000005: target auth state: UNCHALLENGED
17:34:31.743 [main] DEBUG com.github.dockerjava.zerodep.shaded.org.apache.hc.client5.http.impl.classic.ProtocolExec - ex-00000005: proxy auth state: UNCHALLENGED
17:34:31.743 [main] DEBUG com.github.dockerjava.zerodep.shaded.org.apache.hc.client5.http.impl.classic.ConnectExec - ex-00000005: acquiring connection with route {}->unix://localhost:2375
17:34:31.743 [main] DEBUG com.github.dockerjava.zerodep.shaded.org.apache.hc.client5.http.impl.classic.InternalHttpClient - ex-00000005: acquiring endpoint (3 MINUTES)
17:34:31.743 [main] DEBUG com.github.dockerjava.zerodep.shaded.org.apache.hc.client5.http.impl.io.PoolingHttpClientConnectionManager - ex-00000005: endpoint lease request (3 MINUTES) [route: {}->unix://localhost:2375][total available: 1; route allocated: 1 of 2147483647; total allocated: 1 of 2147483647]
17:34:31.743 [main] DEBUG com.github.dockerjava.zerodep.shaded.org.apache.hc.client5.http.impl.io.PoolingHttpClientConnectionManager - ex-00000005: endpoint leased [route: {}->unix://localhost:2375][total available: 0; route allocated: 1 of 2147483647; total allocated: 1 of 2147483647]
17:34:31.743 [main] DEBUG com.github.dockerjava.zerodep.shaded.org.apache.hc.client5.http.impl.io.PoolingHttpClientConnectionManager - ex-00000005: acquired ep-00000004
17:34:31.744 [main] DEBUG com.github.dockerjava.zerodep.shaded.org.apache.hc.client5.http.impl.classic.InternalHttpClient - ex-00000005: acquired endpoint ep-00000004
17:34:31.744 [main] DEBUG com.github.dockerjava.zerodep.shaded.org.apache.hc.client5.http.impl.classic.MainClientExec - ex-00000005: executing POST /v1.32/containers/2870c85a150b58e13964ce7f03c5cc4833e4722f44c00264efaf25dac30ad001/start HTTP/1.1
17:34:31.744 [main] DEBUG com.github.dockerjava.zerodep.shaded.org.apache.hc.client5.http.impl.classic.InternalHttpClient - ep-00000004: start execution ex-00000005
17:34:31.744 [main] DEBUG com.github.dockerjava.zerodep.shaded.org.apache.hc.client5.http.impl.io.PoolingHttpClientConnectionManager - ep-00000004: executing exchange ex-00000005 over http-outgoing-0
17:34:31.744 [main] DEBUG com.github.dockerjava.zerodep.shaded.org.apache.hc.client5.http.headers - http-outgoing-0 >> POST /v1.32/containers/2870c85a150b58e13964ce7f03c5cc4833e4722f44c00264efaf25dac30ad001/start HTTP/1.1
17:34:31.744 [main] DEBUG com.github.dockerjava.zerodep.shaded.org.apache.hc.client5.http.headers - http-outgoing-0 >> accept: application/json
17:34:31.744 [main] DEBUG com.github.dockerjava.zerodep.shaded.org.apache.hc.client5.http.headers - http-outgoing-0 >> content-type: application/json
17:34:31.744 [main] DEBUG com.github.dockerjava.zerodep.shaded.org.apache.hc.client5.http.headers - http-outgoing-0 >> x-tc-sid: 63b6f132-4791-4107-bf40-862197cff523
17:34:31.744 [main] DEBUG com.github.dockerjava.zerodep.shaded.org.apache.hc.client5.http.headers - http-outgoing-0 >> User-Agent: tc-java/1.19.0
17:34:31.745 [main] DEBUG com.github.dockerjava.zerodep.shaded.org.apache.hc.client5.http.headers - http-outgoing-0 >> Accept-Encoding: gzip, x-gzip, deflate
17:34:31.745 [main] DEBUG com.github.dockerjava.zerodep.shaded.org.apache.hc.client5.http.headers - http-outgoing-0 >> Host: localhost:2375
17:34:31.745 [main] DEBUG com.github.dockerjava.zerodep.shaded.org.apache.hc.client5.http.headers - http-outgoing-0 >> Connection: keep-alive
17:34:31.745 [main] DEBUG com.github.dockerjava.zerodep.shaded.org.apache.hc.client5.http.wire - http-outgoing-0 >> "POST /v1.32/containers/2870c85a150b58e13964ce7f03c5cc4833e4722f44c00264efaf25dac30ad001/start HTTP/1.1[\r][\n]"
17:34:31.745 [main] DEBUG com.github.dockerjava.zerodep.shaded.org.apache.hc.client5.http.wire - http-outgoing-0 >> "accept: application/json[\r][\n]"
17:34:31.745 [main] DEBUG com.github.dockerjava.zerodep.shaded.org.apache.hc.client5.http.wire - http-outgoing-0 >> "content-type: application/json[\r][\n]"
17:34:31.745 [main] DEBUG com.github.dockerjava.zerodep.shaded.org.apache.hc.client5.http.wire - http-outgoing-0 >> "x-tc-sid: 63b6f132-4791-4107-bf40-862197cff523[\r][\n]"
17:34:31.745 [main] DEBUG com.github.dockerjava.zerodep.shaded.org.apache.hc.client5.http.wire - http-outgoing-0 >> "User-Agent: tc-java/1.19.0[\r][\n]"
17:34:31.745 [main] DEBUG com.github.dockerjava.zerodep.shaded.org.apache.hc.client5.http.wire - http-outgoing-0 >> "Accept-Encoding: gzip, x-gzip, deflate[\r][\n]"
17:34:31.745 [main] DEBUG com.github.dockerjava.zerodep.shaded.org.apache.hc.client5.http.wire - http-outgoing-0 >> "Host: localhost:2375[\r][\n]"
17:34:31.745 [main] DEBUG com.github.dockerjava.zerodep.shaded.org.apache.hc.client5.http.wire - http-outgoing-0 >> "Connection: keep-alive[\r][\n]"
17:34:31.746 [main] DEBUG com.github.dockerjava.zerodep.shaded.org.apache.hc.client5.http.wire - http-outgoing-0 >> "[\r][\n]"
17:34:32.117 [main] DEBUG com.github.dockerjava.zerodep.shaded.org.apache.hc.client5.http.wire - http-outgoing-0 << "HTTP/1.1 204 No Content[\r][\n]"
17:34:32.118 [main] DEBUG com.github.dockerjava.zerodep.shaded.org.apache.hc.client5.http.wire - http-outgoing-0 << "Api-Version: 1.47[\r][\n]"
17:34:32.118 [main] DEBUG com.github.dockerjava.zerodep.shaded.org.apache.hc.client5.http.wire - http-outgoing-0 << "Docker-Experimental: false[\r][\n]"
17:34:32.118 [main] DEBUG com.github.dockerjava.zerodep.shaded.org.apache.hc.client5.http.wire - http-outgoing-0 << "Ostype: linux[\r][\n]"
17:34:32.118 [main] DEBUG com.github.dockerjava.zerodep.shaded.org.apache.hc.client5.http.wire - http-outgoing-0 << "Server: Docker/27.4.1 (linux)[\r][\n]"
17:34:32.118 [main] DEBUG com.github.dockerjava.zerodep.shaded.org.apache.hc.client5.http.wire - http-outgoing-0 << "Date: Fri, 20 Dec 2024 16:34:32 GMT[\r][\n]"
17:34:32.118 [main] DEBUG com.github.dockerjava.zerodep.shaded.org.apache.hc.client5.http.wire - http-outgoing-0 << "[\r][\n]"
17:34:32.119 [main] DEBUG com.github.dockerjava.zerodep.shaded.org.apache.hc.client5.http.headers - http-outgoing-0 << HTTP/1.1 204 No Content
17:34:32.119 [main] DEBUG com.github.dockerjava.zerodep.shaded.org.apache.hc.client5.http.headers - http-outgoing-0 << Api-Version: 1.47
17:34:32.119 [main] DEBUG com.github.dockerjava.zerodep.shaded.org.apache.hc.client5.http.headers - http-outgoing-0 << Docker-Experimental: false
17:34:32.119 [main] DEBUG com.github.dockerjava.zerodep.shaded.org.apache.hc.client5.http.headers - http-outgoing-0 << Ostype: linux
17:34:32.119 [main] DEBUG com.github.dockerjava.zerodep.shaded.org.apache.hc.client5.http.headers - http-outgoing-0 << Server: Docker/27.4.1 (linux)
17:34:32.119 [main] DEBUG com.github.dockerjava.zerodep.shaded.org.apache.hc.client5.http.headers - http-outgoing-0 << Date: Fri, 20 Dec 2024 16:34:32 GMT
17:34:32.119 [main] DEBUG com.github.dockerjava.zerodep.shaded.org.apache.hc.client5.http.impl.classic.MainClientExec - ex-00000005: connection can be kept alive for 3 MINUTES
17:34:32.119 [main] DEBUG com.github.dockerjava.zerodep.shaded.org.apache.hc.client5.http.impl.classic.InternalHttpClient - ep-00000004: releasing valid endpoint
17:34:32.119 [main] DEBUG com.github.dockerjava.zerodep.shaded.org.apache.hc.client5.http.impl.io.PoolingHttpClientConnectionManager - ep-00000004: releasing endpoint
17:34:32.120 [main] DEBUG com.github.dockerjava.zerodep.shaded.org.apache.hc.client5.http.impl.io.PoolingHttpClientConnectionManager - ep-00000004: connection http-outgoing-0 can be kept alive for 3 MINUTES
17:34:32.120 [main] DEBUG com.github.dockerjava.zerodep.shaded.org.apache.hc.client5.http.impl.io.PoolingHttpClientConnectionManager - ep-00000004: connection released [route: {}->unix://localhost:2375][total available: 1; route allocated: 1 of 2147483647; total allocated: 1 of 2147483647]
17:34:32.126 [main] DEBUG org.testcontainers.shaded.com.github.dockerjava.core.command.AbstrDockerCmd - Cmd: 2870c85a150b58e13964ce7f03c5cc4833e4722f44c00264efaf25dac30ad001,false
17:34:32.129 [main] DEBUG org.testcontainers.shaded.com.github.dockerjava.core.exec.InspectContainerCmdExec - GET: DefaultWebTarget{path=[/containers/2870c85a150b58e13964ce7f03c5cc4833e4722f44c00264efaf25dac30ad001/json], queryParams={}}
17:34:32.130 [main] DEBUG com.github.dockerjava.zerodep.shaded.org.apache.hc.client5.http.impl.classic.InternalHttpClient - ex-00000006: preparing request execution
17:34:32.130 [main] DEBUG com.github.dockerjava.zerodep.shaded.org.apache.hc.client5.http.protocol.RequestAddCookies - Cookie spec selected: strict
17:34:32.130 [main] DEBUG com.github.dockerjava.zerodep.shaded.org.apache.hc.client5.http.protocol.RequestAuthCache - Auth cache not set in the context
17:34:32.131 [main] DEBUG com.github.dockerjava.zerodep.shaded.org.apache.hc.client5.http.impl.classic.ProtocolExec - ex-00000006: target auth state: UNCHALLENGED
17:34:32.131 [main] DEBUG com.github.dockerjava.zerodep.shaded.org.apache.hc.client5.http.impl.classic.ProtocolExec - ex-00000006: proxy auth state: UNCHALLENGED
17:34:32.131 [main] DEBUG com.github.dockerjava.zerodep.shaded.org.apache.hc.client5.http.impl.classic.ConnectExec - ex-00000006: acquiring connection with route {}->unix://localhost:2375
17:34:32.131 [main] DEBUG com.github.dockerjava.zerodep.shaded.org.apache.hc.client5.http.impl.classic.InternalHttpClient - ex-00000006: acquiring endpoint (3 MINUTES)
17:34:32.131 [main] DEBUG com.github.dockerjava.zerodep.shaded.org.apache.hc.client5.http.impl.io.PoolingHttpClientConnectionManager - ex-00000006: endpoint lease request (3 MINUTES) [route: {}->unix://localhost:2375][total available: 1; route allocated: 1 of 2147483647; total allocated: 1 of 2147483647]
17:34:32.131 [main] DEBUG com.github.dockerjava.zerodep.shaded.org.apache.hc.client5.http.impl.io.PoolingHttpClientConnectionManager - ex-00000006: endpoint leased [route: {}->unix://localhost:2375][total available: 0; route allocated: 1 of 2147483647; total allocated: 1 of 2147483647]
17:34:32.131 [main] DEBUG com.github.dockerjava.zerodep.shaded.org.apache.hc.client5.http.impl.io.PoolingHttpClientConnectionManager - ex-00000006: acquired ep-00000005
17:34:32.131 [main] DEBUG com.github.dockerjava.zerodep.shaded.org.apache.hc.client5.http.impl.classic.InternalHttpClient - ex-00000006: acquired endpoint ep-00000005
17:34:32.132 [main] DEBUG com.github.dockerjava.zerodep.shaded.org.apache.hc.client5.http.impl.classic.MainClientExec - ex-00000006: executing GET /v1.32/containers/2870c85a150b58e13964ce7f03c5cc4833e4722f44c00264efaf25dac30ad001/json HTTP/1.1
17:34:32.132 [main] DEBUG com.github.dockerjava.zerodep.shaded.org.apache.hc.client5.http.impl.classic.InternalHttpClient - ep-00000005: start execution ex-00000006
17:34:32.132 [main] DEBUG com.github.dockerjava.zerodep.shaded.org.apache.hc.client5.http.impl.io.PoolingHttpClientConnectionManager - ep-00000005: executing exchange ex-00000006 over http-outgoing-0
17:34:32.132 [main] DEBUG com.github.dockerjava.zerodep.shaded.org.apache.hc.client5.http.headers - http-outgoing-0 >> GET /v1.32/containers/2870c85a150b58e13964ce7f03c5cc4833e4722f44c00264efaf25dac30ad001/json HTTP/1.1
17:34:32.132 [main] DEBUG com.github.dockerjava.zerodep.shaded.org.apache.hc.client5.http.headers - http-outgoing-0 >> accept: application/json
17:34:32.132 [main] DEBUG com.github.dockerjava.zerodep.shaded.org.apache.hc.client5.http.headers - http-outgoing-0 >> x-tc-sid: 63b6f132-4791-4107-bf40-862197cff523
17:34:32.132 [main] DEBUG com.github.dockerjava.zerodep.shaded.org.apache.hc.client5.http.headers - http-outgoing-0 >> User-Agent: tc-java/1.19.0
17:34:32.132 [main] DEBUG com.github.dockerjava.zerodep.shaded.org.apache.hc.client5.http.headers - http-outgoing-0 >> Accept-Encoding: gzip, x-gzip, deflate
17:34:32.133 [main] DEBUG com.github.dockerjava.zerodep.shaded.org.apache.hc.client5.http.headers - http-outgoing-0 >> Host: localhost:2375
17:34:32.133 [main] DEBUG com.github.dockerjava.zerodep.shaded.org.apache.hc.client5.http.headers - http-outgoing-0 >> Connection: keep-alive
17:34:32.133 [main] DEBUG com.github.dockerjava.zerodep.shaded.org.apache.hc.client5.http.wire - http-outgoing-0 >> "GET /v1.32/containers/2870c85a150b58e13964ce7f03c5cc4833e4722f44c00264efaf25dac30ad001/json HTTP/1.1[\r][\n]"
17:34:32.133 [main] DEBUG com.github.dockerjava.zerodep.shaded.org.apache.hc.client5.http.wire - http-outgoing-0 >> "accept: application/json[\r][\n]"
17:34:32.133 [main] DEBUG com.github.dockerjava.zerodep.shaded.org.apache.hc.client5.http.wire - http-outgoing-0 >> "x-tc-sid: 63b6f132-4791-4107-bf40-862197cff523[\r][\n]"
17:34:32.133 [main] DEBUG com.github.dockerjava.zerodep.shaded.org.apache.hc.client5.http.wire - http-outgoing-0 >> "User-Agent: tc-java/1.19.0[\r][\n]"
17:34:32.133 [main] DEBUG com.github.dockerjava.zerodep.shaded.org.apache.hc.client5.http.wire - http-outgoing-0 >> "Accept-Encoding: gzip, x-gzip, deflate[\r][\n]"
17:34:32.133 [main] DEBUG com.github.dockerjava.zerodep.shaded.org.apache.hc.client5.http.wire - http-outgoing-0 >> "Host: localhost:2375[\r][\n]"
17:34:32.133 [main] DEBUG com.github.dockerjava.zerodep.shaded.org.apache.hc.client5.http.wire - http-outgoing-0 >> "Connection: keep-alive[\r][\n]"
17:34:32.133 [main] DEBUG com.github.dockerjava.zerodep.shaded.org.apache.hc.client5.http.wire - http-outgoing-0 >> "[\r][\n]"
17:34:32.134 [main] DEBUG com.github.dockerjava.zerodep.shaded.org.apache.hc.client5.http.wire - http-outgoing-0 << "HTTP/1.1 200 OK[\r][\n]"
17:34:32.134 [main] DEBUG com.github.dockerjava.zerodep.shaded.org.apache.hc.client5.http.wire - http-outgoing-0 << "Api-Version: 1.47[\r][\n]"
17:34:32.134 [main] DEBUG com.github.dockerjava.zerodep.shaded.org.apache.hc.client5.http.wire - http-outgoing-0 << "Content-Type: application/json[\r][\n]"
17:34:32.134 [main] DEBUG com.github.dockerjava.zerodep.shaded.org.apache.hc.client5.http.wire - http-outgoing-0 << "Docker-Experimental: false[\r][\n]"
17:34:32.134 [main] DEBUG com.github.dockerjava.zerodep.shaded.org.apache.hc.client5.http.wire - http-outgoing-0 << "Ostype: linux[\r][\n]"
17:34:32.134 [main] DEBUG com.github.dockerjava.zerodep.shaded.org.apache.hc.client5.http.wire - http-outgoing-0 << "Server: Docker/27.4.1 (linux)[\r][\n]"
17:34:32.134 [main] DEBUG com.github.dockerjava.zerodep.shaded.org.apache.hc.client5.http.wire - http-outgoing-0 << "Date: Fri, 20 Dec 2024 16:34:32 GMT[\r][\n]"
17:34:32.135 [main] DEBUG com.github.dockerjava.zerodep.shaded.org.apache.hc.client5.http.wire - http-outgoing-0 << "Transfer-Encoding: chunked[\r][\n]"
17:34:32.135 [main] DEBUG com.github.dockerjava.zerodep.shaded.org.apache.hc.client5.http.wire - http-outgoing-0 << "[\r][\n]"
17:34:32.135 [main] DEBUG com.github.dockerjava.zerodep.shaded.org.apache.hc.client5.http.wire - http-outgoing-0 << "1394[\r][\n]"
17:34:32.135 [main] DEBUG com.github.dockerjava.zerodep.shaded.org.apache.hc.client5.http.wire - http-outgoing-0 << "{"Id":"2870c85a150b58e13964ce7f03c5cc4833e4722f44c00264efaf25dac30ad001","Created":"2024-12-20T16:34:31.554199992Z","Path":"/bin/ryuk","Args":[],"State":{"Status":"running","Running":true,"Paused":false,"Restarting":false,"OOMKilled":false,"Dead":false,"Pid":24857,"ExitCode":0,"Error":"","StartedAt":"2024-12-20T16:34:31.883620387Z","FinishedAt":"0001-01-01T00:00:00Z"},"Image":"sha256:ec913eeff75a6b5ed284cf17e186213a466ec10a8f471798318ffa0813b5d828","ResolvConfPath":"/var/lib/docker/containers/2870c85a150b58e13964ce7f03c5cc4833e4722f44c00264efaf25dac30ad001/resolv.conf","HostnamePath":"/var/lib/docker/containers/2870c85a150b58e13964ce7f03c5cc4833e4722f44c00264efaf25dac30ad001/hostname","HostsPath":"/var/lib/docker/containers/2870c85a150b58e13964ce7f03c5cc4833e4722f44c00264efaf25dac30ad001/hosts","LogPath":"/var/lib/docker/containers/2870c85a150b58e13964ce7f03c5cc4833e4722f44c00264efaf25dac30ad001/2870c85a150b58e13964ce7f03c5cc4833e4722f44c00264efaf25dac30ad001-json.log","Name":"/testcontainers-ryuk-63b6f132-4791-4107-bf40-862197cff523","RestartCount":0,"Driver":"overlay2","Platform":"linux","MountLabel":"","ProcessLabel":"","AppArmorProfile":"","ExecIDs":null,"HostConfig":{"Binds":["/var/run/docker.sock:/var/run/docker.sock:rw"],"ContainerIDFile":"","LogConfig":{"Type":"json-file","Config":{}},"NetworkMode":"bridge","PortBindings":{"8080/tcp":[{"HostIp":"","HostPort":""}]},"RestartPolicy":{"Name":"no","MaximumRetryCount":0},"AutoRemove":true,"VolumeDriver":"","VolumesFrom":[],"ConsoleSize":[0,0],"CapAdd":null,"CapDrop":null,"CgroupnsMode":"private","Dns":null,"DnsOptions":null,"DnsSearch":null,"ExtraHosts":[],"GroupAdd":null,"IpcMode":"shareable","Cgroup":"","Links":null,"OomScoreAdj":0,"PidMode":"","Privileged":true,"PublishAllPorts":false,"ReadonlyRootfs":false,"SecurityOpt":["label=disable"],"UTSMode":"","UsernsMode":"","ShmSize":67108864,"Runtime":"runc","Isolation":"","CpuShares":0,"Memory":0,"NanoCpus":0,"CgroupParent":"","BlkioWeight":0,"BlkioWeightDevice":null,"BlkioDeviceReadBps":null,"BlkioDeviceWriteBps":null,"BlkioDeviceReadIOps":null,"BlkioDeviceWriteIOps":null,"CpuPeriod":0,"CpuQuota":0,"CpuRealtimePeriod":0,"CpuRealtimeRuntime":0,"CpusetCpus":"","CpusetMems":"","Devices":null,"DeviceCgroupRules":null,"DeviceRequests":null,"MemoryReservation":0,"MemorySwap":0,"MemorySwappiness":null,"OomKillDisable":null,"PidsLimit":null,"Ulimits":null,"CpuCount":0,"CpuPercent":0,"IOMaximumIOps":0,"IOMaximumBandwidth":0,"MaskedPaths":null,"ReadonlyPaths":null},"GraphDriver":{"Data":{"LowerDir":"/var/lib/docker/overlay2/e0e133ad271118a68768e44c3b40d40b777c915c2e8c4659a7f0f40781476f0c-init/diff:/var/lib/docker/overlay2/98c5b2b33051f06f36130c34cb6464a7533a8f4f6eb67ef3bced1db3384d9970/diff:/var/lib/docker/overlay2/f84a36d936a1be1b248fbdd69b94d7fbc1db13d847ca0c75c1db2405f67d5067/diff:/var/lib/docker/overlay2/e05755434ac8f02ae706e37bde6cee97dd9a22f880e924b751c98b36c9b169fe/diff","MergedDir":"/var/lib/docker/overlay2/e0e133ad271118a68768e44c3b40d40b777c915c2e8c4659a7f0f40781476f0c/merged","UpperDir":"/var/lib/docker/overlay2/e0e133ad271118a68768e44c3b40d40b777c915c2e8c4659a7f0f40781476f0c/diff","WorkDir":"/var/lib/docker/overlay2/e0e133ad271118a68768e44c3b40d40b777c915c2e8c4659a7f0f40781476f0c/work"},"Name":"overlay2"},"Mounts":[{"Type":"bind","Source":"/var/run/docker.sock","Destination":"/var/run/docker.sock","Mode":"rw","RW":true,"Propagation":"rprivate"}],"Config":{"Hostname":"2870c85a150b","Domainname":"","User":"","AttachStdin":false,"AttachStdout":false,"AttachStderr":false,"ExposedPorts":{"8080/tcp":{}},"Tty":false,"OpenStdin":false,"StdinOnce":false,"Env":["PATH=/usr/local/sbin:/usr/local/bin:/usr/sbin:/usr/bin:/sbin:/bin"],"Cmd":["/bin/ryuk"],"Image":"testcontainers/ryuk:0.5.1","Volumes":null,"WorkingDir":"","Entrypoint":null,"OnBuild":null,"Labels":{"org.testcontainers":"true","org.testcontainers.lang":"java","org.testcontainers.ryuk":"true","org.testcontainers.version":"1.19.0"}},"NetworkSettings":{"Bridge":"","SandboxID":"7b823f89774ef2ef6b24c318b444b417a74a653e75474c7ed16c161bac813ad1","SandboxKey":"/var/run/docker/netns/7b823f89774e","Ports":{"8080/tcp":[{"HostIp":"0.0.0.0","HostPort":"32783"},{"HostIp":"::","HostPort":"32783"}]},"HairpinMode":false,"LinkLocalIPv6Address":"","LinkLocalIPv6PrefixLen":0,"SecondaryIPAddresses":null,"SecondaryIPv6Addresses":null,"EndpointID":"3ca8863868c93b93123c6bd4d34a8b3694dc3d8400cae831cf685c2db504fdc0","Gateway":"172.17.0.1","GlobalIPv6Address":"","GlobalIPv6PrefixLen":0,"IPAddress":"172.17.0.2","IPPrefixLen":16,"IPv6Gateway":"","MacAddress":"02:42:ac:11:00:02","Networks":{"bridge":{"IPAMConfig":null,"Links":null,"Aliases":null,"MacAddress":"02:42:ac:11:00:02","DriverOpts":null,"NetworkID":"4d84dadde01384434811c6a49ff4da853ccabbc18dda2cbb7366178edb86e673","EndpointID":"3ca8863868c93b93123c6bd4d34a8b3694dc3d8400cae831cf685c2db504fdc0","Gateway":"172.17.0.1","IPAddress":"172.17.0.2","IPPrefixLen":16,"IPv6Gateway":"","GlobalIPv6Address":"","GlobalIPv6PrefixLen":0,"DNSNames":null}}}}[\n]"
17:34:32.136 [main] DEBUG com.github.dockerjava.zerodep.shaded.org.apache.hc.client5.http.wire - http-outgoing-0 << "[\r][\n]"
17:34:32.136 [main] DEBUG com.github.dockerjava.zerodep.shaded.org.apache.hc.client5.http.wire - http-outgoing-0 << "0[\r][\n]"
17:34:32.136 [main] DEBUG com.github.dockerjava.zerodep.shaded.org.apache.hc.client5.http.wire - http-outgoing-0 << "[\r][\n]"
17:34:32.136 [main] DEBUG com.github.dockerjava.zerodep.shaded.org.apache.hc.client5.http.headers - http-outgoing-0 << HTTP/1.1 200 OK
17:34:32.136 [main] DEBUG com.github.dockerjava.zerodep.shaded.org.apache.hc.client5.http.headers - http-outgoing-0 << Api-Version: 1.47
17:34:32.136 [main] DEBUG com.github.dockerjava.zerodep.shaded.org.apache.hc.client5.http.headers - http-outgoing-0 << Content-Type: application/json
17:34:32.136 [main] DEBUG com.github.dockerjava.zerodep.shaded.org.apache.hc.client5.http.headers - http-outgoing-0 << Docker-Experimental: false
17:34:32.136 [main] DEBUG com.github.dockerjava.zerodep.shaded.org.apache.hc.client5.http.headers - http-outgoing-0 << Ostype: linux
17:34:32.136 [main] DEBUG com.github.dockerjava.zerodep.shaded.org.apache.hc.client5.http.headers - http-outgoing-0 << Server: Docker/27.4.1 (linux)
17:34:32.136 [main] DEBUG com.github.dockerjava.zerodep.shaded.org.apache.hc.client5.http.headers - http-outgoing-0 << Date: Fri, 20 Dec 2024 16:34:32 GMT
17:34:32.136 [main] DEBUG com.github.dockerjava.zerodep.shaded.org.apache.hc.client5.http.headers - http-outgoing-0 << Transfer-Encoding: chunked
17:34:32.137 [main] DEBUG com.github.dockerjava.zerodep.shaded.org.apache.hc.client5.http.impl.classic.MainClientExec - ex-00000006: connection can be kept alive for 3 MINUTES
17:34:32.279 [main] DEBUG com.github.dockerjava.zerodep.shaded.org.apache.hc.client5.http.impl.classic.InternalHttpClient - ep-00000005: releasing valid endpoint
17:34:32.279 [main] DEBUG com.github.dockerjava.zerodep.shaded.org.apache.hc.client5.http.impl.io.PoolingHttpClientConnectionManager - ep-00000005: releasing endpoint
17:34:32.280 [main] DEBUG com.github.dockerjava.zerodep.shaded.org.apache.hc.client5.http.impl.io.PoolingHttpClientConnectionManager - ep-00000005: connection http-outgoing-0 can be kept alive for 3 MINUTES
17:34:32.280 [main] DEBUG com.github.dockerjava.zerodep.shaded.org.apache.hc.client5.http.impl.io.PoolingHttpClientConnectionManager - ep-00000005: connection released [route: {}->unix://localhost:2375][total available: 1; route allocated: 1 of 2147483647; total allocated: 1 of 2147483647]
17:34:32.284 [main] DEBUG org.testcontainers.shaded.com.github.dockerjava.core.command.AbstrDockerCmd - Cmd: sha256:ec913eeff75a6b5ed284cf17e186213a466ec10a8f471798318ffa0813b5d828
17:34:32.286 [main] DEBUG com.github.dockerjava.zerodep.shaded.org.apache.hc.client5.http.impl.classic.InternalHttpClient - ex-00000007: preparing request execution
17:34:32.287 [main] DEBUG com.github.dockerjava.zerodep.shaded.org.apache.hc.client5.http.protocol.RequestAddCookies - Cookie spec selected: strict
17:34:32.287 [main] DEBUG com.github.dockerjava.zerodep.shaded.org.apache.hc.client5.http.protocol.RequestAuthCache - Auth cache not set in the context
17:34:32.287 [main] DEBUG com.github.dockerjava.zerodep.shaded.org.apache.hc.client5.http.impl.classic.ProtocolExec - ex-00000007: target auth state: UNCHALLENGED
17:34:32.287 [main] DEBUG com.github.dockerjava.zerodep.shaded.org.apache.hc.client5.http.impl.classic.ProtocolExec - ex-00000007: proxy auth state: UNCHALLENGED
17:34:32.287 [main] DEBUG com.github.dockerjava.zerodep.shaded.org.apache.hc.client5.http.impl.classic.ConnectExec - ex-00000007: acquiring connection with route {}->unix://localhost:2375
17:34:32.287 [main] DEBUG com.github.dockerjava.zerodep.shaded.org.apache.hc.client5.http.impl.classic.InternalHttpClient - ex-00000007: acquiring endpoint (3 MINUTES)
17:34:32.287 [main] DEBUG com.github.dockerjava.zerodep.shaded.org.apache.hc.client5.http.impl.io.PoolingHttpClientConnectionManager - ex-00000007: endpoint lease request (3 MINUTES) [route: {}->unix://localhost:2375][total available: 1; route allocated: 1 of 2147483647; total allocated: 1 of 2147483647]
17:34:32.287 [main] DEBUG com.github.dockerjava.zerodep.shaded.org.apache.hc.client5.http.impl.io.PoolingHttpClientConnectionManager - ex-00000007: endpoint leased [route: {}->unix://localhost:2375][total available: 0; route allocated: 1 of 2147483647; total allocated: 1 of 2147483647]
17:34:32.288 [main] DEBUG com.github.dockerjava.zerodep.shaded.org.apache.hc.client5.http.impl.io.PoolingHttpClientConnectionManager - ex-00000007: acquired ep-00000006
17:34:32.288 [main] DEBUG com.github.dockerjava.zerodep.shaded.org.apache.hc.client5.http.impl.classic.InternalHttpClient - ex-00000007: acquired endpoint ep-00000006
17:34:32.288 [main] DEBUG com.github.dockerjava.zerodep.shaded.org.apache.hc.client5.http.impl.classic.MainClientExec - ex-00000007: executing GET /v1.32/images/sha256:ec913eeff75a6b5ed284cf17e186213a466ec10a8f471798318ffa0813b5d828/json HTTP/1.1
17:34:32.288 [main] DEBUG com.github.dockerjava.zerodep.shaded.org.apache.hc.client5.http.impl.classic.InternalHttpClient - ep-00000006: start execution ex-00000007
17:34:32.288 [main] DEBUG com.github.dockerjava.zerodep.shaded.org.apache.hc.client5.http.impl.io.PoolingHttpClientConnectionManager - ep-00000006: executing exchange ex-00000007 over http-outgoing-0
17:34:32.288 [main] DEBUG com.github.dockerjava.zerodep.shaded.org.apache.hc.client5.http.headers - http-outgoing-0 >> GET /v1.32/images/sha256:ec913eeff75a6b5ed284cf17e186213a466ec10a8f471798318ffa0813b5d828/json HTTP/1.1
17:34:32.288 [main] DEBUG com.github.dockerjava.zerodep.shaded.org.apache.hc.client5.http.headers - http-outgoing-0 >> accept: application/json
17:34:32.288 [main] DEBUG com.github.dockerjava.zerodep.shaded.org.apache.hc.client5.http.headers - http-outgoing-0 >> x-tc-sid: 63b6f132-4791-4107-bf40-862197cff523
17:34:32.288 [main] DEBUG com.github.dockerjava.zerodep.shaded.org.apache.hc.client5.http.headers - http-outgoing-0 >> User-Agent: tc-java/1.19.0
17:34:32.288 [main] DEBUG com.github.dockerjava.zerodep.shaded.org.apache.hc.client5.http.headers - http-outgoing-0 >> Accept-Encoding: gzip, x-gzip, deflate
17:34:32.288 [main] DEBUG com.github.dockerjava.zerodep.shaded.org.apache.hc.client5.http.headers - http-outgoing-0 >> Host: localhost:2375
17:34:32.289 [main] DEBUG com.github.dockerjava.zerodep.shaded.org.apache.hc.client5.http.headers - http-outgoing-0 >> Connection: keep-alive
17:34:32.289 [main] DEBUG com.github.dockerjava.zerodep.shaded.org.apache.hc.client5.http.wire - http-outgoing-0 >> "GET /v1.32/images/sha256:ec913eeff75a6b5ed284cf17e186213a466ec10a8f471798318ffa0813b5d828/json HTTP/1.1[\r][\n]"
17:34:32.289 [main] DEBUG com.github.dockerjava.zerodep.shaded.org.apache.hc.client5.http.wire - http-outgoing-0 >> "accept: application/json[\r][\n]"
17:34:32.289 [main] DEBUG com.github.dockerjava.zerodep.shaded.org.apache.hc.client5.http.wire - http-outgoing-0 >> "x-tc-sid: 63b6f132-4791-4107-bf40-862197cff523[\r][\n]"
17:34:32.289 [main] DEBUG com.github.dockerjava.zerodep.shaded.org.apache.hc.client5.http.wire - http-outgoing-0 >> "User-Agent: tc-java/1.19.0[\r][\n]"
17:34:32.289 [main] DEBUG com.github.dockerjava.zerodep.shaded.org.apache.hc.client5.http.wire - http-outgoing-0 >> "Accept-Encoding: gzip, x-gzip, deflate[\r][\n]"
17:34:32.289 [main] DEBUG com.github.dockerjava.zerodep.shaded.org.apache.hc.client5.http.wire - http-outgoing-0 >> "Host: localhost:2375[\r][\n]"
17:34:32.289 [main] DEBUG com.github.dockerjava.zerodep.shaded.org.apache.hc.client5.http.wire - http-outgoing-0 >> "Connection: keep-alive[\r][\n]"
17:34:32.289 [main] DEBUG com.github.dockerjava.zerodep.shaded.org.apache.hc.client5.http.wire - http-outgoing-0 >> "[\r][\n]"
17:34:32.290 [main] DEBUG com.github.dockerjava.zerodep.shaded.org.apache.hc.client5.http.wire - http-outgoing-0 << "HTTP/1.1 200 OK[\r][\n]"
17:34:32.290 [main] DEBUG com.github.dockerjava.zerodep.shaded.org.apache.hc.client5.http.wire - http-outgoing-0 << "Api-Version: 1.47[\r][\n]"
17:34:32.290 [main] DEBUG com.github.dockerjava.zerodep.shaded.org.apache.hc.client5.http.wire - http-outgoing-0 << "Content-Type: application/json[\r][\n]"
17:34:32.290 [main] DEBUG com.github.dockerjava.zerodep.shaded.org.apache.hc.client5.http.wire - http-outgoing-0 << "Docker-Experimental: false[\r][\n]"
17:34:32.290 [main] DEBUG com.github.dockerjava.zerodep.shaded.org.apache.hc.client5.http.wire - http-outgoing-0 << "Ostype: linux[\r][\n]"
17:34:32.290 [main] DEBUG com.github.dockerjava.zerodep.shaded.org.apache.hc.client5.http.wire - http-outgoing-0 << "Server: Docker/27.4.1 (linux)[\r][\n]"
17:34:32.290 [main] DEBUG com.github.dockerjava.zerodep.shaded.org.apache.hc.client5.http.wire - http-outgoing-0 << "Date: Fri, 20 Dec 2024 16:34:32 GMT[\r][\n]"
17:34:32.290 [main] DEBUG com.github.dockerjava.zerodep.shaded.org.apache.hc.client5.http.wire - http-outgoing-0 << "Content-Length: 1986[\r][\n]"
17:34:32.290 [main] DEBUG com.github.dockerjava.zerodep.shaded.org.apache.hc.client5.http.wire - http-outgoing-0 << "[\r][\n]"
17:34:32.291 [main] DEBUG com.github.dockerjava.zerodep.shaded.org.apache.hc.client5.http.wire - http-outgoing-0 << "{"Id":"sha256:ec913eeff75a6b5ed284cf17e186213a466ec10a8f471798318ffa0813b5d828","RepoTags":["testcontainers/ryuk:0.5.1"],"RepoDigests":["testcontainers/ryuk@sha256:533abc56c07b52a26c955d1e7ae428d810582ab01c156384ae79960eb5fa0775"],"Parent":"","Comment":"buildkit.dockerfile.v0","Created":"2023-05-17T15:11:02.784684507Z","ContainerConfig":{"Hostname":"","Domainname":"","User":"","AttachStdin":false,"AttachStdout":false,"AttachStderr":false,"Tty":false,"OpenStdin":false,"StdinOnce":false,"Env":null,"Cmd":null,"Image":"","Volumes":null,"WorkingDir":"","Entrypoint":null,"OnBuild":null,"Labels":null},"DockerVersion":"","Author":"","Config":{"Hostname":"","Domainname":"","User":"","AttachStdin":false,"AttachStdout":false,"AttachStderr":false,"Tty":false,"OpenStdin":false,"StdinOnce":false,"Env":["PATH=/usr/local/sbin:/usr/local/bin:/usr/sbin:/usr/bin:/sbin:/bin"],"Cmd":["/bin/ryuk"],"ArgsEscaped":true,"Image":"","Volumes":null,"WorkingDir":"","Entrypoint":null,"OnBuild":null,"Labels":{"org.testcontainers.ryuk":"true"}},"Architecture":"amd64","Os":"linux","Size":12695732,"VirtualSize":12695732,"GraphDriver":{"Data":{"LowerDir":"/var/lib/docker/overlay2/f84a36d936a1be1b248fbdd69b94d7fbc1db13d847ca0c75c1db2405f67d5067/diff:/var/lib/docker/overlay2/e05755434ac8f02ae706e37bde6cee97dd9a22f880e924b751c98b36c9b169fe/diff","MergedDir":"/var/lib/docker/overlay2/98c5b2b33051f06f36130c34cb6464a7533a8f4f6eb67ef3bced1db3384d9970/merged","UpperDir":"/var/lib/docker/overlay2/98c5b2b33051f06f36130c34cb6464a7533a8f4f6eb67ef3bced1db3384d9970/diff","WorkDir":"/var/lib/docker/overlay2/98c5b2b33051f06f36130c34cb6464a7533a8f4f6eb67ef3bced1db3384d9970/work"},"Name":"overlay2"},"RootFS":{"Type":"layers","Layers":["sha256:5bc340f6d4f5a3bc999dfbc790a0bdf0920b9103ef794645034de4260ee4e9c8","sha256:399f3aa1fc62064e0be857829b8e7284408be4b60db81996e105a78e2059e5c9","sha256:2ad1a08beb0cf8625d0ffd3d2847150709df6fdb34c6a2ef514106ad08c5d785"]},"Metadata":{"LastTagTime":"0001-01-01T00:00:00Z"}}[\n]"
17:34:32.291 [main] DEBUG com.github.dockerjava.zerodep.shaded.org.apache.hc.client5.http.headers - http-outgoing-0 << HTTP/1.1 200 OK
17:34:32.291 [main] DEBUG com.github.dockerjava.zerodep.shaded.org.apache.hc.client5.http.headers - http-outgoing-0 << Api-Version: 1.47
17:34:32.291 [main] DEBUG com.github.dockerjava.zerodep.shaded.org.apache.hc.client5.http.headers - http-outgoing-0 << Content-Type: application/json
17:34:32.291 [main] DEBUG com.github.dockerjava.zerodep.shaded.org.apache.hc.client5.http.headers - http-outgoing-0 << Docker-Experimental: false
17:34:32.291 [main] DEBUG com.github.dockerjava.zerodep.shaded.org.apache.hc.client5.http.headers - http-outgoing-0 << Ostype: linux
17:34:32.291 [main] DEBUG com.github.dockerjava.zerodep.shaded.org.apache.hc.client5.http.headers - http-outgoing-0 << Server: Docker/27.4.1 (linux)
17:34:32.291 [main] DEBUG com.github.dockerjava.zerodep.shaded.org.apache.hc.client5.http.headers - http-outgoing-0 << Date: Fri, 20 Dec 2024 16:34:32 GMT
17:34:32.291 [main] DEBUG com.github.dockerjava.zerodep.shaded.org.apache.hc.client5.http.headers - http-outgoing-0 << Content-Length: 1986
17:34:32.292 [main] DEBUG com.github.dockerjava.zerodep.shaded.org.apache.hc.client5.http.impl.classic.MainClientExec - ex-00000007: connection can be kept alive for 3 MINUTES
17:34:32.300 [main] DEBUG com.github.dockerjava.zerodep.shaded.org.apache.hc.client5.http.impl.classic.InternalHttpClient - ep-00000006: releasing valid endpoint
17:34:32.300 [main] DEBUG com.github.dockerjava.zerodep.shaded.org.apache.hc.client5.http.impl.io.PoolingHttpClientConnectionManager - ep-00000006: releasing endpoint
17:34:32.300 [main] DEBUG com.github.dockerjava.zerodep.shaded.org.apache.hc.client5.http.impl.io.PoolingHttpClientConnectionManager - ep-00000006: connection http-outgoing-0 can be kept alive for 3 MINUTES
17:34:32.301 [main] DEBUG com.github.dockerjava.zerodep.shaded.org.apache.hc.client5.http.impl.io.PoolingHttpClientConnectionManager - ep-00000006: connection released [route: {}->unix://localhost:2375][total available: 1; route allocated: 1 of 2147483647; total allocated: 1 of 2147483647]
17:34:32.301 [main] DEBUG org.testcontainers.shaded.com.github.dockerjava.core.command.AbstrDockerCmd - Cmd: 
17:34:32.301 [main] DEBUG com.github.dockerjava.zerodep.shaded.org.apache.hc.client5.http.impl.classic.InternalHttpClient - ex-00000008: preparing request execution
17:34:32.301 [main] DEBUG com.github.dockerjava.zerodep.shaded.org.apache.hc.client5.http.protocol.RequestAddCookies - Cookie spec selected: strict
17:34:32.301 [main] DEBUG com.github.dockerjava.zerodep.shaded.org.apache.hc.client5.http.protocol.RequestAuthCache - Auth cache not set in the context
17:34:32.301 [main] DEBUG com.github.dockerjava.zerodep.shaded.org.apache.hc.client5.http.impl.classic.ProtocolExec - ex-00000008: target auth state: UNCHALLENGED
17:34:32.301 [main] DEBUG com.github.dockerjava.zerodep.shaded.org.apache.hc.client5.http.impl.classic.ProtocolExec - ex-00000008: proxy auth state: UNCHALLENGED
17:34:32.301 [main] DEBUG com.github.dockerjava.zerodep.shaded.org.apache.hc.client5.http.impl.classic.ConnectExec - ex-00000008: acquiring connection with route {}->unix://localhost:2375
17:34:32.301 [main] DEBUG com.github.dockerjava.zerodep.shaded.org.apache.hc.client5.http.impl.classic.InternalHttpClient - ex-00000008: acquiring endpoint (3 MINUTES)
17:34:32.301 [main] DEBUG com.github.dockerjava.zerodep.shaded.org.apache.hc.client5.http.impl.io.PoolingHttpClientConnectionManager - ex-00000008: endpoint lease request (3 MINUTES) [route: {}->unix://localhost:2375][total available: 1; route allocated: 1 of 2147483647; total allocated: 1 of 2147483647]
17:34:32.302 [main] DEBUG com.github.dockerjava.zerodep.shaded.org.apache.hc.client5.http.impl.io.PoolingHttpClientConnectionManager - ex-00000008: endpoint leased [route: {}->unix://localhost:2375][total available: 0; route allocated: 1 of 2147483647; total allocated: 1 of 2147483647]
17:34:32.302 [main] DEBUG com.github.dockerjava.zerodep.shaded.org.apache.hc.client5.http.impl.io.PoolingHttpClientConnectionManager - ex-00000008: acquired ep-00000007
17:34:32.302 [main] DEBUG com.github.dockerjava.zerodep.shaded.org.apache.hc.client5.http.impl.classic.InternalHttpClient - ex-00000008: acquired endpoint ep-00000007
17:34:32.302 [main] DEBUG com.github.dockerjava.zerodep.shaded.org.apache.hc.client5.http.impl.classic.MainClientExec - ex-00000008: executing GET /v1.32/version HTTP/1.1
17:34:32.302 [main] DEBUG com.github.dockerjava.zerodep.shaded.org.apache.hc.client5.http.impl.classic.InternalHttpClient - ep-00000007: start execution ex-00000008
17:34:32.302 [main] DEBUG com.github.dockerjava.zerodep.shaded.org.apache.hc.client5.http.impl.io.PoolingHttpClientConnectionManager - ep-00000007: executing exchange ex-00000008 over http-outgoing-0
17:34:32.302 [main] DEBUG com.github.dockerjava.zerodep.shaded.org.apache.hc.client5.http.headers - http-outgoing-0 >> GET /v1.32/version HTTP/1.1
17:34:32.302 [main] DEBUG com.github.dockerjava.zerodep.shaded.org.apache.hc.client5.http.headers - http-outgoing-0 >> accept: application/json
17:34:32.302 [main] DEBUG com.github.dockerjava.zerodep.shaded.org.apache.hc.client5.http.headers - http-outgoing-0 >> x-tc-sid: 63b6f132-4791-4107-bf40-862197cff523
17:34:32.302 [main] DEBUG com.github.dockerjava.zerodep.shaded.org.apache.hc.client5.http.headers - http-outgoing-0 >> User-Agent: tc-java/1.19.0
17:34:32.302 [main] DEBUG com.github.dockerjava.zerodep.shaded.org.apache.hc.client5.http.headers - http-outgoing-0 >> Accept-Encoding: gzip, x-gzip, deflate
17:34:32.302 [main] DEBUG com.github.dockerjava.zerodep.shaded.org.apache.hc.client5.http.headers - http-outgoing-0 >> Host: localhost:2375
17:34:32.302 [main] DEBUG com.github.dockerjava.zerodep.shaded.org.apache.hc.client5.http.headers - http-outgoing-0 >> Connection: keep-alive
17:34:32.302 [main] DEBUG com.github.dockerjava.zerodep.shaded.org.apache.hc.client5.http.wire - http-outgoing-0 >> "GET /v1.32/version HTTP/1.1[\r][\n]"
17:34:32.302 [main] DEBUG com.github.dockerjava.zerodep.shaded.org.apache.hc.client5.http.wire - http-outgoing-0 >> "accept: application/json[\r][\n]"
17:34:32.302 [main] DEBUG com.github.dockerjava.zerodep.shaded.org.apache.hc.client5.http.wire - http-outgoing-0 >> "x-tc-sid: 63b6f132-4791-4107-bf40-862197cff523[\r][\n]"
17:34:32.302 [main] DEBUG com.github.dockerjava.zerodep.shaded.org.apache.hc.client5.http.wire - http-outgoing-0 >> "User-Agent: tc-java/1.19.0[\r][\n]"
17:34:32.303 [main] DEBUG com.github.dockerjava.zerodep.shaded.org.apache.hc.client5.http.wire - http-outgoing-0 >> "Accept-Encoding: gzip, x-gzip, deflate[\r][\n]"
17:34:32.303 [main] DEBUG com.github.dockerjava.zerodep.shaded.org.apache.hc.client5.http.wire - http-outgoing-0 >> "Host: localhost:2375[\r][\n]"
17:34:32.303 [main] DEBUG com.github.dockerjava.zerodep.shaded.org.apache.hc.client5.http.wire - http-outgoing-0 >> "Connection: keep-alive[\r][\n]"
17:34:32.303 [main] DEBUG com.github.dockerjava.zerodep.shaded.org.apache.hc.client5.http.wire - http-outgoing-0 >> "[\r][\n]"
17:34:32.310 [main] DEBUG com.github.dockerjava.zerodep.shaded.org.apache.hc.client5.http.wire - http-outgoing-0 << "HTTP/1.1 200 OK[\r][\n]"
17:34:32.310 [main] DEBUG com.github.dockerjava.zerodep.shaded.org.apache.hc.client5.http.wire - http-outgoing-0 << "Api-Version: 1.47[\r][\n]"
17:34:32.310 [main] DEBUG com.github.dockerjava.zerodep.shaded.org.apache.hc.client5.http.wire - http-outgoing-0 << "Content-Type: application/json[\r][\n]"
17:34:32.310 [main] DEBUG com.github.dockerjava.zerodep.shaded.org.apache.hc.client5.http.wire - http-outgoing-0 << "Docker-Experimental: false[\r][\n]"
17:34:32.311 [main] DEBUG com.github.dockerjava.zerodep.shaded.org.apache.hc.client5.http.wire - http-outgoing-0 << "Ostype: linux[\r][\n]"
17:34:32.311 [main] DEBUG com.github.dockerjava.zerodep.shaded.org.apache.hc.client5.http.wire - http-outgoing-0 << "Server: Docker/27.4.1 (linux)[\r][\n]"
17:34:32.311 [main] DEBUG com.github.dockerjava.zerodep.shaded.org.apache.hc.client5.http.wire - http-outgoing-0 << "Date: Fri, 20 Dec 2024 16:34:32 GMT[\r][\n]"
17:34:32.311 [main] DEBUG com.github.dockerjava.zerodep.shaded.org.apache.hc.client5.http.wire - http-outgoing-0 << "Content-Length: 834[\r][\n]"
17:34:32.311 [main] DEBUG com.github.dockerjava.zerodep.shaded.org.apache.hc.client5.http.wire - http-outgoing-0 << "[\r][\n]"
17:34:32.311 [main] DEBUG com.github.dockerjava.zerodep.shaded.org.apache.hc.client5.http.wire - http-outgoing-0 << "{"Platform":{"Name":"Docker Engine - Community"},"Components":[{"Name":"Engine","Version":"27.4.1","Details":{"ApiVersion":"1.47","Arch":"amd64","BuildTime":"2024-12-17T15:45:26.000000000+00:00","Experimental":"false","GitCommit":"c710b88","GoVersion":"go1.22.10","KernelVersion":"6.12.4-100.fc40.x86_64","MinAPIVersion":"1.24","Os":"linux"}},{"Name":"containerd","Version":"1.7.24","Details":{"GitCommit":"88bf19b2105c8b17560993bee28a01ddc2f97182"}},{"Name":"runc","Version":"1.2.2","Details":{"GitCommit":"v1.2.2-0-g7cb3632"}},{"Name":"docker-init","Version":"0.19.0","Details":{"GitCommit":"de40ad0"}}],"Version":"27.4.1","ApiVersion":"1.47","MinAPIVersion":"1.24","GitCommit":"c710b88","GoVersion":"go1.22.10","Os":"linux","Arch":"amd64","KernelVersion":"6.12.4-100.fc40.x86_64","BuildTime":"2024-12-17T15:45:26.000000000+00:00"}[\n]"
17:34:32.311 [main] DEBUG com.github.dockerjava.zerodep.shaded.org.apache.hc.client5.http.headers - http-outgoing-0 << HTTP/1.1 200 OK
17:34:32.311 [main] DEBUG com.github.dockerjava.zerodep.shaded.org.apache.hc.client5.http.headers - http-outgoing-0 << Api-Version: 1.47
17:34:32.311 [main] DEBUG com.github.dockerjava.zerodep.shaded.org.apache.hc.client5.http.headers - http-outgoing-0 << Content-Type: application/json
17:34:32.311 [main] DEBUG com.github.dockerjava.zerodep.shaded.org.apache.hc.client5.http.headers - http-outgoing-0 << Docker-Experimental: false
17:34:32.311 [main] DEBUG com.github.dockerjava.zerodep.shaded.org.apache.hc.client5.http.headers - http-outgoing-0 << Ostype: linux
17:34:32.311 [main] DEBUG com.github.dockerjava.zerodep.shaded.org.apache.hc.client5.http.headers - http-outgoing-0 << Server: Docker/27.4.1 (linux)
17:34:32.311 [main] DEBUG com.github.dockerjava.zerodep.shaded.org.apache.hc.client5.http.headers - http-outgoing-0 << Date: Fri, 20 Dec 2024 16:34:32 GMT
17:34:32.311 [main] DEBUG com.github.dockerjava.zerodep.shaded.org.apache.hc.client5.http.headers - http-outgoing-0 << Content-Length: 834
17:34:32.312 [main] DEBUG com.github.dockerjava.zerodep.shaded.org.apache.hc.client5.http.impl.classic.MainClientExec - ex-00000008: connection can be kept alive for 3 MINUTES
17:34:32.313 [main] DEBUG com.github.dockerjava.zerodep.shaded.org.apache.hc.client5.http.impl.classic.InternalHttpClient - ep-00000007: releasing valid endpoint
17:34:32.314 [main] DEBUG com.github.dockerjava.zerodep.shaded.org.apache.hc.client5.http.impl.io.PoolingHttpClientConnectionManager - ep-00000007: releasing endpoint
17:34:32.314 [main] DEBUG com.github.dockerjava.zerodep.shaded.org.apache.hc.client5.http.impl.io.PoolingHttpClientConnectionManager - ep-00000007: connection http-outgoing-0 can be kept alive for 3 MINUTES
17:34:32.314 [main] DEBUG com.github.dockerjava.zerodep.shaded.org.apache.hc.client5.http.impl.io.PoolingHttpClientConnectionManager - ep-00000007: connection released [route: {}->unix://localhost:2375][total available: 1; route allocated: 1 of 2147483647; total allocated: 1 of 2147483647]
17:34:32.342 [docker-java-stream--1803563499] DEBUG com.github.dockerjava.zerodep.shaded.org.apache.hc.client5.http.impl.classic.InternalHttpClient - ex-00000009: preparing request execution
17:34:32.342 [docker-java-stream--1803563499] DEBUG com.github.dockerjava.zerodep.shaded.org.apache.hc.client5.http.protocol.RequestAddCookies - Cookie spec selected: strict
17:34:32.342 [docker-java-stream--1803563499] DEBUG com.github.dockerjava.zerodep.shaded.org.apache.hc.client5.http.protocol.RequestAuthCache - Auth cache not set in the context
17:34:32.342 [docker-java-stream--1803563499] DEBUG com.github.dockerjava.zerodep.shaded.org.apache.hc.client5.http.impl.classic.ProtocolExec - ex-00000009: target auth state: UNCHALLENGED
17:34:32.342 [docker-java-stream--1803563499] DEBUG com.github.dockerjava.zerodep.shaded.org.apache.hc.client5.http.impl.classic.ProtocolExec - ex-00000009: proxy auth state: UNCHALLENGED
17:34:32.342 [docker-java-stream--1803563499] DEBUG com.github.dockerjava.zerodep.shaded.org.apache.hc.client5.http.impl.classic.ConnectExec - ex-00000009: acquiring connection with route {}->unix://localhost:2375
17:34:32.342 [docker-java-stream--1803563499] DEBUG com.github.dockerjava.zerodep.shaded.org.apache.hc.client5.http.impl.classic.InternalHttpClient - ex-00000009: acquiring endpoint (3 MINUTES)
17:34:32.342 [docker-java-stream--1803563499] DEBUG com.github.dockerjava.zerodep.shaded.org.apache.hc.client5.http.impl.io.PoolingHttpClientConnectionManager - ex-00000009: endpoint lease request (3 MINUTES) [route: {}->unix://localhost:2375][total available: 1; route allocated: 1 of 2147483647; total allocated: 1 of 2147483647]
17:34:32.343 [docker-java-stream--1803563499] DEBUG com.github.dockerjava.zerodep.shaded.org.apache.hc.client5.http.impl.io.PoolingHttpClientConnectionManager - ex-00000009: endpoint leased [route: {}->unix://localhost:2375][total available: 0; route allocated: 1 of 2147483647; total allocated: 1 of 2147483647]
17:34:32.343 [docker-java-stream--1803563499] DEBUG com.github.dockerjava.zerodep.shaded.org.apache.hc.client5.http.impl.io.PoolingHttpClientConnectionManager - ex-00000009: acquired ep-00000008
17:34:32.343 [docker-java-stream--1803563499] DEBUG com.github.dockerjava.zerodep.shaded.org.apache.hc.client5.http.impl.classic.InternalHttpClient - ex-00000009: acquired endpoint ep-00000008
17:34:32.343 [docker-java-stream--1803563499] DEBUG com.github.dockerjava.zerodep.shaded.org.apache.hc.client5.http.impl.classic.MainClientExec - ex-00000009: executing GET /v1.32/containers/2870c85a150b58e13964ce7f03c5cc4833e4722f44c00264efaf25dac30ad001/logs?stdout=true&stderr=true&follow=true&since=0 HTTP/1.1
17:34:32.343 [docker-java-stream--1803563499] DEBUG com.github.dockerjava.zerodep.shaded.org.apache.hc.client5.http.impl.classic.InternalHttpClient - ep-00000008: start execution ex-00000009
17:34:32.343 [docker-java-stream--1803563499] DEBUG com.github.dockerjava.zerodep.shaded.org.apache.hc.client5.http.impl.io.PoolingHttpClientConnectionManager - ep-00000008: executing exchange ex-00000009 over http-outgoing-0
17:34:32.343 [docker-java-stream--1803563499] DEBUG com.github.dockerjava.zerodep.shaded.org.apache.hc.client5.http.headers - http-outgoing-0 >> GET /v1.32/containers/2870c85a150b58e13964ce7f03c5cc4833e4722f44c00264efaf25dac30ad001/logs?stdout=true&stderr=true&follow=true&since=0 HTTP/1.1
17:34:32.343 [docker-java-stream--1803563499] DEBUG com.github.dockerjava.zerodep.shaded.org.apache.hc.client5.http.headers - http-outgoing-0 >> x-tc-sid: 63b6f132-4791-4107-bf40-862197cff523
17:34:32.343 [docker-java-stream--1803563499] DEBUG com.github.dockerjava.zerodep.shaded.org.apache.hc.client5.http.headers - http-outgoing-0 >> User-Agent: tc-java/1.19.0
17:34:32.343 [docker-java-stream--1803563499] DEBUG com.github.dockerjava.zerodep.shaded.org.apache.hc.client5.http.headers - http-outgoing-0 >> Accept-Encoding: gzip, x-gzip, deflate
17:34:32.343 [docker-java-stream--1803563499] DEBUG com.github.dockerjava.zerodep.shaded.org.apache.hc.client5.http.headers - http-outgoing-0 >> Host: localhost:2375
17:34:32.343 [docker-java-stream--1803563499] DEBUG com.github.dockerjava.zerodep.shaded.org.apache.hc.client5.http.headers - http-outgoing-0 >> Connection: keep-alive
17:34:32.344 [docker-java-stream--1803563499] DEBUG com.github.dockerjava.zerodep.shaded.org.apache.hc.client5.http.wire - http-outgoing-0 >> "GET /v1.32/containers/2870c85a150b58e13964ce7f03c5cc4833e4722f44c00264efaf25dac30ad001/logs?stdout=true&stderr=true&follow=true&since=0 HTTP/1.1[\r][\n]"
17:34:32.344 [docker-java-stream--1803563499] DEBUG com.github.dockerjava.zerodep.shaded.org.apache.hc.client5.http.wire - http-outgoing-0 >> "x-tc-sid: 63b6f132-4791-4107-bf40-862197cff523[\r][\n]"
17:34:32.344 [docker-java-stream--1803563499] DEBUG com.github.dockerjava.zerodep.shaded.org.apache.hc.client5.http.wire - http-outgoing-0 >> "User-Agent: tc-java/1.19.0[\r][\n]"
17:34:32.344 [docker-java-stream--1803563499] DEBUG com.github.dockerjava.zerodep.shaded.org.apache.hc.client5.http.wire - http-outgoing-0 >> "Accept-Encoding: gzip, x-gzip, deflate[\r][\n]"
17:34:32.344 [docker-java-stream--1803563499] DEBUG com.github.dockerjava.zerodep.shaded.org.apache.hc.client5.http.wire - http-outgoing-0 >> "Host: localhost:2375[\r][\n]"
17:34:32.344 [docker-java-stream--1803563499] DEBUG com.github.dockerjava.zerodep.shaded.org.apache.hc.client5.http.wire - http-outgoing-0 >> "Connection: keep-alive[\r][\n]"
17:34:32.344 [docker-java-stream--1803563499] DEBUG com.github.dockerjava.zerodep.shaded.org.apache.hc.client5.http.wire - http-outgoing-0 >> "[\r][\n]"
17:34:32.345 [docker-java-stream--1803563499] DEBUG com.github.dockerjava.zerodep.shaded.org.apache.hc.client5.http.wire - http-outgoing-0 << "HTTP/1.1 200 OK[\r][\n]"
17:34:32.345 [docker-java-stream--1803563499] DEBUG com.github.dockerjava.zerodep.shaded.org.apache.hc.client5.http.wire - http-outgoing-0 << "Api-Version: 1.47[\r][\n]"
17:34:32.345 [docker-java-stream--1803563499] DEBUG com.github.dockerjava.zerodep.shaded.org.apache.hc.client5.http.wire - http-outgoing-0 << "Content-Type: application/vnd.docker.raw-stream[\r][\n]"
17:34:32.345 [docker-java-stream--1803563499] DEBUG com.github.dockerjava.zerodep.shaded.org.apache.hc.client5.http.wire - http-outgoing-0 << "Docker-Experimental: false[\r][\n]"
17:34:32.345 [docker-java-stream--1803563499] DEBUG com.github.dockerjava.zerodep.shaded.org.apache.hc.client5.http.wire - http-outgoing-0 << "Ostype: linux[\r][\n]"
17:34:32.345 [docker-java-stream--1803563499] DEBUG com.github.dockerjava.zerodep.shaded.org.apache.hc.client5.http.wire - http-outgoing-0 << "Server: Docker/27.4.1 (linux)[\r][\n]"
17:34:32.345 [docker-java-stream--1803563499] DEBUG com.github.dockerjava.zerodep.shaded.org.apache.hc.client5.http.wire - http-outgoing-0 << "Date: Fri, 20 Dec 2024 16:34:32 GMT[\r][\n]"
17:34:32.345 [docker-java-stream--1803563499] DEBUG com.github.dockerjava.zerodep.shaded.org.apache.hc.client5.http.wire - http-outgoing-0 << "Transfer-Encoding: chunked[\r][\n]"
17:34:32.345 [docker-java-stream--1803563499] DEBUG com.github.dockerjava.zerodep.shaded.org.apache.hc.client5.http.wire - http-outgoing-0 << "[\r][\n]"
17:34:32.345 [docker-java-stream--1803563499] DEBUG com.github.dockerjava.zerodep.shaded.org.apache.hc.client5.http.headers - http-outgoing-0 << HTTP/1.1 200 OK
17:34:32.345 [docker-java-stream--1803563499] DEBUG com.github.dockerjava.zerodep.shaded.org.apache.hc.client5.http.headers - http-outgoing-0 << Api-Version: 1.47
17:34:32.345 [docker-java-stream--1803563499] DEBUG com.github.dockerjava.zerodep.shaded.org.apache.hc.client5.http.headers - http-outgoing-0 << Content-Type: application/vnd.docker.raw-stream
17:34:32.345 [docker-java-stream--1803563499] DEBUG com.github.dockerjava.zerodep.shaded.org.apache.hc.client5.http.headers - http-outgoing-0 << Docker-Experimental: false
17:34:32.345 [docker-java-stream--1803563499] DEBUG com.github.dockerjava.zerodep.shaded.org.apache.hc.client5.http.headers - http-outgoing-0 << Ostype: linux
17:34:32.345 [docker-java-stream--1803563499] DEBUG com.github.dockerjava.zerodep.shaded.org.apache.hc.client5.http.headers - http-outgoing-0 << Server: Docker/27.4.1 (linux)
17:34:32.345 [docker-java-stream--1803563499] DEBUG com.github.dockerjava.zerodep.shaded.org.apache.hc.client5.http.headers - http-outgoing-0 << Date: Fri, 20 Dec 2024 16:34:32 GMT
17:34:32.346 [docker-java-stream--1803563499] DEBUG com.github.dockerjava.zerodep.shaded.org.apache.hc.client5.http.headers - http-outgoing-0 << Transfer-Encoding: chunked
17:34:32.346 [docker-java-stream--1803563499] DEBUG com.github.dockerjava.zerodep.shaded.org.apache.hc.client5.http.impl.classic.MainClientExec - ex-00000009: connection can be kept alive for 3 MINUTES
17:34:32.347 [docker-java-stream--1803563499] DEBUG com.github.dockerjava.zerodep.shaded.org.apache.hc.client5.http.wire - http-outgoing-0 << "2e[\r][\n]"
17:34:32.347 [docker-java-stream--1803563499] DEBUG com.github.dockerjava.zerodep.shaded.org.apache.hc.client5.http.wire - http-outgoing-0 << "[0x2][0x0][0x0][0x0][0x0][0x0][0x0]&2024/12/20 16:34:32 Pinging Docker...[\n]"
17:34:32.347 [docker-java-stream--1803563499] DEBUG com.github.dockerjava.zerodep.shaded.org.apache.hc.client5.http.wire - http-outgoing-0 << "[\r][\n]"
17:34:32.347 [docker-java-stream--1803563499] DEBUG com.github.dockerjava.zerodep.shaded.org.apache.hc.client5.http.wire - http-outgoing-0 << "38[\r][\n]"
17:34:32.347 [docker-java-stream--1803563499] DEBUG com.github.dockerjava.zerodep.shaded.org.apache.hc.client5.http.wire - http-outgoing-0 << "[0x2][0x0][0x0][0x0][0x0][0x0][0x0]02024/12/20 16:34:32 Docker daemon is available![\n]"
17:34:32.347 [docker-java-stream--1803563499] DEBUG com.github.dockerjava.zerodep.shaded.org.apache.hc.client5.http.wire - http-outgoing-0 << "[\r][\n]"
17:34:32.347 [docker-java-stream--1803563499] DEBUG com.github.dockerjava.zerodep.shaded.org.apache.hc.client5.http.wire - http-outgoing-0 << "35[\r][\n]"
17:34:32.347 [docker-java-stream--1803563499] DEBUG com.github.dockerjava.zerodep.shaded.org.apache.hc.client5.http.wire - http-outgoing-0 << "[0x2][0x0][0x0][0x0][0x0][0x0][0x0]-2024/12/20 16:34:32 Starting on port 8080...[\n]"
17:34:32.347 [docker-java-stream--1803563499] DEBUG com.github.dockerjava.zerodep.shaded.org.apache.hc.client5.http.wire - http-outgoing-0 << "[\r][\n]"
17:34:32.347 [docker-java-stream--1803563499] DEBUG com.github.dockerjava.zerodep.shaded.org.apache.hc.client5.http.wire - http-outgoing-0 << "25[\r][\n]"
17:34:32.347 [docker-java-stream--1803563499] DEBUG com.github.dockerjava.zerodep.shaded.org.apache.hc.client5.http.wire - http-outgoing-0 << "[0x2][0x0][0x0][0x0][0x0][0x0][0x0][0x1d]2024/12/20 16:34:32 Started![\n]"
17:34:32.347 [docker-java-stream--1803563499] DEBUG com.github.dockerjava.zerodep.shaded.org.apache.hc.client5.http.wire - http-outgoing-0 << "[\r][\n]"
17:34:32.350 [main] DEBUG org.testcontainers.containers.output.WaitingConsumer - STDERR: 2024/12/20 16:34:32 Pinging Docker...
17:34:32.350 [main] DEBUG org.testcontainers.containers.output.WaitingConsumer - STDERR: 2024/12/20 16:34:32 Started!
17:34:32.351 [main] DEBUG com.github.dockerjava.zerodep.shaded.org.apache.hc.client5.http.impl.classic.InternalHttpClient - ep-00000008: cancel
17:34:32.352 [docker-java-stream--1803563499] DEBUG com.github.dockerjava.zerodep.shaded.org.apache.hc.client5.http.wire - http-outgoing-0 << "[read] I/O error: null"
17:34:32.352 [main] DEBUG com.github.dockerjava.zerodep.shaded.org.apache.hc.client5.http.impl.io.DefaultManagedHttpClientConnection - http-outgoing-0: close connection IMMEDIATE
17:34:32.352 [docker-java-stream--1803563499] DEBUG com.github.dockerjava.zerodep.shaded.org.apache.hc.client5.http.wire - http-outgoing-0 << "[read] I/O error: null"
17:34:32.353 [main] DEBUG com.github.dockerjava.zerodep.shaded.org.apache.hc.client5.http.impl.classic.InternalHttpClient - ep-00000008: endpoint closed
17:34:32.353 [main] DEBUG com.github.dockerjava.zerodep.shaded.org.apache.hc.client5.http.impl.classic.InternalHttpClient - ep-00000008: discarding endpoint
17:34:32.353 [main] DEBUG com.github.dockerjava.zerodep.shaded.org.apache.hc.client5.http.impl.io.PoolingHttpClientConnectionManager - ep-00000008: releasing endpoint
17:34:32.353 [main] DEBUG com.github.dockerjava.zerodep.shaded.org.apache.hc.client5.http.impl.io.PoolingHttpClientConnectionManager - ep-00000008: connection is not kept alive
17:34:32.353 [main] DEBUG com.github.dockerjava.zerodep.shaded.org.apache.hc.client5.http.impl.io.PoolingHttpClientConnectionManager - ep-00000008: connection released [route: {}->unix://localhost:2375][total available: 0; route allocated: 0 of 2147483647; total allocated: 0 of 2147483647]
17:34:32.354 [main] INFO tc.testcontainers/ryuk:0.5.1 - Container testcontainers/ryuk:0.5.1 started in PT1.16670532S
17:34:32.355 [docker-java-stream--1803563499] DEBUG com.github.dockerjava.zerodep.ApacheDockerHttpClientImpl$ApacheResponse - Failed to close the response
java.nio.channels.ClosedChannelException: null
	at java.base/sun.nio.ch.SocketChannelImpl.ensureOpenAndConnected(SocketChannelImpl.java:222)
	at java.base/sun.nio.ch.SocketChannelImpl.blockingRead(SocketChannelImpl.java:1306)
	at java.base/sun.nio.ch.SocketInputStream.read(SocketInputStream.java:70)
	at com.github.dockerjava.zerodep.shaded.org.apache.hc.client5.http.impl.io.LoggingInputStream.read(LoggingInputStream.java:81)
	at com.github.dockerjava.zerodep.shaded.org.apache.hc.core5.http.impl.io.SessionInputBufferImpl.fillBuffer(SessionInputBufferImpl.java:149)
	at com.github.dockerjava.zerodep.shaded.org.apache.hc.core5.http.impl.io.SessionInputBufferImpl.readLine(SessionInputBufferImpl.java:280)
	at com.github.dockerjava.zerodep.shaded.org.apache.hc.core5.http.impl.io.ChunkedInputStream.getChunkSize(ChunkedInputStream.java:261)
	at com.github.dockerjava.zerodep.shaded.org.apache.hc.core5.http.impl.io.ChunkedInputStream.nextChunk(ChunkedInputStream.java:222)
	at com.github.dockerjava.zerodep.shaded.org.apache.hc.core5.http.impl.io.ChunkedInputStream.read(ChunkedInputStream.java:147)
	at com.github.dockerjava.zerodep.shaded.org.apache.hc.core5.http.impl.io.ChunkedInputStream.close(ChunkedInputStream.java:314)
	at com.github.dockerjava.zerodep.shaded.org.apache.hc.core5.io.Closer.close(Closer.java:48)
	at com.github.dockerjava.zerodep.shaded.org.apache.hc.core5.http.impl.io.IncomingHttpEntity.close(IncomingHttpEntity.java:111)
	at com.github.dockerjava.zerodep.shaded.org.apache.hc.core5.http.io.entity.HttpEntityWrapper.close(HttpEntityWrapper.java:120)
	at com.github.dockerjava.zerodep.shaded.org.apache.hc.core5.io.Closer.close(Closer.java:48)
	at com.github.dockerjava.zerodep.shaded.org.apache.hc.core5.http.message.BasicClassicHttpResponse.close(BasicClassicHttpResponse.java:93)
	at com.github.dockerjava.zerodep.shaded.org.apache.hc.client5.http.impl.classic.CloseableHttpResponse.close(CloseableHttpResponse.java:200)
	at com.github.dockerjava.zerodep.ApacheDockerHttpClientImpl$ApacheResponse.close(ApacheDockerHttpClientImpl.java:256)
	at org.testcontainers.shaded.com.github.dockerjava.core.DefaultInvocationBuilder.lambda$executeAndStream$1(DefaultInvocationBuilder.java:277)
	at java.base/java.lang.Thread.run(Thread.java:1583)
17:34:32.361 [testcontainers-ryuk] DEBUG org.testcontainers.utility.ResourceReaper - Sending 'label=org.testcontainers%3Dtrue&label=org.testcontainers.lang%3Djava&label=org.testcontainers.version%3D1.19.0&label=org.testcontainers.sessionId%3D63b6f132-4791-4107-bf40-862197cff523' to Ryuk
17:34:32.362 [testcontainers-ryuk] DEBUG org.testcontainers.utility.RyukResourceReaper - Received 'ACK' from Ryuk
17:34:32.362 [main] INFO org.testcontainers.utility.RyukResourceReaper - Ryuk started - will monitor and terminate Testcontainers containers on JVM exit
17:34:32.362 [main] DEBUG org.testcontainers.DockerClientFactory - Checks are enabled
17:34:32.362 [main] INFO org.testcontainers.DockerClientFactory - Checking the system...
17:34:32.363 [main] INFO org.testcontainers.DockerClientFactory - ✔︎ Docker server version should be at least 1.6.0
17:34:32.364 [main] DEBUG org.testcontainers.utility.PrefixingImageNameSubstitutor - No prefix is configured
17:34:32.364 [main] DEBUG org.testcontainers.utility.ImageNameSubstitutor - Did not find a substitute image for confluentinc/cp-kafka:7.4.1 (using image substitutor: DefaultImageNameSubstitutor (composite of 'ConfigurationFileImageNameSubstitutor' and 'PrefixingImageNameSubstitutor'))
17:34:32.364 [main] DEBUG org.testcontainers.images.AbstractImagePullPolicy - Using locally available and not pulling image: confluentinc/cp-kafka:7.4.1
17:34:32.365 [main] DEBUG tc.confluentinc/cp-kafka:7.4.1 - Starting container: confluentinc/cp-kafka:7.4.1
17:34:32.365 [main] DEBUG tc.confluentinc/cp-kafka:7.4.1 - Trying to start container: confluentinc/cp-kafka:7.4.1 (attempt 1/1)
17:34:32.365 [main] DEBUG tc.confluentinc/cp-kafka:7.4.1 - Starting container: confluentinc/cp-kafka:7.4.1
17:34:32.365 [main] INFO tc.confluentinc/cp-kafka:7.4.1 - Creating container for image: confluentinc/cp-kafka:7.4.1
17:34:32.365 [main] DEBUG org.testcontainers.utility.RegistryAuthLocator - Looking up auth config for image: confluentinc/cp-kafka:7.4.1 at registry: https://index.docker.io/v1/
17:34:32.365 [main] DEBUG org.testcontainers.utility.RegistryAuthLocator - No matching Auth Configs - falling back to defaultAuthConfig [null]
17:34:32.366 [main] DEBUG org.testcontainers.dockerclient.AuthDelegatingDockerClientConfig - Effective auth config [null]
17:34:32.366 [main] DEBUG org.testcontainers.shaded.com.github.dockerjava.core.command.AbstrDockerCmd - Cmd: org.testcontainers.shaded.com.github.dockerjava.core.command.CreateContainerCmdImpl@4010d494[aliases=<null>,argsEscaped=<null>,attachStderr=<null>,attachStdin=<null>,attachStdout=<null>,authConfig=<null>,cmd={-c,while [ ! -f /testcontainers_start.sh ]; do sleep 0.1; done; /testcontainers_start.sh},domainName=<null>,entrypoint={sh},env={KAFKA_LOG_FLUSH_INTERVAL_MESSAGES=9223372036854775807,KAFKA_BROKER_ID=1,KAFKA_TRANSACTION_STATE_LOG_MIN_ISR=1,KAFKA_ZOOKEEPER_CONNECT=localhost:2181,KAFKA_OFFSETS_TOPIC_NUM_PARTITIONS=1,KAFKA_TRANSACTION_STATE_LOG_REPLICATION_FACTOR=1,KAFKA_OFFSETS_TOPIC_REPLICATION_FACTOR=1,KAFKA_LISTENERS=PLAINTEXT://0.0.0.0:9093,BROKER://0.0.0.0:9092,KAFKA_INTER_BROKER_LISTENER_NAME=BROKER,KAFKA_GROUP_INITIAL_REBALANCE_DELAY_MS=0,KAFKA_LISTENER_SECURITY_PROTOCOL_MAP=BROKER:PLAINTEXT,PLAINTEXT:PLAINTEXT},exposedPorts=ExposedPorts(exposedPorts=[2181/tcp, 9093/tcp]),healthcheck=<null>,hostConfig=HostConfig(binds=[], blkioWeight=null, blkioWeightDevice=null, blkioDeviceReadBps=null, blkioDeviceWriteBps=null, blkioDeviceReadIOps=null, blkioDeviceWriteIOps=null, memorySwappiness=null, nanoCPUs=null, capAdd=null, capDrop=null, containerIDFile=null, cpuPeriod=null, cpuRealtimePeriod=null, cpuRealtimeRuntime=null, cpuShares=null, cpuQuota=null, cpusetCpus=null, cpusetMems=null, devices=null, deviceCgroupRules=null, deviceRequests=null, diskQuota=null, dns=null, dnsOptions=null, dnsSearch=null, extraHosts=[], groupAdd=null, ipcMode=null, cgroup=null, links=[], logConfig=LogConfig(type=null, config=null), lxcConf=null, memory=null, memorySwap=null, memoryReservation=null, kernelMemory=null, networkMode=null, oomKillDisable=null, init=null, autoRemove=null, oomScoreAdj=null, portBindings={2181/tcp=[Lcom.github.dockerjava.api.model.Ports$Binding;@7f4d9395, 9093/tcp=[Lcom.github.dockerjava.api.model.Ports$Binding;@2f19f2aa}, privileged=null, publishAllPorts=null, readonlyRootfs=null, restartPolicy=null, ulimits=null, cpuCount=null, cpuPercent=null, ioMaximumIOps=null, ioMaximumBandwidth=null, volumesFrom=[], mounts=null, pidMode=null, isolation=null, securityOpts=null, storageOpt=null, cgroupParent=null, volumeDriver=null, shmSize=null, pidsLimit=null, runtime=null, tmpFs=null, utSMode=null, usernsMode=null, sysctls=null, consoleSize=null, cgroupnsMode=null),hostName=<null>,image=confluentinc/cp-kafka:7.4.1,ipv4Address=<null>,ipv6Address=<null>,labels={org.testcontainers=true, org.testcontainers.lang=java, org.testcontainers.version=1.19.0, org.testcontainers.sessionId=63b6f132-4791-4107-bf40-862197cff523},macAddress=<null>,name=<null>,networkDisabled=<null>,networkingConfig=<null>,onBuild=<null>,platform=<null>,portSpecs=<null>,shell=<null>,stdInOnce=<null>,stdinOpen=<null>,stopSignal=<null>,stopTimeout=<null>,tty=<null>,user=<null>,volumes=Volumes(volumes=[]),workingDir=<null>]
17:34:32.372 [main] DEBUG com.github.dockerjava.zerodep.shaded.org.apache.hc.client5.http.impl.classic.InternalHttpClient - ex-0000000A: preparing request execution
17:34:32.372 [main] DEBUG com.github.dockerjava.zerodep.shaded.org.apache.hc.client5.http.protocol.RequestAddCookies - Cookie spec selected: strict
17:34:32.372 [main] DEBUG com.github.dockerjava.zerodep.shaded.org.apache.hc.client5.http.protocol.RequestAuthCache - Auth cache not set in the context
17:34:32.372 [main] DEBUG com.github.dockerjava.zerodep.shaded.org.apache.hc.client5.http.impl.classic.ProtocolExec - ex-0000000A: target auth state: UNCHALLENGED
17:34:32.372 [main] DEBUG com.github.dockerjava.zerodep.shaded.org.apache.hc.client5.http.impl.classic.ProtocolExec - ex-0000000A: proxy auth state: UNCHALLENGED
17:34:32.372 [main] DEBUG com.github.dockerjava.zerodep.shaded.org.apache.hc.client5.http.impl.classic.ConnectExec - ex-0000000A: acquiring connection with route {}->unix://localhost:2375
17:34:32.372 [main] DEBUG com.github.dockerjava.zerodep.shaded.org.apache.hc.client5.http.impl.classic.InternalHttpClient - ex-0000000A: acquiring endpoint (3 MINUTES)
17:34:32.372 [main] DEBUG com.github.dockerjava.zerodep.shaded.org.apache.hc.client5.http.impl.io.PoolingHttpClientConnectionManager - ex-0000000A: endpoint lease request (3 MINUTES) [route: {}->unix://localhost:2375][total available: 0; route allocated: 0 of 2147483647; total allocated: 0 of 2147483647]
17:34:32.373 [main] DEBUG com.github.dockerjava.zerodep.shaded.org.apache.hc.client5.http.impl.io.PoolingHttpClientConnectionManager - ex-0000000A: endpoint leased [route: {}->unix://localhost:2375][total available: 0; route allocated: 1 of 2147483647; total allocated: 1 of 2147483647]
17:34:32.373 [main] DEBUG com.github.dockerjava.zerodep.shaded.org.apache.hc.client5.http.impl.io.PoolingHttpClientConnectionManager - ex-0000000A: acquired ep-00000009
17:34:32.373 [main] DEBUG com.github.dockerjava.zerodep.shaded.org.apache.hc.client5.http.impl.classic.InternalHttpClient - ex-0000000A: acquired endpoint ep-00000009
17:34:32.373 [main] DEBUG com.github.dockerjava.zerodep.shaded.org.apache.hc.client5.http.impl.classic.ConnectExec - ex-0000000A: opening connection {}->unix://localhost:2375
17:34:32.373 [main] DEBUG com.github.dockerjava.zerodep.shaded.org.apache.hc.client5.http.impl.classic.InternalHttpClient - ep-00000009: connecting endpoint (3 MINUTES)
17:34:32.373 [main] DEBUG com.github.dockerjava.zerodep.shaded.org.apache.hc.client5.http.impl.io.PoolingHttpClientConnectionManager - ep-00000009: connecting endpoint to unix://localhost:2375 (3 MINUTES)
17:34:32.374 [main] DEBUG com.github.dockerjava.zerodep.shaded.org.apache.hc.client5.http.impl.io.DefaultHttpClientConnectionOperator - http-outgoing-1: connecting to localhost/127.0.0.1:2375
17:34:32.374 [main] DEBUG com.github.dockerjava.zerodep.shaded.org.apache.hc.client5.http.impl.io.DefaultHttpClientConnectionOperator - http-outgoing-1: connection established /var/run/docker.sock<->/var/run/docker.sock
17:34:32.374 [main] DEBUG com.github.dockerjava.zerodep.shaded.org.apache.hc.client5.http.impl.io.PoolingHttpClientConnectionManager - ep-00000009: connected http-outgoing-1
17:34:32.374 [main] DEBUG com.github.dockerjava.zerodep.shaded.org.apache.hc.client5.http.impl.classic.InternalHttpClient - ep-00000009: endpoint connected
17:34:32.374 [main] DEBUG com.github.dockerjava.zerodep.shaded.org.apache.hc.client5.http.impl.classic.MainClientExec - ex-0000000A: executing POST /v1.32/containers/create HTTP/1.1
17:34:32.374 [main] DEBUG com.github.dockerjava.zerodep.shaded.org.apache.hc.client5.http.impl.classic.InternalHttpClient - ep-00000009: start execution ex-0000000A
17:34:32.374 [main] DEBUG com.github.dockerjava.zerodep.shaded.org.apache.hc.client5.http.impl.io.PoolingHttpClientConnectionManager - ep-00000009: executing exchange ex-0000000A over http-outgoing-1
17:34:32.374 [main] DEBUG com.github.dockerjava.zerodep.shaded.org.apache.hc.client5.http.headers - http-outgoing-1 >> POST /v1.32/containers/create HTTP/1.1
17:34:32.374 [main] DEBUG com.github.dockerjava.zerodep.shaded.org.apache.hc.client5.http.headers - http-outgoing-1 >> accept: application/json
17:34:32.374 [main] DEBUG com.github.dockerjava.zerodep.shaded.org.apache.hc.client5.http.headers - http-outgoing-1 >> content-type: application/json
17:34:32.375 [main] DEBUG com.github.dockerjava.zerodep.shaded.org.apache.hc.client5.http.headers - http-outgoing-1 >> x-tc-sid: 63b6f132-4791-4107-bf40-862197cff523
17:34:32.375 [main] DEBUG com.github.dockerjava.zerodep.shaded.org.apache.hc.client5.http.headers - http-outgoing-1 >> User-Agent: tc-java/1.19.0
17:34:32.375 [main] DEBUG com.github.dockerjava.zerodep.shaded.org.apache.hc.client5.http.headers - http-outgoing-1 >> Accept-Encoding: gzip, x-gzip, deflate
17:34:32.375 [main] DEBUG com.github.dockerjava.zerodep.shaded.org.apache.hc.client5.http.headers - http-outgoing-1 >> Content-Length: 2644
17:34:32.375 [main] DEBUG com.github.dockerjava.zerodep.shaded.org.apache.hc.client5.http.headers - http-outgoing-1 >> Host: localhost:2375
17:34:32.375 [main] DEBUG com.github.dockerjava.zerodep.shaded.org.apache.hc.client5.http.headers - http-outgoing-1 >> Connection: keep-alive
17:34:32.375 [main] DEBUG com.github.dockerjava.zerodep.shaded.org.apache.hc.client5.http.wire - http-outgoing-1 >> "POST /v1.32/containers/create HTTP/1.1[\r][\n]"
17:34:32.375 [main] DEBUG com.github.dockerjava.zerodep.shaded.org.apache.hc.client5.http.wire - http-outgoing-1 >> "accept: application/json[\r][\n]"
17:34:32.375 [main] DEBUG com.github.dockerjava.zerodep.shaded.org.apache.hc.client5.http.wire - http-outgoing-1 >> "content-type: application/json[\r][\n]"
17:34:32.375 [main] DEBUG com.github.dockerjava.zerodep.shaded.org.apache.hc.client5.http.wire - http-outgoing-1 >> "x-tc-sid: 63b6f132-4791-4107-bf40-862197cff523[\r][\n]"
17:34:32.375 [main] DEBUG com.github.dockerjava.zerodep.shaded.org.apache.hc.client5.http.wire - http-outgoing-1 >> "User-Agent: tc-java/1.19.0[\r][\n]"
17:34:32.375 [main] DEBUG com.github.dockerjava.zerodep.shaded.org.apache.hc.client5.http.wire - http-outgoing-1 >> "Accept-Encoding: gzip, x-gzip, deflate[\r][\n]"
17:34:32.375 [main] DEBUG com.github.dockerjava.zerodep.shaded.org.apache.hc.client5.http.wire - http-outgoing-1 >> "Content-Length: 2644[\r][\n]"
17:34:32.375 [main] DEBUG com.github.dockerjava.zerodep.shaded.org.apache.hc.client5.http.wire - http-outgoing-1 >> "Host: localhost:2375[\r][\n]"
17:34:32.375 [main] DEBUG com.github.dockerjava.zerodep.shaded.org.apache.hc.client5.http.wire - http-outgoing-1 >> "Connection: keep-alive[\r][\n]"
17:34:32.375 [main] DEBUG com.github.dockerjava.zerodep.shaded.org.apache.hc.client5.http.wire - http-outgoing-1 >> "[\r][\n]"
17:34:32.376 [main] DEBUG com.github.dockerjava.zerodep.shaded.org.apache.hc.client5.http.wire - http-outgoing-1 >> "{"Hostname":null,"Domainname":null,"User":null,"AttachStdin":null,"AttachStdout":null,"AttachStderr":null,"PortSpecs":null,"Tty":null,"OpenStdin":null,"StdinOnce":null,"Env":["KAFKA_LOG_FLUSH_INTERVAL_MESSAGES=9223372036854775807","KAFKA_BROKER_ID=1","KAFKA_TRANSACTION_STATE_LOG_MIN_ISR=1","KAFKA_ZOOKEEPER_CONNECT=localhost:2181","KAFKA_OFFSETS_TOPIC_NUM_PARTITIONS=1","KAFKA_TRANSACTION_STATE_LOG_REPLICATION_FACTOR=1","KAFKA_OFFSETS_TOPIC_REPLICATION_FACTOR=1","KAFKA_LISTENERS=PLAINTEXT://0.0.0.0:9093,BROKER://0.0.0.0:9092","KAFKA_INTER_BROKER_LISTENER_NAME=BROKER","KAFKA_GROUP_INITIAL_REBALANCE_DELAY_MS=0","KAFKA_LISTENER_SECURITY_PROTOCOL_MAP=BROKER:PLAINTEXT,PLAINTEXT:PLAINTEXT"],"Cmd":["-c","while [ ! -f /testcontainers_start.sh ]; do sleep 0.1; done; /testcontainers_start.sh"],"Healthcheck":null,"ArgsEscaped":null,"Entrypoint":["sh"],"Image":"confluentinc/cp-kafka:7.4.1","Volumes":{},"WorkingDir":null,"MacAddress":null,"OnBuild":null,"NetworkDisabled":null,"ExposedPorts":{"9093/tcp":{},"2181/tcp":{}},"StopSignal":null,"StopTimeout":null,"HostConfig":{"Binds":[],"BlkioWeight":null,"BlkioWeightDevice":null,"BlkioDeviceReadBps":null,"BlkioDeviceWriteBps":null,"BlkioDeviceReadIOps":null,"BlkioDeviceWriteIOps":null,"MemorySwappiness":null,"NanoCpus":null,"CapAdd":null,"CapDrop":null,"ContainerIDFile":null,"CpuPeriod":null,"CpuRealtimePeriod":null,"CpuRealtimeRuntime":null,"CpuShares":null,"CpuQuota":null,"CpusetCpus":null,"CpusetMems":null,"Devices":null,"DeviceCgroupRules":null,"DeviceRequests":null,"DiskQuota":null,"Dns":null,"DnsOptions":null,"DnsSearch":null,"ExtraHosts":[],"GroupAdd":null,"IpcMode":null,"Cgroup":null,"Links":[],"LogConfig":null,"LxcConf":null,"Memory":null,"MemorySwap":null,"MemoryReservation":null,"KernelMemory":null,"NetworkMode":null,"OomKillDisable":null,"Init":null,"AutoRemove":null,"OomScoreAdj":null,"PortBindings":{"9093/tcp":[{"HostIp":"","HostPort":""}],"2181/tcp":[{"HostIp":"","HostPort":""}]},"Privileged":null,"PublishAllPorts":null,"ReadonlyRootfs":null,"RestartPolicy":null,"Ulimits":null,"CpuCount":null,"CpuPercent":null,"IOMaximumIOps":null,"IOMaximumBandwidth":null,"VolumesFrom":[],"Mounts":null,"PidMode":null,"Isolation":null,"SecurityOpt":null,"StorageOpt":null,"CgroupParent":null,"VolumeDriver":null,"ShmSize":null,"PidsLimit":null,"Runtime":null,"Tmpfs":null,"UTSMode":null,"UsernsMode":null,"Sysctls":null,"ConsoleSize":null,"CgroupnsMode":null},"Labels":{"org.testcontainers":"true","org.testcontainers.lang":"java","org.testcontainers.version":"1.19.0","org.testcontainers.sessionId":"63b6f132-4791-4107-bf40-862197cff523"},"Shell":null,"NetworkingConfig":null}"
17:34:32.574 [main] DEBUG com.github.dockerjava.zerodep.shaded.org.apache.hc.client5.http.wire - http-outgoing-1 << "HTTP/1.1 201 Created[\r][\n]"
17:34:32.574 [main] DEBUG com.github.dockerjava.zerodep.shaded.org.apache.hc.client5.http.wire - http-outgoing-1 << "Api-Version: 1.47[\r][\n]"
17:34:32.574 [main] DEBUG com.github.dockerjava.zerodep.shaded.org.apache.hc.client5.http.wire - http-outgoing-1 << "Content-Type: application/json[\r][\n]"
17:34:32.574 [main] DEBUG com.github.dockerjava.zerodep.shaded.org.apache.hc.client5.http.wire - http-outgoing-1 << "Docker-Experimental: false[\r][\n]"
17:34:32.574 [main] DEBUG com.github.dockerjava.zerodep.shaded.org.apache.hc.client5.http.wire - http-outgoing-1 << "Ostype: linux[\r][\n]"
17:34:32.574 [main] DEBUG com.github.dockerjava.zerodep.shaded.org.apache.hc.client5.http.wire - http-outgoing-1 << "Server: Docker/27.4.1 (linux)[\r][\n]"
17:34:32.574 [main] DEBUG com.github.dockerjava.zerodep.shaded.org.apache.hc.client5.http.wire - http-outgoing-1 << "Date: Fri, 20 Dec 2024 16:34:32 GMT[\r][\n]"
17:34:32.574 [main] DEBUG com.github.dockerjava.zerodep.shaded.org.apache.hc.client5.http.wire - http-outgoing-1 << "Content-Length: 88[\r][\n]"
17:34:32.574 [main] DEBUG com.github.dockerjava.zerodep.shaded.org.apache.hc.client5.http.wire - http-outgoing-1 << "[\r][\n]"
17:34:32.574 [main] DEBUG com.github.dockerjava.zerodep.shaded.org.apache.hc.client5.http.wire - http-outgoing-1 << "{"Id":"770af2197545d3e3e6976b222328bcac6b8bb055e512333aad23627440372275","Warnings":[]}[\n]"
17:34:32.575 [main] DEBUG com.github.dockerjava.zerodep.shaded.org.apache.hc.client5.http.headers - http-outgoing-1 << HTTP/1.1 201 Created
17:34:32.575 [main] DEBUG com.github.dockerjava.zerodep.shaded.org.apache.hc.client5.http.headers - http-outgoing-1 << Api-Version: 1.47
17:34:32.575 [main] DEBUG com.github.dockerjava.zerodep.shaded.org.apache.hc.client5.http.headers - http-outgoing-1 << Content-Type: application/json
17:34:32.575 [main] DEBUG com.github.dockerjava.zerodep.shaded.org.apache.hc.client5.http.headers - http-outgoing-1 << Docker-Experimental: false
17:34:32.575 [main] DEBUG com.github.dockerjava.zerodep.shaded.org.apache.hc.client5.http.headers - http-outgoing-1 << Ostype: linux
17:34:32.575 [main] DEBUG com.github.dockerjava.zerodep.shaded.org.apache.hc.client5.http.headers - http-outgoing-1 << Server: Docker/27.4.1 (linux)
17:34:32.575 [main] DEBUG com.github.dockerjava.zerodep.shaded.org.apache.hc.client5.http.headers - http-outgoing-1 << Date: Fri, 20 Dec 2024 16:34:32 GMT
17:34:32.575 [main] DEBUG com.github.dockerjava.zerodep.shaded.org.apache.hc.client5.http.headers - http-outgoing-1 << Content-Length: 88
17:34:32.575 [main] DEBUG com.github.dockerjava.zerodep.shaded.org.apache.hc.client5.http.impl.classic.MainClientExec - ex-0000000A: connection can be kept alive for 3 MINUTES
17:34:32.576 [main] DEBUG com.github.dockerjava.zerodep.shaded.org.apache.hc.client5.http.impl.classic.InternalHttpClient - ep-00000009: releasing valid endpoint
17:34:32.576 [main] DEBUG com.github.dockerjava.zerodep.shaded.org.apache.hc.client5.http.impl.io.PoolingHttpClientConnectionManager - ep-00000009: releasing endpoint
17:34:32.576 [main] DEBUG com.github.dockerjava.zerodep.shaded.org.apache.hc.client5.http.impl.io.PoolingHttpClientConnectionManager - ep-00000009: connection http-outgoing-1 can be kept alive for 3 MINUTES
17:34:32.576 [main] DEBUG com.github.dockerjava.zerodep.shaded.org.apache.hc.client5.http.impl.io.PoolingHttpClientConnectionManager - ep-00000009: connection released [route: {}->unix://localhost:2375][total available: 1; route allocated: 1 of 2147483647; total allocated: 1 of 2147483647]
17:34:32.576 [main] INFO tc.confluentinc/cp-kafka:7.4.1 - Container confluentinc/cp-kafka:7.4.1 is starting: 770af2197545d3e3e6976b222328bcac6b8bb055e512333aad23627440372275
17:34:32.577 [main] DEBUG org.testcontainers.shaded.com.github.dockerjava.core.command.AbstrDockerCmd - Cmd: 770af2197545d3e3e6976b222328bcac6b8bb055e512333aad23627440372275
17:34:32.577 [main] DEBUG com.github.dockerjava.zerodep.shaded.org.apache.hc.client5.http.impl.classic.InternalHttpClient - ex-0000000B: preparing request execution
17:34:32.578 [main] DEBUG com.github.dockerjava.zerodep.shaded.org.apache.hc.client5.http.protocol.RequestAddCookies - Cookie spec selected: strict
17:34:32.578 [main] DEBUG com.github.dockerjava.zerodep.shaded.org.apache.hc.client5.http.protocol.RequestAuthCache - Auth cache not set in the context
17:34:32.578 [main] DEBUG com.github.dockerjava.zerodep.shaded.org.apache.hc.client5.http.impl.classic.ProtocolExec - ex-0000000B: target auth state: UNCHALLENGED
17:34:32.578 [main] DEBUG com.github.dockerjava.zerodep.shaded.org.apache.hc.client5.http.impl.classic.ProtocolExec - ex-0000000B: proxy auth state: UNCHALLENGED
17:34:32.578 [main] DEBUG com.github.dockerjava.zerodep.shaded.org.apache.hc.client5.http.impl.classic.ConnectExec - ex-0000000B: acquiring connection with route {}->unix://localhost:2375
17:34:32.578 [main] DEBUG com.github.dockerjava.zerodep.shaded.org.apache.hc.client5.http.impl.classic.InternalHttpClient - ex-0000000B: acquiring endpoint (3 MINUTES)
17:34:32.579 [main] DEBUG com.github.dockerjava.zerodep.shaded.org.apache.hc.client5.http.impl.io.PoolingHttpClientConnectionManager - ex-0000000B: endpoint lease request (3 MINUTES) [route: {}->unix://localhost:2375][total available: 1; route allocated: 1 of 2147483647; total allocated: 1 of 2147483647]
17:34:32.579 [main] DEBUG com.github.dockerjava.zerodep.shaded.org.apache.hc.client5.http.impl.io.PoolingHttpClientConnectionManager - ex-0000000B: endpoint leased [route: {}->unix://localhost:2375][total available: 0; route allocated: 1 of 2147483647; total allocated: 1 of 2147483647]
17:34:32.579 [main] DEBUG com.github.dockerjava.zerodep.shaded.org.apache.hc.client5.http.impl.io.PoolingHttpClientConnectionManager - ex-0000000B: acquired ep-0000000A
17:34:32.580 [main] DEBUG com.github.dockerjava.zerodep.shaded.org.apache.hc.client5.http.impl.classic.InternalHttpClient - ex-0000000B: acquired endpoint ep-0000000A
17:34:32.580 [main] DEBUG com.github.dockerjava.zerodep.shaded.org.apache.hc.client5.http.impl.classic.MainClientExec - ex-0000000B: executing POST /v1.32/containers/770af2197545d3e3e6976b222328bcac6b8bb055e512333aad23627440372275/start HTTP/1.1
17:34:32.580 [main] DEBUG com.github.dockerjava.zerodep.shaded.org.apache.hc.client5.http.impl.classic.InternalHttpClient - ep-0000000A: start execution ex-0000000B
17:34:32.580 [main] DEBUG com.github.dockerjava.zerodep.shaded.org.apache.hc.client5.http.impl.io.PoolingHttpClientConnectionManager - ep-0000000A: executing exchange ex-0000000B over http-outgoing-1
17:34:32.580 [main] DEBUG com.github.dockerjava.zerodep.shaded.org.apache.hc.client5.http.headers - http-outgoing-1 >> POST /v1.32/containers/770af2197545d3e3e6976b222328bcac6b8bb055e512333aad23627440372275/start HTTP/1.1
17:34:32.580 [main] DEBUG com.github.dockerjava.zerodep.shaded.org.apache.hc.client5.http.headers - http-outgoing-1 >> accept: application/json
17:34:32.580 [main] DEBUG com.github.dockerjava.zerodep.shaded.org.apache.hc.client5.http.headers - http-outgoing-1 >> content-type: application/json
17:34:32.580 [main] DEBUG com.github.dockerjava.zerodep.shaded.org.apache.hc.client5.http.headers - http-outgoing-1 >> x-tc-sid: 63b6f132-4791-4107-bf40-862197cff523
17:34:32.580 [main] DEBUG com.github.dockerjava.zerodep.shaded.org.apache.hc.client5.http.headers - http-outgoing-1 >> User-Agent: tc-java/1.19.0
17:34:32.580 [main] DEBUG com.github.dockerjava.zerodep.shaded.org.apache.hc.client5.http.headers - http-outgoing-1 >> Accept-Encoding: gzip, x-gzip, deflate
17:34:32.580 [main] DEBUG com.github.dockerjava.zerodep.shaded.org.apache.hc.client5.http.headers - http-outgoing-1 >> Host: localhost:2375
17:34:32.580 [main] DEBUG com.github.dockerjava.zerodep.shaded.org.apache.hc.client5.http.headers - http-outgoing-1 >> Connection: keep-alive
17:34:32.580 [main] DEBUG com.github.dockerjava.zerodep.shaded.org.apache.hc.client5.http.wire - http-outgoing-1 >> "POST /v1.32/containers/770af2197545d3e3e6976b222328bcac6b8bb055e512333aad23627440372275/start HTTP/1.1[\r][\n]"
17:34:32.581 [main] DEBUG com.github.dockerjava.zerodep.shaded.org.apache.hc.client5.http.wire - http-outgoing-1 >> "accept: application/json[\r][\n]"
17:34:32.581 [main] DEBUG com.github.dockerjava.zerodep.shaded.org.apache.hc.client5.http.wire - http-outgoing-1 >> "content-type: application/json[\r][\n]"
17:34:32.581 [main] DEBUG com.github.dockerjava.zerodep.shaded.org.apache.hc.client5.http.wire - http-outgoing-1 >> "x-tc-sid: 63b6f132-4791-4107-bf40-862197cff523[\r][\n]"
17:34:32.581 [main] DEBUG com.github.dockerjava.zerodep.shaded.org.apache.hc.client5.http.wire - http-outgoing-1 >> "User-Agent: tc-java/1.19.0[\r][\n]"
17:34:32.581 [main] DEBUG com.github.dockerjava.zerodep.shaded.org.apache.hc.client5.http.wire - http-outgoing-1 >> "Accept-Encoding: gzip, x-gzip, deflate[\r][\n]"
17:34:32.581 [main] DEBUG com.github.dockerjava.zerodep.shaded.org.apache.hc.client5.http.wire - http-outgoing-1 >> "Host: localhost:2375[\r][\n]"
17:34:32.581 [main] DEBUG com.github.dockerjava.zerodep.shaded.org.apache.hc.client5.http.wire - http-outgoing-1 >> "Connection: keep-alive[\r][\n]"
17:34:32.581 [main] DEBUG com.github.dockerjava.zerodep.shaded.org.apache.hc.client5.http.wire - http-outgoing-1 >> "[\r][\n]"
17:34:33.071 [main] DEBUG com.github.dockerjava.zerodep.shaded.org.apache.hc.client5.http.wire - http-outgoing-1 << "HTTP/1.1 204 No Content[\r][\n]"
17:34:33.072 [main] DEBUG com.github.dockerjava.zerodep.shaded.org.apache.hc.client5.http.wire - http-outgoing-1 << "Api-Version: 1.47[\r][\n]"
17:34:33.072 [main] DEBUG com.github.dockerjava.zerodep.shaded.org.apache.hc.client5.http.wire - http-outgoing-1 << "Docker-Experimental: false[\r][\n]"
17:34:33.072 [main] DEBUG com.github.dockerjava.zerodep.shaded.org.apache.hc.client5.http.wire - http-outgoing-1 << "Ostype: linux[\r][\n]"
17:34:33.072 [main] DEBUG com.github.dockerjava.zerodep.shaded.org.apache.hc.client5.http.wire - http-outgoing-1 << "Server: Docker/27.4.1 (linux)[\r][\n]"
17:34:33.072 [main] DEBUG com.github.dockerjava.zerodep.shaded.org.apache.hc.client5.http.wire - http-outgoing-1 << "Date: Fri, 20 Dec 2024 16:34:33 GMT[\r][\n]"
17:34:33.072 [main] DEBUG com.github.dockerjava.zerodep.shaded.org.apache.hc.client5.http.wire - http-outgoing-1 << "[\r][\n]"
17:34:33.072 [main] DEBUG com.github.dockerjava.zerodep.shaded.org.apache.hc.client5.http.headers - http-outgoing-1 << HTTP/1.1 204 No Content
17:34:33.072 [main] DEBUG com.github.dockerjava.zerodep.shaded.org.apache.hc.client5.http.headers - http-outgoing-1 << Api-Version: 1.47
17:34:33.072 [main] DEBUG com.github.dockerjava.zerodep.shaded.org.apache.hc.client5.http.headers - http-outgoing-1 << Docker-Experimental: false
17:34:33.072 [main] DEBUG com.github.dockerjava.zerodep.shaded.org.apache.hc.client5.http.headers - http-outgoing-1 << Ostype: linux
17:34:33.072 [main] DEBUG com.github.dockerjava.zerodep.shaded.org.apache.hc.client5.http.headers - http-outgoing-1 << Server: Docker/27.4.1 (linux)
17:34:33.072 [main] DEBUG com.github.dockerjava.zerodep.shaded.org.apache.hc.client5.http.headers - http-outgoing-1 << Date: Fri, 20 Dec 2024 16:34:33 GMT
17:34:33.073 [main] DEBUG com.github.dockerjava.zerodep.shaded.org.apache.hc.client5.http.impl.classic.MainClientExec - ex-0000000B: connection can be kept alive for 3 MINUTES
17:34:33.073 [main] DEBUG com.github.dockerjava.zerodep.shaded.org.apache.hc.client5.http.impl.classic.InternalHttpClient - ep-0000000A: releasing valid endpoint
17:34:33.073 [main] DEBUG com.github.dockerjava.zerodep.shaded.org.apache.hc.client5.http.impl.io.PoolingHttpClientConnectionManager - ep-0000000A: releasing endpoint
17:34:33.073 [main] DEBUG com.github.dockerjava.zerodep.shaded.org.apache.hc.client5.http.impl.io.PoolingHttpClientConnectionManager - ep-0000000A: connection http-outgoing-1 can be kept alive for 3 MINUTES
17:34:33.073 [main] DEBUG com.github.dockerjava.zerodep.shaded.org.apache.hc.client5.http.impl.io.PoolingHttpClientConnectionManager - ep-0000000A: connection released [route: {}->unix://localhost:2375][total available: 1; route allocated: 1 of 2147483647; total allocated: 1 of 2147483647]
17:34:33.074 [main] DEBUG org.testcontainers.shaded.com.github.dockerjava.core.command.AbstrDockerCmd - Cmd: 770af2197545d3e3e6976b222328bcac6b8bb055e512333aad23627440372275,false
17:34:33.074 [main] DEBUG org.testcontainers.shaded.com.github.dockerjava.core.exec.InspectContainerCmdExec - GET: DefaultWebTarget{path=[/containers/770af2197545d3e3e6976b222328bcac6b8bb055e512333aad23627440372275/json], queryParams={}}
17:34:33.074 [main] DEBUG com.github.dockerjava.zerodep.shaded.org.apache.hc.client5.http.impl.classic.InternalHttpClient - ex-0000000C: preparing request execution
17:34:33.074 [main] DEBUG com.github.dockerjava.zerodep.shaded.org.apache.hc.client5.http.protocol.RequestAddCookies - Cookie spec selected: strict
17:34:33.074 [main] DEBUG com.github.dockerjava.zerodep.shaded.org.apache.hc.client5.http.protocol.RequestAuthCache - Auth cache not set in the context
17:34:33.074 [main] DEBUG com.github.dockerjava.zerodep.shaded.org.apache.hc.client5.http.impl.classic.ProtocolExec - ex-0000000C: target auth state: UNCHALLENGED
17:34:33.074 [main] DEBUG com.github.dockerjava.zerodep.shaded.org.apache.hc.client5.http.impl.classic.ProtocolExec - ex-0000000C: proxy auth state: UNCHALLENGED
17:34:33.075 [main] DEBUG com.github.dockerjava.zerodep.shaded.org.apache.hc.client5.http.impl.classic.ConnectExec - ex-0000000C: acquiring connection with route {}->unix://localhost:2375
17:34:33.075 [main] DEBUG com.github.dockerjava.zerodep.shaded.org.apache.hc.client5.http.impl.classic.InternalHttpClient - ex-0000000C: acquiring endpoint (3 MINUTES)
17:34:33.075 [main] DEBUG com.github.dockerjava.zerodep.shaded.org.apache.hc.client5.http.impl.io.PoolingHttpClientConnectionManager - ex-0000000C: endpoint lease request (3 MINUTES) [route: {}->unix://localhost:2375][total available: 1; route allocated: 1 of 2147483647; total allocated: 1 of 2147483647]
17:34:33.075 [main] DEBUG com.github.dockerjava.zerodep.shaded.org.apache.hc.client5.http.impl.io.PoolingHttpClientConnectionManager - ex-0000000C: endpoint leased [route: {}->unix://localhost:2375][total available: 0; route allocated: 1 of 2147483647; total allocated: 1 of 2147483647]
17:34:33.075 [main] DEBUG com.github.dockerjava.zerodep.shaded.org.apache.hc.client5.http.impl.io.PoolingHttpClientConnectionManager - ex-0000000C: acquired ep-0000000B
17:34:33.075 [main] DEBUG com.github.dockerjava.zerodep.shaded.org.apache.hc.client5.http.impl.classic.InternalHttpClient - ex-0000000C: acquired endpoint ep-0000000B
17:34:33.075 [main] DEBUG com.github.dockerjava.zerodep.shaded.org.apache.hc.client5.http.impl.classic.MainClientExec - ex-0000000C: executing GET /v1.32/containers/770af2197545d3e3e6976b222328bcac6b8bb055e512333aad23627440372275/json HTTP/1.1
17:34:33.075 [main] DEBUG com.github.dockerjava.zerodep.shaded.org.apache.hc.client5.http.impl.classic.InternalHttpClient - ep-0000000B: start execution ex-0000000C
17:34:33.075 [main] DEBUG com.github.dockerjava.zerodep.shaded.org.apache.hc.client5.http.impl.io.PoolingHttpClientConnectionManager - ep-0000000B: executing exchange ex-0000000C over http-outgoing-1
17:34:33.075 [main] DEBUG com.github.dockerjava.zerodep.shaded.org.apache.hc.client5.http.headers - http-outgoing-1 >> GET /v1.32/containers/770af2197545d3e3e6976b222328bcac6b8bb055e512333aad23627440372275/json HTTP/1.1
17:34:33.075 [main] DEBUG com.github.dockerjava.zerodep.shaded.org.apache.hc.client5.http.headers - http-outgoing-1 >> accept: application/json
17:34:33.075 [main] DEBUG com.github.dockerjava.zerodep.shaded.org.apache.hc.client5.http.headers - http-outgoing-1 >> x-tc-sid: 63b6f132-4791-4107-bf40-862197cff523
17:34:33.075 [main] DEBUG com.github.dockerjava.zerodep.shaded.org.apache.hc.client5.http.headers - http-outgoing-1 >> User-Agent: tc-java/1.19.0
17:34:33.075 [main] DEBUG com.github.dockerjava.zerodep.shaded.org.apache.hc.client5.http.headers - http-outgoing-1 >> Accept-Encoding: gzip, x-gzip, deflate
17:34:33.075 [main] DEBUG com.github.dockerjava.zerodep.shaded.org.apache.hc.client5.http.headers - http-outgoing-1 >> Host: localhost:2375
17:34:33.076 [main] DEBUG com.github.dockerjava.zerodep.shaded.org.apache.hc.client5.http.headers - http-outgoing-1 >> Connection: keep-alive
17:34:33.076 [main] DEBUG com.github.dockerjava.zerodep.shaded.org.apache.hc.client5.http.wire - http-outgoing-1 >> "GET /v1.32/containers/770af2197545d3e3e6976b222328bcac6b8bb055e512333aad23627440372275/json HTTP/1.1[\r][\n]"
17:34:33.076 [main] DEBUG com.github.dockerjava.zerodep.shaded.org.apache.hc.client5.http.wire - http-outgoing-1 >> "accept: application/json[\r][\n]"
17:34:33.076 [main] DEBUG com.github.dockerjava.zerodep.shaded.org.apache.hc.client5.http.wire - http-outgoing-1 >> "x-tc-sid: 63b6f132-4791-4107-bf40-862197cff523[\r][\n]"
17:34:33.076 [main] DEBUG com.github.dockerjava.zerodep.shaded.org.apache.hc.client5.http.wire - http-outgoing-1 >> "User-Agent: tc-java/1.19.0[\r][\n]"
17:34:33.076 [main] DEBUG com.github.dockerjava.zerodep.shaded.org.apache.hc.client5.http.wire - http-outgoing-1 >> "Accept-Encoding: gzip, x-gzip, deflate[\r][\n]"
17:34:33.076 [main] DEBUG com.github.dockerjava.zerodep.shaded.org.apache.hc.client5.http.wire - http-outgoing-1 >> "Host: localhost:2375[\r][\n]"
17:34:33.076 [main] DEBUG com.github.dockerjava.zerodep.shaded.org.apache.hc.client5.http.wire - http-outgoing-1 >> "Connection: keep-alive[\r][\n]"
17:34:33.076 [main] DEBUG com.github.dockerjava.zerodep.shaded.org.apache.hc.client5.http.wire - http-outgoing-1 >> "[\r][\n]"
17:34:33.077 [main] DEBUG com.github.dockerjava.zerodep.shaded.org.apache.hc.client5.http.wire - http-outgoing-1 << "HTTP/1.1 200 OK[\r][\n]"
17:34:33.078 [main] DEBUG com.github.dockerjava.zerodep.shaded.org.apache.hc.client5.http.wire - http-outgoing-1 << "Api-Version: 1.47[\r][\n]"
17:34:33.078 [main] DEBUG com.github.dockerjava.zerodep.shaded.org.apache.hc.client5.http.wire - http-outgoing-1 << "Content-Type: application/json[\r][\n]"
17:34:33.078 [main] DEBUG com.github.dockerjava.zerodep.shaded.org.apache.hc.client5.http.wire - http-outgoing-1 << "Docker-Experimental: false[\r][\n]"
17:34:33.078 [main] DEBUG com.github.dockerjava.zerodep.shaded.org.apache.hc.client5.http.wire - http-outgoing-1 << "Ostype: linux[\r][\n]"
17:34:33.078 [main] DEBUG com.github.dockerjava.zerodep.shaded.org.apache.hc.client5.http.wire - http-outgoing-1 << "Server: Docker/27.4.1 (linux)[\r][\n]"
17:34:33.078 [main] DEBUG com.github.dockerjava.zerodep.shaded.org.apache.hc.client5.http.wire - http-outgoing-1 << "Date: Fri, 20 Dec 2024 16:34:33 GMT[\r][\n]"
17:34:33.078 [main] DEBUG com.github.dockerjava.zerodep.shaded.org.apache.hc.client5.http.wire - http-outgoing-1 << "Transfer-Encoding: chunked[\r][\n]"
17:34:33.078 [main] DEBUG com.github.dockerjava.zerodep.shaded.org.apache.hc.client5.http.wire - http-outgoing-1 << "[\r][\n]"
17:34:33.078 [main] DEBUG com.github.dockerjava.zerodep.shaded.org.apache.hc.client5.http.wire - http-outgoing-1 << "2240[\r][\n]"
17:34:33.084 [main] DEBUG com.github.dockerjava.zerodep.shaded.org.apache.hc.client5.http.wire - http-outgoing-1 << "{"Id":"770af2197545d3e3e6976b222328bcac6b8bb055e512333aad23627440372275","Created":"2024-12-20T16:34:32.380828884Z","Path":"sh","Args":["-c","while [ ! -f /testcontainers_start.sh ]; do sleep 0.1; done; /testcontainers_start.sh"],"State":{"Status":"running","Running":true,"Paused":false,"Restarting":false,"OOMKilled":false,"Dead":false,"Pid":24984,"ExitCode":0,"Error":"","StartedAt":"2024-12-20T16:34:32.800608039Z","FinishedAt":"0001-01-01T00:00:00Z"},"Image":"sha256:7252649cef98513da00c40ac85b9a4bba8c22c774d4bdfbc6d486bef44e0769f","ResolvConfPath":"/var/lib/docker/containers/770af2197545d3e3e6976b222328bcac6b8bb055e512333aad23627440372275/resolv.conf","HostnamePath":"/var/lib/docker/containers/770af2197545d3e3e6976b222328bcac6b8bb055e512333aad23627440372275/hostname","HostsPath":"/var/lib/docker/containers/770af2197545d3e3e6976b222328bcac6b8bb055e512333aad23627440372275/hosts","LogPath":"/var/lib/docker/containers/770af2197545d3e3e6976b222328bcac6b8bb055e512333aad23627440372275/770af2197545d3e3e6976b222328bcac6b8bb055e512333aad23627440372275-json.log","Name":"/wonderful_thompson","RestartCount":0,"Driver":"overlay2","Platform":"linux","MountLabel":"","ProcessLabel":"","AppArmorProfile":"","ExecIDs":null,"HostConfig":{"Binds":[],"ContainerIDFile":"","LogConfig":{"Type":"json-file","Config":{}},"NetworkMode":"bridge","PortBindings":{"2181/tcp":[{"HostIp":"","HostPort":""}],"9093/tcp":[{"HostIp":"","HostPort":""}]},"RestartPolicy":{"Name":"no","MaximumRetryCount":0},"AutoRemove":false,"VolumeDriver":"","VolumesFrom":[],"ConsoleSize":[0,0],"CapAdd":null,"CapDrop":null,"CgroupnsMode":"private","Dns":null,"DnsOptions":null,"DnsSearch":null,"ExtraHosts":[],"GroupAdd":null,"IpcMode":"shareable","Cgroup":"","Links":null,"OomScoreAdj":0,"PidMode":"","Privileged":false,"PublishAllPorts":false,"ReadonlyRootfs":false,"SecurityOpt":null,"UTSMode":"","UsernsMode":"","ShmSize":67108864,"Runtime":"runc","Isolation":"","CpuShares":0,"Memory":0,"NanoCpus":0,"CgroupParent":"","BlkioWeight":0,"BlkioWeightDevice":null,"BlkioDeviceReadBps":null,"BlkioDeviceWriteBps":null,"BlkioDeviceReadIOps":null,"BlkioDeviceWriteIOps":null,"CpuPeriod":0,"CpuQuota":0,"CpuRealtimePeriod":0,"CpuRealtimeRuntime":0,"CpusetCpus":"","CpusetMems":"","Devices":null,"DeviceCgroupRules":null,"DeviceRequests":null,"MemoryReservation":0,"MemorySwap":0,"MemorySwappiness":null,"OomKillDisable":null,"PidsLimit":null,"Ulimits":null,"CpuCount":0,"CpuPercent":0,"IOMaximumIOps":0,"IOMaximumBandwidth":0,"MaskedPaths":["/proc/asound","/proc/acpi","/proc/kcore","/proc/keys","/proc/latency_stats","/proc/timer_list","/proc/timer_stats","/proc/sched_debug","/proc/scsi","/sys/firmware","/sys/devices/virtual/powercap"],"ReadonlyPaths":["/proc/bus","/proc/fs","/proc/irq","/proc/sys","/proc/sysrq-trigger"]},"GraphDriver":{"Data":{"LowerDir":"/var/lib/docker/overlay2/cf471057f9594610e0505b8da7d7508dadc1c0a3a52823dd6889c30636cb9324-init/diff:/var/lib/docker/overlay2/060ed42f759a715fe74c9a684738f1616a32e1d0b466caf41a759ab56e9fb2e1/diff:/var/lib/docker/overlay2/9737f1464661ea0542d04803b2c82a1a5a987c54a6e06cb0820897094a456cee/diff:/var/lib/docker/overlay2/4d941c3435a00f35777e5a58a5d3e4874d3211d570378d539ee36c099f746d54/diff:/var/lib/docker/overlay2/a779cfec2459799d3c6de38dee20e9aa95a787825772d1de04fe3b1ab3d13c01/diff:/var/lib/docker/overlay2/d753bd4cafddbb3b185b1177bc77b4f55174752f243ad4433210ce6bdf58a626/diff:/var/lib/docker/overlay2/2cb66da52dc479bdeeda499f7527bc4c291b8ed436dfa8e051623355448717a9/diff:/var/lib/docker/overlay2/b455c97cafd0f1990864b7ad554831b255d4daa2a7b3e8ee1fef3a9fd01599b1/diff:/var/lib/docker/overlay2/e5506e96469180e27a568579060f829c3d8b9cf813b7815ec5d77ad6476b6aa5/diff:/var/lib/docker/overlay2/4738a7581bc858fa2ee3a7948cce74be4b8391a65dfce902c41f838e918e8636/diff:/var/lib/docker/overlay2/a431df11415397bce0e4dff50325ed976043ad6609ff0b8528a241cf5d0047b4/diff:/var/lib/docker/overlay2/43f2752a88ae2c22c5e8e08eab6aff6430ab4abfe20ebaa2371cd3e56ab1bf02/diff","MergedDir":"/var/lib/docker/overlay2/cf471057f9594610e0505b8da7d7508dadc1c0a3a52823dd6889c30636cb9324/merged","UpperDir":"/var/lib/docker/overlay2/cf471057f9594610e0505b8da7d7508dadc1c0a3a52823dd6889c30636cb9324/diff","WorkDir":"/var/lib/docker/overlay2/cf471057f9594610e0505b8da7d7508dadc1c0a3a52823dd6889c30636cb9324/work"},"Name":"overlay2"},"Mounts":[{"Type":"volume","Name":"cc5fce35ca688f762cab0c086da113722eca4a414c7d4b1dd2e9d76bce69bc9b","Source":"/var/lib/docker/volumes/cc5fce35ca688f762cab0c086da113722eca4a414c7d4b1dd2e9d76bce69bc9b/_data","Destination":"/etc/kafka/secrets","Driver":"local","Mode":"","RW":true,"Propagation":""},{"Type":"volume","Name":"7167bbaeff93797562899ab9f19d8bcbe5de9dc84d7dd4f834a013256e756a0a","Source":"/var/lib/docker/volumes/7167bbaeff93797562899ab9f19d8bcbe5de9dc84d7dd4f834a013256e756a0a/_data","Destination":"/var/lib/kafka/data","Driver":"local","Mode":"","RW":true,"Propagation":""}],"Config":{"Hostname":"770af2197545","Domainname":"","User":"appuser","AttachStdin":false,"AttachStdout":false,"AttachStderr":false,"ExposedPorts":{"2181/tcp":{},"9092/tcp":{},"9093/tcp":{}},"Tty":false,"OpenStdin":false,"StdinOnce":false,"Env":["KAFKA_LOG_FLUSH_INTERVAL_MESSAGES=9223372036854775807","KAFKA_BROKER_ID=1","KAFKA_TRANSACTION_STATE_LOG_MIN_ISR=1","KAFKA_ZOOKEEPER_CONNECT=localhost:2181","KAFKA_OFFSETS_TOPIC_NUM_PARTITIONS=1","KAFKA_TRANSACTION_STATE_LOG_REPLICATION_FACTOR=1","KAFKA_OFFSETS_TOPIC_REPLICATION_FACTOR=1","KAFKA_LISTENERS=PLAINTEXT://0.0.0.0:9093,BROKER://0.0.0.0:9092","KAFKA_INTER_BROKER_LISTENER_NAME=BROKER","KAFKA_GROUP_INITIAL_REBALANCE_DELAY_MS=0","KAFKA_LISTENER_SECURITY_PROTOCOL_MAP=BROKER:PLAINTEXT,PLAINTEXT:PLAINTEXT","PATH=/usr/local/sbin:/usr/local/bin:/usr/sbin:/usr/bin:/sbin:/bin","container=oci","LANG=C.UTF-8","CUB_CLASSPATH=\"/usr/share/java/cp-base-new/*\"","KAFKA_ADVERTISED_LISTENERS=","CLUSTER_ID=","COMPONENT=kafka"],"Cmd":["-c","while [ ! -f /testcontainers_start.sh ]; do sleep 0.1; done; /testcontainers_start.sh"],"Image":"confluentinc/cp-kafka:7.4.1","Volumes":{"/etc/kafka/secrets":{},"/var/lib/kafka/data":{}},"WorkingDir":"/home/appuser","Entrypoint":["sh"],"OnBuild":null,"Labels":{"architecture":"x86_64","build-date":"2023-06-23T02:02:47","com.redhat.component":"ubi8-minimal-container","com.redhat.license_terms":"https://www.redhat.com/en/about/red-hat-end-user-license-agreements#UBI","description":"Common base image for Confluent's Docker images.","distribution-scope":"public","io.buildah.version":"1.29.0","io.confluent.docker":"true","io.confluent.docker.build.number":"3","io.confluent.docker.git.id":"271251a34","io.confluent.docker.git.repo":"confluentinc/kafka-images","io.k8s.description":"The Universal Base Image Minimal is a stripped down image that uses microdnf as a package manager. This base image is freely redistributable, but Red Hat only supports Red Hat technologies through subscriptions for Red Hat products. This image is maintained by Red Hat and updated regularly.","io.k8s.display-name":"Red Hat Universal Base Image 8 Minimal","io.openshift.expose-services":"","io.openshift.tags":"minimal rhel8","maintainer":"partner-support@confluent.io","name":"cp-kafka","org.testcontainers":"true","org.testcontainers.lang":"java","org.testcontainers.sessionId":"63b6f132-4791-4107-bf40-862197cff523","org.testcontainers.version":"1.19.0","release":"7.4.1","summary":"Confluent platform Kafka.","url":"https://access.redhat.com/containers/#/registry.access.redhat.com/ubi8-minimal/images/8.8-1014","vcs-ref":"dee8029ddcc7ecbfbebb0905d2b15e134338616c","vcs-type":"git","vendor":"Confluent","version":"271251a34"}},"NetworkSettings":{"Bridge":"","SandboxID":"20753245b24a8a95a2617cc05a5cac4a7e1df0acf9a36589d2fe64032a83439f","SandboxKey":"/var/run/docker/netns/20753245b24a","Ports":{"2181/tcp":[{"HostIp":"0.0.0.0","HostPort":"32784"},{"HostIp":"::","HostPort":"32784"}],"9092/tcp":null,"9093/tcp":[{"HostIp":"0.0.0.0","HostPort":"32785"},{"HostIp":"::","HostPort":"32785"}]},"HairpinM"
17:34:33.085 [main] DEBUG com.github.dockerjava.zerodep.shaded.org.apache.hc.client5.http.headers - http-outgoing-1 << HTTP/1.1 200 OK
17:34:33.086 [main] DEBUG com.github.dockerjava.zerodep.shaded.org.apache.hc.client5.http.headers - http-outgoing-1 << Api-Version: 1.47
17:34:33.086 [main] DEBUG com.github.dockerjava.zerodep.shaded.org.apache.hc.client5.http.headers - http-outgoing-1 << Content-Type: application/json
17:34:33.086 [main] DEBUG com.github.dockerjava.zerodep.shaded.org.apache.hc.client5.http.headers - http-outgoing-1 << Docker-Experimental: false
17:34:33.086 [main] DEBUG com.github.dockerjava.zerodep.shaded.org.apache.hc.client5.http.headers - http-outgoing-1 << Ostype: linux
17:34:33.086 [main] DEBUG com.github.dockerjava.zerodep.shaded.org.apache.hc.client5.http.headers - http-outgoing-1 << Server: Docker/27.4.1 (linux)
17:34:33.086 [main] DEBUG com.github.dockerjava.zerodep.shaded.org.apache.hc.client5.http.headers - http-outgoing-1 << Date: Fri, 20 Dec 2024 16:34:33 GMT
17:34:33.086 [main] DEBUG com.github.dockerjava.zerodep.shaded.org.apache.hc.client5.http.headers - http-outgoing-1 << Transfer-Encoding: chunked
17:34:33.086 [main] DEBUG com.github.dockerjava.zerodep.shaded.org.apache.hc.client5.http.impl.classic.MainClientExec - ex-0000000C: connection can be kept alive for 3 MINUTES
17:34:33.091 [main] DEBUG com.github.dockerjava.zerodep.shaded.org.apache.hc.client5.http.wire - http-outgoing-1 << "ode":false,"LinkLocalIPv6Address":"","LinkLocalIPv6PrefixLen":0,"SecondaryIPAddresses":null,"SecondaryIPv6Addresses":null,"EndpointID":"519663798c59ac510f5ee20d84c882166314300731298166cb0fed187ac60843","Gateway":"172.17.0.1","GlobalIPv6Address":"","GlobalIPv6PrefixLen":0,"IPAddress":"172.17.0.3","IPPrefixLen":16,"IPv6Gateway":"","MacAddress":"02:42:ac:11:00:03","Networks":{"bridge":{"IPAMConfig":null,"Links":null,"Aliases":null,"MacAddress":"02:42:ac:11:00:03","DriverOpts":null,"NetworkID":"4d84dadde01384434811c6a49ff4da853ccabbc18dda2cbb7366178edb86e673","EndpointID":"519663798c59ac510f5ee20d84c882166314300731298166cb0fed187ac60843","Gateway":"172.17.0.1","IPAddress":"172.17.0.3","IPPrefixLen":16,"IPv6Gateway":"","GlobalIPv6Address":"","GlobalIPv6PrefixLen":0,"DNSNames":null}}}}[\n]"
17:34:33.100 [main] DEBUG com.github.dockerjava.zerodep.shaded.org.apache.hc.client5.http.wire - http-outgoing-1 << "[\r][\n]"
17:34:33.100 [main] DEBUG com.github.dockerjava.zerodep.shaded.org.apache.hc.client5.http.wire - http-outgoing-1 << "0[\r][\n]"
17:34:33.100 [main] DEBUG com.github.dockerjava.zerodep.shaded.org.apache.hc.client5.http.wire - http-outgoing-1 << "[\r][\n]"
17:34:33.101 [main] DEBUG com.github.dockerjava.zerodep.shaded.org.apache.hc.client5.http.impl.classic.InternalHttpClient - ep-0000000B: releasing valid endpoint
17:34:33.101 [main] DEBUG com.github.dockerjava.zerodep.shaded.org.apache.hc.client5.http.impl.io.PoolingHttpClientConnectionManager - ep-0000000B: releasing endpoint
17:34:33.101 [main] DEBUG com.github.dockerjava.zerodep.shaded.org.apache.hc.client5.http.impl.io.PoolingHttpClientConnectionManager - ep-0000000B: connection http-outgoing-1 can be kept alive for 3 MINUTES
17:34:33.101 [main] DEBUG com.github.dockerjava.zerodep.shaded.org.apache.hc.client5.http.impl.io.PoolingHttpClientConnectionManager - ep-0000000B: connection released [route: {}->unix://localhost:2375][total available: 1; route allocated: 1 of 2147483647; total allocated: 1 of 2147483647]
17:34:33.101 [main] DEBUG org.testcontainers.shaded.com.github.dockerjava.core.command.AbstrDockerCmd - Cmd: sha256:7252649cef98513da00c40ac85b9a4bba8c22c774d4bdfbc6d486bef44e0769f
17:34:33.102 [main] DEBUG com.github.dockerjava.zerodep.shaded.org.apache.hc.client5.http.impl.classic.InternalHttpClient - ex-0000000D: preparing request execution
17:34:33.102 [main] DEBUG com.github.dockerjava.zerodep.shaded.org.apache.hc.client5.http.protocol.RequestAddCookies - Cookie spec selected: strict
17:34:33.102 [main] DEBUG com.github.dockerjava.zerodep.shaded.org.apache.hc.client5.http.protocol.RequestAuthCache - Auth cache not set in the context
17:34:33.102 [main] DEBUG com.github.dockerjava.zerodep.shaded.org.apache.hc.client5.http.impl.classic.ProtocolExec - ex-0000000D: target auth state: UNCHALLENGED
17:34:33.102 [main] DEBUG com.github.dockerjava.zerodep.shaded.org.apache.hc.client5.http.impl.classic.ProtocolExec - ex-0000000D: proxy auth state: UNCHALLENGED
17:34:33.102 [main] DEBUG com.github.dockerjava.zerodep.shaded.org.apache.hc.client5.http.impl.classic.ConnectExec - ex-0000000D: acquiring connection with route {}->unix://localhost:2375
17:34:33.103 [main] DEBUG com.github.dockerjava.zerodep.shaded.org.apache.hc.client5.http.impl.classic.InternalHttpClient - ex-0000000D: acquiring endpoint (3 MINUTES)
17:34:33.103 [main] DEBUG com.github.dockerjava.zerodep.shaded.org.apache.hc.client5.http.impl.io.PoolingHttpClientConnectionManager - ex-0000000D: endpoint lease request (3 MINUTES) [route: {}->unix://localhost:2375][total available: 1; route allocated: 1 of 2147483647; total allocated: 1 of 2147483647]
17:34:33.103 [main] DEBUG com.github.dockerjava.zerodep.shaded.org.apache.hc.client5.http.impl.io.PoolingHttpClientConnectionManager - ex-0000000D: endpoint leased [route: {}->unix://localhost:2375][total available: 0; route allocated: 1 of 2147483647; total allocated: 1 of 2147483647]
17:34:33.103 [main] DEBUG com.github.dockerjava.zerodep.shaded.org.apache.hc.client5.http.impl.io.PoolingHttpClientConnectionManager - ex-0000000D: acquired ep-0000000C
17:34:33.103 [main] DEBUG com.github.dockerjava.zerodep.shaded.org.apache.hc.client5.http.impl.classic.InternalHttpClient - ex-0000000D: acquired endpoint ep-0000000C
17:34:33.103 [main] DEBUG com.github.dockerjava.zerodep.shaded.org.apache.hc.client5.http.impl.classic.MainClientExec - ex-0000000D: executing GET /v1.32/images/sha256:7252649cef98513da00c40ac85b9a4bba8c22c774d4bdfbc6d486bef44e0769f/json HTTP/1.1
17:34:33.103 [main] DEBUG com.github.dockerjava.zerodep.shaded.org.apache.hc.client5.http.impl.classic.InternalHttpClient - ep-0000000C: start execution ex-0000000D
17:34:33.103 [main] DEBUG com.github.dockerjava.zerodep.shaded.org.apache.hc.client5.http.impl.io.PoolingHttpClientConnectionManager - ep-0000000C: executing exchange ex-0000000D over http-outgoing-1
17:34:33.104 [main] DEBUG com.github.dockerjava.zerodep.shaded.org.apache.hc.client5.http.headers - http-outgoing-1 >> GET /v1.32/images/sha256:7252649cef98513da00c40ac85b9a4bba8c22c774d4bdfbc6d486bef44e0769f/json HTTP/1.1
17:34:33.104 [main] DEBUG com.github.dockerjava.zerodep.shaded.org.apache.hc.client5.http.headers - http-outgoing-1 >> accept: application/json
17:34:33.104 [main] DEBUG com.github.dockerjava.zerodep.shaded.org.apache.hc.client5.http.headers - http-outgoing-1 >> x-tc-sid: 63b6f132-4791-4107-bf40-862197cff523
17:34:33.104 [main] DEBUG com.github.dockerjava.zerodep.shaded.org.apache.hc.client5.http.headers - http-outgoing-1 >> User-Agent: tc-java/1.19.0
17:34:33.104 [main] DEBUG com.github.dockerjava.zerodep.shaded.org.apache.hc.client5.http.headers - http-outgoing-1 >> Accept-Encoding: gzip, x-gzip, deflate
17:34:33.104 [main] DEBUG com.github.dockerjava.zerodep.shaded.org.apache.hc.client5.http.headers - http-outgoing-1 >> Host: localhost:2375
17:34:33.104 [main] DEBUG com.github.dockerjava.zerodep.shaded.org.apache.hc.client5.http.headers - http-outgoing-1 >> Connection: keep-alive
17:34:33.104 [main] DEBUG com.github.dockerjava.zerodep.shaded.org.apache.hc.client5.http.wire - http-outgoing-1 >> "GET /v1.32/images/sha256:7252649cef98513da00c40ac85b9a4bba8c22c774d4bdfbc6d486bef44e0769f/json HTTP/1.1[\r][\n]"
17:34:33.104 [main] DEBUG com.github.dockerjava.zerodep.shaded.org.apache.hc.client5.http.wire - http-outgoing-1 >> "accept: application/json[\r][\n]"
17:34:33.104 [main] DEBUG com.github.dockerjava.zerodep.shaded.org.apache.hc.client5.http.wire - http-outgoing-1 >> "x-tc-sid: 63b6f132-4791-4107-bf40-862197cff523[\r][\n]"
17:34:33.104 [main] DEBUG com.github.dockerjava.zerodep.shaded.org.apache.hc.client5.http.wire - http-outgoing-1 >> "User-Agent: tc-java/1.19.0[\r][\n]"
17:34:33.104 [main] DEBUG com.github.dockerjava.zerodep.shaded.org.apache.hc.client5.http.wire - http-outgoing-1 >> "Accept-Encoding: gzip, x-gzip, deflate[\r][\n]"
17:34:33.104 [main] DEBUG com.github.dockerjava.zerodep.shaded.org.apache.hc.client5.http.wire - http-outgoing-1 >> "Host: localhost:2375[\r][\n]"
17:34:33.104 [main] DEBUG com.github.dockerjava.zerodep.shaded.org.apache.hc.client5.http.wire - http-outgoing-1 >> "Connection: keep-alive[\r][\n]"
17:34:33.104 [main] DEBUG com.github.dockerjava.zerodep.shaded.org.apache.hc.client5.http.wire - http-outgoing-1 >> "[\r][\n]"
17:34:33.106 [main] DEBUG com.github.dockerjava.zerodep.shaded.org.apache.hc.client5.http.wire - http-outgoing-1 << "HTTP/1.1 200 OK[\r][\n]"
17:34:33.106 [main] DEBUG com.github.dockerjava.zerodep.shaded.org.apache.hc.client5.http.wire - http-outgoing-1 << "Api-Version: 1.47[\r][\n]"
17:34:33.106 [main] DEBUG com.github.dockerjava.zerodep.shaded.org.apache.hc.client5.http.wire - http-outgoing-1 << "Content-Type: application/json[\r][\n]"
17:34:33.106 [main] DEBUG com.github.dockerjava.zerodep.shaded.org.apache.hc.client5.http.wire - http-outgoing-1 << "Docker-Experimental: false[\r][\n]"
17:34:33.106 [main] DEBUG com.github.dockerjava.zerodep.shaded.org.apache.hc.client5.http.wire - http-outgoing-1 << "Ostype: linux[\r][\n]"
17:34:33.106 [main] DEBUG com.github.dockerjava.zerodep.shaded.org.apache.hc.client5.http.wire - http-outgoing-1 << "Server: Docker/27.4.1 (linux)[\r][\n]"
17:34:33.106 [main] DEBUG com.github.dockerjava.zerodep.shaded.org.apache.hc.client5.http.wire - http-outgoing-1 << "Date: Fri, 20 Dec 2024 16:34:33 GMT[\r][\n]"
17:34:33.106 [main] DEBUG com.github.dockerjava.zerodep.shaded.org.apache.hc.client5.http.wire - http-outgoing-1 << "Transfer-Encoding: chunked[\r][\n]"
17:34:33.106 [main] DEBUG com.github.dockerjava.zerodep.shaded.org.apache.hc.client5.http.wire - http-outgoing-1 << "[\r][\n]"
17:34:33.106 [main] DEBUG com.github.dockerjava.zerodep.shaded.org.apache.hc.client5.http.wire - http-outgoing-1 << "1a5b[\r][\n]"
17:34:33.107 [main] DEBUG com.github.dockerjava.zerodep.shaded.org.apache.hc.client5.http.wire - http-outgoing-1 << "{"Id":"sha256:7252649cef98513da00c40ac85b9a4bba8c22c774d4bdfbc6d486bef44e0769f","RepoTags":["confluentinc/cp-kafka:7.4.1"],"RepoDigests":["confluentinc/cp-kafka@sha256:d3acff0466ec26c8048b75c7185dbc9c9d718cb1111f0cc00d535df073d71103"],"Parent":"","Comment":"","Created":"2023-07-11T05:49:51.517932413Z","Container":"80ca952eadd6560449f037ebc746696d2c80315bcfd0b2fd38458ec7664204a1","ContainerConfig":{"Hostname":"80ca952eadd6","Domainname":"","User":"appuser","AttachStdin":false,"AttachStdout":false,"AttachStderr":false,"ExposedPorts":{"9092/tcp":{}},"Tty":false,"OpenStdin":false,"StdinOnce":false,"Env":["PATH=/usr/local/sbin:/usr/local/bin:/usr/sbin:/usr/bin:/sbin:/bin","container=oci","LANG=C.UTF-8","CUB_CLASSPATH=\"/usr/share/java/cp-base-new/*\"","KAFKA_ZOOKEEPER_CONNECT=","KAFKA_ADVERTISED_LISTENERS=","CLUSTER_ID=","COMPONENT=kafka"],"Cmd":["/bin/sh","-c","#(nop) ","CMD [\"/etc/confluent/docker/run\"]"],"Image":"sha256:31788586d3d40e91161cd13ea09d4c2859ee3fc6f62d0640222f016cd2460d89","Volumes":{"/etc/kafka/secrets":{},"/var/lib/kafka/data":{}},"WorkingDir":"/home/appuser","Entrypoint":null,"OnBuild":null,"Labels":{"architecture":"x86_64","build-date":"2023-06-23T02:02:47","com.redhat.component":"ubi8-minimal-container","com.redhat.license_terms":"https://www.redhat.com/en/about/red-hat-end-user-license-agreements#UBI","description":"Common base image for Confluent's Docker images.","distribution-scope":"public","io.buildah.version":"1.29.0","io.confluent.docker":"true","io.confluent.docker.build.number":"3","io.confluent.docker.git.id":"271251a34","io.confluent.docker.git.repo":"confluentinc/kafka-images","io.k8s.description":"The Universal Base Image Minimal is a stripped down image that uses microdnf as a package manager. This base image is freely redistributable, but Red Hat only supports Red Hat technologies through subscriptions for Red Hat products. This image is maintained by Red Hat and updated regularly.","io.k8s.display-name":"Red Hat Universal Base Image 8 Minimal","io.openshift.expose-services":"","io.openshift.tags":"minimal rhel8","maintainer":"partner-support@confluent.io","name":"cp-kafka","release":"7.4.1","summary":"Confluent platform Kafka.","url":"https://access.redhat.com/containers/#/registry.access.redhat.com/ubi8-minimal/images/8.8-1014","vcs-ref":"dee8029ddcc7ecbfbebb0905d2b15e134338616c","vcs-type":"git","vendor":"Confluent","version":"271251a34"}},"DockerVersion":"23.0.1","Author":"","Config":{"Hostname":"","Domainname":"","User":"appuser","AttachStdin":false,"AttachStdout":false,"AttachStderr":false,"ExposedPorts":{"9092/tcp":{}},"Tty":false,"OpenStdin":false,"StdinOnce":false,"Env":["PATH=/usr/local/sbin:/usr/local/bin:/usr/sbin:/usr/bin:/sbin:/bin","container=oci","LANG=C.UTF-8","CUB_CLASSPATH=\"/usr/share/java/cp-base-new/*\"","KAFKA_ZOOKEEPER_CONNECT=","KAFKA_ADVERTISED_LISTENERS=","CLUSTER_ID=","COMPONENT=kafka"],"Cmd":["/etc/confluent/docker/run"],"Image":"sha256:31788586d3d40e91161cd13ea09d4c2859ee3fc6f62d0640222f016cd2460d89","Volumes":{"/etc/kafka/secrets":{},"/var/lib/kafka/data":{}},"WorkingDir":"/home/appuser","Entrypoint":null,"OnBuild":null,"Labels":{"architecture":"x86_64","build-date":"2023-06-23T02:02:47","com.redhat.component":"ubi8-minimal-container","com.redhat.license_terms":"https://www.redhat.com/en/about/red-hat-end-user-license-agreements#UBI","description":"Common base image for Confluent's Docker images.","distribution-scope":"public","io.buildah.version":"1.29.0","io.confluent.docker":"true","io.confluent.docker.build.number":"3","io.confluent.docker.git.id":"271251a34","io.confluent.docker.git.repo":"confluentinc/kafka-images","io.k8s.description":"The Universal Base Image Minimal is a stripped down image that uses microdnf as a package manager. This base image is freely redistributable, but Red Hat only supports Red Hat technologies through subscriptions for Red Hat products. This image is maintained by Red Hat and updated regularly.","io.k8s.display-name":"Red Hat Universal Base Image 8 Minimal","io.openshift.expose-services":"","io.openshift.tags":"minimal rhel8","maintainer":"partner-support@confluent.io","name":"cp-kafka","release":"7.4.1","summary":"Confluent platform Kafka.","url":"https://access.redhat.com/containers/#/registry.access.redhat.com/ubi8-minimal/images/8.8-1014","vcs-ref":"dee8029ddcc7ecbfbebb0905d2b15e134338616c","vcs-type":"git","vendor":"Confluent","version":"271251a34"}},"Architecture":"amd64","Os":"linux","Size":845241255,"VirtualSize":845241255,"GraphDriver":{"Data":{"LowerDir":"/var/lib/docker/overlay2/9737f1464661ea0542d04803b2c82a1a5a987c54a6e06cb0820897094a456cee/diff:/var/lib/docker/overlay2/4d941c3435a00f35777e5a58a5d3e4874d3211d570378d539ee36c099f746d54/diff:/var/lib/docker/overlay2/a779cfec2459799d3c6de38dee20e9aa95a787825772d1de04fe3b1ab3d13c01/diff:/var/lib/docker/overlay2/d753bd4cafddbb3b185b1177bc77b4f55174752f243ad4433210ce6bdf58a626/diff:/var/lib/docker/overlay2/2cb66da52dc479bdeeda499f7527bc4c291b8ed436dfa8e051623355448717a9/diff:/var/lib/docker/overlay2/b455c97cafd0f1990864b7ad554831b255d4daa2a7b3e8ee1fef3a9fd01599b1/diff:/var/lib/docker/overlay2/e5506e96469180e27a568579060f829c3d8b9cf813b7815ec5d77ad6476b6aa5/diff:/var/lib/docker/overlay2/4738a7581bc858fa2ee3a7948cce74be4b8391a65dfce902c41f838e918e8636/diff:/var/lib/docker/overlay2/a431df11415397bce0e4dff50325ed976043ad6609ff0b8528a241cf5d0047b4/diff:/var/lib/docker/overlay2/43f2752a88ae2c22c5e8e08eab6aff6430ab4abfe20ebaa2371cd3e56ab1bf02/diff","MergedDir":"/var/lib/docker/overlay2/060ed42f759a715fe74c9a684738f1616a32e1d0b466caf41a759ab56e9fb2e1/merged","UpperDir":"/var/lib/docker/overlay2/060ed42f759a715fe74c9a684738f1616a32e1d0b466caf41a759ab56e9fb2e1/diff","WorkDir":"/var/lib/docker/overlay2/060ed42f759a715fe74c9a684738f1616a32e1d0b466caf41a759ab56e9fb2e1/work"},"Name":"overlay2"},"RootFS":{"Type":"layers","Layers":["sha256:e0bac91f0f1000ac22ac8502ca2282167bed5d8a2185558500eb16ed12885281","sha256:83d68d62d00431a63b1c3013e7980a2d2e8603ab74c60603ad7bb83b0a043b8b","sha256:55be57d561a0d04b396c26fd3ec09628e3497b0f120a996b69f036673e9b6bc8","sha256:6f49bfae7055f7725422acae747fa3c0956f89488779ba0b79d6b84d1623dedd","sha256:5729db49454fbcfc0f5c012da315ee92b8db4e2b19faa7c6dbb0c899851314b2","sha256:200d3fe108f1f19ed7965c6b2d1362d449f8a2a92628e582e6fe912dde0e66f6","sha256:236d6e5e231fd8f1bef92a44463e822b658a2c296459f0f7d25031523754cf7a","sha256:55b534a5ae07fdc6f9e450323a691ec06ef6dd05eae493f34ed5aaab4c6143c3","sha256:d19f40cd2aad990826f55f9189f964ecdf1dba9571f51556ca1cac403a3ea279","sha256:6f1f509689713cfd3010986974d541cfd5f0252860da3f3ca344601e3969b274","sha256:761e13d8a7bce4d209dda62ebdc9d32078504fc76389603981fb70994c2f2f9b"]},"Metadata":{"LastTagTime":"0001-01-01T00:00:00Z"}}[\n]"
17:34:33.108 [main] DEBUG com.github.dockerjava.zerodep.shaded.org.apache.hc.client5.http.wire - http-outgoing-1 << "[\r][\n]"
17:34:33.108 [main] DEBUG com.github.dockerjava.zerodep.shaded.org.apache.hc.client5.http.wire - http-outgoing-1 << "0[\r][\n]"
17:34:33.108 [main] DEBUG com.github.dockerjava.zerodep.shaded.org.apache.hc.client5.http.wire - http-outgoing-1 << "[\r][\n]"
17:34:33.108 [main] DEBUG com.github.dockerjava.zerodep.shaded.org.apache.hc.client5.http.headers - http-outgoing-1 << HTTP/1.1 200 OK
17:34:33.108 [main] DEBUG com.github.dockerjava.zerodep.shaded.org.apache.hc.client5.http.headers - http-outgoing-1 << Api-Version: 1.47
17:34:33.108 [main] DEBUG com.github.dockerjava.zerodep.shaded.org.apache.hc.client5.http.headers - http-outgoing-1 << Content-Type: application/json
17:34:33.108 [main] DEBUG com.github.dockerjava.zerodep.shaded.org.apache.hc.client5.http.headers - http-outgoing-1 << Docker-Experimental: false
17:34:33.108 [main] DEBUG com.github.dockerjava.zerodep.shaded.org.apache.hc.client5.http.headers - http-outgoing-1 << Ostype: linux
17:34:33.108 [main] DEBUG com.github.dockerjava.zerodep.shaded.org.apache.hc.client5.http.headers - http-outgoing-1 << Server: Docker/27.4.1 (linux)
17:34:33.108 [main] DEBUG com.github.dockerjava.zerodep.shaded.org.apache.hc.client5.http.headers - http-outgoing-1 << Date: Fri, 20 Dec 2024 16:34:33 GMT
17:34:33.108 [main] DEBUG com.github.dockerjava.zerodep.shaded.org.apache.hc.client5.http.headers - http-outgoing-1 << Transfer-Encoding: chunked
17:34:33.109 [main] DEBUG com.github.dockerjava.zerodep.shaded.org.apache.hc.client5.http.impl.classic.MainClientExec - ex-0000000D: connection can be kept alive for 3 MINUTES
17:34:33.113 [main] DEBUG com.github.dockerjava.zerodep.shaded.org.apache.hc.client5.http.impl.classic.InternalHttpClient - ep-0000000C: releasing valid endpoint
17:34:33.113 [main] DEBUG com.github.dockerjava.zerodep.shaded.org.apache.hc.client5.http.impl.io.PoolingHttpClientConnectionManager - ep-0000000C: releasing endpoint
17:34:33.114 [main] DEBUG com.github.dockerjava.zerodep.shaded.org.apache.hc.client5.http.impl.io.PoolingHttpClientConnectionManager - ep-0000000C: connection http-outgoing-1 can be kept alive for 3 MINUTES
17:34:33.114 [main] DEBUG com.github.dockerjava.zerodep.shaded.org.apache.hc.client5.http.impl.io.PoolingHttpClientConnectionManager - ep-0000000C: connection released [route: {}->unix://localhost:2375][total available: 1; route allocated: 1 of 2147483647; total allocated: 1 of 2147483647]
17:34:33.114 [main] DEBUG org.testcontainers.shaded.com.github.dockerjava.core.command.AbstrDockerCmd - Cmd: 
17:34:33.115 [main] DEBUG com.github.dockerjava.zerodep.shaded.org.apache.hc.client5.http.impl.classic.InternalHttpClient - ex-0000000E: preparing request execution
17:34:33.115 [main] DEBUG com.github.dockerjava.zerodep.shaded.org.apache.hc.client5.http.protocol.RequestAddCookies - Cookie spec selected: strict
17:34:33.115 [main] DEBUG com.github.dockerjava.zerodep.shaded.org.apache.hc.client5.http.protocol.RequestAuthCache - Auth cache not set in the context
17:34:33.115 [main] DEBUG com.github.dockerjava.zerodep.shaded.org.apache.hc.client5.http.impl.classic.ProtocolExec - ex-0000000E: target auth state: UNCHALLENGED
17:34:33.115 [main] DEBUG com.github.dockerjava.zerodep.shaded.org.apache.hc.client5.http.impl.classic.ProtocolExec - ex-0000000E: proxy auth state: UNCHALLENGED
17:34:33.116 [main] DEBUG com.github.dockerjava.zerodep.shaded.org.apache.hc.client5.http.impl.classic.ConnectExec - ex-0000000E: acquiring connection with route {}->unix://localhost:2375
17:34:33.116 [main] DEBUG com.github.dockerjava.zerodep.shaded.org.apache.hc.client5.http.impl.classic.InternalHttpClient - ex-0000000E: acquiring endpoint (3 MINUTES)
17:34:33.116 [main] DEBUG com.github.dockerjava.zerodep.shaded.org.apache.hc.client5.http.impl.io.PoolingHttpClientConnectionManager - ex-0000000E: endpoint lease request (3 MINUTES) [route: {}->unix://localhost:2375][total available: 1; route allocated: 1 of 2147483647; total allocated: 1 of 2147483647]
17:34:33.117 [main] DEBUG com.github.dockerjava.zerodep.shaded.org.apache.hc.client5.http.impl.io.PoolingHttpClientConnectionManager - ex-0000000E: endpoint leased [route: {}->unix://localhost:2375][total available: 0; route allocated: 1 of 2147483647; total allocated: 1 of 2147483647]
17:34:33.117 [main] DEBUG com.github.dockerjava.zerodep.shaded.org.apache.hc.client5.http.impl.io.PoolingHttpClientConnectionManager - ex-0000000E: acquired ep-0000000D
17:34:33.117 [main] DEBUG com.github.dockerjava.zerodep.shaded.org.apache.hc.client5.http.impl.classic.InternalHttpClient - ex-0000000E: acquired endpoint ep-0000000D
17:34:33.117 [main] DEBUG com.github.dockerjava.zerodep.shaded.org.apache.hc.client5.http.impl.classic.MainClientExec - ex-0000000E: executing GET /v1.32/version HTTP/1.1
17:34:33.117 [main] DEBUG com.github.dockerjava.zerodep.shaded.org.apache.hc.client5.http.impl.classic.InternalHttpClient - ep-0000000D: start execution ex-0000000E
17:34:33.117 [main] DEBUG com.github.dockerjava.zerodep.shaded.org.apache.hc.client5.http.impl.io.PoolingHttpClientConnectionManager - ep-0000000D: executing exchange ex-0000000E over http-outgoing-1
17:34:33.117 [main] DEBUG com.github.dockerjava.zerodep.shaded.org.apache.hc.client5.http.headers - http-outgoing-1 >> GET /v1.32/version HTTP/1.1
17:34:33.117 [main] DEBUG com.github.dockerjava.zerodep.shaded.org.apache.hc.client5.http.headers - http-outgoing-1 >> accept: application/json
17:34:33.117 [main] DEBUG com.github.dockerjava.zerodep.shaded.org.apache.hc.client5.http.headers - http-outgoing-1 >> x-tc-sid: 63b6f132-4791-4107-bf40-862197cff523
17:34:33.117 [main] DEBUG com.github.dockerjava.zerodep.shaded.org.apache.hc.client5.http.headers - http-outgoing-1 >> User-Agent: tc-java/1.19.0
17:34:33.117 [main] DEBUG com.github.dockerjava.zerodep.shaded.org.apache.hc.client5.http.headers - http-outgoing-1 >> Accept-Encoding: gzip, x-gzip, deflate
17:34:33.117 [main] DEBUG com.github.dockerjava.zerodep.shaded.org.apache.hc.client5.http.headers - http-outgoing-1 >> Host: localhost:2375
17:34:33.117 [main] DEBUG com.github.dockerjava.zerodep.shaded.org.apache.hc.client5.http.headers - http-outgoing-1 >> Connection: keep-alive
17:34:33.117 [main] DEBUG com.github.dockerjava.zerodep.shaded.org.apache.hc.client5.http.wire - http-outgoing-1 >> "GET /v1.32/version HTTP/1.1[\r][\n]"
17:34:33.117 [main] DEBUG com.github.dockerjava.zerodep.shaded.org.apache.hc.client5.http.wire - http-outgoing-1 >> "accept: application/json[\r][\n]"
17:34:33.118 [main] DEBUG com.github.dockerjava.zerodep.shaded.org.apache.hc.client5.http.wire - http-outgoing-1 >> "x-tc-sid: 63b6f132-4791-4107-bf40-862197cff523[\r][\n]"
17:34:33.118 [main] DEBUG com.github.dockerjava.zerodep.shaded.org.apache.hc.client5.http.wire - http-outgoing-1 >> "User-Agent: tc-java/1.19.0[\r][\n]"
17:34:33.118 [main] DEBUG com.github.dockerjava.zerodep.shaded.org.apache.hc.client5.http.wire - http-outgoing-1 >> "Accept-Encoding: gzip, x-gzip, deflate[\r][\n]"
17:34:33.118 [main] DEBUG com.github.dockerjava.zerodep.shaded.org.apache.hc.client5.http.wire - http-outgoing-1 >> "Host: localhost:2375[\r][\n]"
17:34:33.118 [main] DEBUG com.github.dockerjava.zerodep.shaded.org.apache.hc.client5.http.wire - http-outgoing-1 >> "Connection: keep-alive[\r][\n]"
17:34:33.118 [main] DEBUG com.github.dockerjava.zerodep.shaded.org.apache.hc.client5.http.wire - http-outgoing-1 >> "[\r][\n]"
17:34:33.134 [main] DEBUG com.github.dockerjava.zerodep.shaded.org.apache.hc.client5.http.wire - http-outgoing-1 << "HTTP/1.1 200 OK[\r][\n]"
17:34:33.134 [main] DEBUG com.github.dockerjava.zerodep.shaded.org.apache.hc.client5.http.wire - http-outgoing-1 << "Api-Version: 1.47[\r][\n]"
17:34:33.134 [main] DEBUG com.github.dockerjava.zerodep.shaded.org.apache.hc.client5.http.wire - http-outgoing-1 << "Content-Type: application/json[\r][\n]"
17:34:33.135 [main] DEBUG com.github.dockerjava.zerodep.shaded.org.apache.hc.client5.http.wire - http-outgoing-1 << "Docker-Experimental: false[\r][\n]"
17:34:33.136 [main] DEBUG com.github.dockerjava.zerodep.shaded.org.apache.hc.client5.http.wire - http-outgoing-1 << "Ostype: linux[\r][\n]"
17:34:33.136 [main] DEBUG com.github.dockerjava.zerodep.shaded.org.apache.hc.client5.http.wire - http-outgoing-1 << "Server: Docker/27.4.1 (linux)[\r][\n]"
17:34:33.136 [main] DEBUG com.github.dockerjava.zerodep.shaded.org.apache.hc.client5.http.wire - http-outgoing-1 << "Date: Fri, 20 Dec 2024 16:34:33 GMT[\r][\n]"
17:34:33.136 [main] DEBUG com.github.dockerjava.zerodep.shaded.org.apache.hc.client5.http.wire - http-outgoing-1 << "Content-Length: 834[\r][\n]"
17:34:33.136 [main] DEBUG com.github.dockerjava.zerodep.shaded.org.apache.hc.client5.http.wire - http-outgoing-1 << "[\r][\n]"
17:34:33.138 [main] DEBUG com.github.dockerjava.zerodep.shaded.org.apache.hc.client5.http.wire - http-outgoing-1 << "{"Platform":{"Name":"Docker Engine - Community"},"Components":[{"Name":"Engine","Version":"27.4.1","Details":{"ApiVersion":"1.47","Arch":"amd64","BuildTime":"2024-12-17T15:45:26.000000000+00:00","Experimental":"false","GitCommit":"c710b88","GoVersion":"go1.22.10","KernelVersion":"6.12.4-100.fc40.x86_64","MinAPIVersion":"1.24","Os":"linux"}},{"Name":"containerd","Version":"1.7.24","Details":{"GitCommit":"88bf19b2105c8b17560993bee28a01ddc2f97182"}},{"Name":"runc","Version":"1.2.2","Details":{"GitCommit":"v1.2.2-0-g7cb3632"}},{"Name":"docker-init","Version":"0.19.0","Details":{"GitCommit":"de40ad0"}}],"Version":"27.4.1","ApiVersion":"1.47","MinAPIVersion":"1.24","GitCommit":"c710b88","GoVersion":"go1.22.10","Os":"linux","Arch":"amd64","KernelVersion":"6.12.4-100.fc40.x86_64","BuildTime":"2024-12-17T15:45:26.000000000+00:00"}[\n]"
17:34:33.138 [main] DEBUG com.github.dockerjava.zerodep.shaded.org.apache.hc.client5.http.headers - http-outgoing-1 << HTTP/1.1 200 OK
17:34:33.138 [main] DEBUG com.github.dockerjava.zerodep.shaded.org.apache.hc.client5.http.headers - http-outgoing-1 << Api-Version: 1.47
17:34:33.138 [main] DEBUG com.github.dockerjava.zerodep.shaded.org.apache.hc.client5.http.headers - http-outgoing-1 << Content-Type: application/json
17:34:33.138 [main] DEBUG com.github.dockerjava.zerodep.shaded.org.apache.hc.client5.http.headers - http-outgoing-1 << Docker-Experimental: false
17:34:33.138 [main] DEBUG com.github.dockerjava.zerodep.shaded.org.apache.hc.client5.http.headers - http-outgoing-1 << Ostype: linux
17:34:33.138 [main] DEBUG com.github.dockerjava.zerodep.shaded.org.apache.hc.client5.http.headers - http-outgoing-1 << Server: Docker/27.4.1 (linux)
17:34:33.138 [main] DEBUG com.github.dockerjava.zerodep.shaded.org.apache.hc.client5.http.headers - http-outgoing-1 << Date: Fri, 20 Dec 2024 16:34:33 GMT
17:34:33.138 [main] DEBUG com.github.dockerjava.zerodep.shaded.org.apache.hc.client5.http.headers - http-outgoing-1 << Content-Length: 834
17:34:33.138 [main] DEBUG com.github.dockerjava.zerodep.shaded.org.apache.hc.client5.http.impl.classic.MainClientExec - ex-0000000E: connection can be kept alive for 3 MINUTES
17:34:33.139 [main] DEBUG com.github.dockerjava.zerodep.shaded.org.apache.hc.client5.http.impl.classic.InternalHttpClient - ep-0000000D: releasing valid endpoint
17:34:33.139 [main] DEBUG com.github.dockerjava.zerodep.shaded.org.apache.hc.client5.http.impl.io.PoolingHttpClientConnectionManager - ep-0000000D: releasing endpoint
17:34:33.139 [main] DEBUG com.github.dockerjava.zerodep.shaded.org.apache.hc.client5.http.impl.io.PoolingHttpClientConnectionManager - ep-0000000D: connection http-outgoing-1 can be kept alive for 3 MINUTES
17:34:33.139 [main] DEBUG com.github.dockerjava.zerodep.shaded.org.apache.hc.client5.http.impl.io.PoolingHttpClientConnectionManager - ep-0000000D: connection released [route: {}->unix://localhost:2375][total available: 1; route allocated: 1 of 2147483647; total allocated: 1 of 2147483647]
17:34:33.156 [main] DEBUG org.testcontainers.shaded.com.github.dockerjava.core.command.AbstrDockerCmd - Cmd: org.testcontainers.shaded.com.github.dockerjava.core.command.CopyArchiveToContainerCmdImpl@55f45b92[cp ,-a=false ,<null>, ,770af2197545d3e3e6976b222328bcac6b8bb055e512333aad23627440372275,:,/]
17:34:33.158 [main] DEBUG com.github.dockerjava.zerodep.shaded.org.apache.hc.client5.http.impl.classic.InternalHttpClient - ex-0000000F: preparing request execution
17:34:33.158 [main] DEBUG com.github.dockerjava.zerodep.shaded.org.apache.hc.client5.http.protocol.RequestAddCookies - Cookie spec selected: strict
17:34:33.158 [main] DEBUG com.github.dockerjava.zerodep.shaded.org.apache.hc.client5.http.protocol.RequestAuthCache - Auth cache not set in the context
17:34:33.158 [main] DEBUG com.github.dockerjava.zerodep.shaded.org.apache.hc.client5.http.impl.classic.ProtocolExec - ex-0000000F: target auth state: UNCHALLENGED
17:34:33.158 [main] DEBUG com.github.dockerjava.zerodep.shaded.org.apache.hc.client5.http.impl.classic.ProtocolExec - ex-0000000F: proxy auth state: UNCHALLENGED
17:34:33.158 [main] DEBUG com.github.dockerjava.zerodep.shaded.org.apache.hc.client5.http.impl.classic.ConnectExec - ex-0000000F: acquiring connection with route {}->unix://localhost:2375
17:34:33.158 [main] DEBUG com.github.dockerjava.zerodep.shaded.org.apache.hc.client5.http.impl.classic.InternalHttpClient - ex-0000000F: acquiring endpoint (3 MINUTES)
17:34:33.158 [main] DEBUG com.github.dockerjava.zerodep.shaded.org.apache.hc.client5.http.impl.io.PoolingHttpClientConnectionManager - ex-0000000F: endpoint lease request (3 MINUTES) [route: {}->unix://localhost:2375][total available: 1; route allocated: 1 of 2147483647; total allocated: 1 of 2147483647]
17:34:33.159 [main] DEBUG com.github.dockerjava.zerodep.shaded.org.apache.hc.client5.http.impl.io.PoolingHttpClientConnectionManager - ex-0000000F: endpoint leased [route: {}->unix://localhost:2375][total available: 0; route allocated: 1 of 2147483647; total allocated: 1 of 2147483647]
17:34:33.159 [main] DEBUG com.github.dockerjava.zerodep.shaded.org.apache.hc.client5.http.impl.io.PoolingHttpClientConnectionManager - ex-0000000F: acquired ep-0000000E
17:34:33.159 [main] DEBUG com.github.dockerjava.zerodep.shaded.org.apache.hc.client5.http.impl.classic.InternalHttpClient - ex-0000000F: acquired endpoint ep-0000000E
17:34:33.159 [main] DEBUG com.github.dockerjava.zerodep.shaded.org.apache.hc.client5.http.impl.classic.MainClientExec - ex-0000000F: executing PUT /v1.32/containers/770af2197545d3e3e6976b222328bcac6b8bb055e512333aad23627440372275/archive?noOverwriteDirNonDir=false&path=%2F&copyUIDGID=false HTTP/1.1
17:34:33.159 [main] DEBUG com.github.dockerjava.zerodep.shaded.org.apache.hc.client5.http.impl.classic.InternalHttpClient - ep-0000000E: start execution ex-0000000F
17:34:33.159 [main] DEBUG com.github.dockerjava.zerodep.shaded.org.apache.hc.client5.http.impl.io.PoolingHttpClientConnectionManager - ep-0000000E: executing exchange ex-0000000F over http-outgoing-1
17:34:33.159 [main] DEBUG com.github.dockerjava.zerodep.shaded.org.apache.hc.client5.http.headers - http-outgoing-1 >> PUT /v1.32/containers/770af2197545d3e3e6976b222328bcac6b8bb055e512333aad23627440372275/archive?noOverwriteDirNonDir=false&path=%2F&copyUIDGID=false HTTP/1.1
17:34:33.159 [main] DEBUG com.github.dockerjava.zerodep.shaded.org.apache.hc.client5.http.headers - http-outgoing-1 >> content-type: APPLICATION_X_TAR
17:34:33.159 [main] DEBUG com.github.dockerjava.zerodep.shaded.org.apache.hc.client5.http.headers - http-outgoing-1 >> x-tc-sid: 63b6f132-4791-4107-bf40-862197cff523
17:34:33.159 [main] DEBUG com.github.dockerjava.zerodep.shaded.org.apache.hc.client5.http.headers - http-outgoing-1 >> User-Agent: tc-java/1.19.0
17:34:33.159 [main] DEBUG com.github.dockerjava.zerodep.shaded.org.apache.hc.client5.http.headers - http-outgoing-1 >> Accept-Encoding: gzip, x-gzip, deflate
17:34:33.159 [main] DEBUG com.github.dockerjava.zerodep.shaded.org.apache.hc.client5.http.headers - http-outgoing-1 >> Transfer-Encoding: chunked
17:34:33.159 [main] DEBUG com.github.dockerjava.zerodep.shaded.org.apache.hc.client5.http.headers - http-outgoing-1 >> Host: localhost:2375
17:34:33.159 [main] DEBUG com.github.dockerjava.zerodep.shaded.org.apache.hc.client5.http.headers - http-outgoing-1 >> Connection: keep-alive
17:34:33.159 [main] DEBUG com.github.dockerjava.zerodep.shaded.org.apache.hc.client5.http.wire - http-outgoing-1 >> "PUT /v1.32/containers/770af2197545d3e3e6976b222328bcac6b8bb055e512333aad23627440372275/archive?noOverwriteDirNonDir=false&path=%2F&copyUIDGID=false HTTP/1.1[\r][\n]"
17:34:33.159 [main] DEBUG com.github.dockerjava.zerodep.shaded.org.apache.hc.client5.http.wire - http-outgoing-1 >> "content-type: APPLICATION_X_TAR[\r][\n]"
17:34:33.159 [main] DEBUG com.github.dockerjava.zerodep.shaded.org.apache.hc.client5.http.wire - http-outgoing-1 >> "x-tc-sid: 63b6f132-4791-4107-bf40-862197cff523[\r][\n]"
17:34:33.159 [main] DEBUG com.github.dockerjava.zerodep.shaded.org.apache.hc.client5.http.wire - http-outgoing-1 >> "User-Agent: tc-java/1.19.0[\r][\n]"
17:34:33.159 [main] DEBUG com.github.dockerjava.zerodep.shaded.org.apache.hc.client5.http.wire - http-outgoing-1 >> "Accept-Encoding: gzip, x-gzip, deflate[\r][\n]"
17:34:33.159 [main] DEBUG com.github.dockerjava.zerodep.shaded.org.apache.hc.client5.http.wire - http-outgoing-1 >> "Transfer-Encoding: chunked[\r][\n]"
17:34:33.159 [main] DEBUG com.github.dockerjava.zerodep.shaded.org.apache.hc.client5.http.wire - http-outgoing-1 >> "Host: localhost:2375[\r][\n]"
17:34:33.159 [main] DEBUG com.github.dockerjava.zerodep.shaded.org.apache.hc.client5.http.wire - http-outgoing-1 >> "Connection: keep-alive[\r][\n]"
17:34:33.159 [main] DEBUG com.github.dockerjava.zerodep.shaded.org.apache.hc.client5.http.wire - http-outgoing-1 >> "[\r][\n]"
17:34:33.160 [main] DEBUG com.github.dockerjava.zerodep.shaded.org.apache.hc.client5.http.wire - http-outgoing-1 >> "c00[\r][\n]"
17:34:33.160 [main] DEBUG com.github.dockerjava.zerodep.shaded.org.apache.hc.client5.http.wire - http-outgoing-1 >> "./PaxHeaders.X/testcontainers_start.sh[0x0][0x0][0x0][0x0][0x0][0x0][0x0][0x0][0x0][0x0][0x0][0x0][0x0][0x0][0x0][0x0][0x0][0x0][0x0][0x0][0x0][0x0][0x0][0x0][0x0][0x0][0x0][0x0][0x0][0x0][0x0][0x0][0x0][0x0][0x0][0x0][0x0][0x0][0x0][0x0][0x0][0x0][0x0][0x0][0x0][0x0][0x0][0x0][0x0][0x0][0x0][0x0][0x0][0x0][0x0][0x0][0x0][0x0][0x0][0x0][0x0][0x0]0100644 0000000 0000000 00000000034 14731316231 017120[0x0] x[0x0][0x0][0x0][0x0][0x0][0x0][0x0][0x0][0x0][0x0][0x0][0x0][0x0][0x0][0x0][0x0][0x0][0x0][0x0][0x0][0x0][0x0][0x0][0x0][0x0][0x0][0x0][0x0][0x0][0x0][0x0][0x0][0x0][0x0][0x0][0x0][0x0][0x0][0x0][0x0][0x0][0x0][0x0][0x0][0x0][0x0][0x0][0x0][0x0][0x0][0x0][0x0][0x0][0x0][0x0][0x0][0x0][0x0][0x0][0x0][0x0][0x0][0x0][0x0][0x0][0x0][0x0][0x0][0x0][0x0][0x0][0x0][0x0][0x0][0x0][0x0][0x0][0x0][0x0][0x0][0x0][0x0][0x0][0x0][0x0][0x0][0x0][0x0][0x0][0x0][0x0][0x0][0x0][0x0][0x0][0x0][0x0][0x0][0x0][0x0]ustar[0x0]00[0x0][0x0][0x0][0x0][0x0][0x0][0x0][0x0][0x0][0x0][0x0][0x0][0x0][0x0][0x0][0x0][0x0][0x0][0x0][0x0][0x0][0x0][0x0][0x0][0x0][0x0][0x0][0x0][0x0][0x0][0x0][0x0][0x0][0x0][0x0][0x0][0x0][0x0][0x0][0x0][0x0][0x0][0x0][0x0][0x0][0x0][0x0][0x0][0x0][0x0][0x0][0x0][0x0][0x0][0x0][0x0][0x0][0x0][0x0][0x0][0x0][0x0][0x0][0x0]0000000 0000000 [0x0][0x0][0x0][0x0][0x0][0x0][0x0][0x0][0x0][0x0][0x0][0x0][0x0][0x0][0x0][0x0][0x0][0x0][0x0][0x0][0x0][0x0][0x0][0x0][0x0][0x0][0x0][0x0][0x0][0x0][0x0][0x0][0x0][0x0][0x0][0x0][0x0][0x0][0x0][0x0][0x0][0x0][0x0][0x0][0x0][0x0][0x0][0x0][0x0][0x0][0x0][0x0][0x0][0x0][0x0][0x0][0x0][0x0][0x0][0x0][0x0][0x0][0x0][0x0][0x0][0x0][0x0][0x0][0x0][0x0][0x0][0x0][0x0][0x0][0x0][0x0][0x0][0x0][0x0][0x0][0x0][0x0][0x0][0x0][0x0][0x0][0x0][0x0][0x0][0x0][0x0][0x0][0x0][0x0][0x0][0x0][0x0][0x0][0x0][0x0][0x0][0x0][0x0][0x0][0x0][0x0][0x0][0x0][0x0][0x0][0x0][0x0][0x0][0x0][0x0][0x0][0x0][0x0][0x0][0x0][0x0][0x0][0x0][0x0][0x0][0x0][0x0][0x0][0x0][0x0][0x0][0x0][0x0][0x0][0x0][0x0][0x0][0x0][0x0][0x0][0x0][0x0][0x0][0x0][0x0][0x0][0x0][0x0][0x0][0x0][0x0][0x0][0x0][0x0][0x0][0x0][0x0][0x0][0x0][0x0][0x0][0x0][0x0][0x0][0x0][0x0][0x0]28 mtime=1734712473.1495650[\n]"
17:34:33.161 [main] DEBUG com.github.dockerjava.zerodep.shaded.org.apache.hc.client5.http.wire - http-outgoing-1 >> "[0x0][0x0][0x0][0x0][0x0][0x0][0x0][0x0][0x0][0x0][0x0][0x0][0x0][0x0][0x0][0x0][0x0][0x0][0x0][0x0][0x0][0x0][0x0][0x0][0x0][0x0][0x0][0x0][0x0][0x0][0x0][0x0][0x0][0x0][0x0][0x0][0x0][0x0][0x0][0x0][0x0][0x0][0x0][0x0][0x0][0x0][0x0][0x0][0x0][0x0][0x0][0x0][0x0][0x0][0x0][0x0][0x0][0x0][0x0][0x0][0x0][0x0][0x0][0x0][0x0][0x0][0x0][0x0][0x0][0x0][0x0][0x0][0x0][0x0][0x0][0x0][0x0][0x0][0x0][0x0][0x0][0x0][0x0][0x0][0x0][0x0][0x0][0x0][0x0][0x0][0x0][0x0][0x0][0x0][0x0][0x0][0x0][0x0][0x0][0x0][0x0][0x0][0x0][0x0][0x0][0x0][0x0][0x0][0x0][0x0][0x0][0x0][0x0][0x0][0x0][0x0][0x0][0x0][0x0][0x0][0x0][0x0][0x0][0x0][0x0][0x0][0x0][0x0][0x0][0x0][0x0][0x0][0x0][0x0][0x0][0x0][0x0][0x0][0x0][0x0][0x0][0x0][0x0][0x0][0x0][0x0][0x0][0x0][0x0][0x0][0x0][0x0][0x0][0x0][0x0][0x0][0x0][0x0][0x0][0x0][0x0][0x0][0x0][0x0][0x0][0x0][0x0][0x0][0x0][0x0][0x0][0x0][0x0][0x0][0x0][0x0][0x0][0x0][0x0][0x0][0x0][0x0][0x0][0x0][0x0][0x0][0x0][0x0][0x0][0x0][0x0][0x0][0x0][0x0][0x0][0x0][0x0][0x0][0x0][0x0][0x0][0x0][0x0][0x0][0x0][0x0][0x0][0x0][0x0][0x0][0x0][0x0][0x0][0x0][0x0][0x0][0x0][0x0][0x0][0x0][0x0][0x0][0x0][0x0][0x0][0x0][0x0][0x0][0x0][0x0][0x0][0x0][0x0][0x0][0x0][0x0][0x0][0x0][0x0][0x0][0x0][0x0][0x0][0x0][0x0][0x0][0x0][0x0][0x0][0x0][0x0][0x0][0x0][0x0][0x0][0x0][0x0][0x0][0x0][0x0][0x0][0x0][0x0][0x0][0x0][0x0][0x0][0x0][0x0][0x0][0x0][0x0][0x0][0x0][0x0][0x0][0x0][0x0][0x0][0x0][0x0][0x0][0x0][0x0][0x0][0x0][0x0][0x0][0x0][0x0][0x0][0x0][0x0][0x0][0x0][0x0][0x0][0x0][0x0][0x0][0x0][0x0][0x0][0x0][0x0][0x0][0x0][0x0][0x0][0x0][0x0][0x0][0x0][0x0][0x0][0x0][0x0][0x0][0x0][0x0][0x0][0x0][0x0][0x0][0x0][0x0][0x0][0x0][0x0][0x0][0x0][0x0][0x0][0x0][0x0][0x0][0x0][0x0][0x0][0x0][0x0][0x0][0x0][0x0][0x0][0x0][0x0][0x0][0x0][0x0][0x0][0x0][0x0][0x0][0x0][0x0][0x0][0x0][0x0][0x0][0x0][0x0][0x0][0x0][0x0][0x0][0x0][0x0][0x0][0x0][0x0][0x0][0x0][0x0][0x0][0x0][0x0][0x0][0x0][0x0][0x0][0x0][0x0][0x0][0x0][0x0][0x0][0x0][0x0][0x0][0x0][0x0][0x0][0x0][0x0][0x0][0x0][0x0][0x0][0x0][0x0][0x0][0x0][0x0][0x0][0x0][0x0][0x0][0x0][0x0][0x0][0x0][0x0][0x0][0x0][0x0][0x0][0x0][0x0][0x0][0x0][0x0][0x0][0x0][0x0][0x0][0x0][0x0][0x0][0x0][0x0][0x0][0x0][0x0][0x0][0x0][0x0][0x0][0x0][0x0][0x0][0x0][0x0][0x0][0x0][0x0][0x0][0x0][0x0][0x0][0x0][0x0][0x0][0x0][0x0][0x0][0x0][0x0][0x0][0x0][0x0][0x0][0x0][0x0][0x0][0x0][0x0][0x0][0x0][0x0][0x0][0x0][0x0][0x0][0x0][0x0][0x0][0x0][0x0][0x0][0x0][0x0][0x0][0x0]testcontainers_start.sh[0x0][0x0][0x0][0x0][0x0][0x0][0x0][0x0][0x0][0x0][0x0][0x0][0x0][0x0][0x0][0x0][0x0][0x0][0x0][0x0][0x0][0x0][0x0][0x0][0x0][0x0][0x0][0x0][0x0][0x0][0x0][0x0][0x0][0x0][0x0][0x0][0x0][0x0][0x0][0x0][0x0][0x0][0x0][0x0][0x0][0x0][0x0][0x0][0x0][0x0][0x0][0x0][0x0][0x0][0x0][0x0][0x0][0x0][0x0][0x0][0x0][0x0][0x0][0x0][0x0][0x0][0x0][0x0][0x0][0x0][0x0][0x0][0x0][0x0][0x0][0x0][0x0]0000777 0000000 0000000 00000000604 14731316231 014432[0x0] 0[0x0][0x0][0x0][0x0][0x0][0x0][0x0][0x0][0x0][0x0][0x0][0x0][0x0][0x0][0x0][0x0][0x0][0x0][0x0][0x0][0x0][0x0][0x0][0x0][0x0][0x0][0x0][0x0][0x0][0x0][0x0][0x0][0x0][0x0][0x0][0x0][0x0][0x0][0x0][0x0][0x0][0x0][0x0][0x0][0x0][0x0][0x0][0x0][0x0][0x0][0x0][0x0][0x0][0x0][0x0][0x0][0x0][0x0][0x0][0x0][0x0][0x0][0x0][0x0][0x0][0x0][0x0][0x0][0x0][0x0][0x0][0x0][0x0][0x0][0x0][0x0][0x0][0x0][0x0][0x0][0x0][0x0][0x0][0x0][0x0][0x0][0x0][0x0][0x0][0x0][0x0][0x0][0x0][0x0][0x0][0x0][0x0][0x0][0x0][0x0]ustar[0x0]00[0x0][0x0][0x0][0x0][0x0][0x0][0x0][0x0][0x0][0x0][0x0][0x0][0x0][0x0][0x0][0x0][0x0][0x0][0x0][0x0][0x0][0x0][0x0][0x0][0x0][0x0][0x0][0x0][0x0][0x0][0x0][0x0][0x0][0x0][0x0][0x0][0x0][0x0][0x0][0x0][0x0][0x0][0x0][0x0][0x0][0x0][0x0][0x0][0x0][0x0][0x0][0x0][0x0][0x0][0x0][0x0][0x0][0x0][0x0][0x0][0x0][0x0][0x0][0x0]0000000 0000000 [0x0][0x0][0x0][0x0][0x0][0x0][0x0][0x0][0x0][0x0][0x0][0x0][0x0][0x0][0x0][0x0][0x0][0x0][0x0][0x0][0x0][0x0][0x0][0x0][0x0][0x0][0x0][0x0][0x0][0x0][0x0][0x0][0x0][0x0][0x0][0x0][0x0][0x0][0x0][0x0][0x0][0x0][0x0][0x0][0x0][0x0][0x0][0x0][0x0][0x0][0x0][0x0][0x0][0x0][0x0][0x0][0x0][0x0][0x0][0x0][0x0][0x0][0x0][0x0][0x0][0x0][0x0][0x0][0x0][0x0][0x0][0x0][0x0][0x0][0x0][0x0][0x0][0x0][0x0][0x0][0x0][0x0][0x0][0x0][0x0][0x0][0x0][0x0][0x0][0x0][0x0][0x0][0x0][0x0][0x0][0x0][0x0][0x0][0x0][0x0][0x0][0x0][0x0][0x0][0x0][0x0][0x0][0x0][0x0][0x0][0x0][0x0][0x0][0x0][0x0][0x0][0x0][0x0][0x0][0x0][0x0][0x0][0x0][0x0][0x0][0x0][0x0][0x0][0x0][0x0][0x0][0x0][0x0][0x0][0x0][0x0][0x0][0x0][0x0][0x0][0x0][0x0][0x0][0x0][0x0][0x0][0x0][0x0][0x0][0x0][0x0][0x0][0x0][0x0][0x0][0x0][0x0][0x0][0x0][0x0][0x0][0x0][0x0][0x0][0x0][0x0][0x0]#!/bin/bash[\n]"
17:34:33.161 [main] DEBUG com.github.dockerjava.zerodep.shaded.org.apache.hc.client5.http.wire - http-outgoing-1 >> "export KAFKA_ADVERTISED_LISTENERS=PLAINTEXT://localhost:32785,BROKER://770af2197545:9092[\n]"
17:34:33.161 [main] DEBUG com.github.dockerjava.zerodep.shaded.org.apache.hc.client5.http.wire - http-outgoing-1 >> "echo '' > /etc/confluent/docker/ensure [\n]"
17:34:33.161 [main] DEBUG com.github.dockerjava.zerodep.shaded.org.apache.hc.client5.http.wire - http-outgoing-1 >> "echo 'clientPort=2181' > zookeeper.properties[\n]"
17:34:33.161 [main] DEBUG com.github.dockerjava.zerodep.shaded.org.apache.hc.client5.http.wire - http-outgoing-1 >> "echo 'dataDir=/var/lib/zookeeper/data' >> zookeeper.properties[\n]"
17:34:33.161 [main] DEBUG com.github.dockerjava.zerodep.shaded.org.apache.hc.client5.http.wire - http-outgoing-1 >> "echo 'dataLogDir=/var/lib/zookeeper/log' >> zookeeper.properties[\n]"
17:34:33.161 [main] DEBUG com.github.dockerjava.zerodep.shaded.org.apache.hc.client5.http.wire - http-outgoing-1 >> "zookeeper-server-start zookeeper.properties &[\n]"
17:34:33.161 [main] DEBUG com.github.dockerjava.zerodep.shaded.org.apache.hc.client5.http.wire - http-outgoing-1 >> "/etc/confluent/docker/run [\n]"
17:34:33.161 [main] DEBUG com.github.dockerjava.zerodep.shaded.org.apache.hc.client5.http.wire - http-outgoing-1 >> "[0x0][0x0][0x0][0x0][0x0][0x0][0x0][0x0][0x0][0x0][0x0][0x0][0x0][0x0][0x0][0x0][0x0][0x0][0x0][0x0][0x0][0x0][0x0][0x0][0x0][0x0][0x0][0x0][0x0][0x0][0x0][0x0][0x0][0x0][0x0][0x0][0x0][0x0][0x0][0x0][0x0][0x0][0x0][0x0][0x0][0x0][0x0][0x0][0x0][0x0][0x0][0x0][0x0][0x0][0x0][0x0][0x0][0x0][0x0][0x0][0x0][0x0][0x0][0x0][0x0][0x0][0x0][0x0][0x0][0x0][0x0][0x0][0x0][0x0][0x0][0x0][0x0][0x0][0x0][0x0][0x0][0x0][0x0][0x0][0x0][0x0][0x0][0x0][0x0][0x0][0x0][0x0][0x0][0x0][0x0][0x0][0x0][0x0][0x0][0x0][0x0][0x0][0x0][0x0][0x0][0x0][0x0][0x0][0x0][0x0][0x0][0x0][0x0][0x0][0x0][0x0][0x0][0x0][0x0][0x0][0x0][0x0][0x0][0x0][0x0][0x0][0x0][0x0][0x0][0x0][0x0][0x0][0x0][0x0][0x0][0x0][0x0][0x0][0x0][0x0][0x0][0x0][0x0][0x0][0x0][0x0][0x0][0x0][0x0][0x0][0x0][0x0][0x0][0x0][0x0][0x0][0x0][0x0][0x0][0x0][0x0][0x0][0x0][0x0][0x0][0x0][0x0][0x0][0x0][0x0][0x0][0x0][0x0][0x0][0x0][0x0][0x0][0x0][0x0][0x0][0x0][0x0][0x0][0x0][0x0][0x0][0x0][0x0][0x0][0x0][0x0][0x0][0x0][0x0][0x0][0x0][0x0][0x0][0x0][0x0][0x0][0x0][0x0][0x0][0x0][0x0][0x0][0x0][0x0][0x0][0x0][0x0][0x0][0x0][0x0][0x0][0x0][0x0][0x0][0x0][0x0][0x0][0x0][0x0][0x0][0x0][0x0][0x0][0x0][0x0][0x0][0x0][0x0][0x0][0x0][0x0][0x0][0x0][0x0][0x0][0x0][0x0][0x0][0x0][0x0][0x0][0x0][0x0][0x0][0x0][0x0][0x0][0x0][0x0][0x0][0x0][0x0][0x0][0x0][0x0][0x0][0x0][0x0][0x0][0x0][0x0][0x0][0x0][0x0][0x0][0x0][0x0][0x0][0x0][0x0][0x0][0x0][0x0][0x0][0x0][0x0][0x0][0x0][0x0][0x0][0x0][0x0][0x0][0x0][0x0][0x0][0x0][0x0][0x0][0x0][0x0][0x0][0x0][0x0][0x0][0x0][0x0][0x0][0x0][0x0][0x0][0x0][0x0][0x0][0x0][0x0][0x0][0x0][0x0][0x0][0x0][0x0][0x0][0x0][0x0][0x0][0x0][0x0][0x0][0x0][0x0][0x0][0x0][0x0][0x0][0x0][0x0][0x0][0x0][0x0][0x0][0x0][0x0][0x0][0x0][0x0][0x0][0x0][0x0][0x0][0x0][0x0][0x0][0x0][0x0][0x0][0x0][0x0][0x0][0x0][0x0][0x0][0x0][0x0][0x0][0x0][0x0][0x0][0x0][0x0][0x0][0x0][0x0][0x0][0x0][0x0][0x0][0x0][0x0][0x0][0x0][0x0][0x0][0x0][0x0][0x0][0x0][0x0][0x0][0x0][0x0][0x0][0x0][0x0][0x0][0x0][0x0][0x0][0x0][0x0][0x0][0x0][0x0][0x0][0x0][0x0][0x0][0x0][0x0][0x0][0x0][0x0][0x0][0x0][0x0][0x0][0x0][0x0][0x0][0x0][0x0][0x0][0x0][0x0][0x0][0x0][0x0][0x0][0x0][0x0][0x0][0x0][0x0][0x0][0x0][0x0][0x0][0x0][0x0][0x0][0x0][0x0][0x0][0x0][0x0][0x0][0x0][0x0][0x0][0x0][0x0][0x0][0x0][0x0][0x0][0x0][0x0][0x0][0x0][0x0][0x0][0x0][0x0][0x0][0x0][0x0][0x0][0x0][0x0][0x0][0x0][0x0][0x0][0x0][0x0][0x0][0x0][0x0][0x0][0x0][0x0][0x0][0x0][0x0][0x0][0x0][0x0][0x0][0x0][0x0][0x0][0x0][0x0][0x0][0x0][0x0][0x0][0x0][0x0][0x0][0x0][0x0][0x0][0x0][0x0][0x0][0x0][0x0][0x0][0x0][0x0][0x0][0x0][0x0][0x0][0x0][0x0][0x0][0x0][0x0][0x0][0x0][0x0][0x0][0x0][0x0][0x0][0x0][0x0][0x0][0x0][0x0][0x0][0x0][0x0][0x0][0x0][0x0][0x0][0x0][0x0][0x0][0x0][0x0][0x0][0x0][0x0][0x0][0x0][0x0][0x0][0x0][0x0][0x0][0x0][0x0][0x0][0x0][0x0][0x0][0x0][0x0][0x0][0x0][0x0][0x0][0x0][0x0][0x0][0x0][0x0][0x0][0x0][0x0][0x0][0x0][0x0][0x0][0x0][0x0][0x0][0x0][0x0][0x0][0x0][0x0][0x0][0x0][0x0][0x0][0x0][0x0][0x0][0x0][0x0][0x0][0x0][0x0][0x0][0x0][0x0][0x0][0x0][0x0][0x0][0x0][0x0][0x0][0x0][0x0][0x0][0x0][0x0][0x0][0x0][0x0][0x0][0x0][0x0][0x0][0x0][0x0][0x0][0x0][0x0][0x0][0x0][0x0][0x0][0x0][0x0][0x0][0x0][0x0][0x0][0x0][0x0][0x0][0x0][0x0][0x0][0x0][0x0][0x0][0x0][0x0][0x0][0x0][0x0][0x0][0x0][0x0][0x0][0x0][0x0][0x0][0x0][0x0][0x0][0x0][0x0][0x0][0x0][0x0][0x0][0x0][0x0][0x0][0x0][0x0][0x0][0x0][0x0][0x0][0x0][0x0][0x0][0x0][0x0][0x0][0x0][0x0][0x0][0x0][0x0][0x0][0x0][0x0][0x0][0x0][0x0][0x0][0x0][0x0][0x0][0x0][0x0][0x0][0x0][0x0][0x0][0x0][0x0][0x0][0x0][0x0][0x0][0x0][0x0][0x0][0x0][0x0][0x0][0x0][0x0][0x0][0x0][0x0][0x0][0x0][0x0][0x0][0x0][0x0][0x0][0x0][0x0][0x0][0x0][0x0][0x0][0x0][0x0][0x0][0x0][0x0][0x0][0x0][0x0][0x0][0x0][0x0][0x0][0x0][0x0][0x0][0x0][0x0][0x0][0x0][0x0][0x0][0x0][0x0][0x0][0x0][0x0][0x0][0x0][0x0][0x0][0x0][0x0][0x0][0x0][0x0][0x0][0x0][0x0][0x0][0x0][0x0][0x0][0x0][0x0][0x0][0x0][0x0][0x0][0x0][0x0][0x0][0x0][0x0][0x0][0x0][0x0][0x0][0x0][0x0][0x0][0x0][0x0][0x0][0x0][0x0][0x0][0x0][0x0][0x0][0x0][0x0][0x0][0x0][0x0][0x0][0x0][0x0][0x0][0x0][0x0][0x0][0x0][0x0][0x0][0x0][0x0][0x0][0x0][0x0][0x0][0x0][0x0][0x0][0x0][0x0][0x0][0x0][0x0][0x0][0x0][0x0][0x0][0x0][0x0][0x0][0x0][0x0][0x0][0x0][0x0][0x0][0x0][0x0][0x0][0x0][0x0][0x0][0x0][0x0][0x0][0x0][0x0][0x0][0x0][0x0][0x0][0x0][0x0][0x0][0x0][0x0][0x0][0x0][0x0][0x0][0x0][0x0][0x0][0x0][0x0][0x0][0x0][0x0][0x0][0x0][0x0][0x0][0x0][0x0][0x0][0x0][0x0][0x0][0x0][0x0][0x0][0x0][0x0][0x0][0x0][0x0][0x0][0x0][0x0][0x0][0x0][0x0][0x0][0x0][0x0][0x0][0x0][0x0][0x0][0x0][0x0][0x0][0x0][0x0][0x0][0x0][0x0][0x0][0x0][0x0][0x0][0x0][0x0][0x0][0x0][0x0][0x0][0x0][0x0][0x0][0x0][0x0][0x0][0x0][0x0][0x0][0x0][0x0][0x0][0x0][0x0][0x0][0x0][0x0][0x0][0x0][0x0][0x0][0x0][0x0][0x0][0x0][0x0][0x0][0x0][0x0][0x0][0x0][0x0][0x0][0x0][0x0][0x0][0x0][0x0][0x0][0x0][0x0][0x0][0x0][0x0][0x0][0x0][0x0][0x0][0x0][0x0][0x0][0x0][0x0][0x0][0x0][0x0][0x0][0x0][0x0][0x0][0x0][0x0][0x0][0x0][0x0][0x0][0x0][0x0][0x0][0x0][0x0][0x0][0x0][0x0][0x0][0x0][0x0][0x0][0x0][0x0][0x0][0x0][0x0][0x0][0x0][0x0][0x0][0x0][0x0][0x0][0x0][0x0][0x0][0x0][0x0][0x0][0x0][0x0][0x0][0x0][0x0][0x0][0x0][0x0][0x0][0x0][0x0][0x0][0x0][0x0][0x0][0x0][0x0][0x0][0x0][0x0][0x0][0x0][0x0][0x0][0x0][0x0][0x0][0x0][0x0][0x0][0x0][0x0][0x0][0x0][0x0][0x0][0x0][0x0][0x0][0x0][0x0][0x0][0x0][0x0][0x0][0x0][0x0][0x0][0x0][0x0][0x0][0x0][0x0][0x0][0x0][0x0][0x0][0x0][0x0][0x0][0x0][0x0][0x0][0x0][0x0][0x0][0x0][0x0][0x0][0x0][0x0][0x0][0x0][0x0][0x0][0x0][0x0][0x0][0x0][0x0][0x0][0x0][0x0][0x0][0x0][0x0][0x0][0x0][0x0][0x0][0x0][0x0][0x0][0x0][0x0][0x0][0x0][0x0][0x0][0x0][0x0][0x0][0x0][0x0][0x0][0x0][0x0][0x0][0x0][0x0][0x0][0x0][0x0][0x0][0x0][0x0][0x0][0x0][0x0][0x0][0x0][0x0][0x0][0x0][0x0][0x0][0x0][0x0][0x0][0x0][0x0][0x0][0x0][0x0][\r][\n]"
17:34:33.161 [main] DEBUG com.github.dockerjava.zerodep.shaded.org.apache.hc.client5.http.wire - http-outgoing-1 >> "0[\r][\n]"
17:34:33.161 [main] DEBUG com.github.dockerjava.zerodep.shaded.org.apache.hc.client5.http.wire - http-outgoing-1 >> "[\r][\n]"
17:34:33.165 [main] DEBUG com.github.dockerjava.zerodep.shaded.org.apache.hc.client5.http.wire - http-outgoing-1 << "HTTP/1.1 200 OK[\r][\n]"
17:34:33.165 [main] DEBUG com.github.dockerjava.zerodep.shaded.org.apache.hc.client5.http.wire - http-outgoing-1 << "Api-Version: 1.47[\r][\n]"
17:34:33.165 [main] DEBUG com.github.dockerjava.zerodep.shaded.org.apache.hc.client5.http.wire - http-outgoing-1 << "Docker-Experimental: false[\r][\n]"
17:34:33.165 [main] DEBUG com.github.dockerjava.zerodep.shaded.org.apache.hc.client5.http.wire - http-outgoing-1 << "Ostype: linux[\r][\n]"
17:34:33.166 [main] DEBUG com.github.dockerjava.zerodep.shaded.org.apache.hc.client5.http.wire - http-outgoing-1 << "Server: Docker/27.4.1 (linux)[\r][\n]"
17:34:33.166 [main] DEBUG com.github.dockerjava.zerodep.shaded.org.apache.hc.client5.http.wire - http-outgoing-1 << "Date: Fri, 20 Dec 2024 16:34:33 GMT[\r][\n]"
17:34:33.166 [main] DEBUG com.github.dockerjava.zerodep.shaded.org.apache.hc.client5.http.wire - http-outgoing-1 << "Content-Length: 0[\r][\n]"
17:34:33.166 [main] DEBUG com.github.dockerjava.zerodep.shaded.org.apache.hc.client5.http.wire - http-outgoing-1 << "[\r][\n]"
17:34:33.166 [main] DEBUG com.github.dockerjava.zerodep.shaded.org.apache.hc.client5.http.headers - http-outgoing-1 << HTTP/1.1 200 OK
17:34:33.166 [main] DEBUG com.github.dockerjava.zerodep.shaded.org.apache.hc.client5.http.headers - http-outgoing-1 << Api-Version: 1.47
17:34:33.166 [main] DEBUG com.github.dockerjava.zerodep.shaded.org.apache.hc.client5.http.headers - http-outgoing-1 << Docker-Experimental: false
17:34:33.166 [main] DEBUG com.github.dockerjava.zerodep.shaded.org.apache.hc.client5.http.headers - http-outgoing-1 << Ostype: linux
17:34:33.166 [main] DEBUG com.github.dockerjava.zerodep.shaded.org.apache.hc.client5.http.headers - http-outgoing-1 << Server: Docker/27.4.1 (linux)
17:34:33.166 [main] DEBUG com.github.dockerjava.zerodep.shaded.org.apache.hc.client5.http.headers - http-outgoing-1 << Date: Fri, 20 Dec 2024 16:34:33 GMT
17:34:33.166 [main] DEBUG com.github.dockerjava.zerodep.shaded.org.apache.hc.client5.http.headers - http-outgoing-1 << Content-Length: 0
17:34:33.166 [main] DEBUG com.github.dockerjava.zerodep.shaded.org.apache.hc.client5.http.impl.classic.MainClientExec - ex-0000000F: connection can be kept alive for 3 MINUTES
17:34:33.166 [main] DEBUG com.github.dockerjava.zerodep.shaded.org.apache.hc.client5.http.impl.classic.InternalHttpClient - ep-0000000E: releasing valid endpoint
17:34:33.166 [main] DEBUG com.github.dockerjava.zerodep.shaded.org.apache.hc.client5.http.impl.io.PoolingHttpClientConnectionManager - ep-0000000E: releasing endpoint
17:34:33.166 [main] DEBUG com.github.dockerjava.zerodep.shaded.org.apache.hc.client5.http.impl.io.PoolingHttpClientConnectionManager - ep-0000000E: connection http-outgoing-1 can be kept alive for 3 MINUTES
17:34:33.166 [main] DEBUG com.github.dockerjava.zerodep.shaded.org.apache.hc.client5.http.impl.io.PoolingHttpClientConnectionManager - ep-0000000E: connection released [route: {}->unix://localhost:2375][total available: 1; route allocated: 1 of 2147483647; total allocated: 1 of 2147483647]
17:34:33.166 [main] DEBUG com.github.dockerjava.zerodep.shaded.org.apache.hc.client5.http.impl.classic.ProtocolExec - ex-0000000F: Cannot retry non-repeatable request
17:34:33.166 [main] DEBUG com.github.dockerjava.zerodep.shaded.org.apache.hc.client5.http.impl.classic.HttpRequestRetryExec - ex-0000000F: cannot retry non-repeatable request
17:34:33.167 [docker-java-stream--1935083709] DEBUG com.github.dockerjava.zerodep.shaded.org.apache.hc.client5.http.impl.classic.InternalHttpClient - ex-00000010: preparing request execution
17:34:33.167 [docker-java-stream--1935083709] DEBUG com.github.dockerjava.zerodep.shaded.org.apache.hc.client5.http.protocol.RequestAddCookies - Cookie spec selected: strict
17:34:33.167 [docker-java-stream--1935083709] DEBUG com.github.dockerjava.zerodep.shaded.org.apache.hc.client5.http.protocol.RequestAuthCache - Auth cache not set in the context
17:34:33.168 [docker-java-stream--1935083709] DEBUG com.github.dockerjava.zerodep.shaded.org.apache.hc.client5.http.impl.classic.ProtocolExec - ex-00000010: target auth state: UNCHALLENGED
17:34:33.168 [docker-java-stream--1935083709] DEBUG com.github.dockerjava.zerodep.shaded.org.apache.hc.client5.http.impl.classic.ProtocolExec - ex-00000010: proxy auth state: UNCHALLENGED
17:34:33.168 [docker-java-stream--1935083709] DEBUG com.github.dockerjava.zerodep.shaded.org.apache.hc.client5.http.impl.classic.ConnectExec - ex-00000010: acquiring connection with route {}->unix://localhost:2375
17:34:33.168 [docker-java-stream--1935083709] DEBUG com.github.dockerjava.zerodep.shaded.org.apache.hc.client5.http.impl.classic.InternalHttpClient - ex-00000010: acquiring endpoint (3 MINUTES)
17:34:33.168 [docker-java-stream--1935083709] DEBUG com.github.dockerjava.zerodep.shaded.org.apache.hc.client5.http.impl.io.PoolingHttpClientConnectionManager - ex-00000010: endpoint lease request (3 MINUTES) [route: {}->unix://localhost:2375][total available: 1; route allocated: 1 of 2147483647; total allocated: 1 of 2147483647]
17:34:33.168 [docker-java-stream--1935083709] DEBUG com.github.dockerjava.zerodep.shaded.org.apache.hc.client5.http.impl.io.PoolingHttpClientConnectionManager - ex-00000010: endpoint leased [route: {}->unix://localhost:2375][total available: 0; route allocated: 1 of 2147483647; total allocated: 1 of 2147483647]
17:34:33.168 [docker-java-stream--1935083709] DEBUG com.github.dockerjava.zerodep.shaded.org.apache.hc.client5.http.impl.io.PoolingHttpClientConnectionManager - ex-00000010: acquired ep-0000000F
17:34:33.168 [docker-java-stream--1935083709] DEBUG com.github.dockerjava.zerodep.shaded.org.apache.hc.client5.http.impl.classic.InternalHttpClient - ex-00000010: acquired endpoint ep-0000000F
17:34:33.168 [docker-java-stream--1935083709] DEBUG com.github.dockerjava.zerodep.shaded.org.apache.hc.client5.http.impl.classic.MainClientExec - ex-00000010: executing GET /v1.32/containers/770af2197545d3e3e6976b222328bcac6b8bb055e512333aad23627440372275/logs?stdout=true&stderr=true&follow=true&since=0 HTTP/1.1
17:34:33.168 [docker-java-stream--1935083709] DEBUG com.github.dockerjava.zerodep.shaded.org.apache.hc.client5.http.impl.classic.InternalHttpClient - ep-0000000F: start execution ex-00000010
17:34:33.168 [docker-java-stream--1935083709] DEBUG com.github.dockerjava.zerodep.shaded.org.apache.hc.client5.http.impl.io.PoolingHttpClientConnectionManager - ep-0000000F: executing exchange ex-00000010 over http-outgoing-1
17:34:33.168 [docker-java-stream--1935083709] DEBUG com.github.dockerjava.zerodep.shaded.org.apache.hc.client5.http.headers - http-outgoing-1 >> GET /v1.32/containers/770af2197545d3e3e6976b222328bcac6b8bb055e512333aad23627440372275/logs?stdout=true&stderr=true&follow=true&since=0 HTTP/1.1
17:34:33.168 [docker-java-stream--1935083709] DEBUG com.github.dockerjava.zerodep.shaded.org.apache.hc.client5.http.headers - http-outgoing-1 >> x-tc-sid: 63b6f132-4791-4107-bf40-862197cff523
17:34:33.168 [docker-java-stream--1935083709] DEBUG com.github.dockerjava.zerodep.shaded.org.apache.hc.client5.http.headers - http-outgoing-1 >> User-Agent: tc-java/1.19.0
17:34:33.168 [docker-java-stream--1935083709] DEBUG com.github.dockerjava.zerodep.shaded.org.apache.hc.client5.http.headers - http-outgoing-1 >> Accept-Encoding: gzip, x-gzip, deflate
17:34:33.168 [docker-java-stream--1935083709] DEBUG com.github.dockerjava.zerodep.shaded.org.apache.hc.client5.http.headers - http-outgoing-1 >> Host: localhost:2375
17:34:33.168 [docker-java-stream--1935083709] DEBUG com.github.dockerjava.zerodep.shaded.org.apache.hc.client5.http.headers - http-outgoing-1 >> Connection: keep-alive
17:34:33.168 [docker-java-stream--1935083709] DEBUG com.github.dockerjava.zerodep.shaded.org.apache.hc.client5.http.wire - http-outgoing-1 >> "GET /v1.32/containers/770af2197545d3e3e6976b222328bcac6b8bb055e512333aad23627440372275/logs?stdout=true&stderr=true&follow=true&since=0 HTTP/1.1[\r][\n]"
17:34:33.168 [docker-java-stream--1935083709] DEBUG com.github.dockerjava.zerodep.shaded.org.apache.hc.client5.http.wire - http-outgoing-1 >> "x-tc-sid: 63b6f132-4791-4107-bf40-862197cff523[\r][\n]"
17:34:33.168 [docker-java-stream--1935083709] DEBUG com.github.dockerjava.zerodep.shaded.org.apache.hc.client5.http.wire - http-outgoing-1 >> "User-Agent: tc-java/1.19.0[\r][\n]"
17:34:33.168 [docker-java-stream--1935083709] DEBUG com.github.dockerjava.zerodep.shaded.org.apache.hc.client5.http.wire - http-outgoing-1 >> "Accept-Encoding: gzip, x-gzip, deflate[\r][\n]"
17:34:33.168 [docker-java-stream--1935083709] DEBUG com.github.dockerjava.zerodep.shaded.org.apache.hc.client5.http.wire - http-outgoing-1 >> "Host: localhost:2375[\r][\n]"
17:34:33.168 [docker-java-stream--1935083709] DEBUG com.github.dockerjava.zerodep.shaded.org.apache.hc.client5.http.wire - http-outgoing-1 >> "Connection: keep-alive[\r][\n]"
17:34:33.168 [docker-java-stream--1935083709] DEBUG com.github.dockerjava.zerodep.shaded.org.apache.hc.client5.http.wire - http-outgoing-1 >> "[\r][\n]"
17:34:33.169 [docker-java-stream--1935083709] DEBUG com.github.dockerjava.zerodep.shaded.org.apache.hc.client5.http.wire - http-outgoing-1 << "HTTP/1.1 200 OK[\r][\n]"
17:34:33.169 [docker-java-stream--1935083709] DEBUG com.github.dockerjava.zerodep.shaded.org.apache.hc.client5.http.wire - http-outgoing-1 << "Api-Version: 1.47[\r][\n]"
17:34:33.169 [docker-java-stream--1935083709] DEBUG com.github.dockerjava.zerodep.shaded.org.apache.hc.client5.http.wire - http-outgoing-1 << "Content-Type: application/vnd.docker.raw-stream[\r][\n]"
17:34:33.169 [docker-java-stream--1935083709] DEBUG com.github.dockerjava.zerodep.shaded.org.apache.hc.client5.http.wire - http-outgoing-1 << "Docker-Experimental: false[\r][\n]"
17:34:33.169 [docker-java-stream--1935083709] DEBUG com.github.dockerjava.zerodep.shaded.org.apache.hc.client5.http.wire - http-outgoing-1 << "Ostype: linux[\r][\n]"
17:34:33.169 [docker-java-stream--1935083709] DEBUG com.github.dockerjava.zerodep.shaded.org.apache.hc.client5.http.wire - http-outgoing-1 << "Server: Docker/27.4.1 (linux)[\r][\n]"
17:34:33.169 [docker-java-stream--1935083709] DEBUG com.github.dockerjava.zerodep.shaded.org.apache.hc.client5.http.wire - http-outgoing-1 << "Date: Fri, 20 Dec 2024 16:34:33 GMT[\r][\n]"
17:34:33.169 [docker-java-stream--1935083709] DEBUG com.github.dockerjava.zerodep.shaded.org.apache.hc.client5.http.wire - http-outgoing-1 << "Transfer-Encoding: chunked[\r][\n]"
17:34:33.169 [docker-java-stream--1935083709] DEBUG com.github.dockerjava.zerodep.shaded.org.apache.hc.client5.http.wire - http-outgoing-1 << "[\r][\n]"
17:34:33.169 [docker-java-stream--1935083709] DEBUG com.github.dockerjava.zerodep.shaded.org.apache.hc.client5.http.headers - http-outgoing-1 << HTTP/1.1 200 OK
17:34:33.169 [docker-java-stream--1935083709] DEBUG com.github.dockerjava.zerodep.shaded.org.apache.hc.client5.http.headers - http-outgoing-1 << Api-Version: 1.47
17:34:33.169 [docker-java-stream--1935083709] DEBUG com.github.dockerjava.zerodep.shaded.org.apache.hc.client5.http.headers - http-outgoing-1 << Content-Type: application/vnd.docker.raw-stream
17:34:33.169 [docker-java-stream--1935083709] DEBUG com.github.dockerjava.zerodep.shaded.org.apache.hc.client5.http.headers - http-outgoing-1 << Docker-Experimental: false
17:34:33.169 [docker-java-stream--1935083709] DEBUG com.github.dockerjava.zerodep.shaded.org.apache.hc.client5.http.headers - http-outgoing-1 << Ostype: linux
17:34:33.169 [docker-java-stream--1935083709] DEBUG com.github.dockerjava.zerodep.shaded.org.apache.hc.client5.http.headers - http-outgoing-1 << Server: Docker/27.4.1 (linux)
17:34:33.170 [docker-java-stream--1935083709] DEBUG com.github.dockerjava.zerodep.shaded.org.apache.hc.client5.http.headers - http-outgoing-1 << Date: Fri, 20 Dec 2024 16:34:33 GMT
17:34:33.170 [docker-java-stream--1935083709] DEBUG com.github.dockerjava.zerodep.shaded.org.apache.hc.client5.http.headers - http-outgoing-1 << Transfer-Encoding: chunked
17:34:33.170 [docker-java-stream--1935083709] DEBUG com.github.dockerjava.zerodep.shaded.org.apache.hc.client5.http.impl.classic.MainClientExec - ex-00000010: connection can be kept alive for 3 MINUTES
17:34:33.219 [docker-java-stream--1935083709] DEBUG com.github.dockerjava.zerodep.shaded.org.apache.hc.client5.http.wire - http-outgoing-1 << "12[\r][\n]"
17:34:33.219 [docker-java-stream--1935083709] DEBUG com.github.dockerjava.zerodep.shaded.org.apache.hc.client5.http.wire - http-outgoing-1 << "[0x1][0x0][0x0][0x0][0x0][0x0][0x0][\n]"
17:34:33.219 [docker-java-stream--1935083709] DEBUG com.github.dockerjava.zerodep.shaded.org.apache.hc.client5.http.wire - http-outgoing-1 << "===> User[\n]"
17:34:33.219 [docker-java-stream--1935083709] DEBUG com.github.dockerjava.zerodep.shaded.org.apache.hc.client5.http.wire - http-outgoing-1 << "[\r][\n]"
17:34:33.219 [main] DEBUG org.testcontainers.containers.output.WaitingConsumer - STDOUT: ===> User
17:34:33.223 [docker-java-stream--1935083709] DEBUG com.github.dockerjava.zerodep.shaded.org.apache.hc.client5.http.wire - http-outgoing-1 << "41[\r][\n]"
17:34:33.223 [docker-java-stream--1935083709] DEBUG com.github.dockerjava.zerodep.shaded.org.apache.hc.client5.http.wire - http-outgoing-1 << "[0x1][0x0][0x0][0x0][0x0][0x0][0x0]9uid=1000(appuser) gid=1000(appuser) groups=1000(appuser)[\n]"
17:34:33.223 [docker-java-stream--1935083709] DEBUG com.github.dockerjava.zerodep.shaded.org.apache.hc.client5.http.wire - http-outgoing-1 << "[\r][\n]"
17:34:33.223 [docker-java-stream--1935083709] DEBUG com.github.dockerjava.zerodep.shaded.org.apache.hc.client5.http.wire - http-outgoing-1 << "1d[\r][\n]"
17:34:33.223 [docker-java-stream--1935083709] DEBUG com.github.dockerjava.zerodep.shaded.org.apache.hc.client5.http.wire - http-outgoing-1 << "[0x1][0x0][0x0][0x0][0x0][0x0][0x0][0x15]===> Configuring ...[\n]"
17:34:33.223 [docker-java-stream--1935083709] DEBUG com.github.dockerjava.zerodep.shaded.org.apache.hc.client5.http.wire - http-outgoing-1 << "[\r][\n]"
17:34:33.230 [docker-java-stream--1935083709] DEBUG com.github.dockerjava.zerodep.shaded.org.apache.hc.client5.http.wire - http-outgoing-1 << "25[\r][\n]"
17:34:33.230 [docker-java-stream--1935083709] DEBUG com.github.dockerjava.zerodep.shaded.org.apache.hc.client5.http.wire - http-outgoing-1 << "[0x1][0x0][0x0][0x0][0x0][0x0][0x0][0x1d]Running in Zookeeper mode...[\n]"
17:34:33.230 [docker-java-stream--1935083709] DEBUG com.github.dockerjava.zerodep.shaded.org.apache.hc.client5.http.wire - http-outgoing-1 << "[\r][\n]"
17:34:33.230 [main] DEBUG org.testcontainers.containers.output.WaitingConsumer - STDOUT: ===> Configuring ...
17:34:33.230 [main] DEBUG org.testcontainers.containers.output.WaitingConsumer - STDOUT: Running in Zookeeper mode...
17:34:33.230 [main] DEBUG org.testcontainers.containers.output.WaitingConsumer - STDOUT: uid=1000(appuser) gid=1000(appuser) groups=1000(appuser)
17:34:34.753 [docker-java-stream--1935083709] DEBUG com.github.dockerjava.zerodep.shaded.org.apache.hc.client5.http.wire - http-outgoing-1 << "8e[\r][\n]"
17:34:34.754 [docker-java-stream--1935083709] DEBUG com.github.dockerjava.zerodep.shaded.org.apache.hc.client5.http.wire - http-outgoing-1 << "[0x1][0x0][0x0][0x0][0x0][0x0][0x0][0xffffff86][2024-12-20 16:34:34,751] INFO Reading configuration from: zookeeper.properties (org.apache.zookeeper.server.quorum.QuorumPeerConfig)[\n]"
17:34:34.754 [docker-java-stream--1935083709] DEBUG com.github.dockerjava.zerodep.shaded.org.apache.hc.client5.http.wire - http-outgoing-1 << "[\r][\n]"
17:34:34.754 [main] DEBUG org.testcontainers.containers.output.WaitingConsumer - STDOUT: [2024-12-20 16:34:34,751] INFO Reading configuration from: zookeeper.properties (org.apache.zookeeper.server.quorum.QuorumPeerConfig)
17:34:34.756 [docker-java-stream--1935083709] DEBUG com.github.dockerjava.zerodep.shaded.org.apache.hc.client5.http.wire - http-outgoing-1 << "a8[\r][\n]"
17:34:34.757 [docker-java-stream--1935083709] DEBUG com.github.dockerjava.zerodep.shaded.org.apache.hc.client5.http.wire - http-outgoing-1 << "[0x1][0x0][0x0][0x0][0x0][0x0][0x0][0xffffffa0][2024-12-20 16:34:34,755] WARN zookeeper.properties is relative. Prepend ./ to indicate that you're sure! (org.apache.zookeeper.server.quorum.QuorumPeerConfig)[\n]"
17:34:34.757 [docker-java-stream--1935083709] DEBUG com.github.dockerjava.zerodep.shaded.org.apache.hc.client5.http.wire - http-outgoing-1 << "[\r][\n]"
17:34:34.765 [main] DEBUG org.testcontainers.containers.output.WaitingConsumer - STDOUT: [2024-12-20 16:34:34,755] WARN zookeeper.properties is relative. Prepend ./ to indicate that you're sure! (org.apache.zookeeper.server.quorum.QuorumPeerConfig)
17:34:34.772 [docker-java-stream--1935083709] DEBUG com.github.dockerjava.zerodep.shaded.org.apache.hc.client5.http.wire - http-outgoing-1 << "7f[\r][\n]"
17:34:34.773 [docker-java-stream--1935083709] DEBUG com.github.dockerjava.zerodep.shaded.org.apache.hc.client5.http.wire - http-outgoing-1 << "[0x1][0x0][0x0][0x0][0x0][0x0][0x0]w[2024-12-20 16:34:34,766] INFO clientPortAddress is 0.0.0.0:2181 (org.apache.zookeeper.server.quorum.QuorumPeerConfig)[\n]"
17:34:34.773 [docker-java-stream--1935083709] DEBUG com.github.dockerjava.zerodep.shaded.org.apache.hc.client5.http.wire - http-outgoing-1 << "[\r][\n]"
17:34:34.773 [docker-java-stream--1935083709] DEBUG com.github.dockerjava.zerodep.shaded.org.apache.hc.client5.http.wire - http-outgoing-1 << "79[\r][\n]"
17:34:34.773 [docker-java-stream--1935083709] DEBUG com.github.dockerjava.zerodep.shaded.org.apache.hc.client5.http.wire - http-outgoing-1 << "[0x1][0x0][0x0][0x0][0x0][0x0][0x0]q[2024-12-20 16:34:34,767] INFO secureClientPort is not set (org.apache.zookeeper.server.quorum.QuorumPeerConfig)[\n]"
17:34:34.773 [docker-java-stream--1935083709] DEBUG com.github.dockerjava.zerodep.shaded.org.apache.hc.client5.http.wire - http-outgoing-1 << "[\r][\n]"
17:34:34.773 [docker-java-stream--1935083709] DEBUG com.github.dockerjava.zerodep.shaded.org.apache.hc.client5.http.wire - http-outgoing-1 << "7b[\r][\n]"
17:34:34.773 [docker-java-stream--1935083709] DEBUG com.github.dockerjava.zerodep.shaded.org.apache.hc.client5.http.wire - http-outgoing-1 << "[0x1][0x0][0x0][0x0][0x0][0x0][0x0]s[2024-12-20 16:34:34,767] INFO observerMasterPort is not set (org.apache.zookeeper.server.quorum.QuorumPeerConfig)[\n]"
17:34:34.773 [docker-java-stream--1935083709] DEBUG com.github.dockerjava.zerodep.shaded.org.apache.hc.client5.http.wire - http-outgoing-1 << "[\r][\n]"
17:34:34.773 [docker-java-stream--1935083709] DEBUG com.github.dockerjava.zerodep.shaded.org.apache.hc.client5.http.wire - http-outgoing-1 << "b3[\r][\n]"
17:34:34.773 [docker-java-stream--1935083709] DEBUG com.github.dockerjava.zerodep.shaded.org.apache.hc.client5.http.wire - http-outgoing-1 << "[0x1][0x0][0x0][0x0][0x0][0x0][0x0][0xffffffab][2024-12-20 16:34:34,767] INFO metricsProvider.className is org.apache.zookeeper.metrics.impl.DefaultMetricsProvider (org.apache.zookeeper.server.quorum.QuorumPeerConfig)[\n]"
17:34:34.773 [docker-java-stream--1935083709] DEBUG com.github.dockerjava.zerodep.shaded.org.apache.hc.client5.http.wire - http-outgoing-1 << "[\r][\n]"
17:34:34.774 [docker-java-stream--1935083709] DEBUG com.github.dockerjava.zerodep.shaded.org.apache.hc.client5.http.wire - http-outgoing-1 << "7e[\r][\n]"
17:34:34.774 [docker-java-stream--1935083709] DEBUG com.github.dockerjava.zerodep.shaded.org.apache.hc.client5.http.wire - http-outgoing-1 << "[0x1][0x0][0x0][0x0][0x0][0x0][0x0]v[2024-12-20 16:34:34,773] INFO autopurge.snapRetainCount set to 3 (org.apache.zookeeper.server.DatadirCleanupManager)[\n]"
17:34:34.774 [docker-java-stream--1935083709] DEBUG com.github.dockerjava.zerodep.shaded.org.apache.hc.client5.http.wire - http-outgoing-1 << "[\r][\n]"
17:34:34.774 [docker-java-stream--1935083709] DEBUG com.github.dockerjava.zerodep.shaded.org.apache.hc.client5.http.wire - http-outgoing-1 << "7c[\r][\n]"
17:34:34.774 [docker-java-stream--1935083709] DEBUG com.github.dockerjava.zerodep.shaded.org.apache.hc.client5.http.wire - http-outgoing-1 << "[0x1][0x0][0x0][0x0][0x0][0x0][0x0]t[2024-12-20 16:34:34,773] INFO autopurge.purgeInterval set to 0 (org.apache.zookeeper.server.DatadirCleanupManager)[\n]"
17:34:34.774 [docker-java-stream--1935083709] DEBUG com.github.dockerjava.zerodep.shaded.org.apache.hc.client5.http.wire - http-outgoing-1 << "[\r][\n]"
17:34:34.774 [docker-java-stream--1935083709] DEBUG com.github.dockerjava.zerodep.shaded.org.apache.hc.client5.http.wire - http-outgoing-1 << "78[\r][\n]"
17:34:34.774 [docker-java-stream--1935083709] DEBUG com.github.dockerjava.zerodep.shaded.org.apache.hc.client5.http.wire - http-outgoing-1 << "[0x1][0x0][0x0][0x0][0x0][0x0][0x0]p[2024-12-20 16:34:34,773] INFO Purge task is not scheduled. (org.apache.zookeeper.server.DatadirCleanupManager)[\n]"
17:34:34.774 [docker-java-stream--1935083709] DEBUG com.github.dockerjava.zerodep.shaded.org.apache.hc.client5.http.wire - http-outgoing-1 << "[\r][\n]"
17:34:34.774 [docker-java-stream--1935083709] DEBUG com.github.dockerjava.zerodep.shaded.org.apache.hc.client5.http.wire - http-outgoing-1 << "a7[\r][\n]"
17:34:34.774 [docker-java-stream--1935083709] DEBUG com.github.dockerjava.zerodep.shaded.org.apache.hc.client5.http.wire - http-outgoing-1 << "[0x1][0x0][0x0][0x0][0x0][0x0][0x0][0xffffff9f][2024-12-20 16:34:34,773] WARN Either no config or no quorum defined in config, running in standalone mode (org.apache.zookeeper.server.quorum.QuorumPeerMain)[\n]"
17:34:34.775 [docker-java-stream--1935083709] DEBUG com.github.dockerjava.zerodep.shaded.org.apache.hc.client5.http.wire - http-outgoing-1 << "[\r][\n]"
17:34:34.778 [docker-java-stream--1935083709] DEBUG com.github.dockerjava.zerodep.shaded.org.apache.hc.client5.http.wire - http-outgoing-1 << "7d[\r][\n]"
17:34:34.778 [docker-java-stream--1935083709] DEBUG com.github.dockerjava.zerodep.shaded.org.apache.hc.client5.http.wire - http-outgoing-1 << "[0x1][0x0][0x0][0x0][0x0][0x0][0x0]u[2024-12-20 16:34:34,777] INFO Log4j 1.2 jmx support not found; jmx disabled. (org.apache.zookeeper.jmx.ManagedUtil)[\n]"
17:34:34.778 [docker-java-stream--1935083709] DEBUG com.github.dockerjava.zerodep.shaded.org.apache.hc.client5.http.wire - http-outgoing-1 << "[\r][\n]"
17:34:34.778 [main] DEBUG org.testcontainers.containers.output.WaitingConsumer - STDOUT: [2024-12-20 16:34:34,773] WARN Either no config or no quorum defined in config, running in standalone mode (org.apache.zookeeper.server.quorum.QuorumPeerMain)
17:34:34.781 [docker-java-stream--1935083709] DEBUG com.github.dockerjava.zerodep.shaded.org.apache.hc.client5.http.wire - http-outgoing-1 << "8e[\r][\n]"
17:34:34.782 [docker-java-stream--1935083709] DEBUG com.github.dockerjava.zerodep.shaded.org.apache.hc.client5.http.wire - http-outgoing-1 << "[0x1][0x0][0x0][0x0][0x0][0x0][0x0][0xffffff86][2024-12-20 16:34:34,779] INFO Reading configuration from: zookeeper.properties (org.apache.zookeeper.server.quorum.QuorumPeerConfig)[\n]"
17:34:34.782 [docker-java-stream--1935083709] DEBUG com.github.dockerjava.zerodep.shaded.org.apache.hc.client5.http.wire - http-outgoing-1 << "[\r][\n]"
17:34:34.782 [docker-java-stream--1935083709] DEBUG com.github.dockerjava.zerodep.shaded.org.apache.hc.client5.http.wire - http-outgoing-1 << "a8[\r][\n]"
17:34:34.782 [main] DEBUG org.testcontainers.containers.output.WaitingConsumer - STDOUT: [2024-12-20 16:34:34,777] INFO Log4j 1.2 jmx support not found; jmx disabled. (org.apache.zookeeper.jmx.ManagedUtil)
17:34:34.782 [docker-java-stream--1935083709] DEBUG com.github.dockerjava.zerodep.shaded.org.apache.hc.client5.http.wire - http-outgoing-1 << "[0x1][0x0][0x0][0x0][0x0][0x0][0x0][0xffffffa0][2024-12-20 16:34:34,779] WARN zookeeper.properties is relative. Prepend ./ to indicate that you're sure! (org.apache.zookeeper.server.quorum.QuorumPeerConfig)[\n]"
17:34:34.782 [docker-java-stream--1935083709] DEBUG com.github.dockerjava.zerodep.shaded.org.apache.hc.client5.http.wire - http-outgoing-1 << "[\r][\n]"
17:34:34.782 [docker-java-stream--1935083709] DEBUG com.github.dockerjava.zerodep.shaded.org.apache.hc.client5.http.wire - http-outgoing-1 << "7f[\r][\n]"
17:34:34.782 [docker-java-stream--1935083709] DEBUG com.github.dockerjava.zerodep.shaded.org.apache.hc.client5.http.wire - http-outgoing-1 << "[0x1][0x0][0x0][0x0][0x0][0x0][0x0]w[2024-12-20 16:34:34,780] INFO clientPortAddress is 0.0.0.0:2181 (org.apache.zookeeper.server.quorum.QuorumPeerConfig)[\n]"
17:34:34.782 [docker-java-stream--1935083709] DEBUG com.github.dockerjava.zerodep.shaded.org.apache.hc.client5.http.wire - http-outgoing-1 << "[\r][\n]"
17:34:34.782 [main] DEBUG org.testcontainers.containers.output.WaitingConsumer - STDOUT: [2024-12-20 16:34:34,773] INFO Purge task is not scheduled. (org.apache.zookeeper.server.DatadirCleanupManager)
17:34:34.782 [docker-java-stream--1935083709] DEBUG com.github.dockerjava.zerodep.shaded.org.apache.hc.client5.http.wire - http-outgoing-1 << "79[\r][\n]"
17:34:34.782 [docker-java-stream--1935083709] DEBUG com.github.dockerjava.zerodep.shaded.org.apache.hc.client5.http.wire - http-outgoing-1 << "[0x1][0x0][0x0][0x0][0x0][0x0][0x0]q[2024-12-20 16:34:34,780] INFO secureClientPort is not set (org.apache.zookeeper.server.quorum.QuorumPeerConfig)[\n]"
17:34:34.782 [docker-java-stream--1935083709] DEBUG com.github.dockerjava.zerodep.shaded.org.apache.hc.client5.http.wire - http-outgoing-1 << "[\r][\n]"
17:34:34.782 [docker-java-stream--1935083709] DEBUG com.github.dockerjava.zerodep.shaded.org.apache.hc.client5.http.wire - http-outgoing-1 << "7b[\r][\n]"
17:34:34.782 [docker-java-stream--1935083709] DEBUG com.github.dockerjava.zerodep.shaded.org.apache.hc.client5.http.wire - http-outgoing-1 << "[0x1][0x0][0x0][0x0][0x0][0x0][0x0]s[2024-12-20 16:34:34,780] INFO observerMasterPort is not set (org.apache.zookeeper.server.quorum.QuorumPeerConfig)[\n]"
17:34:34.782 [docker-java-stream--1935083709] DEBUG com.github.dockerjava.zerodep.shaded.org.apache.hc.client5.http.wire - http-outgoing-1 << "[\r][\n]"
17:34:34.782 [docker-java-stream--1935083709] DEBUG com.github.dockerjava.zerodep.shaded.org.apache.hc.client5.http.wire - http-outgoing-1 << "b3[\r][\n]"
17:34:34.782 [docker-java-stream--1935083709] DEBUG com.github.dockerjava.zerodep.shaded.org.apache.hc.client5.http.wire - http-outgoing-1 << "[0x1][0x0][0x0][0x0][0x0][0x0][0x0][0xffffffab][2024-12-20 16:34:34,780] INFO metricsProvider.className is org.apache.zookeeper.metrics.impl.DefaultMetricsProvider (org.apache.zookeeper.server.quorum.QuorumPeerConfig)[\n]"
17:34:34.782 [main] DEBUG org.testcontainers.containers.output.WaitingConsumer - STDOUT: [2024-12-20 16:34:34,773] INFO autopurge.purgeInterval set to 0 (org.apache.zookeeper.server.DatadirCleanupManager)
17:34:34.782 [docker-java-stream--1935083709] DEBUG com.github.dockerjava.zerodep.shaded.org.apache.hc.client5.http.wire - http-outgoing-1 << "[\r][\n]"
17:34:34.782 [docker-java-stream--1935083709] DEBUG com.github.dockerjava.zerodep.shaded.org.apache.hc.client5.http.wire - http-outgoing-1 << "69[\r][\n]"
17:34:34.782 [docker-java-stream--1935083709] DEBUG com.github.dockerjava.zerodep.shaded.org.apache.hc.client5.http.wire - http-outgoing-1 << "[0x1][0x0][0x0][0x0][0x0][0x0][0x0]a[2024-12-20 16:34:34,780] INFO Starting server (org.apache.zookeeper.server.ZooKeeperServerMain)[\n]"
17:34:34.782 [main] DEBUG org.testcontainers.containers.output.WaitingConsumer - STDOUT: [2024-12-20 16:34:34,773] INFO autopurge.snapRetainCount set to 3 (org.apache.zookeeper.server.DatadirCleanupManager)
17:34:34.782 [docker-java-stream--1935083709] DEBUG com.github.dockerjava.zerodep.shaded.org.apache.hc.client5.http.wire - http-outgoing-1 << "[\r][\n]"
17:34:34.783 [main] DEBUG org.testcontainers.containers.output.WaitingConsumer - STDOUT: [2024-12-20 16:34:34,780] INFO clientPortAddress is 0.0.0.0:2181 (org.apache.zookeeper.server.quorum.QuorumPeerConfig)
17:34:34.783 [main] DEBUG org.testcontainers.containers.output.WaitingConsumer - STDOUT: [2024-12-20 16:34:34,780] INFO metricsProvider.className is org.apache.zookeeper.metrics.impl.DefaultMetricsProvider (org.apache.zookeeper.server.quorum.QuorumPeerConfig)
17:34:34.783 [main] DEBUG org.testcontainers.containers.output.WaitingConsumer - STDOUT: [2024-12-20 16:34:34,780] INFO Starting server (org.apache.zookeeper.server.ZooKeeperServerMain)
17:34:34.783 [main] DEBUG org.testcontainers.containers.output.WaitingConsumer - STDOUT: [2024-12-20 16:34:34,780] INFO observerMasterPort is not set (org.apache.zookeeper.server.quorum.QuorumPeerConfig)
17:34:34.783 [main] DEBUG org.testcontainers.containers.output.WaitingConsumer - STDOUT: [2024-12-20 16:34:34,780] INFO secureClientPort is not set (org.apache.zookeeper.server.quorum.QuorumPeerConfig)
17:34:34.784 [main] DEBUG org.testcontainers.containers.output.WaitingConsumer - STDOUT: [2024-12-20 16:34:34,779] WARN zookeeper.properties is relative. Prepend ./ to indicate that you're sure! (org.apache.zookeeper.server.quorum.QuorumPeerConfig)
17:34:34.784 [main] DEBUG org.testcontainers.containers.output.WaitingConsumer - STDOUT: [2024-12-20 16:34:34,779] INFO Reading configuration from: zookeeper.properties (org.apache.zookeeper.server.quorum.QuorumPeerConfig)
17:34:34.784 [main] DEBUG org.testcontainers.containers.output.WaitingConsumer - STDOUT: [2024-12-20 16:34:34,767] INFO metricsProvider.className is org.apache.zookeeper.metrics.impl.DefaultMetricsProvider (org.apache.zookeeper.server.quorum.QuorumPeerConfig)
17:34:34.784 [main] DEBUG org.testcontainers.containers.output.WaitingConsumer - STDOUT: [2024-12-20 16:34:34,767] INFO observerMasterPort is not set (org.apache.zookeeper.server.quorum.QuorumPeerConfig)
17:34:34.784 [main] DEBUG org.testcontainers.containers.output.WaitingConsumer - STDOUT: [2024-12-20 16:34:34,767] INFO secureClientPort is not set (org.apache.zookeeper.server.quorum.QuorumPeerConfig)
17:34:34.784 [main] DEBUG org.testcontainers.containers.output.WaitingConsumer - STDOUT: [2024-12-20 16:34:34,766] INFO clientPortAddress is 0.0.0.0:2181 (org.apache.zookeeper.server.quorum.QuorumPeerConfig)
17:34:34.817 [docker-java-stream--1935083709] DEBUG com.github.dockerjava.zerodep.shaded.org.apache.hc.client5.http.wire - http-outgoing-1 << "bd[\r][\n]"
17:34:34.817 [docker-java-stream--1935083709] DEBUG com.github.dockerjava.zerodep.shaded.org.apache.hc.client5.http.wire - http-outgoing-1 << "[0x1][0x0][0x0][0x0][0x0][0x0][0x0][0xffffffb5][2024-12-20 16:34:34,816] INFO ServerMetrics initialized with provider org.apache.zookeeper.metrics.impl.DefaultMetricsProvider@3246fb96 (org.apache.zookeeper.server.ServerMetrics)[\n]"
17:34:34.817 [docker-java-stream--1935083709] DEBUG com.github.dockerjava.zerodep.shaded.org.apache.hc.client5.http.wire - http-outgoing-1 << "[\r][\n]"
17:34:34.823 [main] DEBUG org.testcontainers.containers.output.WaitingConsumer - STDOUT: [2024-12-20 16:34:34,816] INFO ServerMetrics initialized with provider org.apache.zookeeper.metrics.impl.DefaultMetricsProvider@3246fb96 (org.apache.zookeeper.server.ServerMetrics)
17:34:34.828 [docker-java-stream--1935083709] DEBUG com.github.dockerjava.zerodep.shaded.org.apache.hc.client5.http.wire - http-outgoing-1 << "87[\r][\n]"
17:34:34.828 [docker-java-stream--1935083709] DEBUG com.github.dockerjava.zerodep.shaded.org.apache.hc.client5.http.wire - http-outgoing-1 << "[0x1][0x0][0x0][0x0][0x0][0x0][0x0][0x7f][2024-12-20 16:34:34,827] INFO zookeeper.snapshot.trust.empty : false (org.apache.zookeeper.server.persistence.FileTxnSnapLog)[\n]"
17:34:34.828 [docker-java-stream--1935083709] DEBUG com.github.dockerjava.zerodep.shaded.org.apache.hc.client5.http.wire - http-outgoing-1 << "[\r][\n]"
17:34:34.837 [main] DEBUG org.testcontainers.containers.output.WaitingConsumer - STDOUT: [2024-12-20 16:34:34,827] INFO zookeeper.snapshot.trust.empty : false (org.apache.zookeeper.server.persistence.FileTxnSnapLog)
17:34:34.883 [docker-java-stream--1935083709] DEBUG com.github.dockerjava.zerodep.shaded.org.apache.hc.client5.http.wire - http-outgoing-1 << "56[\r][\n]"
17:34:34.884 [docker-java-stream--1935083709] DEBUG com.github.dockerjava.zerodep.shaded.org.apache.hc.client5.http.wire - http-outgoing-1 << "[0x1][0x0][0x0][0x0][0x0][0x0][0x0]N[2024-12-20 16:34:34,880] INFO  (org.apache.zookeeper.server.ZooKeeperServer)[\n]"
17:34:34.884 [docker-java-stream--1935083709] DEBUG com.github.dockerjava.zerodep.shaded.org.apache.hc.client5.http.wire - http-outgoing-1 << "[\r][\n]"
17:34:34.884 [docker-java-stream--1935083709] DEBUG com.github.dockerjava.zerodep.shaded.org.apache.hc.client5.http.wire - http-outgoing-1 << "9b[\r][\n]"
17:34:34.884 [docker-java-stream--1935083709] DEBUG com.github.dockerjava.zerodep.shaded.org.apache.hc.client5.http.wire - http-outgoing-1 << "[0x1][0x0][0x0][0x0][0x0][0x0][0x0][0xffffff93][2024-12-20 16:34:34,880] INFO   ______                  _                                           (org.apache.zookeeper.server.ZooKeeperServer)[\n]"
17:34:34.884 [docker-java-stream--1935083709] DEBUG com.github.dockerjava.zerodep.shaded.org.apache.hc.client5.http.wire - http-outgoing-1 << "[\r][\n]"
17:34:34.884 [docker-java-stream--1935083709] DEBUG com.github.dockerjava.zerodep.shaded.org.apache.hc.client5.http.wire - http-outgoing-1 << "9b[\r][\n]"
17:34:34.884 [docker-java-stream--1935083709] DEBUG com.github.dockerjava.zerodep.shaded.org.apache.hc.client5.http.wire - http-outgoing-1 << "[0x1][0x0][0x0][0x0][0x0][0x0][0x0][0xffffff93][2024-12-20 16:34:34,881] INFO  |___  /                 | |                                          (org.apache.zookeeper.server.ZooKeeperServer)[\n]"
17:34:34.884 [docker-java-stream--1935083709] DEBUG com.github.dockerjava.zerodep.shaded.org.apache.hc.client5.http.wire - http-outgoing-1 << "[\r][\n]"
17:34:34.884 [docker-java-stream--1935083709] DEBUG com.github.dockerjava.zerodep.shaded.org.apache.hc.client5.http.wire - http-outgoing-1 << "9b[\r][\n]"
17:34:34.884 [docker-java-stream--1935083709] DEBUG com.github.dockerjava.zerodep.shaded.org.apache.hc.client5.http.wire - http-outgoing-1 << "[0x1][0x0][0x0][0x0][0x0][0x0][0x0][0xffffff93][2024-12-20 16:34:34,881] INFO     / /    ___     ___   | | __   ___    ___   _ __     ___   _ __    (org.apache.zookeeper.server.ZooKeeperServer)[\n]"
17:34:34.884 [docker-java-stream--1935083709] DEBUG com.github.dockerjava.zerodep.shaded.org.apache.hc.client5.http.wire - http-outgoing-1 << "[\r][\n]"
17:34:34.884 [docker-java-stream--1935083709] DEBUG com.github.dockerjava.zerodep.shaded.org.apache.hc.client5.http.wire - http-outgoing-1 << "99[\r][\n]"
17:34:34.884 [docker-java-stream--1935083709] DEBUG com.github.dockerjava.zerodep.shaded.org.apache.hc.client5.http.wire - http-outgoing-1 << "[0x1][0x0][0x0][0x0][0x0][0x0][0x0][0xffffff91][2024-12-20 16:34:34,881] INFO    / /    / _ \   / _ \  | |/ /  / _ \  / _ \ | '_ \   / _ \ | '__| (org.apache.zookeeper.server.ZooKeeperServer)[\n]"
17:34:34.884 [docker-java-stream--1935083709] DEBUG com.github.dockerjava.zerodep.shaded.org.apache.hc.client5.http.wire - http-outgoing-1 << "[\r][\n]"
17:34:34.884 [docker-java-stream--1935083709] DEBUG com.github.dockerjava.zerodep.shaded.org.apache.hc.client5.http.wire - http-outgoing-1 << "9a[\r][\n]"
17:34:34.884 [docker-java-stream--1935083709] DEBUG com.github.dockerjava.zerodep.shaded.org.apache.hc.client5.http.wire - http-outgoing-1 << "[0x1][0x0][0x0][0x0][0x0][0x0][0x0][0xffffff92][2024-12-20 16:34:34,881] INFO   / /__  | (_) | | (_) | |   <  |  __/ |  __/ | |_) | |  __/ | |     (org.apache.zookeeper.server.ZooKeeperServer)[\n]"
17:34:34.884 [docker-java-stream--1935083709] DEBUG com.github.dockerjava.zerodep.shaded.org.apache.hc.client5.http.wire - http-outgoing-1 << "[\r][\n]"
17:34:34.884 [docker-java-stream--1935083709] DEBUG com.github.dockerjava.zerodep.shaded.org.apache.hc.client5.http.wire - http-outgoing-1 << "96[\r][\n]"
17:34:34.884 [docker-java-stream--1935083709] DEBUG com.github.dockerjava.zerodep.shaded.org.apache.hc.client5.http.wire - http-outgoing-1 << "[0x1][0x0][0x0][0x0][0x0][0x0][0x0][0xffffff8e][2024-12-20 16:34:34,881] INFO  /_____|  \___/   \___/  |_|\_\  \___|  \___| | .__/   \___| |_| (org.apache.zookeeper.server.ZooKeeperServer)[\n]"
17:34:34.884 [docker-java-stream--1935083709] DEBUG com.github.dockerjava.zerodep.shaded.org.apache.hc.client5.http.wire - http-outgoing-1 << "[\r][\n]"
17:34:34.884 [docker-java-stream--1935083709] DEBUG com.github.dockerjava.zerodep.shaded.org.apache.hc.client5.http.wire - http-outgoing-1 << "9c[\r][\n]"
17:34:34.884 [docker-java-stream--1935083709] DEBUG com.github.dockerjava.zerodep.shaded.org.apache.hc.client5.http.wire - http-outgoing-1 << "[0x1][0x0][0x0][0x0][0x0][0x0][0x0][0xffffff94][2024-12-20 16:34:34,881] INFO                                               | |                      (org.apache.zookeeper.server.ZooKeeperServer)[\n]"
17:34:34.884 [docker-java-stream--1935083709] DEBUG com.github.dockerjava.zerodep.shaded.org.apache.hc.client5.http.wire - http-outgoing-1 << "[\r][\n]"
17:34:34.884 [docker-java-stream--1935083709] DEBUG com.github.dockerjava.zerodep.shaded.org.apache.hc.client5.http.wire - http-outgoing-1 << "9c[\r][\n]"
17:34:34.884 [docker-java-stream--1935083709] DEBUG com.github.dockerjava.zerodep.shaded.org.apache.hc.client5.http.wire - http-outgoing-1 << "[0x1][0x0][0x0][0x0][0x0][0x0][0x0][0xffffff94][2024-12-20 16:34:34,881] INFO                                               |_|                      (org.apache.zookeeper.server.ZooKeeperServer)[\n]"
17:34:34.884 [docker-java-stream--1935083709] DEBUG com.github.dockerjava.zerodep.shaded.org.apache.hc.client5.http.wire - http-outgoing-1 << "[\r][\n]"
17:34:34.884 [docker-java-stream--1935083709] DEBUG com.github.dockerjava.zerodep.shaded.org.apache.hc.client5.http.wire - http-outgoing-1 << "56[\r][\n]"
17:34:34.884 [docker-java-stream--1935083709] DEBUG com.github.dockerjava.zerodep.shaded.org.apache.hc.client5.http.wire - http-outgoing-1 << "[0x1][0x0][0x0][0x0][0x0][0x0][0x0]N[2024-12-20 16:34:34,881] INFO  (org.apache.zookeeper.server.ZooKeeperServer)[\n]"
17:34:34.884 [docker-java-stream--1935083709] DEBUG com.github.dockerjava.zerodep.shaded.org.apache.hc.client5.http.wire - http-outgoing-1 << "[\r][\n]"
17:34:34.885 [main] DEBUG org.testcontainers.containers.output.WaitingConsumer - STDOUT: [2024-12-20 16:34:34,880] INFO  (org.apache.zookeeper.server.ZooKeeperServer)
17:34:34.891 [docker-java-stream--1935083709] DEBUG com.github.dockerjava.zerodep.shaded.org.apache.hc.client5.http.wire - http-outgoing-1 << "c9[\r][\n]"
17:34:34.891 [docker-java-stream--1935083709] DEBUG com.github.dockerjava.zerodep.shaded.org.apache.hc.client5.http.wire - http-outgoing-1 << "[0x1][0x0][0x0][0x0][0x0][0x0][0x0][0xffffffc1][2024-12-20 16:34:34,885] INFO Server environment:zookeeper.version=3.6.4--d65253dcf68e9097c6e95a126463fd5fdeb4521c, built on 12/18/2022 18:10 GMT (org.apache.zookeeper.server.ZooKeeperServer)[\n]"
17:34:34.891 [docker-java-stream--1935083709] DEBUG com.github.dockerjava.zerodep.shaded.org.apache.hc.client5.http.wire - http-outgoing-1 << "[\r][\n]"
17:34:34.891 [docker-java-stream--1935083709] DEBUG com.github.dockerjava.zerodep.shaded.org.apache.hc.client5.http.wire - http-outgoing-1 << "7f[\r][\n]"
17:34:34.891 [docker-java-stream--1935083709] DEBUG com.github.dockerjava.zerodep.shaded.org.apache.hc.client5.http.wire - http-outgoing-1 << "[0x1][0x0][0x0][0x0][0x0][0x0][0x0]w[2024-12-20 16:34:34,885] INFO Server environment:host.name=770af2197545 (org.apache.zookeeper.server.ZooKeeperServer)[\n]"
17:34:34.891 [docker-java-stream--1935083709] DEBUG com.github.dockerjava.zerodep.shaded.org.apache.hc.client5.http.wire - http-outgoing-1 << "[\r][\n]"
17:34:34.891 [docker-java-stream--1935083709] DEBUG com.github.dockerjava.zerodep.shaded.org.apache.hc.client5.http.wire - http-outgoing-1 << "7d[\r][\n]"
17:34:34.891 [docker-java-stream--1935083709] DEBUG com.github.dockerjava.zerodep.shaded.org.apache.hc.client5.http.wire - http-outgoing-1 << "[0x1][0x0][0x0][0x0][0x0][0x0][0x0]u[2024-12-20 16:34:34,885] INFO Server environment:java.version=11.0.18 (org.apache.zookeeper.server.ZooKeeperServer)[\n]"
17:34:34.891 [docker-java-stream--1935083709] DEBUG com.github.dockerjava.zerodep.shaded.org.apache.hc.client5.http.wire - http-outgoing-1 << "[\r][\n]"
17:34:34.891 [docker-java-stream--1935083709] DEBUG com.github.dockerjava.zerodep.shaded.org.apache.hc.client5.http.wire - http-outgoing-1 << "87[\r][\n]"
17:34:34.891 [docker-java-stream--1935083709] DEBUG com.github.dockerjava.zerodep.shaded.org.apache.hc.client5.http.wire - http-outgoing-1 << "[0x1][0x0][0x0][0x0][0x0][0x0][0x0][0x7f][2024-12-20 16:34:34,886] INFO Server environment:java.vendor=Azul Systems, Inc. (org.apache.zookeeper.server.ZooKeeperServer)[\n]"
17:34:34.891 [docker-java-stream--1935083709] DEBUG com.github.dockerjava.zerodep.shaded.org.apache.hc.client5.http.wire - http-outgoing-1 << "[\r][\n]"
17:34:34.891 [docker-java-stream--1935083709] DEBUG com.github.dockerjava.zerodep.shaded.org.apache.hc.client5.http.wire - http-outgoing-1 << "89[\r][\n]"
17:34:34.891 [docker-java-stream--1935083709] DEBUG com.github.dockerjava.zerodep.shaded.org.apache.hc.client5.http.wire - http-outgoing-1 << "[0x1][0x0][0x0][0x0][0x0][0x0][0x0][0xffffff81][2024-12-20 16:34:34,886] INFO Server environment:java.home=/usr/lib/jvm/zulu11-ca (org.apache.zookeeper.server.ZooKeeperServer)[\n]"
17:34:34.891 [docker-java-stream--1935083709] DEBUG com.github.dockerjava.zerodep.shaded.org.apache.hc.client5.http.wire - http-outgoing-1 << "[\r][\n]"
17:34:34.891 [docker-java-stream--1935083709] DEBUG com.github.dockerjava.zerodep.shaded.org.apache.hc.client5.http.wire - http-outgoing-1 << "1849[\r][\n]"
17:34:34.903 [docker-java-stream--1935083709] DEBUG com.github.dockerjava.zerodep.shaded.org.apache.hc.client5.http.wire - http-outgoing-1 << "[0x1][0x0][0x0][0x0][0x0][0x0][0x18]A[2024-12-20 16:34:34,886] INFO Server environment:java.class.path=/usr/bin/../share/java/kafka/activation-1.1.1.jar:/usr/bin/../share/java/kafka/aopalliance-repackaged-2.6.1.jar:/usr/bin/../share/java/kafka/argparse4j-0.7.0.jar:/usr/bin/../share/java/kafka/audience-annotations-0.13.0.jar:/usr/bin/../share/java/kafka/commons-cli-1.4.jar:/usr/bin/../share/java/kafka/commons-lang3-3.8.1.jar:/usr/bin/../share/java/kafka/connect-api-7.4.1-ccs.jar:/usr/bin/../share/java/kafka/connect-basic-auth-extension-7.4.1-ccs.jar:/usr/bin/../share/java/kafka/connect-json-7.4.1-ccs.jar:/usr/bin/../share/java/kafka/connect-mirror-7.4.1-ccs.jar:/usr/bin/../share/java/kafka/connect-mirror-client-7.4.1-ccs.jar:/usr/bin/../share/java/kafka/connect-runtime-7.4.1-ccs.jar:/usr/bin/../share/java/kafka/connect-transforms-7.4.1-ccs.jar:/usr/bin/../share/java/kafka/hk2-api-2.6.1.jar:/usr/bin/../share/java/kafka/hk2-locator-2.6.1.jar:/usr/bin/../share/java/kafka/hk2-utils-2.6.1.jar:/usr/bin/../share/java/kafka/jackson-annotations-2.13.5.jar:/usr/bin/../share/java/kafka/jackson-core-2.13.5.jar:/usr/bin/../share/java/kafka/jackson-databind-2.13.5.jar:/usr/bin/../share/java/kafka/jackson-dataformat-csv-2.13.5.jar:/usr/bin/../share/java/kafka/jackson-datatype-jdk8-2.13.5.jar:/usr/bin/../share/java/kafka/jackson-jaxrs-base-2.13.5.jar:/usr/bin/../share/java/kafka/jackson-jaxrs-json-provider-2.13.5.jar:/usr/bin/../share/java/kafka/jackson-module-jaxb-annotations-2.13.5.jar:/usr/bin/../share/java/kafka/jackson-module-scala_2.13-2.13.5.jar:/usr/bin/../share/java/kafka/jakarta.activation-api-1.2.2.jar:/usr/bin/../share/java/kafka/jakarta.annotation-api-1.3.5.jar:/usr/bin/../share/java/kafka/jakarta.inject-2.6.1.jar:/usr/bin/../share/java/kafka/jakarta.validation-api-2.0.2.jar:/usr/bin/../share/java/kafka/jakarta.ws.rs-api-2.1.6.jar:/usr/bin/../share/java/kafka/jakarta.xml.bind-api-2.3.3.jar:/usr/bin/../share/java/kafka/javassist-3.29.2-GA.jar:/usr/bin/../share/java/kafka/javax.activation-api-1.2.0.jar:/usr/bin/../share/java/kafka/javax.annotation-api-1.3.2.jar:/usr/bin/../share/java/kafka/javax.servlet-api-3.1.0.jar:/usr/bin/../share/java/kafka/javax.ws.rs-api-2.1.1.jar:/usr/bin/../share/java/kafka/jaxb-api-2.3.1.jar:/usr/bin/../share/java/kafka/jersey-client-2.39.1.jar:/usr/bin/../share/java/kafka/jersey-common-2.39.1.jar:/usr/bin/../share/java/kafka/jersey-container-servlet-2.39.1.jar:/usr/bin/../share/java/kafka/jersey-container-servlet-core-2.39.1.jar:/usr/bin/../share/java/kafka/jersey-hk2-2.39.1.jar:/usr/bin/../share/java/kafka/jersey-server-2.39.1.jar:/usr/bin/../share/java/kafka/jetty-client-9.4.51.v20230217.jar:/usr/bin/../share/java/kafka/jetty-continuation-9.4.51.v20230217.jar:/usr/bin/../share/java/kafka/jetty-http-9.4.51.v20230217.jar:/usr/bin/../share/java/kafka/jetty-io-9.4.51.v20230217.jar:/usr/bin/../share/java/kafka/jetty-security-9.4.51.v20230217.jar:/usr/bin/../share/java/kafka/jetty-server-9.4.51.v20230217.jar:/usr/bin/../share/java/kafka/jetty-servlet-9.4.51.v20230217.jar:/usr/bin/../share/java/kafka/jetty-servlets-9.4.51.v20230217.jar:/usr/bin/../share/java/kafka/jetty-util-9.4.51.v20230217.jar:/usr/bin/../share/java/kafka/jetty-util-ajax-9.4.51.v20230217.jar:/usr/bin/../share/java/kafka/jline-3.22.0.jar:/usr/bin/../share/java/kafka/jopt-simple-5.0.4.jar:/usr/bin/../share/java/kafka/jose4j-0.9.3.jar:/usr/bin/../share/java/kafka/kafka-clients-7.4.1-ccs.jar:/usr/bin/../share/java/kafka/kafka-group-coordinator-7.4.1-ccs.jar:/usr/bin/../share/java/kafka/kafka-log4j-appender-7.4.1-ccs.jar:/usr/bin/../share/java/kafka/kafka-metadata-7.4.1-ccs.jar:/usr/bin/../share/java/kafka/kafka-raft-7.4.1-ccs.jar:/usr/bin/../share/java/kafka/kafka-server-common-7.4.1-ccs.jar:/usr/bin/../share/java/kafka/kafka-shell-7.4.1-ccs.jar:/usr/bin/../share/java/kafka/kafka-storage-7.4.1-ccs.jar:/usr/bin/../share/java/kafka/kafka-storage-api-7.4.1-ccs.jar:/usr/bin/../share/java/kafka/kafka-streams-7.4.1-ccs.jar:/usr/bin/../share/java/kafka/kafka-streams-examples-7.4.1-ccs.jar:/usr/bin/../share/java/kafka/kafka-streams-scala_2.13-7.4.1-ccs.jar:/usr/bin/../share/java/kafka/kafka-streams-test-utils-7.4.1-ccs.jar:/usr/bin/../share/java/kafka/kafka-tools-7.4.1-ccs.jar:/usr/bin/../share/java/kafka/kafka.jar:/usr/bin/../share/java/kafka/kafka_2.13-7.4.1-ccs.jar:/usr/bin/../share/java/kafka/lz4-java-1.8.0.jar:/usr/bin/../share/java/kafka/maven-artifact-3.8.4.jar:/usr/bin/../share/java/kafka/metrics-core-2.2.0.jar:/usr/bin/../share/java/kafka/metrics-core-4.1.12.1.jar:/usr/bin/../share/java/kafka/netty-buffer-4.1.92.Final.jar:/usr/bin/../share/java/kafka/netty-codec-4.1.92.Final.jar:/usr/bin/../share/java/kafka/netty-common-4.1.92.Final.jar:/usr/bin/../share/java/kafka/netty-handler-4.1.92.Final.jar:/usr/bin/../share/java/kafka/netty-resolver-4.1.92.Final.jar:/usr/bin/../share/java/kafka/netty-transport-4.1.92.Final.jar:/usr/bin/../share/java/kafka/netty-transport-classes-epoll-4.1.92.Final.jar:/usr/bin/../share/java/kafka/netty-transport-native-epoll-4.1.92.Final.jar:/usr/bin/../share/java/kafka/netty-transport-native-unix-common-4.1.92.Final.jar:/usr/bin/../share/java/kafka/osgi-resource-locator-1.0.3.jar:/usr/bin/../share/java/kafka/paranamer-2.8.jar:/usr/bin/../share/java/kafka/plexus-utils-3.3.0.jar:/usr/bin/../share/java/kafka/reflections-0.9.12.jar:/usr/bin/../share/java/kafka/reload4j-1.2.25.jar:/usr/bin/../share/java/kafka/rocksdbjni-7.1.2.jar:/usr/bin/../share/java/kafka/scala-collection-compat_2.13-2.10.0.jar:/usr/bin/../share/java/kafka/scala-java8-compat_2.13-1.0.2.jar:/usr/bin/../share/java/kafka/scala-library-2.13.10.jar:/usr/bin/../share/java/kafka/scala-logging_2.13-3.9.4.jar:/usr/bin/../share/java/kafka/scala-reflect-2.13.10.jar:/usr/bin/../share/java/kafka/slf4j-api-1.7.36.jar:/usr/bin/../share/java/kafka/slf4j-reload4j-1.7.36.jar:/usr/bin/../share/java/kafka/snappy-java-1.1.10.1.jar:/usr/bin/../share/java/kafka/swagger-annotations-2.2.0.jar:/usr/bin/../share/java/kafka/trogdor-7.4.1-ccs.jar:/usr/bin/../share/java/kafka/zookeeper-3.6.4.jar:/usr/bin/../share/java/kafka/zookeeper-jute-3.6.4.jar:/usr/bin/../share/java/kafka/zstd-jni-1.5.2-1.jar:/usr/bin/../share/java/confluent-telemetry/* (org.apache.zookeeper.server.ZooKeeperServer)[\n]"
17:34:34.903 [docker-java-stream--1935083709] DEBUG com.github.dockerjava.zerodep.shaded.org.apache.hc.client5.http.wire - http-outgoing-1 << "[\r][\n]"
17:34:34.903 [docker-java-stream--1935083709] DEBUG com.github.dockerjava.zerodep.shaded.org.apache.hc.client5.http.wire - http-outgoing-1 << "b1[\r][\n]"
17:34:34.903 [docker-java-stream--1935083709] DEBUG com.github.dockerjava.zerodep.shaded.org.apache.hc.client5.http.wire - http-outgoing-1 << "[0x1][0x0][0x0][0x0][0x0][0x0][0x0][0xffffffa9][2024-12-20 16:34:34,886] INFO Server environment:java.library.path=/usr/java/packages/lib:/usr/lib64:/lib64:/lib:/usr/lib (org.apache.zookeeper.server.ZooKeeperServer)[\n]"
17:34:34.903 [docker-java-stream--1935083709] DEBUG com.github.dockerjava.zerodep.shaded.org.apache.hc.client5.http.wire - http-outgoing-1 << "[\r][\n]"
17:34:34.903 [docker-java-stream--1935083709] DEBUG com.github.dockerjava.zerodep.shaded.org.apache.hc.client5.http.wire - http-outgoing-1 << "7c[\r][\n]"
17:34:34.903 [docker-java-stream--1935083709] DEBUG com.github.dockerjava.zerodep.shaded.org.apache.hc.client5.http.wire - http-outgoing-1 << "[0x1][0x0][0x0][0x0][0x0][0x0][0x0]t[2024-12-20 16:34:34,887] INFO Server environment:java.io.tmpdir=/tmp (org.apache.zookeeper.server.ZooKeeperServer)[\n]"
17:34:34.903 [docker-java-stream--1935083709] DEBUG com.github.dockerjava.zerodep.shaded.org.apache.hc.client5.http.wire - http-outgoing-1 << "[\r][\n]"
17:34:34.903 [docker-java-stream--1935083709] DEBUG com.github.dockerjava.zerodep.shaded.org.apache.hc.client5.http.wire - http-outgoing-1 << "7b[\r][\n]"
17:34:34.903 [docker-java-stream--1935083709] DEBUG com.github.dockerjava.zerodep.shaded.org.apache.hc.client5.http.wire - http-outgoing-1 << "[0x1][0x0][0x0][0x0][0x0][0x0][0x0]s[2024-12-20 16:34:34,887] INFO Server environment:java.compiler=<NA> (org.apache.zookeeper.server.ZooKeeperServer)[\n]"
17:34:34.903 [docker-java-stream--1935083709] DEBUG com.github.dockerjava.zerodep.shaded.org.apache.hc.client5.http.wire - http-outgoing-1 << "[\r][\n]"
17:34:34.903 [docker-java-stream--1935083709] DEBUG com.github.dockerjava.zerodep.shaded.org.apache.hc.client5.http.wire - http-outgoing-1 << "76[\r][\n]"
17:34:34.903 [docker-java-stream--1935083709] DEBUG com.github.dockerjava.zerodep.shaded.org.apache.hc.client5.http.wire - http-outgoing-1 << "[0x1][0x0][0x0][0x0][0x0][0x0][0x0]n[2024-12-20 16:34:34,887] INFO Server environment:os.name=Linux (org.apache.zookeeper.server.ZooKeeperServer)[\n]"
17:34:34.903 [docker-java-stream--1935083709] DEBUG com.github.dockerjava.zerodep.shaded.org.apache.hc.client5.http.wire - http-outgoing-1 << "[\r][\n]"
17:34:34.903 [docker-java-stream--1935083709] DEBUG com.github.dockerjava.zerodep.shaded.org.apache.hc.client5.http.wire - http-outgoing-1 << "76[\r][\n]"
17:34:34.903 [docker-java-stream--1935083709] DEBUG com.github.dockerjava.zerodep.shaded.org.apache.hc.client5.http.wire - http-outgoing-1 << "[0x1][0x0][0x0][0x0][0x0][0x0][0x0]n[2024-12-20 16:34:34,887] INFO Server environment:os.arch=amd64 (org.apache.zookeeper.server.ZooKeeperServer)[\n]"
17:34:34.903 [docker-java-stream--1935083709] DEBUG com.github.dockerjava.zerodep.shaded.org.apache.hc.client5.http.wire - http-outgoing-1 << "[\r][\n]"
17:34:34.903 [docker-java-stream--1935083709] DEBUG com.github.dockerjava.zerodep.shaded.org.apache.hc.client5.http.wire - http-outgoing-1 << "8a[\r][\n]"
17:34:34.903 [docker-java-stream--1935083709] DEBUG com.github.dockerjava.zerodep.shaded.org.apache.hc.client5.http.wire - http-outgoing-1 << "[0x1][0x0][0x0][0x0][0x0][0x0][0x0][0xffffff82][2024-12-20 16:34:34,887] INFO Server environment:os.version=6.12.4-100.fc40.x86_64 (org.apache.zookeeper.server.ZooKeeperServer)[\n]"
17:34:34.903 [docker-java-stream--1935083709] DEBUG com.github.dockerjava.zerodep.shaded.org.apache.hc.client5.http.wire - http-outgoing-1 << "[\r][\n]"
17:34:34.903 [docker-java-stream--1935083709] DEBUG com.github.dockerjava.zerodep.shaded.org.apache.hc.client5.http.wire - http-outgoing-1 << "7a[\r][\n]"
17:34:34.915 [main] DEBUG org.testcontainers.containers.output.WaitingConsumer - STDOUT: [2024-12-20 16:34:34,881] INFO  (org.apache.zookeeper.server.ZooKeeperServer)
17:34:34.918 [main] DEBUG org.testcontainers.containers.output.WaitingConsumer - STDOUT: [2024-12-20 16:34:34,881] INFO                                               |_|                      (org.apache.zookeeper.server.ZooKeeperServer)
17:34:34.918 [main] DEBUG org.testcontainers.containers.output.WaitingConsumer - STDOUT: [2024-12-20 16:34:34,881] INFO                                               | |                      (org.apache.zookeeper.server.ZooKeeperServer)
17:34:34.918 [main] DEBUG org.testcontainers.containers.output.WaitingConsumer - STDOUT: [2024-12-20 16:34:34,881] INFO  /_____|  \___/   \___/  |_|\_\  \___|  \___| | .__/   \___| |_| (org.apache.zookeeper.server.ZooKeeperServer)
17:34:34.919 [main] DEBUG org.testcontainers.containers.output.WaitingConsumer - STDOUT: [2024-12-20 16:34:34,881] INFO   / /__  | (_) | | (_) | |   <  |  __/ |  __/ | |_) | |  __/ | |     (org.apache.zookeeper.server.ZooKeeperServer)
17:34:34.919 [main] DEBUG org.testcontainers.containers.output.WaitingConsumer - STDOUT: [2024-12-20 16:34:34,881] INFO    / /    / _ \   / _ \  | |/ /  / _ \  / _ \ | '_ \   / _ \ | '__| (org.apache.zookeeper.server.ZooKeeperServer)
17:34:34.919 [main] DEBUG org.testcontainers.containers.output.WaitingConsumer - STDOUT: [2024-12-20 16:34:34,881] INFO     / /    ___     ___   | | __   ___    ___   _ __     ___   _ __    (org.apache.zookeeper.server.ZooKeeperServer)
17:34:34.919 [main] DEBUG org.testcontainers.containers.output.WaitingConsumer - STDOUT: [2024-12-20 16:34:34,881] INFO  |___  /                 | |                                          (org.apache.zookeeper.server.ZooKeeperServer)
17:34:34.917 [docker-java-stream--1935083709] DEBUG com.github.dockerjava.zerodep.shaded.org.apache.hc.client5.http.wire - http-outgoing-1 << "[0x1][0x0][0x0][0x0][0x0][0x0][0x0]r[2024-12-20 16:34:34,887] INFO Server environment:user.name=appuser (org.apache.zookeeper.server.ZooKeeperServer)[\n]"
17:34:34.920 [docker-java-stream--1935083709] DEBUG com.github.dockerjava.zerodep.shaded.org.apache.hc.client5.http.wire - http-outgoing-1 << "[\r][\n]"
17:34:34.920 [docker-java-stream--1935083709] DEBUG com.github.dockerjava.zerodep.shaded.org.apache.hc.client5.http.wire - http-outgoing-1 << "80[\r][\n]"
17:34:34.920 [docker-java-stream--1935083709] DEBUG com.github.dockerjava.zerodep.shaded.org.apache.hc.client5.http.wire - http-outgoing-1 << "[0x1][0x0][0x0][0x0][0x0][0x0][0x0]x[2024-12-20 16:34:34,888] INFO Server environment:user.home=/home/appuser (org.apache.zookeeper.server.ZooKeeperServer)[\n]"
17:34:34.920 [docker-java-stream--1935083709] DEBUG com.github.dockerjava.zerodep.shaded.org.apache.hc.client5.http.wire - http-outgoing-1 << "[\r][\n]"
17:34:34.920 [docker-java-stream--1935083709] DEBUG com.github.dockerjava.zerodep.shaded.org.apache.hc.client5.http.wire - http-outgoing-1 << "7f[\r][\n]"
17:34:34.920 [docker-java-stream--1935083709] DEBUG com.github.dockerjava.zerodep.shaded.org.apache.hc.client5.http.wire - http-outgoing-1 << "[0x1][0x0][0x0][0x0][0x0][0x0][0x0]w[2024-12-20 16:34:34,888] INFO Server environment:user.dir=/home/appuser (org.apache.zookeeper.server.Zo"
17:34:34.922 [main] DEBUG org.testcontainers.containers.output.WaitingConsumer - STDOUT: [2024-12-20 16:34:34,888] INFO Server environment:user.home=/home/appuser (org.apache.zookeeper.server.ZooKeeperServer)
17:34:34.923 [main] DEBUG org.testcontainers.containers.output.WaitingConsumer - STDOUT: [2024-12-20 16:34:34,887] INFO Server environment:user.name=appuser (org.apache.zookeeper.server.ZooKeeperServer)
17:34:34.923 [main] DEBUG org.testcontainers.containers.output.WaitingConsumer - STDOUT: [2024-12-20 16:34:34,887] INFO Server environment:os.version=6.12.4-100.fc40.x86_64 (org.apache.zookeeper.server.ZooKeeperServer)
17:34:34.923 [main] DEBUG org.testcontainers.containers.output.WaitingConsumer - STDOUT: [2024-12-20 16:34:34,887] INFO Server environment:os.arch=amd64 (org.apache.zookeeper.server.ZooKeeperServer)
17:34:34.923 [main] DEBUG org.testcontainers.containers.output.WaitingConsumer - STDOUT: [2024-12-20 16:34:34,887] INFO Server environment:os.name=Linux (org.apache.zookeeper.server.ZooKeeperServer)
17:34:34.923 [main] DEBUG org.testcontainers.containers.output.WaitingConsumer - STDOUT: [2024-12-20 16:34:34,887] INFO Server environment:java.compiler=<NA> (org.apache.zookeeper.server.ZooKeeperServer)
17:34:34.923 [main] DEBUG org.testcontainers.containers.output.WaitingConsumer - STDOUT: [2024-12-20 16:34:34,887] INFO Server environment:java.io.tmpdir=/tmp (org.apache.zookeeper.server.ZooKeeperServer)
17:34:34.923 [main] DEBUG org.testcontainers.containers.output.WaitingConsumer - STDOUT: [2024-12-20 16:34:34,886] INFO Server environment:java.library.path=/usr/java/packages/lib:/usr/lib64:/lib64:/lib:/usr/lib (org.apache.zookeeper.server.ZooKeeperServer)
17:34:34.923 [docker-java-stream--1935083709] DEBUG com.github.dockerjava.zerodep.shaded.org.apache.hc.client5.http.wire - http-outgoing-1 << "oKeeperServer)[\n]"
17:34:34.923 [docker-java-stream--1935083709] DEBUG com.github.dockerjava.zerodep.shaded.org.apache.hc.client5.http.wire - http-outgoing-1 << "[\r][\n]"
17:34:34.924 [docker-java-stream--1935083709] DEBUG com.github.dockerjava.zerodep.shaded.org.apache.hc.client5.http.wire - http-outgoing-1 << "7d[\r][\n]"
17:34:34.924 [docker-java-stream--1935083709] DEBUG com.github.dockerjava.zerodep.shaded.org.apache.hc.client5.http.wire - http-outgoing-1 << "[0x1][0x0][0x0][0x0][0x0][0x0][0x0]u[2024-12-20 16:34:34,888] INFO Server environment:os.memory.free=489MB (org.apache.zookeeper.server.ZooKeeperServer)[\n]"
17:34:34.924 [docker-java-stream--1935083709] DEBUG com.github.dockerjava.zerodep.shaded.org.apache.hc.client5.http.wire - http-outgoing-1 << "[\r][\n]"
17:34:34.924 [docker-java-stream--1935083709] DEBUG com.github.dockerjava.zerodep.shaded.org.apache.hc.client5.http.wire - http-outgoing-1 << "7c[\r][\n]"
17:34:34.924 [docker-java-stream--1935083709] DEBUG com.github.dockerjava.zerodep.shaded.org.apache.hc.client5.http.wire - http-outgoing-1 << "[0x1][0x0][0x0][0x0][0x0][0x0][0x0]t[2024-12-20 16:34:34,888] INFO Server environment:os.memory.max=512MB (org.apache.zookeeper.server.ZooKeeperServer)[\n]"
17:34:34.924 [docker-java-stream--1935083709] DEBUG com.github.dockerjava.zerodep.shaded.org.apache.hc.client5.http.wire - http-outgoing-1 << "[\r][\n]"
17:34:34.924 [docker-java-stream--1935083709] DEBUG com.github.dockerjava.zerodep.shaded.org.apache.hc.client5.http.wire - http-outgoing-1 << "7e[\r][\n]"
17:34:34.924 [docker-java-stream--1935083709] DEBUG com.github.dockerjava.zerodep.shaded.org.apache.hc.client5.http.wire - http-outgoing-1 << "[0x1][0x0][0x0][0x0][0x0][0x0][0x0]v[2024-12-20 16:34:34,888] INFO Server environment:os.memory.total=512MB (org.apache.zookeeper.server.ZooKeeperServer)[\n]"
17:34:34.924 [docker-java-stream--1935083709] DEBUG com.github.dockerjava.zerodep.shaded.org.apache.hc.client5.http.wire - http-outgoing-1 << "[\r][\n]"
17:34:34.924 [docker-java-stream--1935083709] DEBUG com.github.dockerjava.zerodep.shaded.org.apache.hc.client5.http.wire - http-outgoing-1 << "7b[\r][\n]"
17:34:34.924 [docker-java-stream--1935083709] DEBUG com.github.dockerjava.zerodep.shaded.org.apache.hc.client5.http.wire - http-outgoing-1 << "[0x1][0x0][0x0][0x0][0x0][0x0][0x0]s[2024-12-20 16:34:34,889] INFO zookeeper.enableEagerACLCheck = false (org.apache.zookeeper.server.ZooKeeperServer)[\n]"
17:34:34.924 [docker-java-stream--1935083709] DEBUG com.github.dockerjava.zerodep.shaded.org.apache.hc.client5.http.wire - http-outgoing-1 << "[\r][\n]"
17:34:34.924 [docker-java-stream--1935083709] DEBUG com.github.dockerjava.zerodep.shaded.org.apache.hc.client5.http.wire - http-outgoing-1 << "75[\r][\n]"
17:34:34.924 [docker-java-stream--1935083709] DEBUG com.github.dockerjava.zerodep.shaded.org.apache.hc.client5.http.wire - http-outgoing-1 << "[0x1][0x0][0x0][0x0][0x0][0x0][0x0]m[2024-12-20 16:34:34,889] INFO zookeeper.digest.enabled = true (org.apache.zookeeper.server.ZooKeeperServer)[\n]"
17:34:34.924 [docker-java-stream--1935083709] DEBUG com.github.dockerjava.zerodep.shaded.org.apache.hc.client5.http.wire - http-outgoing-1 << "[\r][\n]"
17:34:34.924 [docker-java-stream--1935083709] DEBUG com.github.dockerjava.zerodep.shaded.org.apache.hc.client5.http.wire - http-outgoing-1 << "7e[\r][\n]"
17:34:34.924 [docker-java-stream--1935083709] DEBUG com.github.dockerjava.zerodep.shaded.org.apache.hc.client5.http.wire - http-outgoing-1 << "[0x1][0x0][0x0][0x0][0x0][0x0][0x0]v[2024-12-20 16:34:34,889] INFO zookeeper.closeSessionTxn.enabled = true (org.apache.zookeeper.server.ZooKeeperServer)[\n]"
17:34:34.924 [docker-java-stream--1935083709] DEBUG com.github.dockerjava.zerodep.shaded.org.apache.hc.client5.http.wire - http-outgoing-1 << "[\r][\n]"
17:34:34.924 [docker-java-stream--1935083709] DEBUG com.github.dockerjava.zerodep.shaded.org.apache.hc.client5.http.wire - http-outgoing-1 << "6c[\r][\n]"
17:34:34.924 [docker-java-stream--1935083709] DEBUG com.github.dockerjava.zerodep.shaded.org.apache.hc.client5.http.wire - http-outgoing-1 << "[0x1][0x0][0x0][0x0][0x0][0x0][0x0]d[2024-12-20 16:34:34,890] INFO zookeeper.flushDelay=0 (org.apache.zookeeper.server.ZooKeeperServer)[\n]"
17:34:34.924 [docker-java-stream--1935083709] DEBUG com.github.dockerjava.zerodep.shaded.org.apache.hc.client5.http.wire - http-outgoing-1 << "[\r][\n]"
17:34:34.924 [docker-java-stream--1935083709] DEBUG com.github.dockerjava.zerodep.shaded.org.apache.hc.client5.http.wire - http-outgoing-1 << "77[\r][\n]"
17:34:34.924 [docker-java-stream--1935083709] DEBUG com.github.dockerjava.zerodep.shaded.org.apache.hc.client5.http.wire - http-outgoing-1 << "[0x1][0x0][0x0][0x0][0x0][0x0][0x0]o[2024-12-20 16:34:34,890] INFO zookeeper.maxWriteQueuePollTime=0 (org.apache.zookeeper.server.ZooKeeperServer)[\n]"
17:34:34.924 [docker-java-stream--1935083709] DEBUG com.github.dockerjava.zerodep.shaded.org.apache.hc.client5.http.wire - http-outgoing-1 << "[\r][\n]"
17:34:34.924 [docker-java-stream--1935083709] DEBUG com.github.dockerjava.zerodep.shaded.org.apache.hc.client5.http.wire - http-outgoing-1 << "71[\r][\n]"
17:34:34.924 [docker-java-stream--1935083709] DEBUG com.github.dockerjava.zerodep.shaded.org.apache.hc.client5.http.wire - http-outgoing-1 << "[0x1][0x0][0x0][0x0][0x0][0x0][0x0]i[2024-12-20 16:34:34,890] INFO zookeeper.maxBatchSize=1000 (org.apache.zookeeper.server.ZooKeeperServer)[\n]"
17:34:34.924 [docker-java-stream--1935083709] DEBUG com.github.dockerjava.zerodep.shaded.org.apache.hc.client5.http.wire - http-outgoing-1 << "[\r][\n]"
17:34:34.924 [docker-java-stream--1935083709] DEBUG com.github.dockerjava.zerodep.shaded.org.apache.hc.client5.http.wire - http-outgoing-1 << "81[\r][\n]"
17:34:34.924 [docker-java-stream--1935083709] DEBUG com.github.dockerjava.zerodep.shaded.org.apache.hc.client5.http.wire - http-outgoing-1 << "[0x1][0x0][0x0][0x0][0x0][0x0][0x0]y[2024-12-20 16:34:34,892] INFO zookeeper.intBufferStartingSizeBytes = 1024 (org.apache.zookeeper.server.ZooKeeperServer)[\n]"
17:34:34.924 [docker-java-stream--1935083709] DEBUG com.github.dockerjava.zerodep.shaded.org.apache.hc.client5.http.wire - http-outgoing-1 << "[\r][\n]"
17:34:34.924 [docker-java-stream--1935083709] DEBUG com.github.dockerjava.zerodep.shaded.org.apache.hc.client5.http.wire - http-outgoing-1 << "7c[\r][\n]"
17:34:34.924 [docker-java-stream--1935083709] DEBUG com.github.dockerjava.zerodep.shaded.org.apache.hc.client5.http.wire - http-outgoing-1 << "[0x1][0x0][0x0][0x0][0x0][0x0][0x0]t[2024-12-20 16:34:34,895] INFO Weighed connection throttling is disabled (org.apache.zookeeper.server.BlueThrottle)[\n]"
17:34:34.928 [docker-java-stream--1935083709] DEBUG com.github.dockerjava.zerodep.shaded.org.apache.hc.client5.http.wire - http-outgoing-1 << "[\r][\n]"
17:34:34.928 [docker-java-stream--1935083709] DEBUG com.github.dockerjava.zerodep.shaded.org.apache.hc.client5.http.wire - http-outgoing-1 << "73[\r][\n]"
17:34:34.928 [docker-java-stream--1935083709] DEBUG com.github.dockerjava.zerodep.shaded.org.apache.hc.client5.http.wire - http-outgoing-1 << "[0x1][0x0][0x0][0x0][0x0][0x0][0x0]k[2024-12-20 16:34:34,898] INFO minSessionTimeout set to 6000 (org.apache.zookeeper.server.ZooKeeperServer)[\n]"
17:34:34.928 [docker-java-stream--1935083709] DEBUG com.github.dockerjava.zerodep.shaded.org.apache.hc.client5.http.wire - http-outgoing-1 << "[\r][\n]"
17:34:34.929 [docker-java-stream--1935083709] DEBUG com.github.dockerjava.zerodep.shaded.org.apache.hc.client5.http.wire - http-outgoing-1 << "74[\r][\n]"
17:34:34.929 [docker-java-stream--1935083709] DEBUG com.github.dockerjava.zerodep.shaded.org.apache.hc.client5.http.wire - http-outgoing-1 << "[0x1][0x0][0x0][0x0][0x0][0x0][0x0]l[2024-12-20 16:34:34,899] INFO maxSessionTimeout set to 60000 (org.apache.zookeeper.server.ZooKeeperServer)[\n]"
17:34:34.929 [docker-java-stream--1935083709] DEBUG com.github.dockerjava.zerodep.shaded.org.apache.hc.client5.http.wire - http-outgoing-1 << "[\r][\n]"
17:34:34.929 [docker-java-stream--1935083709] DEBUG com.github.dockerjava.zerodep.shaded.org.apache.hc.client5.http.wire - http-outgoing-1 << "86[\r][\n]"
17:34:34.929 [docker-java-stream--1935083709] DEBUG com.github.dockerjava.zerodep.shaded.org.apache.hc.client5.http.wire - http-outgoing-1 << "[0x1][0x0][0x0][0x0][0x0][0x0][0x0]~[2024-12-20 16:34:34,902] INFO Response cache size is initialized with value 400. (org.apache.zookeeper.server.ResponseCache)[\n]"
17:34:34.929 [docker-java-stream--1935083709] DEBUG com.github.dockerjava.zerodep.shaded.org.apache.hc.client5.http.wire - http-outgoing-1 << "[\r][\n]"
17:34:34.929 [docker-java-stream--1935083709] DEBUG com.github.dockerjava.zerodep.shaded.org.apache.hc.client5.http.wire - http-outgoing-1 << "86[\r][\n]"
17:34:34.929 [docker-java-stream--1935083709] DEBUG com.github.dockerjava.zerodep.shaded.org.apache.hc.client5.http.wire - http-outgoing-1 << "[0x1][0x0][0x0][0x0][0x0][0x0][0x0]~[2024-12-20 16:34:34,902] INFO Response cache size is initialized with value 400. (org.apache.zookeeper.server.ResponseCache)[\n]"
17:34:34.929 [docker-java-stream--1935083709] DEBUG com.github.dockerjava.zerodep.shaded.org.apache.hc.client5.http.wire - http-outgoing-1 << "[\r][\n]"
17:34:34.929 [docker-java-stream--1935083709] DEBUG com.github.dockerjava.zerodep.shaded.org.apache.hc.client5.http.wire - http-outgoing-1 << "8c[\r][\n]"
17:34:34.929 [docker-java-stream--1935083709] DEBUG com.github.dockerjava.zerodep.shaded.org.apache.hc.client5.http.wire - http-outgoing-1 << "[0x1][0x0][0x0][0x0][0x0][0x0][0x0][0xffffff84][2024-12-20 16:34:34,904] INFO zookeeper.pathStats.slotCapacity = 60 (org.apache.zookeeper.server.util.RequestPathMetricsCollector)[\n]"
17:34:34.929 [docker-java-stream--1935083709] DEBUG com.github.dockerjava.zerodep.shaded.org.apache.hc.client5.http.wire - http-outgoing-1 << "[\r][\n]"
17:34:34.929 [docker-java-stream--1935083709] DEBUG com.github.dockerjava.zerodep.shaded.org.apache.hc.client5.http.wire - http-outgoing-1 << "8c[\r][\n]"
17:34:34.929 [docker-java-stream--1935083709] DEBUG com.github.dockerjava.zerodep.shaded.org.apache.hc.client5.http.wire - http-outgoing-1 << "[0x1][0x0][0x0][0x0][0x0][0x0][0x0][0xffffff84][2024-12-20 16:34:34,905] INFO zookeeper.pathStats.slotDuration = 15 (org.apache.zookeeper.server.util.RequestPathMetricsCollector)[\n]"
17:34:34.929 [docker-java-stream--1935083709] DEBUG com.github.dockerjava.zerodep.shaded.org.apache.hc.client5.http.wire - http-outgoing-1 << "[\r][\n]"
17:34:34.929 [docker-java-stream--1935083709] DEBUG com.github.dockerjava.zerodep.shaded.org.apache.hc.client5.http.wire - http-outgoing-1 << "87[\r][\n]"
17:34:34.929 [docker-java-stream--1935083709] DEBUG com.github.dockerjava.zerodep.shaded.org.apache.hc.client5.http.wire - http-outgoing-1 << "[0x1][0x0][0x0][0x0][0x0][0x0][0x0][0x7f][2024-12-20 16:34:34,905] INFO zookeeper.pathStats.maxDepth = 6 (org.apache.zookeeper.server.util.RequestPathMetricsCollector)[\n]"
17:34:34.929 [docker-java-stream--1935083709] DEBUG com.github.dockerjava.zerodep.shaded.org.apache.hc.client5.http.wire - http-outgoing-1 << "[\r][\n]"
17:34:34.929 [docker-java-stream--1935083709] DEBUG com.github.dockerjava.zerodep.shaded.org.apache.hc.client5.http.wire - http-outgoing-1 << "8b[\r][\n]"
17:34:34.929 [docker-java-stream--1935083709] DEBUG com.github.dockerjava.zerodep.shaded.org.apache.hc.client5.http.wire - http-outgoing-1 << "[0x1][0x0][0x0][0x0][0x0][0x0][0x0][0xffffff83][2024-12-20 16:34:34,905] INFO zookeeper.pathStats.initialDelay = 5 (org.apache.zookeeper.server.util.RequestPathMetricsCollector)[\n]"
17:34:34.929 [docker-java-stream--1935083709] DEBUG com.github.dockerjava.zerodep.shaded.org.apache.hc.client5.http.wire - http-outgoing-1 << "[\r][\n]"
17:34:34.929 [docker-java-stream--1935083709] DEBUG com.github.dockerjava.zerodep.shaded.org.apache.hc.client5.http.wire - http-outgoing-1 << "84[\r][\n]"
17:34:34.929 [docker-java-stream--1935083709] DEBUG com.github.dockerjava.zerodep.shaded.org.apache.hc.client5.http.wire - http-outgoing-1 << "[0x1][0x0][0x0][0x0][0x0][0x0][0x0]|[2024-12-20 16:34:34,905] INFO zookeeper.pathStats.delay = 5 (org.apache.zookeeper.server.util.RequestPathMetricsCollector)[\n]"
17:34:34.929 [docker-java-stream--1935083709] DEBUG com.github.dockerjava.zerodep.shaded.org.apache.hc.client5.http.wire - http-outgoing-1 << "[\r][\n]"
17:34:34.929 [docker-java-stream--1935083709] DEBUG com.github.dockerjava.zerodep.shaded.org.apache.hc.client5.http.wire - http-outgoing-1 << "8a[\r][\n]"
17:34:34.929 [docker-java-stream--1935083709] DEBUG com.github.dockerjava.zerodep.shaded.org.apache.hc.client5.http.wire - http-outgoing-1 << "[0x1][0x0][0x0][0x0][0x0][0x0][0x0][0xffffff82][2024-12-20 16:34:34,905] INFO zookeeper.pathStats.enabled = false (org.apache.zookeeper.server.util.RequestPathMetricsCollector)[\n]"
17:34:34.929 [docker-java-stream--1935083709] DEBUG com.github.dockerjava.zerodep.shaded.org.apache.hc.client5.http.wire - http-outgoing-1 << "[\r][\n]"
17:34:34.929 [docker-java-stream--1935083709] DEBUG com.github.dockerjava.zerodep.shaded.org.apache.hc.client5.http.wire - http-outgoing-1 << "8f[\r][\n]"
17:34:34.930 [docker-java-stream--1935083709] DEBUG com.github.dockerjava.zerodep.shaded.org.apache.hc.client5.http.wire - http-outgoing-1 << "[0x1][0x0][0x0][0x0][0x0][0x0][0x0][0xffffff87][2024-12-20 16:34:34,911] INFO The max bytes for all large requests are set to 104857600 (org.apache.zookeeper.server.ZooKeeperServer)[\n]"
17:34:34.930 [docker-java-stream--1935083709] DEBUG com.github.dockerjava.zerodep.shaded.org.apache.hc.client5.http.wire - http-outgoing-1 << "[\r][\n]"
17:34:34.930 [docker-java-stream--1935083709] DEBUG com.github.dockerjava.zerodep.shaded.org.apache.hc.client5.http.wire - http-outgoing-1 << "7e[\r][\n]"
17:34:34.930 [docker-java-stream--1935083709] DEBUG com.github.dockerjava.zerodep.shaded.org.apache.hc.client5.http.wire - http-outgoing-1 << "[0x1][0x0][0x0][0x0][0x0][0x0][0x0]v[2024-12-20 16:34:34,912] INFO The large request threshold is set to -1 (org.apache.zookeeper.server.ZooKeeperServer)[\n]"
17:34:34.930 [docker-java-stream--1935083709] DEBUG com.github.dockerjava.zerodep.shaded.org.apache.hc.client5.http.wire - http-outgoing-1 << "[\r][\n]"
17:34:34.930 [docker-java-stream--1935083709] DEBUG com.github.dockerjava.zerodep.shaded.org.apache.hc.client5.http.wire - http-outgoing-1 << "114[\r][\n]"
17:34:34.930 [docker-java-stream--1935083709] DEBUG com.github.dockerjava.zerodep.shaded.org.apache.hc.client5.http.wire - http-outgoing-1 << "[0x1][0x0][0x0][0x0][0x0][0x0][0x1][0xc][2024-12-20 16:34:34,912] INFO Created server with tickTime 3000 minSessionTimeout 6000 maxSessionTimeout 60000 clientPortListenBacklog -1 datadir /var/lib/zookeeper/log/version-2 snapdir /var/lib/zookeeper/data/version-2 (org.apache.zookeeper.server.ZooKeeperServer)[\n]"
17:34:34.930 [docker-java-stream--1935083709] DEBUG com.github.dockerjava.zerodep.shaded.org.apache.hc.client5.http.wire - http-outgoing-1 << "[\r][\n]"
17:34:34.924 [main] DEBUG org.testcontainers.containers.output.WaitingConsumer - STDOUT: [2024-12-20 16:34:34,886] INFO Server environment:java.class.path=/usr/bin/../share/java/kafka/activation-1.1.1.jar:/usr/bin/../share/java/kafka/aopalliance-repackaged-2.6.1.jar:/usr/bin/../share/java/kafka/argparse4j-0.7.0.jar:/usr/bin/../share/java/kafka/audience-annotations-0.13.0.jar:/usr/bin/../share/java/kafka/commons-cli-1.4.jar:/usr/bin/../share/java/kafka/commons-lang3-3.8.1.jar:/usr/bin/../share/java/kafka/connect-api-7.4.1-ccs.jar:/usr/bin/../share/java/kafka/connect-basic-auth-extension-7.4.1-ccs.jar:/usr/bin/../share/java/kafka/connect-json-7.4.1-ccs.jar:/usr/bin/../share/java/kafka/connect-mirror-7.4.1-ccs.jar:/usr/bin/../share/java/kafka/connect-mirror-client-7.4.1-ccs.jar:/usr/bin/../share/java/kafka/connect-runtime-7.4.1-ccs.jar:/usr/bin/../share/java/kafka/connect-transforms-7.4.1-ccs.jar:/usr/bin/../share/java/kafka/hk2-api-2.6.1.jar:/usr/bin/../share/java/kafka/hk2-locator-2.6.1.jar:/usr/bin/../share/java/kafka/hk2-utils-2.6.1.jar:/usr/bin/../share/java/kafka/jackson-annotations-2.13.5.jar:/usr/bin/../share/java/kafka/jackson-core-2.13.5.jar:/usr/bin/../share/java/kafka/jackson-databind-2.13.5.jar:/usr/bin/../share/java/kafka/jackson-dataformat-csv-2.13.5.jar:/usr/bin/../share/java/kafka/jackson-datatype-jdk8-2.13.5.jar:/usr/bin/../share/java/kafka/jackson-jaxrs-base-2.13.5.jar:/usr/bin/../share/java/kafka/jackson-jaxrs-json-provider-2.13.5.jar:/usr/bin/../share/java/kafka/jackson-module-jaxb-annotations-2.13.5.jar:/usr/bin/../share/java/kafka/jackson-module-scala_2.13-2.13.5.jar:/usr/bin/../share/java/kafka/jakarta.activation-api-1.2.2.jar:/usr/bin/../share/java/kafka/jakarta.annotation-api-1.3.5.jar:/usr/bin/../share/java/kafka/jakarta.inject-2.6.1.jar:/usr/bin/../share/java/kafka/jakarta.validation-api-2.0.2.jar:/usr/bin/../share/java/kafka/jakarta.ws.rs-api-2.1.6.jar:/usr/bin/../share/java/kafka/jakarta.xml.bind-api-2.3.3.jar:/usr/bin/../share/java/kafka/javassist-3.29.2-GA.jar:/usr/bin/../share/java/kafka/javax.activation-api-1.2.0.jar:/usr/bin/../share/java/kafka/javax.annotation-api-1.3.2.jar:/usr/bin/../share/java/kafka/javax.servlet-api-3.1.0.jar:/usr/bin/../share/java/kafka/javax.ws.rs-api-2.1.1.jar:/usr/bin/../share/java/kafka/jaxb-api-2.3.1.jar:/usr/bin/../share/java/kafka/jersey-client-2.39.1.jar:/usr/bin/../share/java/kafka/jersey-common-2.39.1.jar:/usr/bin/../share/java/kafka/jersey-container-servlet-2.39.1.jar:/usr/bin/../share/java/kafka/jersey-container-servlet-core-2.39.1.jar:/usr/bin/../share/java/kafka/jersey-hk2-2.39.1.jar:/usr/bin/../share/java/kafka/jersey-server-2.39.1.jar:/usr/bin/../share/java/kafka/jetty-client-9.4.51.v20230217.jar:/usr/bin/../share/java/kafka/jetty-continuation-9.4.51.v20230217.jar:/usr/bin/../share/java/kafka/jetty-http-9.4.51.v20230217.jar:/usr/bin/../share/java/kafka/jetty-io-9.4.51.v20230217.jar:/usr/bin/../share/java/kafka/jetty-security-9.4.51.v20230217.jar:/usr/bin/../share/java/kafka/jetty-server-9.4.51.v20230217.jar:/usr/bin/../share/java/kafka/jetty-servlet-9.4.51.v20230217.jar:/usr/bin/../share/java/kafka/jetty-servlets-9.4.51.v20230217.jar:/usr/bin/../share/java/kafka/jetty-util-9.4.51.v20230217.jar:/usr/bin/../share/java/kafka/jetty-util-ajax-9.4.51.v20230217.jar:/usr/bin/../share/java/kafka/jline-3.22.0.jar:/usr/bin/../share/java/kafka/jopt-simple-5.0.4.jar:/usr/bin/../share/java/kafka/jose4j-0.9.3.jar:/usr/bin/../share/java/kafka/kafka-clients-7.4.1-ccs.jar:/usr/bin/../share/java/kafka/kafka-group-coordinator-7.4.1-ccs.jar:/usr/bin/../share/java/kafka/kafka-log4j-appender-7.4.1-ccs.jar:/usr/bin/../share/java/kafka/kafka-metadata-7.4.1-ccs.jar:/usr/bin/../share/java/kafka/kafka-raft-7.4.1-ccs.jar:/usr/bin/../share/java/kafka/kafka-server-common-7.4.1-ccs.jar:/usr/bin/../share/java/kafka/kafka-shell-7.4.1-ccs.jar:/usr/bin/../share/java/kafka/kafka-storage-7.4.1-ccs.jar:/usr/bin/../share/java/kafka/kafka-storage-api-7.4.1-ccs.jar:/usr/bin/../share/java/kafka/kafka-streams-7.4.1-ccs.jar:/usr/bin/../share/java/kafka/kafka-streams-examples-7.4.1-ccs.jar:/usr/bin/../share/java/kafka/kafka-streams-scala_2.13-7.4.1-ccs.jar:/usr/bin/../share/java/kafka/kafka-streams-test-utils-7.4.1-ccs.jar:/usr/bin/../share/java/kafka/kafka-tools-7.4.1-ccs.jar:/usr/bin/../share/java/kafka/kafka.jar:/usr/bin/../share/java/kafka/kafka_2.13-7.4.1-ccs.jar:/usr/bin/../share/java/kafka/lz4-java-1.8.0.jar:/usr/bin/../share/java/kafka/maven-artifact-3.8.4.jar:/usr/bin/../share/java/kafka/metrics-core-2.2.0.jar:/usr/bin/../share/java/kafka/metrics-core-4.1.12.1.jar:/usr/bin/../share/java/kafka/netty-buffer-4.1.92.Final.jar:/usr/bin/../share/java/kafka/netty-codec-4.1.92.Final.jar:/usr/bin/../share/java/kafka/netty-common-4.1.92.Final.jar:/usr/bin/../share/java/kafka/netty-handler-4.1.92.Final.jar:/usr/bin/../share/java/kafka/netty-resolver-4.1.92.Final.jar:/usr/bin/../share/java/kafka/netty-transport-4.1.92.Final.jar:/usr/bin/../share/java/kafka/netty-transport-classes-epoll-4.1.92.Final.jar:/usr/bin/../share/java/kafka/netty-transport-native-epoll-4.1.92.Final.jar:/usr/bin/../share/java/kafka/netty-transport-native-unix-common-4.1.92.Final.jar:/usr/bin/../share/java/kafka/osgi-resource-locator-1.0.3.jar:/usr/bin/../share/java/kafka/paranamer-2.8.jar:/usr/bin/../share/java/kafka/plexus-utils-3.3.0.jar:/usr/bin/../share/java/kafka/reflections-0.9.12.jar:/usr/bin/../share/java/kafka/reload4j-1.2.25.jar:/usr/bin/../share/java/kafka/rocksdbjni-7.1.2.jar:/usr/bin/../share/java/kafka/scala-collection-compat_2.13-2.10.0.jar:/usr/bin/../share/java/kafka/scala-java8-compat_2.13-1.0.2.jar:/usr/bin/../share/java/kafka/scala-library-2.13.10.jar:/usr/bin/../share/java/kafka/scala-logging_2.13-3.9.4.jar:/usr/bin/../share/java/kafka/scala-reflect-2.13.10.jar:/usr/bin/../share/java/kafka/slf4j-api-1.7.36.jar:/usr/bin/../share/java/kafka/slf4j-reload4j-1.7.36.jar:/usr/bin/../share/java/kafka/snappy-java-1.1.10.1.jar:/usr/bin/../share/java/kafka/swagger-annotations-2.2.0.jar:/usr/bin/../share/java/kafka/trogdor-7.4.1-ccs.jar:/usr/bin/../share/java/kafka/zookeeper-3.6.4.jar:/usr/bin/../share/java/kafka/zookeeper-jute-3.6.4.jar:/usr/bin/../share/java/kafka/zstd-jni-1.5.2-1.jar:/usr/bin/../share/java/confluent-telemetry/* (org.apache.zookeeper.server.ZooKeeperServer)
17:34:34.939 [main] DEBUG org.testcontainers.containers.output.WaitingConsumer - STDOUT: [2024-12-20 16:34:34,912] INFO Created server with tickTime 3000 minSessionTimeout 6000 maxSessionTimeout 60000 clientPortListenBacklog -1 datadir /var/lib/zookeeper/log/version-2 snapdir /var/lib/zookeeper/data/version-2 (org.apache.zookeeper.server.ZooKeeperServer)
17:34:34.942 [main] DEBUG org.testcontainers.containers.output.WaitingConsumer - STDOUT: [2024-12-20 16:34:34,912] INFO The large request threshold is set to -1 (org.apache.zookeeper.server.ZooKeeperServer)
17:34:34.943 [main] DEBUG org.testcontainers.containers.output.WaitingConsumer - STDOUT: [2024-12-20 16:34:34,911] INFO The max bytes for all large requests are set to 104857600 (org.apache.zookeeper.server.ZooKeeperServer)
17:34:34.943 [main] DEBUG org.testcontainers.containers.output.WaitingConsumer - STDOUT: [2024-12-20 16:34:34,905] INFO zookeeper.pathStats.enabled = false (org.apache.zookeeper.server.util.RequestPathMetricsCollector)
17:34:34.943 [main] DEBUG org.testcontainers.containers.output.WaitingConsumer - STDOUT: [2024-12-20 16:34:34,905] INFO zookeeper.pathStats.delay = 5 (org.apache.zookeeper.server.util.RequestPathMetricsCollector)
17:34:34.943 [main] DEBUG org.testcontainers.containers.output.WaitingConsumer - STDOUT: [2024-12-20 16:34:34,905] INFO zookeeper.pathStats.initialDelay = 5 (org.apache.zookeeper.server.util.RequestPathMetricsCollector)
17:34:34.943 [main] DEBUG org.testcontainers.containers.output.WaitingConsumer - STDOUT: [2024-12-20 16:34:34,905] INFO zookeeper.pathStats.maxDepth = 6 (org.apache.zookeeper.server.util.RequestPathMetricsCollector)
17:34:34.943 [main] DEBUG org.testcontainers.containers.output.WaitingConsumer - STDOUT: [2024-12-20 16:34:34,905] INFO zookeeper.pathStats.slotDuration = 15 (org.apache.zookeeper.server.util.RequestPathMetricsCollector)
17:34:34.943 [main] DEBUG org.testcontainers.containers.output.WaitingConsumer - STDOUT: [2024-12-20 16:34:34,904] INFO zookeeper.pathStats.slotCapacity = 60 (org.apache.zookeeper.server.util.RequestPathMetricsCollector)
17:34:34.943 [main] DEBUG org.testcontainers.containers.output.WaitingConsumer - STDOUT: [2024-12-20 16:34:34,902] INFO Response cache size is initialized with value 400. (org.apache.zookeeper.server.ResponseCache)
17:34:34.944 [main] DEBUG org.testcontainers.containers.output.WaitingConsumer - STDOUT: [2024-12-20 16:34:34,902] INFO Response cache size is initialized with value 400. (org.apache.zookeeper.server.ResponseCache)
17:34:34.944 [main] DEBUG org.testcontainers.containers.output.WaitingConsumer - STDOUT: [2024-12-20 16:34:34,899] INFO maxSessionTimeout set to 60000 (org.apache.zookeeper.server.ZooKeeperServer)
17:34:34.946 [main] DEBUG org.testcontainers.containers.output.WaitingConsumer - STDOUT: [2024-12-20 16:34:34,898] INFO minSessionTimeout set to 6000 (org.apache.zookeeper.server.ZooKeeperServer)
17:34:34.947 [main] DEBUG org.testcontainers.containers.output.WaitingConsumer - STDOUT: [2024-12-20 16:34:34,895] INFO Weighed connection throttling is disabled (org.apache.zookeeper.server.BlueThrottle)
17:34:34.950 [main] DEBUG org.testcontainers.containers.output.WaitingConsumer - STDOUT: [2024-12-20 16:34:34,892] INFO zookeeper.intBufferStartingSizeBytes = 1024 (org.apache.zookeeper.server.ZooKeeperServer)
17:34:34.950 [main] DEBUG org.testcontainers.containers.output.WaitingConsumer - STDOUT: [2024-12-20 16:34:34,890] INFO zookeeper.maxBatchSize=1000 (org.apache.zookeeper.server.ZooKeeperServer)
17:34:34.950 [main] DEBUG org.testcontainers.containers.output.WaitingConsumer - STDOUT: [2024-12-20 16:34:34,890] INFO zookeeper.maxWriteQueuePollTime=0 (org.apache.zookeeper.server.ZooKeeperServer)
17:34:34.950 [main] DEBUG org.testcontainers.containers.output.WaitingConsumer - STDOUT: [2024-12-20 16:34:34,890] INFO zookeeper.flushDelay=0 (org.apache.zookeeper.server.ZooKeeperServer)
17:34:34.953 [main] DEBUG org.testcontainers.containers.output.WaitingConsumer - STDOUT: [2024-12-20 16:34:34,889] INFO zookeeper.closeSessionTxn.enabled = true (org.apache.zookeeper.server.ZooKeeperServer)
17:34:34.954 [main] DEBUG org.testcontainers.containers.output.WaitingConsumer - STDOUT: [2024-12-20 16:34:34,889] INFO zookeeper.digest.enabled = true (org.apache.zookeeper.server.ZooKeeperServer)
17:34:34.954 [main] DEBUG org.testcontainers.containers.output.WaitingConsumer - STDOUT: [2024-12-20 16:34:34,889] INFO zookeeper.enableEagerACLCheck = false (org.apache.zookeeper.server.ZooKeeperServer)
17:34:34.954 [main] DEBUG org.testcontainers.containers.output.WaitingConsumer - STDOUT: [2024-12-20 16:34:34,888] INFO Server environment:os.memory.total=512MB (org.apache.zookeeper.server.ZooKeeperServer)
17:34:34.954 [main] DEBUG org.testcontainers.containers.output.WaitingConsumer - STDOUT: [2024-12-20 16:34:34,888] INFO Server environment:os.memory.max=512MB (org.apache.zookeeper.server.ZooKeeperServer)
17:34:34.954 [main] DEBUG org.testcontainers.containers.output.WaitingConsumer - STDOUT: [2024-12-20 16:34:34,888] INFO Server environment:os.memory.free=489MB (org.apache.zookeeper.server.ZooKeeperServer)
17:34:34.954 [main] DEBUG org.testcontainers.containers.output.WaitingConsumer - STDOUT: [2024-12-20 16:34:34,888] INFO Server environment:user.dir=/home/appuser (org.apache.zookeeper.server.ZooKeeperServer)
17:34:34.954 [main] DEBUG org.testcontainers.containers.output.WaitingConsumer - STDOUT: [2024-12-20 16:34:34,886] INFO Server environment:java.home=/usr/lib/jvm/zulu11-ca (org.apache.zookeeper.server.ZooKeeperServer)
17:34:34.955 [main] DEBUG org.testcontainers.containers.output.WaitingConsumer - STDOUT: [2024-12-20 16:34:34,886] INFO Server environment:java.vendor=Azul Systems, Inc. (org.apache.zookeeper.server.ZooKeeperServer)
17:34:34.955 [main] DEBUG org.testcontainers.containers.output.WaitingConsumer - STDOUT: [2024-12-20 16:34:34,885] INFO Server environment:java.version=11.0.18 (org.apache.zookeeper.server.ZooKeeperServer)
17:34:34.955 [main] DEBUG org.testcontainers.containers.output.WaitingConsumer - STDOUT: [2024-12-20 16:34:34,885] INFO Server environment:host.name=770af2197545 (org.apache.zookeeper.server.ZooKeeperServer)
17:34:34.955 [main] DEBUG org.testcontainers.containers.output.WaitingConsumer - STDOUT: [2024-12-20 16:34:34,885] INFO Server environment:zookeeper.version=3.6.4--d65253dcf68e9097c6e95a126463fd5fdeb4521c, built on 12/18/2022 18:10 GMT (org.apache.zookeeper.server.ZooKeeperServer)
17:34:34.955 [main] DEBUG org.testcontainers.containers.output.WaitingConsumer - STDOUT: [2024-12-20 16:34:34,880] INFO   ______                  _                                           (org.apache.zookeeper.server.ZooKeeperServer)
17:34:34.978 [docker-java-stream--1935083709] DEBUG com.github.dockerjava.zerodep.shaded.org.apache.hc.client5.http.wire - http-outgoing-1 << "87[\r][\n]"
17:34:34.981 [docker-java-stream--1935083709] DEBUG com.github.dockerjava.zerodep.shaded.org.apache.hc.client5.http.wire - http-outgoing-1 << "[0x1][0x0][0x0][0x0][0x0][0x0][0x0][0x7f][2024-12-20 16:34:34,974] INFO Logging initialized @1531ms to org.eclipse.jetty.util.log.Slf4jLog (org.eclipse.jetty.util.log)[\n]"
17:34:34.985 [docker-java-stream--1935083709] DEBUG com.github.dockerjava.zerodep.shaded.org.apache.hc.client5.http.wire - http-outgoing-1 << "[\r][\n]"
17:34:34.986 [main] DEBUG org.testcontainers.containers.output.WaitingConsumer - STDOUT: [2024-12-20 16:34:34,974] INFO Logging initialized @1531ms to org.eclipse.jetty.util.log.Slf4jLog (org.eclipse.jetty.util.log)
17:34:35.304 [docker-java-stream--1935083709] DEBUG com.github.dockerjava.zerodep.shaded.org.apache.hc.client5.http.wire - http-outgoing-1 << "a9[\r][\n]"
17:34:35.304 [docker-java-stream--1935083709] DEBUG com.github.dockerjava.zerodep.shaded.org.apache.hc.client5.http.wire - http-outgoing-1 << "[0x1][0x0][0x0][0x0][0x0][0x0][0x0][0xffffffa1][2024-12-20 16:34:35,302] WARN o.e.j.s.ServletContextHandler@69ee81fc{/,null,STOPPED} contextPath ends with /* (org.eclipse.jetty.server.handler.ContextHandler)[\n]"
17:34:35.304 [docker-java-stream--1935083709] DEBUG com.github.dockerjava.zerodep.shaded.org.apache.hc.client5.http.wire - http-outgoing-1 << "[\r][\n]"
17:34:35.304 [docker-java-stream--1935083709] DEBUG com.github.dockerjava.zerodep.shaded.org.apache.hc.client5.http.wire - http-outgoing-1 << "6b[\r][\n]"
17:34:35.304 [docker-java-stream--1935083709] DEBUG com.github.dockerjava.zerodep.shaded.org.apache.hc.client5.http.wire - http-outgoing-1 << "[0x1][0x0][0x0][0x0][0x0][0x0][0x0]c[2024-12-20 16:34:35,303] WARN Empty contextPath (org.eclipse.jetty.server.handler.ContextHandler)[\n]"
17:34:35.304 [docker-java-stream--1935083709] DEBUG com.github.dockerjava.zerodep.shaded.org.apache.hc.client5.http.wire - http-outgoing-1 << "[\r][\n]"
17:34:35.306 [main] DEBUG org.testcontainers.containers.output.WaitingConsumer - STDOUT: [2024-12-20 16:34:35,302] WARN o.e.j.s.ServletContextHandler@69ee81fc{/,null,STOPPED} contextPath ends with /* (org.eclipse.jetty.server.handler.ContextHandler)
17:34:35.317 [main] DEBUG org.testcontainers.containers.output.WaitingConsumer - STDOUT: [2024-12-20 16:34:35,303] WARN Empty contextPath (org.eclipse.jetty.server.handler.ContextHandler)
17:34:35.381 [docker-java-stream--1935083709] DEBUG com.github.dockerjava.zerodep.shaded.org.apache.hc.client5.http.wire - http-outgoing-1 << "c4[\r][\n]"
17:34:35.382 [docker-java-stream--1935083709] DEBUG com.github.dockerjava.zerodep.shaded.org.apache.hc.client5.http.wire - http-outgoing-1 << "[0x1][0x0][0x0][0x0][0x0][0x0][0x0][0xffffffbc][2024-12-20 16:34:35,381] INFO jetty-9.4.51.v20230217; built: 2023-02-17T08:19:37.309Z; git: b45c405e4544384de066f814ed42ae3dceacdd49; jvm 11.0.18+10-LTS (org.eclipse.jetty.server.Server)[\n]"
17:34:35.382 [docker-java-stream--1935083709] DEBUG com.github.dockerjava.zerodep.shaded.org.apache.hc.client5.http.wire - http-outgoing-1 << "[\r][\n]"
17:34:35.382 [main] DEBUG org.testcontainers.containers.output.WaitingConsumer - STDOUT: [2024-12-20 16:34:35,381] INFO jetty-9.4.51.v20230217; built: 2023-02-17T08:19:37.309Z; git: b45c405e4544384de066f814ed42ae3dceacdd49; jvm 11.0.18+10-LTS (org.eclipse.jetty.server.Server)
17:34:35.506 [docker-java-stream--1935083709] DEBUG com.github.dockerjava.zerodep.shaded.org.apache.hc.client5.http.wire - http-outgoing-1 << "73[\r][\n]"
17:34:35.506 [docker-java-stream--1935083709] DEBUG com.github.dockerjava.zerodep.shaded.org.apache.hc.client5.http.wire - http-outgoing-1 << "[0x1][0x0][0x0][0x0][0x0][0x0][0x0]k[2024-12-20 16:34:35,505] INFO DefaultSessionIdManager workerName=node0 (org.eclipse.jetty.server.session)[\n]"
17:34:35.507 [docker-java-stream--1935083709] DEBUG com.github.dockerjava.zerodep.shaded.org.apache.hc.client5.http.wire - http-outgoing-1 << "[\r][\n]"
17:34:35.509 [docker-java-stream--1935083709] DEBUG com.github.dockerjava.zerodep.shaded.org.apache.hc.client5.http.wire - http-outgoing-1 << "72[\r][\n]"
17:34:35.509 [docker-java-stream--1935083709] DEBUG com.github.dockerjava.zerodep.shaded.org.apache.hc.client5.http.wire - http-outgoing-1 << "[0x1][0x0][0x0][0x0][0x0][0x0][0x0]j[2024-12-20 16:34:35,507] INFO No SessionScavenger set, using defaults (org.eclipse.jetty.server.session)[\n]"
17:34:35.509 [docker-java-stream--1935083709] DEBUG com.github.dockerjava.zerodep.shaded.org.apache.hc.client5.http.wire - http-outgoing-1 << "[\r][\n]"
17:34:35.509 [main] DEBUG org.testcontainers.containers.output.WaitingConsumer - STDOUT: [2024-12-20 16:34:35,507] INFO No SessionScavenger set, using defaults (org.eclipse.jetty.server.session)
17:34:35.510 [main] DEBUG org.testcontainers.containers.output.WaitingConsumer - STDOUT: [2024-12-20 16:34:35,505] INFO DefaultSessionIdManager workerName=node0 (org.eclipse.jetty.server.session)
17:34:35.515 [docker-java-stream--1935083709] DEBUG com.github.dockerjava.zerodep.shaded.org.apache.hc.client5.http.wire - http-outgoing-1 << "6a[\r][\n]"
17:34:35.515 [docker-java-stream--1935083709] DEBUG com.github.dockerjava.zerodep.shaded.org.apache.hc.client5.http.wire - http-outgoing-1 << "[0x1][0x0][0x0][0x0][0x0][0x0][0x0]b[2024-12-20 16:34:35,514] INFO node0 Scavenging every 660000ms (org.eclipse.jetty.server.session)[\n]"
17:34:35.515 [docker-java-stream--1935083709] DEBUG com.github.dockerjava.zerodep.shaded.org.apache.hc.client5.http.wire - http-outgoing-1 << "[\r][\n]"
17:34:35.524 [main] DEBUG org.testcontainers.containers.output.WaitingConsumer - STDOUT: [2024-12-20 16:34:35,514] INFO node0 Scavenging every 660000ms (org.eclipse.jetty.server.session)
17:34:35.532 [docker-java-stream--1935083709] DEBUG com.github.dockerjava.zerodep.shaded.org.apache.hc.client5.http.wire - http-outgoing-1 << "c3[\r][\n]"
17:34:35.536 [docker-java-stream--1935083709] DEBUG com.github.dockerjava.zerodep.shaded.org.apache.hc.client5.http.wire - http-outgoing-1 << "[0x1][0x0][0x0][0x0][0x0][0x0][0x0][0xffffffbb][2024-12-20 16:34:35,531] WARN ServletContext@o.e.j.s.ServletContextHandler@69ee81fc{/,null,STARTING} has uncovered http methods for path: /* (org.eclipse.jetty.security.SecurityHandler)[\n]"
17:34:35.536 [docker-java-stream--1935083709] DEBUG com.github.dockerjava.zerodep.shaded.org.apache.hc.client5.http.wire - http-outgoing-1 << "[\r][\n]"
17:34:35.537 [main] DEBUG org.testcontainers.containers.output.WaitingConsumer - STDOUT: [2024-12-20 16:34:35,531] WARN ServletContext@o.e.j.s.ServletContextHandler@69ee81fc{/,null,STARTING} has uncovered http methods for path: /* (org.eclipse.jetty.security.SecurityHandler)
17:34:35.565 [docker-java-stream--1935083709] DEBUG com.github.dockerjava.zerodep.shaded.org.apache.hc.client5.http.wire - http-outgoing-1 << "9a[\r][\n]"
17:34:35.565 [docker-java-stream--1935083709] DEBUG com.github.dockerjava.zerodep.shaded.org.apache.hc.client5.http.wire - http-outgoing-1 << "[0x1][0x0][0x0][0x0][0x0][0x0][0x0][0xffffff92][2024-12-20 16:34:35,564] INFO Started o.e.j.s.ServletContextHandler@69ee81fc{/,null,AVAILABLE} (org.eclipse.jetty.server.handler.ContextHandler)[\n]"
17:34:35.565 [docker-java-stream--1935083709] DEBUG com.github.dockerjava.zerodep.shaded.org.apache.hc.client5.http.wire - http-outgoing-1 << "[\r][\n]"
17:34:35.565 [main] DEBUG org.testcontainers.containers.output.WaitingConsumer - STDOUT: [2024-12-20 16:34:35,564] INFO Started o.e.j.s.ServletContextHandler@69ee81fc{/,null,AVAILABLE} (org.eclipse.jetty.server.handler.ContextHandler)
17:34:35.608 [docker-java-stream--1935083709] DEBUG com.github.dockerjava.zerodep.shaded.org.apache.hc.client5.http.wire - http-outgoing-1 << "99[\r][\n]"
17:34:35.608 [docker-java-stream--1935083709] DEBUG com.github.dockerjava.zerodep.shaded.org.apache.hc.client5.http.wire - http-outgoing-1 << "[0x1][0x0][0x0][0x0][0x0][0x0][0x0][0xffffff91][2024-12-20 16:34:35,607] INFO Started ServerConnector@28dcca0c{HTTP/1.1, (http/1.1)}{0.0.0.0:8080} (org.eclipse.jetty.server.AbstractConnector)[\n]"
17:34:35.608 [docker-java-stream--1935083709] DEBUG com.github.dockerjava.zerodep.shaded.org.apache.hc.client5.http.wire - http-outgoing-1 << "[\r][\n]"
17:34:35.609 [docker-java-stream--1935083709] DEBUG com.github.dockerjava.zerodep.shaded.org.apache.hc.client5.http.wire - http-outgoing-1 << "59[\r][\n]"
17:34:35.610 [docker-java-stream--1935083709] DEBUG com.github.dockerjava.zerodep.shaded.org.apache.hc.client5.http.wire - http-outgoing-1 << "[0x1][0x0][0x0][0x0][0x0][0x0][0x0]Q[2024-12-20 16:34:35,607] INFO Started @2164ms (org.eclipse.jetty.server.Server)[\n]"
17:34:35.610 [docker-java-stream--1935083709] DEBUG com.github.dockerjava.zerodep.shaded.org.apache.hc.client5.http.wire - http-outgoing-1 << "[\r][\n]"
17:34:35.610 [docker-java-stream--1935083709] DEBUG com.github.dockerjava.zerodep.shaded.org.apache.hc.client5.http.wire - http-outgoing-1 << "a8[\r][\n]"
17:34:35.610 [docker-java-stream--1935083709] DEBUG com.github.dockerjava.zerodep.shaded.org.apache.hc.client5.http.wire - http-outgoing-1 << "[0x1][0x0][0x0][0x0][0x0][0x0][0x0][0xffffffa0][2024-12-20 16:34:35,608] INFO Started AdminServer on address 0.0.0.0, port 8080 and command URL /commands (org.apache.zookeeper.server.admin.JettyAdminServer)[\n]"
17:34:35.610 [docker-java-stream--1935083709] DEBUG com.github.dockerjava.zerodep.shaded.org.apache.hc.client5.http.wire - http-outgoing-1 << "[\r][\n]"
17:34:35.611 [main] DEBUG org.testcontainers.containers.output.WaitingConsumer - STDOUT: [2024-12-20 16:34:35,608] INFO Started AdminServer on address 0.0.0.0, port 8080 and command URL /commands (org.apache.zookeeper.server.admin.JettyAdminServer)
17:34:35.613 [main] DEBUG org.testcontainers.containers.output.WaitingConsumer - STDOUT: [2024-12-20 16:34:35,607] INFO Started @2164ms (org.eclipse.jetty.server.Server)
17:34:35.613 [main] DEBUG org.testcontainers.containers.output.WaitingConsumer - STDOUT: [2024-12-20 16:34:35,607] INFO Started ServerConnector@28dcca0c{HTTP/1.1, (http/1.1)}{0.0.0.0:8080} (org.eclipse.jetty.server.AbstractConnector)
17:34:35.622 [docker-java-stream--1935083709] DEBUG com.github.dockerjava.zerodep.shaded.org.apache.hc.client5.http.wire - http-outgoing-1 << "ab[\r][\n]"
17:34:35.624 [docker-java-stream--1935083709] DEBUG com.github.dockerjava.zerodep.shaded.org.apache.hc.client5.http.wire - http-outgoing-1 << "[0x1][0x0][0x0][0x0][0x0][0x0][0x0][0xffffffa3][2024-12-20 16:34:35,621] INFO Using org.apache.zookeeper.server.NIOServerCnxnFactory as server connection factory (org.apache.zookeeper.server.ServerCnxnFactory)[\n]"
17:34:35.624 [docker-java-stream--1935083709] DEBUG com.github.dockerjava.zerodep.shaded.org.apache.hc.client5.http.wire - http-outgoing-1 << "[\r][\n]"
17:34:35.624 [docker-java-stream--1935083709] DEBUG com.github.dockerjava.zerodep.shaded.org.apache.hc.client5.http.wire - http-outgoing-1 << "8a[\r][\n]"
17:34:35.624 [docker-java-stream--1935083709] DEBUG com.github.dockerjava.zerodep.shaded.org.apache.hc.client5.http.wire - http-outgoing-1 << "[0x1][0x0][0x0][0x0][0x0][0x0][0x0][0xffffff82][2024-12-20 16:34:35,623] WARN maxCnxns is not configured, using default value 0. (org.apache.zookeeper.server.ServerCnxnFactory)[\n]"
17:34:35.625 [docker-java-stream--1935083709] DEBUG com.github.dockerjava.zerodep.shaded.org.apache.hc.client5.http.wire - http-outgoing-1 << "[\r][\n]"
17:34:35.625 [main] DEBUG org.testcontainers.containers.output.WaitingConsumer - STDOUT: [2024-12-20 16:34:35,623] WARN maxCnxns is not configured, using default value 0. (org.apache.zookeeper.server.ServerCnxnFactory)
17:34:35.625 [main] DEBUG org.testcontainers.containers.output.WaitingConsumer - STDOUT: [2024-12-20 16:34:35,621] INFO Using org.apache.zookeeper.server.NIOServerCnxnFactory as server connection factory (org.apache.zookeeper.server.ServerCnxnFactory)
17:34:35.627 [docker-java-stream--1935083709] DEBUG com.github.dockerjava.zerodep.shaded.org.apache.hc.client5.http.wire - http-outgoing-1 << "e9[\r][\n]"
17:34:35.627 [docker-java-stream--1935083709] DEBUG com.github.dockerjava.zerodep.shaded.org.apache.hc.client5.http.wire - http-outgoing-1 << "[0x1][0x0][0x0][0x0][0x0][0x0][0x0][0xffffffe1][2024-12-20 16:34:35,626] INFO Configuring NIO connection handler with 10s sessionless connection timeout, 2 selector thread(s), 16 worker threads, and 64 kB direct buffers. (org.apache.zookeeper.server.NIOServerCnxnFactory)[\n]"
17:34:35.627 [docker-java-stream--1935083709] DEBUG com.github.dockerjava.zerodep.shaded.org.apache.hc.client5.http.wire - http-outgoing-1 << "[\r][\n]"
17:34:35.630 [docker-java-stream--1935083709] DEBUG com.github.dockerjava.zerodep.shaded.org.apache.hc.client5.http.wire - http-outgoing-1 << "7f[\r][\n]"
17:34:35.630 [docker-java-stream--1935083709] DEBUG com.github.dockerjava.zerodep.shaded.org.apache.hc.client5.http.wire - http-outgoing-1 << "[0x1][0x0][0x0][0x0][0x0][0x0][0x0]w[2024-12-20 16:34:35,629] INFO binding to port 0.0.0.0/0.0.0.0:2181 (org.apache.zookeeper.server.NIOServerCnxnFactory)[\n]"
17:34:35.630 [docker-java-stream--1935083709] DEBUG com.github.dockerjava.zerodep.shaded.org.apache.hc.client5.http.wire - http-outgoing-1 << "[\r][\n]"
17:34:35.635 [main] DEBUG org.testcontainers.containers.output.WaitingConsumer - STDOUT: [2024-12-20 16:34:35,629] INFO binding to port 0.0.0.0/0.0.0.0:2181 (org.apache.zookeeper.server.NIOServerCnxnFactory)
17:34:35.635 [main] DEBUG org.testcontainers.containers.output.WaitingConsumer - STDOUT: [2024-12-20 16:34:35,626] INFO Configuring NIO connection handler with 10s sessionless connection timeout, 2 selector thread(s), 16 worker threads, and 64 kB direct buffers. (org.apache.zookeeper.server.NIOServerCnxnFactory)
17:34:35.673 [docker-java-stream--1935083709] DEBUG com.github.dockerjava.zerodep.shaded.org.apache.hc.client5.http.wire - http-outgoing-1 << "a5[\r][\n]"
17:34:35.673 [docker-java-stream--1935083709] DEBUG com.github.dockerjava.zerodep.shaded.org.apache.hc.client5.http.wire - http-outgoing-1 << "[0x1][0x0][0x0][0x0][0x0][0x0][0x0][0xffffff9d][2024-12-20 16:34:35,669] INFO Using org.apache.zookeeper.server.watch.WatchManager as watch manager (org.apache.zookeeper.server.watch.WatchManagerFactory)[\n]"
17:34:35.674 [docker-java-stream--1935083709] DEBUG com.github.dockerjava.zerodep.shaded.org.apache.hc.client5.http.wire - http-outgoing-1 << "[\r][\n]"
17:34:35.674 [docker-java-stream--1935083709] DEBUG com.github.dockerjava.zerodep.shaded.org.apache.hc.client5.http.wire - http-outgoing-1 << "a5[\r][\n]"
17:34:35.674 [docker-java-stream--1935083709] DEBUG com.github.dockerjava.zerodep.shaded.org.apache.hc.client5.http.wire - http-outgoing-1 << "[0x1][0x0][0x0][0x0][0x0][0x0][0x0][0xffffff9d][2024-12-20 16:34:35,670] INFO Using org.apache.zookeeper.server.watch.WatchManager as watch manager (org.apache.zookeeper.server.watch.WatchManagerFactory)[\n]"
17:34:35.674 [docker-java-stream--1935083709] DEBUG com.github.dockerjava.zerodep.shaded.org.apache.hc.client5.http.wire - http-outgoing-1 << "[\r][\n]"
17:34:35.675 [main] DEBUG org.testcontainers.containers.output.WaitingConsumer - STDOUT: [2024-12-20 16:34:35,670] INFO Using org.apache.zookeeper.server.watch.WatchManager as watch manager (org.apache.zookeeper.server.watch.WatchManagerFactory)
17:34:35.680 [docker-java-stream--1935083709] DEBUG com.github.dockerjava.zerodep.shaded.org.apache.hc.client5.http.wire - http-outgoing-1 << "74[\r][\n]"
17:34:35.681 [docker-java-stream--1935083709] DEBUG com.github.dockerjava.zerodep.shaded.org.apache.hc.client5.http.wire - http-outgoing-1 << "[0x1][0x0][0x0][0x0][0x0][0x0][0x0]l[2024-12-20 16:34:35,674] INFO zookeeper.snapshotSizeFactor = 0.33 (org.apache.zookeeper.server.ZKDatabase)[\n]"
17:34:35.681 [docker-java-stream--1935083709] DEBUG com.github.dockerjava.zerodep.shaded.org.apache.hc.client5.http.wire - http-outgoing-1 << "[\r][\n]"
17:34:35.681 [docker-java-stream--1935083709] DEBUG com.github.dockerjava.zerodep.shaded.org.apache.hc.client5.http.wire - http-outgoing-1 << "6d[\r][\n]"
17:34:35.681 [docker-java-stream--1935083709] DEBUG com.github.dockerjava.zerodep.shaded.org.apache.hc.client5.http.wire - http-outgoing-1 << "[0x1][0x0][0x0][0x0][0x0][0x0][0x0]e[2024-12-20 16:34:35,675] INFO zookeeper.commitLogCount=500 (org.apache.zookeeper.server.ZKDatabase)[\n]"
17:34:35.681 [docker-java-stream--1935083709] DEBUG com.github.dockerjava.zerodep.shaded.org.apache.hc.client5.http.wire - http-outgoing-1 << "[\r][\n]"
17:34:35.677 [main] DEBUG org.testcontainers.containers.output.WaitingConsumer - STDOUT: [2024-12-20 16:34:35,669] INFO Using org.apache.zookeeper.server.watch.WatchManager as watch manager (org.apache.zookeeper.server.watch.WatchManagerFactory)
17:34:35.681 [main] DEBUG org.testcontainers.containers.output.WaitingConsumer - STDOUT: [2024-12-20 16:34:35,675] INFO zookeeper.commitLogCount=500 (org.apache.zookeeper.server.ZKDatabase)
17:34:35.682 [main] DEBUG org.testcontainers.containers.output.WaitingConsumer - STDOUT: [2024-12-20 16:34:35,674] INFO zookeeper.snapshotSizeFactor = 0.33 (org.apache.zookeeper.server.ZKDatabase)
17:34:35.695 [docker-java-stream--1935083709] DEBUG com.github.dockerjava.zerodep.shaded.org.apache.hc.client5.http.wire - http-outgoing-1 << "8c[\r][\n]"
17:34:35.695 [docker-java-stream--1935083709] DEBUG com.github.dockerjava.zerodep.shaded.org.apache.hc.client5.http.wire - http-outgoing-1 << "[0x1][0x0][0x0][0x0][0x0][0x0][0x0][0xffffff84][2024-12-20 16:34:35,692] INFO zookeeper.snapshot.compression.method = CHECKED (org.apache.zookeeper.server.persistence.SnapStream)[\n]"
17:34:35.695 [docker-java-stream--1935083709] DEBUG com.github.dockerjava.zerodep.shaded.org.apache.hc.client5.http.wire - http-outgoing-1 << "[\r][\n]"
17:34:35.695 [docker-java-stream--1935083709] DEBUG com.github.dockerjava.zerodep.shaded.org.apache.hc.client5.http.wire - http-outgoing-1 << "a2[\r][\n]"
17:34:35.695 [docker-java-stream--1935083709] DEBUG com.github.dockerjava.zerodep.shaded.org.apache.hc.client5.http.wire - http-outgoing-1 << "[0x1][0x0][0x0][0x0][0x0][0x0][0x0][0xffffff9a][2024-12-20 16:34:35,692] INFO Snapshotting: 0x0 to /var/lib/zookeeper/data/version-2/snapshot.0 (org.apache.zookeeper.server.persistence.FileTxnSnapLog)[\n]"
17:34:35.695 [docker-java-stream--1935083709] DEBUG com.github.dockerjava.zerodep.shaded.org.apache.hc.client5.http.wire - http-outgoing-1 << "[\r][\n]"
17:34:35.695 [main] DEBUG org.testcontainers.containers.output.WaitingConsumer - STDOUT: [2024-12-20 16:34:35,692] INFO zookeeper.snapshot.compression.method = CHECKED (org.apache.zookeeper.server.persistence.SnapStream)
17:34:35.705 [docker-java-stream--1935083709] DEBUG com.github.dockerjava.zerodep.shaded.org.apache.hc.client5.http.wire - http-outgoing-1 << "94[\r][\n]"
17:34:35.705 [docker-java-stream--1935083709] DEBUG com.github.dockerjava.zerodep.shaded.org.apache.hc.client5.http.wire - http-outgoing-1 << "[0x1][0x0][0x0][0x0][0x0][0x0][0x0][0xffffff8c][2024-12-20 16:34:35,702] INFO Snapshot loaded in 28 ms, highest zxid is 0x0, digest is 1371985504 (org.apache.zookeeper.server.ZKDatabase)[\n]"
17:34:35.705 [docker-java-stream--1935083709] DEBUG com.github.dockerjava.zerodep.shaded.org.apache.hc.client5.http.wire - http-outgoing-1 << "[\r][\n]"
17:34:35.705 [docker-java-stream--1935083709] DEBUG com.github.dockerjava.zerodep.shaded.org.apache.hc.client5.http.wire - http-outgoing-1 << "a2[\r][\n]"
17:34:35.705 [docker-java-stream--1935083709] DEBUG com.github.dockerjava.zerodep.shaded.org.apache.hc.client5.http.wire - http-outgoing-1 << "[0x1][0x0][0x0][0x0][0x0][0x0][0x0][0xffffff9a][2024-12-20 16:34:35,703] INFO Snapshotting: 0x0 to /var/lib/zookeeper/data/version-2/snapshot.0 (org.apache.zookeeper.server.persistence.FileTxnSnapLog)[\n]"
17:34:35.705 [docker-java-stream--1935083709] DEBUG com.github.dockerjava.zerodep.shaded.org.apache.hc.client5.http.wire - http-outgoing-1 << "[\r][\n]"
17:34:35.705 [docker-java-stream--1935083709] DEBUG com.github.dockerjava.zerodep.shaded.org.apache.hc.client5.http.wire - http-outgoing-1 << "6c[\r][\n]"
17:34:35.705 [docker-java-stream--1935083709] DEBUG com.github.dockerjava.zerodep.shaded.org.apache.hc.client5.http.wire - http-outgoing-1 << "[0x1][0x0][0x0][0x0][0x0][0x0][0x0]d[2024-12-20 16:34:35,704] INFO Snapshot taken in 1 ms (org.apache.zookeeper.server.ZooKeeperServer)[\n]"
17:34:35.705 [docker-java-stream--1935083709] DEBUG com.github.dockerjava.zerodep.shaded.org.apache.hc.client5.http.wire - http-outgoing-1 << "[\r][\n]"
17:34:35.707 [main] DEBUG org.testcontainers.containers.output.WaitingConsumer - STDOUT: [2024-12-20 16:34:35,704] INFO Snapshot taken in 1 ms (org.apache.zookeeper.server.ZooKeeperServer)
17:34:35.708 [main] DEBUG org.testcontainers.containers.output.WaitingConsumer - STDOUT: [2024-12-20 16:34:35,703] INFO Snapshotting: 0x0 to /var/lib/zookeeper/data/version-2/snapshot.0 (org.apache.zookeeper.server.persistence.FileTxnSnapLog)
17:34:35.713 [main] DEBUG org.testcontainers.containers.output.WaitingConsumer - STDOUT: [2024-12-20 16:34:35,702] INFO Snapshot loaded in 28 ms, highest zxid is 0x0, digest is 1371985504 (org.apache.zookeeper.server.ZKDatabase)
17:34:35.714 [main] DEBUG org.testcontainers.containers.output.WaitingConsumer - STDOUT: [2024-12-20 16:34:35,692] INFO Snapshotting: 0x0 to /var/lib/zookeeper/data/version-2/snapshot.0 (org.apache.zookeeper.server.persistence.FileTxnSnapLog)
17:34:35.730 [docker-java-stream--1935083709] DEBUG com.github.dockerjava.zerodep.shaded.org.apache.hc.client5.http.wire - http-outgoing-1 << "96[\r][\n]"
17:34:35.738 [docker-java-stream--1935083709] DEBUG com.github.dockerjava.zerodep.shaded.org.apache.hc.client5.http.wire - http-outgoing-1 << "[0x1][0x0][0x0][0x0][0x0][0x0][0x0][0xffffff8e][2024-12-20 16:34:35,727] INFO PrepRequestProcessor (sid:0) started, reconfigEnabled=false (org.apache.zookeeper.server.PrepRequestProcessor)[\n]"
17:34:35.738 [docker-java-stream--1935083709] DEBUG com.github.dockerjava.zerodep.shaded.org.apache.hc.client5.http.wire - http-outgoing-1 << "[\r][\n]"
17:34:35.741 [docker-java-stream--1935083709] DEBUG com.github.dockerjava.zerodep.shaded.org.apache.hc.client5.http.wire - http-outgoing-1 << "8a[\r][\n]"
17:34:35.741 [docker-java-stream--1935083709] DEBUG com.github.dockerjava.zerodep.shaded.org.apache.hc.client5.http.wire - http-outgoing-1 << "[0x1][0x0][0x0][0x0][0x0][0x0][0x0][0xffffff82][2024-12-20 16:34:35,728] INFO zookeeper.request_throttler.shutdownTimeout = 10000 (org.apache.zookeeper.server.RequestThrottler)[\n]"
17:34:35.742 [docker-java-stream--1935083709] DEBUG com.github.dockerjava.zerodep.shaded.org.apache.hc.client5.http.wire - http-outgoing-1 << "[\r][\n]"
17:34:35.742 [main] DEBUG org.testcontainers.containers.output.WaitingConsumer - STDOUT: [2024-12-20 16:34:35,728] INFO zookeeper.request_throttler.shutdownTimeout = 10000 (org.apache.zookeeper.server.RequestThrottler)
17:34:35.742 [main] DEBUG org.testcontainers.containers.output.WaitingConsumer - STDOUT: [2024-12-20 16:34:35,727] INFO PrepRequestProcessor (sid:0) started, reconfigEnabled=false (org.apache.zookeeper.server.PrepRequestProcessor)
17:34:35.810 [docker-java-stream--1935083709] DEBUG com.github.dockerjava.zerodep.shaded.org.apache.hc.client5.http.wire - http-outgoing-1 << "9e[\r][\n]"
17:34:35.810 [docker-java-stream--1935083709] DEBUG com.github.dockerjava.zerodep.shaded.org.apache.hc.client5.http.wire - http-outgoing-1 << "[0x1][0x0][0x0][0x0][0x0][0x0][0x0][0xffffff96][2024-12-20 16:34:35,789] INFO Using checkIntervalMs=60000 maxPerMinute=10000 maxNeverUsedIntervalMs=0 (org.apache.zookeeper.server.ContainerManager)[\n]"
17:34:35.810 [docker-java-stream--1935083709] DEBUG com.github.dockerjava.zerodep.shaded.org.apache.hc.client5.http.wire - http-outgoing-1 << "[\r][\n]"
17:34:35.810 [docker-java-stream--1935083709] DEBUG com.github.dockerjava.zerodep.shaded.org.apache.hc.client5.http.wire - http-outgoing-1 << "71[\r][\n]"
17:34:35.810 [docker-java-stream--1935083709] DEBUG com.github.dockerjava.zerodep.shaded.org.apache.hc.client5.http.wire - http-outgoing-1 << "[0x1][0x0][0x0][0x0][0x0][0x0][0x0]i[2024-12-20 16:34:35,792] INFO ZooKeeper audit is disabled. (org.apache.zookeeper.audit.ZKAuditProvider)[\n]"
17:34:35.810 [docker-java-stream--1935083709] DEBUG com.github.dockerjava.zerodep.shaded.org.apache.hc.client5.http.wire - http-outgoing-1 << "[\r][\n]"
17:34:35.811 [main] DEBUG org.testcontainers.containers.output.WaitingConsumer - STDOUT: [2024-12-20 16:34:35,789] INFO Using checkIntervalMs=60000 maxPerMinute=10000 maxNeverUsedIntervalMs=0 (org.apache.zookeeper.server.ContainerManager)
17:34:35.811 [main] DEBUG org.testcontainers.containers.output.WaitingConsumer - STDOUT: [2024-12-20 16:34:35,792] INFO ZooKeeper audit is disabled. (org.apache.zookeeper.audit.ZKAuditProvider)
17:34:38.822 [docker-java-stream--1935083709] DEBUG com.github.dockerjava.zerodep.shaded.org.apache.hc.client5.http.wire - http-outgoing-1 << "2b[\r][\n]"
17:34:38.822 [docker-java-stream--1935083709] DEBUG com.github.dockerjava.zerodep.shaded.org.apache.hc.client5.http.wire - http-outgoing-1 << "[0x1][0x0][0x0][0x0][0x0][0x0][0x0]#===> Running preflight checks ... [\n]"
17:34:38.822 [docker-java-stream--1935083709] DEBUG com.github.dockerjava.zerodep.shaded.org.apache.hc.client5.http.wire - http-outgoing-1 << "[\r][\n]"
17:34:38.822 [main] DEBUG org.testcontainers.containers.output.WaitingConsumer - STDOUT: ===> Running preflight checks ... 
17:34:38.831 [docker-java-stream--1935083709] DEBUG com.github.dockerjava.zerodep.shaded.org.apache.hc.client5.http.wire - http-outgoing-1 << "1c[\r][\n]"
17:34:38.831 [docker-java-stream--1935083709] DEBUG com.github.dockerjava.zerodep.shaded.org.apache.hc.client5.http.wire - http-outgoing-1 << "[0x1][0x0][0x0][0x0][0x0][0x0][0x0][0x14]===> Launching ... [\n]"
17:34:38.831 [docker-java-stream--1935083709] DEBUG com.github.dockerjava.zerodep.shaded.org.apache.hc.client5.http.wire - http-outgoing-1 << "[\r][\n]"
17:34:38.832 [main] DEBUG org.testcontainers.containers.output.WaitingConsumer - STDOUT: ===> Launching ... 
17:34:38.846 [docker-java-stream--1935083709] DEBUG com.github.dockerjava.zerodep.shaded.org.apache.hc.client5.http.wire - http-outgoing-1 << "22[\r][\n]"
17:34:38.846 [docker-java-stream--1935083709] DEBUG com.github.dockerjava.zerodep.shaded.org.apache.hc.client5.http.wire - http-outgoing-1 << "[0x1][0x0][0x0][0x0][0x0][0x0][0x0][0x1a]===> Launching kafka ... [\n]"
17:34:38.846 [docker-java-stream--1935083709] DEBUG com.github.dockerjava.zerodep.shaded.org.apache.hc.client5.http.wire - http-outgoing-1 << "[\r][\n]"
17:34:38.846 [main] DEBUG org.testcontainers.containers.output.WaitingConsumer - STDOUT: ===> Launching kafka ... 
17:34:40.162 [docker-java-stream--1935083709] DEBUG com.github.dockerjava.zerodep.shaded.org.apache.hc.client5.http.wire - http-outgoing-1 << "84[\r][\n]"
17:34:40.163 [docker-java-stream--1935083709] DEBUG com.github.dockerjava.zerodep.shaded.org.apache.hc.client5.http.wire - http-outgoing-1 << "[0x1][0x0][0x0][0x0][0x0][0x0][0x0]|[2024-12-20 16:34:40,161] INFO Registered kafka:type=kafka.Log4jController MBean (kafka.utils.Log4jControllerRegistration$)[\n]"
17:34:40.163 [docker-java-stream--1935083709] DEBUG com.github.dockerjava.zerodep.shaded.org.apache.hc.client5.http.wire - http-outgoing-1 << "[\r][\n]"
17:34:40.164 [main] DEBUG org.testcontainers.containers.output.WaitingConsumer - STDOUT: [2024-12-20 16:34:40,161] INFO Registered kafka:type=kafka.Log4jController MBean (kafka.utils.Log4jControllerRegistration$)
17:34:40.882 [docker-java-stream--1935083709] DEBUG com.github.dockerjava.zerodep.shaded.org.apache.hc.client5.http.wire - http-outgoing-1 << "b7[\r][\n]"
17:34:40.882 [docker-java-stream--1935083709] DEBUG com.github.dockerjava.zerodep.shaded.org.apache.hc.client5.http.wire - http-outgoing-1 << "[0x1][0x0][0x0][0x0][0x0][0x0][0x0][0xffffffaf][2024-12-20 16:34:40,881] INFO Setting -D jdk.tls.rejectClientInitiatedRenegotiation=true to disable client-initiated TLS renegotiation (org.apache.zookeeper.common.X509Util)[\n]"
17:34:40.882 [docker-java-stream--1935083709] DEBUG com.github.dockerjava.zerodep.shaded.org.apache.hc.client5.http.wire - http-outgoing-1 << "[\r][\n]"
17:34:40.882 [main] DEBUG org.testcontainers.containers.output.WaitingConsumer - STDOUT: [2024-12-20 16:34:40,881] INFO Setting -D jdk.tls.rejectClientInitiatedRenegotiation=true to disable client-initiated TLS renegotiation (org.apache.zookeeper.common.X509Util)
17:34:41.134 [docker-java-stream--1935083709] DEBUG com.github.dockerjava.zerodep.shaded.org.apache.hc.client5.http.wire - http-outgoing-1 << "8a[\r][\n]"
17:34:41.134 [docker-java-stream--1935083709] DEBUG com.github.dockerjava.zerodep.shaded.org.apache.hc.client5.http.wire - http-outgoing-1 << "[0x1][0x0][0x0][0x0][0x0][0x0][0x0][0xffffff82][2024-12-20 16:34:41,133] INFO Registered signal handlers for TERM, INT, HUP (org.apache.kafka.common.utils.LoggingSignalHandler)[\n]"
17:34:41.134 [docker-java-stream--1935083709] DEBUG com.github.dockerjava.zerodep.shaded.org.apache.hc.client5.http.wire - http-outgoing-1 << "[\r][\n]"
17:34:41.135 [main] DEBUG org.testcontainers.containers.output.WaitingConsumer - STDOUT: [2024-12-20 16:34:41,133] INFO Registered signal handlers for TERM, INT, HUP (org.apache.kafka.common.utils.LoggingSignalHandler)
17:34:41.137 [docker-java-stream--1935083709] DEBUG com.github.dockerjava.zerodep.shaded.org.apache.hc.client5.http.wire - http-outgoing-1 << "4b[\r][\n]"
17:34:41.137 [docker-java-stream--1935083709] DEBUG com.github.dockerjava.zerodep.shaded.org.apache.hc.client5.http.wire - http-outgoing-1 << "[0x1][0x0][0x0][0x0][0x0][0x0][0x0]C[2024-12-20 16:34:41,137] INFO starting (kafka.server.KafkaServer)[\n]"
17:34:41.137 [docker-java-stream--1935083709] DEBUG com.github.dockerjava.zerodep.shaded.org.apache.hc.client5.http.wire - http-outgoing-1 << "[\r][\n]"
17:34:41.141 [docker-java-stream--1935083709] DEBUG com.github.dockerjava.zerodep.shaded.org.apache.hc.client5.http.wire - http-outgoing-1 << "6c[\r][\n]"
17:34:41.141 [docker-java-stream--1935083709] DEBUG com.github.dockerjava.zerodep.shaded.org.apache.hc.client5.http.wire - http-outgoing-1 << "[0x1][0x0][0x0][0x0][0x0][0x0][0x0]d[2024-12-20 16:34:41,137] INFO Connecting to zookeeper on localhost:2181 (kafka.server.KafkaServer)[\n]"
17:34:41.141 [docker-java-stream--1935083709] DEBUG com.github.dockerjava.zerodep.shaded.org.apache.hc.client5.http.wire - http-outgoing-1 << "[\r][\n]"
17:34:41.146 [main] DEBUG org.testcontainers.containers.output.WaitingConsumer - STDOUT: [2024-12-20 16:34:41,137] INFO Connecting to zookeeper on localhost:2181 (kafka.server.KafkaServer)
17:34:41.147 [main] DEBUG org.testcontainers.containers.output.WaitingConsumer - STDOUT: [2024-12-20 16:34:41,137] INFO starting (kafka.server.KafkaServer)
17:34:41.176 [docker-java-stream--1935083709] DEBUG com.github.dockerjava.zerodep.shaded.org.apache.hc.client5.http.wire - http-outgoing-1 << "96[\r][\n]"
17:34:41.177 [docker-java-stream--1935083709] DEBUG com.github.dockerjava.zerodep.shaded.org.apache.hc.client5.http.wire - http-outgoing-1 << "[0x1][0x0][0x0][0x0][0x0][0x0][0x0][0xffffff8e][2024-12-20 16:34:41,176] INFO [ZooKeeperClient Kafka server] Initializing a new session to localhost:2181. (kafka.zookeeper.ZooKeeperClient)[\n]"
17:34:41.177 [docker-java-stream--1935083709] DEBUG com.github.dockerjava.zerodep.shaded.org.apache.hc.client5.http.wire - http-outgoing-1 << "[\r][\n]"
17:34:41.177 [main] DEBUG org.testcontainers.containers.output.WaitingConsumer - STDOUT: [2024-12-20 16:34:41,176] INFO [ZooKeeperClient Kafka server] Initializing a new session to localhost:2181. (kafka.zookeeper.ZooKeeperClient)
17:34:41.209 [docker-java-stream--1935083709] DEBUG com.github.dockerjava.zerodep.shaded.org.apache.hc.client5.http.wire - http-outgoing-1 << "bc[\r][\n]"
17:34:41.209 [docker-java-stream--1935083709] DEBUG com.github.dockerjava.zerodep.shaded.org.apache.hc.client5.http.wire - http-outgoing-1 << "[0x1][0x0][0x0][0x0][0x0][0x0][0x0][0xffffffb4][2024-12-20 16:34:41,199] INFO Client environment:zookeeper.version=3.6.4--d65253dcf68e9097c6e95a126463fd5fdeb4521c, built on 12/18/2022 18:10 GMT (org.apache.zookeeper.ZooKeeper)[\n]"
17:34:41.209 [docker-java-stream--1935083709] DEBUG com.github.dockerjava.zerodep.shaded.org.apache.hc.client5.http.wire - http-outgoing-1 << "[\r][\n]"
17:34:41.209 [docker-java-stream--1935083709] DEBUG com.github.dockerjava.zerodep.shaded.org.apache.hc.client5.http.wire - http-outgoing-1 << "72[\r][\n]"
17:34:41.209 [docker-java-stream--1935083709] DEBUG com.github.dockerjava.zerodep.shaded.org.apache.hc.client5.http.wire - http-outgoing-1 << "[0x1][0x0][0x0][0x0][0x0][0x0][0x0]j[2024-12-20 16:34:41,207] INFO Client environment:host.name=770af2197545 (org.apache.zookeeper.ZooKeeper)[\n]"
17:34:41.209 [docker-java-stream--1935083709] DEBUG com.github.dockerjava.zerodep.shaded.org.apache.hc.client5.http.wire - http-outgoing-1 << "[\r][\n]"
17:34:41.209 [docker-java-stream--1935083709] DEBUG com.github.dockerjava.zerodep.shaded.org.apache.hc.client5.http.wire - http-outgoing-1 << "70[\r][\n]"
17:34:41.209 [docker-java-stream--1935083709] DEBUG com.github.dockerjava.zerodep.shaded.org.apache.hc.client5.http.wire - http-outgoing-1 << "[0x1][0x0][0x0][0x0][0x0][0x0][0x0]h[2024-12-20 16:34:41,207] INFO Client environment:java.version=11.0.18 (org.apache.zookeeper.ZooKeeper)[\n]"
17:34:41.209 [docker-java-stream--1935083709] DEBUG com.github.dockerjava.zerodep.shaded.org.apache.hc.client5.http.wire - http-outgoing-1 << "[\r][\n]"
17:34:41.209 [docker-java-stream--1935083709] DEBUG com.github.dockerjava.zerodep.shaded.org.apache.hc.client5.http.wire - http-outgoing-1 << "7a[\r][\n]"
17:34:41.209 [docker-java-stream--1935083709] DEBUG com.github.dockerjava.zerodep.shaded.org.apache.hc.client5.http.wire - http-outgoing-1 << "[0x1][0x0][0x0][0x0][0x0][0x0][0x0]r[2024-12-20 16:34:41,208] INFO Client environment:java.vendor=Azul Systems, Inc. (org.apache.zookeeper.ZooKeeper)[\n]"
17:34:41.209 [docker-java-stream--1935083709] DEBUG com.github.dockerjava.zerodep.shaded.org.apache.hc.client5.http.wire - http-outgoing-1 << "[\r][\n]"
17:34:41.209 [docker-java-stream--1935083709] DEBUG com.github.dockerjava.zerodep.shaded.org.apache.hc.client5.http.wire - http-outgoing-1 << "7c[\r][\n]"
17:34:41.209 [docker-java-stream--1935083709] DEBUG com.github.dockerjava.zerodep.shaded.org.apache.hc.client5.http.wire - http-outgoing-1 << "[0x1][0x0][0x0][0x0][0x0][0x0][0x0]t[2024-12-20 16:34:41,208] INFO Client environment:java.home=/usr/lib/jvm/zulu11-ca (org.apache.zookeeper.ZooKeeper)[\n]"
17:34:41.209 [docker-java-stream--1935083709] DEBUG com.github.dockerjava.zerodep.shaded.org.apache.hc.client5.http.wire - http-outgoing-1 << "[\r][\n]"
17:34:41.213 [main] DEBUG org.testcontainers.containers.output.WaitingConsumer - STDOUT: [2024-12-20 16:34:41,208] INFO Client environment:java.home=/usr/lib/jvm/zulu11-ca (org.apache.zookeeper.ZooKeeper)
17:34:41.213 [main] DEBUG org.testcontainers.containers.output.WaitingConsumer - STDOUT: [2024-12-20 16:34:41,208] INFO Client environment:java.vendor=Azul Systems, Inc. (org.apache.zookeeper.ZooKeeper)
17:34:41.213 [main] DEBUG org.testcontainers.containers.output.WaitingConsumer - STDOUT: [2024-12-20 16:34:41,207] INFO Client environment:java.version=11.0.18 (org.apache.zookeeper.ZooKeeper)
17:34:41.213 [main] DEBUG org.testcontainers.containers.output.WaitingConsumer - STDOUT: [2024-12-20 16:34:41,207] INFO Client environment:host.name=770af2197545 (org.apache.zookeeper.ZooKeeper)
17:34:41.213 [main] DEBUG org.testcontainers.containers.output.WaitingConsumer - STDOUT: [2024-12-20 16:34:41,199] INFO Client environment:zookeeper.version=3.6.4--d65253dcf68e9097c6e95a126463fd5fdeb4521c, built on 12/18/2022 18:10 GMT (org.apache.zookeeper.ZooKeeper)
17:34:41.214 [docker-java-stream--1935083709] DEBUG com.github.dockerjava.zerodep.shaded.org.apache.hc.client5.http.wire - http-outgoing-1 << "183c[\r][\n]"
17:34:41.214 [docker-java-stream--1935083709] DEBUG com.github.dockerjava.zerodep.shaded.org.apache.hc.client5.http.wire - http-outgoing-1 << "[0x1][0x0][0x0][0x0][0x0][0x0][0x18]4[2024-12-20 16:34:41,208] INFO Client environment:java.class.path=/usr/bin/../share/java/kafka/activation-1.1.1.jar:/usr/bin/../share/java/kafka/aopalliance-repackaged-2.6.1.jar:/usr/bin/../share/java/kafka/argparse4j-0.7.0.jar:/usr/bin/../share/java/kafka/audience-annotations-0.13.0.jar:/usr/bin/../share/java/kafka/commons-cli-1.4.jar:/usr/bin/../share/java/kafka/commons-lang3-3.8.1.jar:/usr/bin/../share/java/kafka/connect-api-7.4.1-ccs.jar:/usr/bin/../share/java/kafka/connect-basic-auth-extension-7.4.1-ccs.jar:/usr/bin/../share/java/kafka/connect-json-7.4.1-ccs.jar:/usr/bin/../share/java/kafka/connect-mirror-7.4.1-ccs.jar:/usr/bin/../share/java/kafka/connect-mirror-client-7.4.1-ccs.jar:/usr/bin/../share/java/kafka/connect-runtime-7.4.1-ccs.jar:/usr/bin/../share/java/kafka/connect-transforms-7.4.1-ccs.jar:/usr/bin/../share/java/kafka/hk2-api-2.6.1.jar:/usr/bin/../share/java/kafka/hk2-locator-2.6.1.jar:/usr/bin/../share/java/kafka/hk2-utils-2.6.1.jar:/usr/bin/../share/java/kafka/jackson-annotations-2.13.5.jar:/usr/bin/../share/java/kafka/jackson-core-2.13.5.jar:/usr/bin/../share/java/kafka/jackson-databind-2.13.5.jar:/usr/bin/../share/java/kafka/jackson-dataformat-csv-2.13.5.jar:/usr/bin/../share/java/kafka/jackson-datatype-jdk8-2.13.5.jar:/usr/bin/../share/java/kafka/jackson-jaxrs-base-2.13.5.jar:/usr/bin/../share/java/kafka/jackson-jaxrs-json-provider-2.13.5.jar:/usr/bin/../share/java/kafka/jackson-module-jaxb-annotations-2.13.5.jar:/usr/bin/../share/java/kafka/jackson-module-scala_2.13-2.13.5.jar:/usr/bin/../share/java/kafka/jakarta.activation-api-1.2.2.jar:/usr/bin/../share/java/kafka/jakarta.annotation-api-1.3.5.jar:/usr/bin/../share/java/kafka/jakarta.inject-2.6.1.jar:/usr/bin/../share/java/kafka/jakarta.validation-api-2.0.2.jar:/usr/bin/../share/java/kafka/jakarta.ws.rs-api-2.1.6.jar:/usr/bin/../share/java/kafka/jakarta.xml.bind-api-2.3.3.jar:/usr/bin/../share/java/kafka/javassist-3.29.2-GA.jar:/usr/bin/../share/java/kafka/javax.activation-api-1.2.0.jar:/usr/bin/../share/java/kafka/javax.annotation-api-1.3.2.jar:/usr/bin/../share/java/kafka/javax.servlet-api-3.1.0.jar:/usr/bin/../share/java/kafka/javax.ws.rs-api-2.1.1.jar:/usr/bin/../share/java/kafka/jaxb-api-2.3.1.jar:/usr/bin/../share/java/kafka/jersey-client-2.39.1.jar:/usr/bin/../share/java/kafka/jersey-common-2.39.1.jar:/usr/bin/../share/java/kafka/jersey-container-servlet-2.39.1.jar:/usr/bin/../share/java/kafka/jersey-container-servlet-core-2.39.1.jar:/usr/bin/../share/java/kafka/jersey-hk2-2.39.1.jar:/usr/bin/../share/java/kafka/jersey-server-2.39.1.jar:/usr/bin/../share/java/kafka/jetty-client-9.4.51.v20230217.jar:/usr/bin/../share/java/kafka/jetty-continuation-9.4.51.v20230217.jar:/usr/bin/../share/java/kafka/jetty-http-9.4.51.v20230217.jar:/usr/bin/../share/java/kafka/jetty-io-9.4.51.v20230217.jar:/usr/bin/../share/java/kafka/jetty-security-9.4.51.v20230217.jar:/usr/bin/../share/java/kafka/jetty-server-9.4.51.v20230217.jar:/usr/bin/../share/java/kafka/jetty-servlet-9.4.51.v20230217.jar:/usr/bin/../share/java/kafka/jetty-servlets-9.4.51.v20230217.jar:/usr/bin/../share/java/kafka/jetty-util-9.4.51.v20230217.jar:/usr/bin/../share/java/kafka/jetty-util-ajax-9.4.51.v20230217.jar:/usr/bin/../share/java/kafka/jline-3.22.0.jar:/usr/bin/../share/java/kafka/jopt-simple-5.0.4.jar:/usr/bin/../share/java/kafka/jose4j-0.9.3.jar:/usr/bin/../share/java/kafka/kafka-clients-7.4.1-ccs.jar:/usr/bin/../share/java/kafka/kafka-group-coordinator-7.4.1-ccs.jar:/usr/bin/../share/java/kafka/kafka-log4j-appender-7.4.1-ccs.jar:/usr/bin/../share/java/kafka/kafka-metadata-7.4.1-ccs.jar:/usr/bin/../share/java/kafka/kafka-raft-7.4.1-ccs.jar:/usr/bin/../share/java/kafka/kafka-server-common-7.4.1-ccs.jar:/usr/bin/../share/java/kafka/kafka-shell-7.4.1-ccs.jar:/usr/bin/../share/java/kafka/kafka-storage-7.4.1-ccs.jar:/usr/bin/../share/java/kafka/kafka-storage-api-7.4.1-ccs.jar:/usr/bin/../share/java/kafka/kafka-streams-7.4.1-ccs.jar:/usr/bin/../share/java/kafka/kafka-streams-examples-7.4.1-ccs.jar:/usr/bin/../share/java/kafka/kafka-streams-scala_2.13-7.4.1-ccs.jar:/usr/bin/../share/java/kafka/kafka-streams-test-utils-7.4.1-ccs.jar:/usr/bin/../share/java/kafka/kafka-tools-7.4.1-ccs.jar:/usr/bin/../share/java/kafka/kafka.jar:/usr/bin/../share/java/kafka/kafka_2.13-7.4.1-ccs.jar:/usr/bin/../share/java/kafka/lz4-java-1.8.0.jar:/usr/bin/../share/java/kafka/maven-artifact-3.8.4.jar:/usr/bin/../share/java/kafka/metrics-core-2.2.0.jar:/usr/bin/../share/java/kafka/metrics-core-4.1.12.1.jar:/usr/bin/../share/java/kafka/netty-buffer-4.1.92.Final.jar:/usr/bin/../share/java/kafka/netty-codec-4.1.92.Final.jar:/usr/bin/../share/java/kafka/netty-common-4.1.92.Final.jar:/usr/bin/../share/java/kafka/netty-handler-4.1.92.Final.jar:/usr/bin/../share/java/kafka/netty-resolver-4.1.92.Final.jar:/usr/bin/../share/java/kafka/netty-transport-4.1.92.Final.jar:/usr/bin/../share/java/kafka/netty-transport-classes-epoll-4.1.92.Final.jar:/usr/bin/../share/java/kafka/netty-transport-native-epoll-4.1.92.Final.jar:/usr/bin/../share/java/kafka/netty-transport-native-unix-common-4.1.92.Final.jar:/usr/bin/../share/java/kafka/osgi-resource-locator-1.0.3.jar:/usr/bin/../share/java/kafka/paranamer-2.8.jar:/usr/bin/../share/java/kafka/plexus-utils-3.3.0.jar:/usr/bin/../share/java/kafka/reflections-0.9.12.jar:/usr/bin/../share/java/kafka/reload4j-1.2.25.jar:/usr/bin/../share/java/kafka/rocksdbjni-7.1.2.jar:/usr/bin/../share/java/kafka/scala-collection-compat_2.13-2.10.0.jar:/usr/bin/../share/java/kafka/scala-java8-compat_2.13-1.0.2.jar:/usr/bin/../share/java/kafka/scala-library-2.13.10.jar:/usr/bin/../share/java/kafka/scala-logging_2.13-3.9.4.jar:/usr/bin/../share/java/kafka/scala-reflect-2.13.10.jar:/usr/bin/../share/java/kafka/slf4j-api-1.7.36.jar:/usr/bin/../share/java/kafka/slf4j-reload4j-1.7.36.jar:/usr/bin/../share/java/kafka/snappy-java-1.1.10.1.jar:/usr/bin/../share/java/kafka/swagger-annotations-2.2.0.jar:/usr/bin/../share/java/kafka/trogdor-7.4.1-ccs.jar:/usr/bin/../share/java/kafka/zookeeper-3.6.4.jar:/usr/bin/../share/java/kafka/zookeeper-jute-3.6.4.jar:/usr/bin/../share/java/kafka/zstd-jni-1.5.2-1.jar:/usr/bin/../share/java/confluent-telemetry/* (org.apache.zookeeper.ZooKeeper)[\n]"
17:34:41.214 [docker-java-stream--1935083709] DEBUG com.github.dockerjava.zerodep.shaded.org.apache.hc.client5.http.wire - http-outgoing-1 << "[\r][\n]"
17:34:41.214 [docker-java-stream--1935083709] DEBUG com.github.dockerjava.zerodep.shaded.org.apache.hc.client5.http.wire - http-outgoing-1 << "a4[\r][\n]"
17:34:41.214 [docker-java-stream--1935083709] DEBUG com.github.dockerjava.zerodep.shaded.org.apache.hc.client5.http.wire - http-outgoing-1 << "[0x1][0x0][0x0][0x0][0x0][0x0][0x0][0xffffff9c][2024-12-20 16:34:41,208] INFO Client environment:java.library.path=/usr/java/packages/lib:/usr/lib64:/lib64:/lib:/usr/lib (org.apache.zookeeper.ZooKeeper)[\n]"
17:34:41.214 [docker-java-stream--1935083709] DEBUG com.github.dockerjava.zerodep.shaded.org.apache.hc.client5.http.wire - http-outgoing-1 << "[\r][\n]"
17:34:41.214 [docker-java-stream--1935083709] DEBUG com.github.dockerjava.zerodep.shaded.org.apache.hc.client5.http.wire - http-outgoing-1 << "6f[\r][\n]"
17:34:41.214 [docker-java-stream--1935083709] DEBUG com.github.dockerjava.zerodep.shaded.org.apache.hc.client5.http.wire - http-outgoing-1 << "[0x1][0x0][0x0][0x0][0x0][0x0][0x0]g[2024-12-20 16:34:41,208] INFO Client environment:java.io.tmpdir=/tmp (org.apache.zookeeper.ZooKeeper)[\n]"
17:34:41.214 [docker-java-stream--1935083709] DEBUG com.github.dockerjava.zerodep.shaded.org.apache.hc.client5.http.wire - http-outgoing-1 << "[\r][\n]"
17:34:41.214 [docker-java-stream--1935083709] DEBUG com.github.dockerjava.zerodep.shaded.org.apache.hc.client5.http.wire - http-outgoing-1 << "6e[\r][\n]"
17:34:41.214 [docker-java-stream--1935083709] DEBUG com.github.dockerjava.zerodep.shaded.org.apache.hc.client5.http.wire - http-outgoing-1 << "[0x1][0x0][0x0][0x0][0x0][0x0][0x0]f[2024-12-20 16:34:41,208] INFO Client environment:java.compiler=<NA> (org.apache.zookeeper.ZooKeeper)[\n]"
17:34:41.214 [docker-java-stream--1935083709] DEBUG com.github.dockerjava.zerodep.shaded.org.apache.hc.client5.http.wire - http-outgoing-1 << "[\r][\n]"
17:34:41.215 [docker-java-stream--1935083709] DEBUG com.github.dockerjava.zerodep.shaded.org.apache.hc.client5.http.wire - http-outgoing-1 << "69[\r][\n]"
17:34:41.215 [docker-java-stream--1935083709] DEBUG com.github.dockerjava.zerodep.shaded.org.apache.hc.client5.http.wire - http-outgoing-1 << "[0x1][0x0][0x0][0x0][0x0][0x0][0x0]a[2024-12-20 16:34:41,208] INFO Client environment:os.name=Linux (org.apache.zookeeper.ZooKeeper)[\n]"
17:34:41.215 [docker-java-stream--1935083709] DEBUG com.github.dockerjava.zerodep.shaded.org.apache.hc.client5.http.wire - http-outgoing-1 << "[\r][\n]"
17:34:41.215 [docker-java-stream--1935083709] DEBUG com.github.dockerjava.zerodep.shaded.org.apache.hc.client5.http.wire - http-outgoing-1 << "69[\r][\n]"
17:34:41.215 [docker-java-stream--1935083709] DEBUG com.github.dockerjava.zerodep.shaded.org.apache.hc.client5.http.wire - http-outgoing-1 << "[0x1][0x0][0x0][0x0][0x0][0x0][0x0]a[2024-12-20 16:34:41,208] INFO Client environment:os.arch=amd64 (org.apache.zookeeper.ZooKeeper)[\n]"
17:34:41.215 [docker-java-stream--1935083709] DEBUG com.github.dockerjava.zerodep.shaded.org.apache.hc.client5.http.wire - http-outgoing-1 << "[\r][\n]"
17:34:41.215 [docker-java-stream--1935083709] DEBUG com.github.dockerjava.zerodep.shaded.org.apache.hc.client5.http.wire - http-outgoing-1 << "7d[\r][\n]"
17:34:41.215 [docker-java-stream--1935083709] DEBUG com.github.dockerjava.zerodep.shaded.org.apache.hc.client5.http.wire - http-outgoing-1 << "[0x1][0x0][0x0][0x0][0x0][0x0][0x0]u[2024-12-20 16:34:41,208] INFO Client environment:os.version=6.12.4-100.fc40.x86_64 (org.apache.zookeeper.ZooKeeper)[\n]"
17:34:41.215 [docker-java-stream--1935083709] DEBUG com.github.dockerjava.zerodep.shaded.org.apache.hc.client5.http.wire - http-outgoing-1 << "[\r][\n]"
17:34:41.215 [docker-java-stream--1935083709] DEBUG com.github.dockerjava.zerodep.shaded.org.apache.hc.client5.http.wire - http-outgoing-1 << "6d[\r][\n]"
17:34:41.215 [docker-java-stream--1935083709] DEBUG com.github.dockerjava.zerodep.shaded.org.apache.hc.client5.http.wire - http-outgoing-1 << "[0x1][0x0][0x0][0x0][0x0][0x0][0x0]e[2024-12-20 16:34:41,208] INFO Client environment:user.name=appuser (org.apache.zookeeper.ZooKeeper)[\n]"
17:34:41.215 [docker-java-stream--1935083709] DEBUG com.github.dockerjava.zerodep.shaded.org.apache.hc.client5.http.wire - http-outgoing-1 << "[\r][\n]"
17:34:41.215 [docker-java-stream--1935083709] DEBUG com.github.dockerjava.zerodep.shaded.org.apache.hc.client5.http.wire - http-outgoing-1 << "73[\r][\n]"
17:34:41.215 [docker-java-stream--1935083709] DEBUG com.github.dockerjava.zerodep.shaded.org.apache.hc.client5.http.wire - http-outgoing-1 << "[0x1][0x0][0x0][0x0][0x0][0x0][0x0]k[2024-12-20 16:34:41,209] INFO Client environment:user.home=/home/appuser (org.apache.zookeeper.ZooKeeper)[\n]"
17:34:41.215 [docker-java-stream--1935083709] DEBUG com.github.dockerjava.zerodep.shaded.org.apache.hc.client5.http.wire - http-outgoing-1 << "[\r][\n]"
17:34:41.215 [docker-java-stream--1935083709] DEBUG com.github.dockerjava.zerodep.shaded.org.apache.hc.client5.http.wire - http-outgoing-1 << "72[\r][\n]"
17:34:41.215 [docker-java-stream--1935083709] DEBUG com.github.dockerjava.zerodep.shaded.org.apache.hc.client5.http.wire - http-outgoing-1 << "[0x1][0x0][0x0][0x0][0x0][0x0][0x0]j[2024-12-20 16:34:41,209] INFO Client environment:user.dir=/home/appuser (org.apache.zookeeper.ZooKeeper)[\n]"
17:34:41.215 [docker-java-stream--1935083709] DEBUG com.github.dockerjava.zerodep.shaded.org.apache.hc.client5.http.wire - http-outgoing-1 << "[\r][\n]"
17:34:41.215 [docker-java-stream--1935083709] DEBUG com.github.dockerjava.zerodep.shaded.org.apache.hc.client5.http.wire - http-outgoing-1 << "71[\r][\n]"
17:34:41.215 [docker-java-stream--1935083709] DEBUG com.github.dockerjava.zerodep.shaded.org.apache.hc.client5.http.wire - http-outgoing-1 << "[0x1][0x0][0x0][0x0][0x0][0x0][0x0]i[2024-12-20 16:34:41,209] INFO Client environment:os.memory.free=1008MB (org.apache.zookeeper.ZooKeeper)[\n]"
17:34:41.215 [docker-java-stream--1935083709] DEBUG com.github.dockerjava.zerodep.shaded.org.apache.hc.client5.http.wire - http-outgoing-1 << "[\r][\n]"
17:34:41.215 [docker-java-stream--1935083709] DEBUG com.github.dockerjava.zerodep.shaded.org.apache.hc.client5.http.wire - http-outgoing-1 << "70[\r][\n]"
17:34:41.215 [docker-java-stream--1935083709] DEBUG com.github.dockerjava.zerodep.shaded.org.apache.hc.client5.http.wire - http-outgoing-1 << "[0x1][0x0][0x0][0x0][0x0][0x0][0x0]h[2024-12-20 16:34:41,209] INFO Client environment:os.memory.max=1024MB (org.apache.zookeeper.ZooKeeper)[\n]"
17:34:41.215 [docker-java-stream--1935083709] DEBUG com.github.dockerjava.zerodep.shaded.org.apache.hc.client5.http.wire - http-outgoing-1 << "[\r][\n]"
17:34:41.215 [docker-java-stream--1935083709] DEBUG com.github.dockerjava.zerodep.shaded.org.apache.hc.client5.http.wire - http-outgoing-1 << "72[\r][\n]"
17:34:41.215 [docker-java-stream--1935083709] DEBUG com.github.dockerjava.zerodep.shaded.org.apache.hc.client5.http.wire - http-outgoing-1 << "[0x1][0x0][0x0][0x0][0x0][0x0][0x0]j[2024-12-20 16:34:41,209] INFO Client environment:os.memory.total=1024MB (org.apache.zookeeper.ZooKeeper)[\n]"
17:34:41.215 [docker-java-stream--1935083709] DEBUG com.github.dockerjava.zerodep.shaded.org.apache.hc.client5.http.wire - http-outgoing-1 << "[\r][\n]"
17:34:41.219 [docker-java-stream--1935083709] DEBUG com.github.dockerjava.zerodep.shaded.org.apache.hc.client5.http.wire - http-outgoing-1 << "e0[\r][\n]"
17:34:41.219 [docker-java-stream--1935083709] DEBUG com.github.dockerjava.zerodep.shaded.org.apache.hc.client5.http.wire - http-outgoing-1 << "[0x1][0x0][0x0][0x0][0x0][0x0][0x0][0xffffffd8][2024-12-20 16:34:41,218] INFO Initiating client connection, connectString=localhost:2181 sessionTimeout=18000 watcher=kafka.zookeeper.ZooKeeperClient$ZooKeeperClientWatcher$@37c7595 (org.apache.zookeeper.ZooKeeper)[\n]"
17:34:41.219 [docker-java-stream--1935083709] DEBUG com.github.dockerjava.zerodep.shaded.org.apache.hc.client5.http.wire - http-outgoing-1 << "[\r][\n]"
17:34:41.223 [main] DEBUG org.testcontainers.containers.output.WaitingConsumer - STDOUT: [2024-12-20 16:34:41,218] INFO Initiating client connection, connectString=localhost:2181 sessionTimeout=18000 watcher=kafka.zookeeper.ZooKeeperClient$ZooKeeperClientWatcher$@37c7595 (org.apache.zookeeper.ZooKeeper)
17:34:41.223 [main] DEBUG org.testcontainers.containers.output.WaitingConsumer - STDOUT: [2024-12-20 16:34:41,209] INFO Client environment:os.memory.total=1024MB (org.apache.zookeeper.ZooKeeper)
17:34:41.223 [main] DEBUG org.testcontainers.containers.output.WaitingConsumer - STDOUT: [2024-12-20 16:34:41,209] INFO Client environment:os.memory.max=1024MB (org.apache.zookeeper.ZooKeeper)
17:34:41.223 [main] DEBUG org.testcontainers.containers.output.WaitingConsumer - STDOUT: [2024-12-20 16:34:41,209] INFO Client environment:os.memory.free=1008MB (org.apache.zookeeper.ZooKeeper)
17:34:41.223 [main] DEBUG org.testcontainers.containers.output.WaitingConsumer - STDOUT: [2024-12-20 16:34:41,209] INFO Client environment:user.dir=/home/appuser (org.apache.zookeeper.ZooKeeper)
17:34:41.224 [main] DEBUG org.testcontainers.containers.output.WaitingConsumer - STDOUT: [2024-12-20 16:34:41,209] INFO Client environment:user.home=/home/appuser (org.apache.zookeeper.ZooKeeper)
17:34:41.224 [main] DEBUG org.testcontainers.containers.output.WaitingConsumer - STDOUT: [2024-12-20 16:34:41,208] INFO Client environment:user.name=appuser (org.apache.zookeeper.ZooKeeper)
17:34:41.224 [main] DEBUG org.testcontainers.containers.output.WaitingConsumer - STDOUT: [2024-12-20 16:34:41,208] INFO Client environment:os.version=6.12.4-100.fc40.x86_64 (org.apache.zookeeper.ZooKeeper)
17:34:41.224 [main] DEBUG org.testcontainers.containers.output.WaitingConsumer - STDOUT: [2024-12-20 16:34:41,208] INFO Client environment:os.arch=amd64 (org.apache.zookeeper.ZooKeeper)
17:34:41.224 [main] DEBUG org.testcontainers.containers.output.WaitingConsumer - STDOUT: [2024-12-20 16:34:41,208] INFO Client environment:os.name=Linux (org.apache.zookeeper.ZooKeeper)
17:34:41.224 [main] DEBUG org.testcontainers.containers.output.WaitingConsumer - STDOUT: [2024-12-20 16:34:41,208] INFO Client environment:java.compiler=<NA> (org.apache.zookeeper.ZooKeeper)
17:34:41.224 [main] DEBUG org.testcontainers.containers.output.WaitingConsumer - STDOUT: [2024-12-20 16:34:41,208] INFO Client environment:java.io.tmpdir=/tmp (org.apache.zookeeper.ZooKeeper)
17:34:41.224 [main] DEBUG org.testcontainers.containers.output.WaitingConsumer - STDOUT: [2024-12-20 16:34:41,208] INFO Client environment:java.library.path=/usr/java/packages/lib:/usr/lib64:/lib64:/lib:/usr/lib (org.apache.zookeeper.ZooKeeper)
17:34:41.224 [main] DEBUG org.testcontainers.containers.output.WaitingConsumer - STDOUT: [2024-12-20 16:34:41,208] INFO Client environment:java.class.path=/usr/bin/../share/java/kafka/activation-1.1.1.jar:/usr/bin/../share/java/kafka/aopalliance-repackaged-2.6.1.jar:/usr/bin/../share/java/kafka/argparse4j-0.7.0.jar:/usr/bin/../share/java/kafka/audience-annotations-0.13.0.jar:/usr/bin/../share/java/kafka/commons-cli-1.4.jar:/usr/bin/../share/java/kafka/commons-lang3-3.8.1.jar:/usr/bin/../share/java/kafka/connect-api-7.4.1-ccs.jar:/usr/bin/../share/java/kafka/connect-basic-auth-extension-7.4.1-ccs.jar:/usr/bin/../share/java/kafka/connect-json-7.4.1-ccs.jar:/usr/bin/../share/java/kafka/connect-mirror-7.4.1-ccs.jar:/usr/bin/../share/java/kafka/connect-mirror-client-7.4.1-ccs.jar:/usr/bin/../share/java/kafka/connect-runtime-7.4.1-ccs.jar:/usr/bin/../share/java/kafka/connect-transforms-7.4.1-ccs.jar:/usr/bin/../share/java/kafka/hk2-api-2.6.1.jar:/usr/bin/../share/java/kafka/hk2-locator-2.6.1.jar:/usr/bin/../share/java/kafka/hk2-utils-2.6.1.jar:/usr/bin/../share/java/kafka/jackson-annotations-2.13.5.jar:/usr/bin/../share/java/kafka/jackson-core-2.13.5.jar:/usr/bin/../share/java/kafka/jackson-databind-2.13.5.jar:/usr/bin/../share/java/kafka/jackson-dataformat-csv-2.13.5.jar:/usr/bin/../share/java/kafka/jackson-datatype-jdk8-2.13.5.jar:/usr/bin/../share/java/kafka/jackson-jaxrs-base-2.13.5.jar:/usr/bin/../share/java/kafka/jackson-jaxrs-json-provider-2.13.5.jar:/usr/bin/../share/java/kafka/jackson-module-jaxb-annotations-2.13.5.jar:/usr/bin/../share/java/kafka/jackson-module-scala_2.13-2.13.5.jar:/usr/bin/../share/java/kafka/jakarta.activation-api-1.2.2.jar:/usr/bin/../share/java/kafka/jakarta.annotation-api-1.3.5.jar:/usr/bin/../share/java/kafka/jakarta.inject-2.6.1.jar:/usr/bin/../share/java/kafka/jakarta.validation-api-2.0.2.jar:/usr/bin/../share/java/kafka/jakarta.ws.rs-api-2.1.6.jar:/usr/bin/../share/java/kafka/jakarta.xml.bind-api-2.3.3.jar:/usr/bin/../share/java/kafka/javassist-3.29.2-GA.jar:/usr/bin/../share/java/kafka/javax.activation-api-1.2.0.jar:/usr/bin/../share/java/kafka/javax.annotation-api-1.3.2.jar:/usr/bin/../share/java/kafka/javax.servlet-api-3.1.0.jar:/usr/bin/../share/java/kafka/javax.ws.rs-api-2.1.1.jar:/usr/bin/../share/java/kafka/jaxb-api-2.3.1.jar:/usr/bin/../share/java/kafka/jersey-client-2.39.1.jar:/usr/bin/../share/java/kafka/jersey-common-2.39.1.jar:/usr/bin/../share/java/kafka/jersey-container-servlet-2.39.1.jar:/usr/bin/../share/java/kafka/jersey-container-servlet-core-2.39.1.jar:/usr/bin/../share/java/kafka/jersey-hk2-2.39.1.jar:/usr/bin/../share/java/kafka/jersey-server-2.39.1.jar:/usr/bin/../share/java/kafka/jetty-client-9.4.51.v20230217.jar:/usr/bin/../share/java/kafka/jetty-continuation-9.4.51.v20230217.jar:/usr/bin/../share/java/kafka/jetty-http-9.4.51.v20230217.jar:/usr/bin/../share/java/kafka/jetty-io-9.4.51.v20230217.jar:/usr/bin/../share/java/kafka/jetty-security-9.4.51.v20230217.jar:/usr/bin/../share/java/kafka/jetty-server-9.4.51.v20230217.jar:/usr/bin/../share/java/kafka/jetty-servlet-9.4.51.v20230217.jar:/usr/bin/../share/java/kafka/jetty-servlets-9.4.51.v20230217.jar:/usr/bin/../share/java/kafka/jetty-util-9.4.51.v20230217.jar:/usr/bin/../share/java/kafka/jetty-util-ajax-9.4.51.v20230217.jar:/usr/bin/../share/java/kafka/jline-3.22.0.jar:/usr/bin/../share/java/kafka/jopt-simple-5.0.4.jar:/usr/bin/../share/java/kafka/jose4j-0.9.3.jar:/usr/bin/../share/java/kafka/kafka-clients-7.4.1-ccs.jar:/usr/bin/../share/java/kafka/kafka-group-coordinator-7.4.1-ccs.jar:/usr/bin/../share/java/kafka/kafka-log4j-appender-7.4.1-ccs.jar:/usr/bin/../share/java/kafka/kafka-metadata-7.4.1-ccs.jar:/usr/bin/../share/java/kafka/kafka-raft-7.4.1-ccs.jar:/usr/bin/../share/java/kafka/kafka-server-common-7.4.1-ccs.jar:/usr/bin/../share/java/kafka/kafka-shell-7.4.1-ccs.jar:/usr/bin/../share/java/kafka/kafka-storage-7.4.1-ccs.jar:/usr/bin/../share/java/kafka/kafka-storage-api-7.4.1-ccs.jar:/usr/bin/../share/java/kafka/kafka-streams-7.4.1-ccs.jar:/usr/bin/../share/java/kafka/kafka-streams-examples-7.4.1-ccs.jar:/usr/bin/../share/java/kafka/kafka-streams-scala_2.13-7.4.1-ccs.jar:/usr/bin/../share/java/kafka/kafka-streams-test-utils-7.4.1-ccs.jar:/usr/bin/../share/java/kafka/kafka-tools-7.4.1-ccs.jar:/usr/bin/../share/java/kafka/kafka.jar:/usr/bin/../share/java/kafka/kafka_2.13-7.4.1-ccs.jar:/usr/bin/../share/java/kafka/lz4-java-1.8.0.jar:/usr/bin/../share/java/kafka/maven-artifact-3.8.4.jar:/usr/bin/../share/java/kafka/metrics-core-2.2.0.jar:/usr/bin/../share/java/kafka/metrics-core-4.1.12.1.jar:/usr/bin/../share/java/kafka/netty-buffer-4.1.92.Final.jar:/usr/bin/../share/java/kafka/netty-codec-4.1.92.Final.jar:/usr/bin/../share/java/kafka/netty-common-4.1.92.Final.jar:/usr/bin/../share/java/kafka/netty-handler-4.1.92.Final.jar:/usr/bin/../share/java/kafka/netty-resolver-4.1.92.Final.jar:/usr/bin/../share/java/kafka/netty-transport-4.1.92.Final.jar:/usr/bin/../share/java/kafka/netty-transport-classes-epoll-4.1.92.Final.jar:/usr/bin/../share/java/kafka/netty-transport-native-epoll-4.1.92.Final.jar:/usr/bin/../share/java/kafka/netty-transport-native-unix-common-4.1.92.Final.jar:/usr/bin/../share/java/kafka/osgi-resource-locator-1.0.3.jar:/usr/bin/../share/java/kafka/paranamer-2.8.jar:/usr/bin/../share/java/kafka/plexus-utils-3.3.0.jar:/usr/bin/../share/java/kafka/reflections-0.9.12.jar:/usr/bin/../share/java/kafka/reload4j-1.2.25.jar:/usr/bin/../share/java/kafka/rocksdbjni-7.1.2.jar:/usr/bin/../share/java/kafka/scala-collection-compat_2.13-2.10.0.jar:/usr/bin/../share/java/kafka/scala-java8-compat_2.13-1.0.2.jar:/usr/bin/../share/java/kafka/scala-library-2.13.10.jar:/usr/bin/../share/java/kafka/scala-logging_2.13-3.9.4.jar:/usr/bin/../share/java/kafka/scala-reflect-2.13.10.jar:/usr/bin/../share/java/kafka/slf4j-api-1.7.36.jar:/usr/bin/../share/java/kafka/slf4j-reload4j-1.7.36.jar:/usr/bin/../share/java/kafka/snappy-java-1.1.10.1.jar:/usr/bin/../share/java/kafka/swagger-annotations-2.2.0.jar:/usr/bin/../share/java/kafka/trogdor-7.4.1-ccs.jar:/usr/bin/../share/java/kafka/zookeeper-3.6.4.jar:/usr/bin/../share/java/kafka/zookeeper-jute-3.6.4.jar:/usr/bin/../share/java/kafka/zstd-jni-1.5.2-1.jar:/usr/bin/../share/java/confluent-telemetry/* (org.apache.zookeeper.ZooKeeper)
17:34:41.230 [docker-java-stream--1935083709] DEBUG com.github.dockerjava.zerodep.shaded.org.apache.hc.client5.http.wire - http-outgoing-1 << "75[\r][\n]"
17:34:41.230 [docker-java-stream--1935083709] DEBUG com.github.dockerjava.zerodep.shaded.org.apache.hc.client5.http.wire - http-outgoing-1 << "[0x1][0x0][0x0][0x0][0x0][0x0][0x0]m[2024-12-20 16:34:41,229] INFO jute.maxbuffer value is 4194304 Bytes (org.apache.zookeeper.ClientCnxnSocket)[\n]"
17:34:41.230 [docker-java-stream--1935083709] DEBUG com.github.dockerjava.zerodep.shaded.org.apache.hc.client5.http.wire - http-outgoing-1 << "[\r][\n]"
17:34:41.235 [main] DEBUG org.testcontainers.containers.output.WaitingConsumer - STDOUT: [2024-12-20 16:34:41,229] INFO jute.maxbuffer value is 4194304 Bytes (org.apache.zookeeper.ClientCnxnSocket)
17:34:41.243 [docker-java-stream--1935083709] DEBUG com.github.dockerjava.zerodep.shaded.org.apache.hc.client5.http.wire - http-outgoing-1 << "85[\r][\n]"
17:34:41.243 [docker-java-stream--1935083709] DEBUG com.github.dockerjava.zerodep.shaded.org.apache.hc.client5.http.wire - http-outgoing-1 << "[0x1][0x0][0x0][0x0][0x0][0x0][0x0]}[2024-12-20 16:34:41,242] INFO zookeeper.request.timeout value is 0. feature enabled=false (org.apache.zookeeper.ClientCnxn)[\n]"
17:34:41.243 [docker-java-stream--1935083709] DEBUG com.github.dockerjava.zerodep.shaded.org.apache.hc.client5.http.wire - http-outgoing-1 << "[\r][\n]"
17:34:41.246 [main] DEBUG org.testcontainers.containers.output.WaitingConsumer - STDOUT: [2024-12-20 16:34:41,242] INFO zookeeper.request.timeout value is 0. feature enabled=false (org.apache.zookeeper.ClientCnxn)
17:34:41.249 [docker-java-stream--1935083709] DEBUG com.github.dockerjava.zerodep.shaded.org.apache.hc.client5.http.wire - http-outgoing-1 << "81[\r][\n]"
17:34:41.249 [docker-java-stream--1935083709] DEBUG com.github.dockerjava.zerodep.shaded.org.apache.hc.client5.http.wire - http-outgoing-1 << "[0x1][0x0][0x0][0x0][0x0][0x0][0x0]y[2024-12-20 16:34:41,248] INFO [ZooKeeperClient Kafka server] Waiting until connected. (kafka.zookeeper.ZooKeeperClient)[\n]"
17:34:41.250 [docker-java-stream--1935083709] DEBUG com.github.dockerjava.zerodep.shaded.org.apache.hc.client5.http.wire - http-outgoing-1 << "[\r][\n]"
17:34:41.252 [docker-java-stream--1935083709] DEBUG com.github.dockerjava.zerodep.shaded.org.apache.hc.client5.http.wire - http-outgoing-1 << "87[\r][\n]"
17:34:41.252 [docker-java-stream--1935083709] DEBUG com.github.dockerjava.zerodep.shaded.org.apache.hc.client5.http.wire - http-outgoing-1 << "[0x1][0x0][0x0][0x0][0x0][0x0][0x0][0x7f][2024-12-20 16:34:41,251] INFO Opening socket connection to server localhost/127.0.0.1:2181. (org.apache.zookeeper.ClientCnxn)[\n]"
17:34:41.252 [docker-java-stream--1935083709] DEBUG com.github.dockerjava.zerodep.shaded.org.apache.hc.client5.http.wire - http-outgoing-1 << "[\r][\n]"
17:34:41.257 [main] DEBUG org.testcontainers.containers.output.WaitingConsumer - STDOUT: [2024-12-20 16:34:41,251] INFO Opening socket connection to server localhost/127.0.0.1:2181. (org.apache.zookeeper.ClientCnxn)
17:34:41.257 [main] DEBUG org.testcontainers.containers.output.WaitingConsumer - STDOUT: [2024-12-20 16:34:41,248] INFO [ZooKeeperClient Kafka server] Waiting until connected. (kafka.zookeeper.ZooKeeperClient)
17:34:41.264 [docker-java-stream--1935083709] DEBUG com.github.dockerjava.zerodep.shaded.org.apache.hc.client5.http.wire - http-outgoing-1 << "b7[\r][\n]"
17:34:41.264 [docker-java-stream--1935083709] DEBUG com.github.dockerjava.zerodep.shaded.org.apache.hc.client5.http.wire - http-outgoing-1 << "[0x1][0x0][0x0][0x0][0x0][0x0][0x0][0xffffffaf][2024-12-20 16:34:41,263] INFO Socket connection established, initiating session, client: /127.0.0.1:53672, server: localhost/127.0.0.1:2181 (org.apache.zookeeper.ClientCnxn)[\n]"
17:34:41.264 [docker-java-stream--1935083709] DEBUG com.github.dockerjava.zerodep.shaded.org.apache.hc.client5.http.wire - http-outgoing-1 << "[\r][\n]"
17:34:41.267 [main] DEBUG org.testcontainers.containers.output.WaitingConsumer - STDOUT: [2024-12-20 16:34:41,263] INFO Socket connection established, initiating session, client: /127.0.0.1:53672, server: localhost/127.0.0.1:2181 (org.apache.zookeeper.ClientCnxn)
17:34:41.280 [docker-java-stream--1935083709] DEBUG com.github.dockerjava.zerodep.shaded.org.apache.hc.client5.http.wire - http-outgoing-1 << "79[\r][\n]"
17:34:41.280 [docker-java-stream--1935083709] DEBUG com.github.dockerjava.zerodep.shaded.org.apache.hc.client5.http.wire - http-outgoing-1 << "[0x1][0x0][0x0][0x0][0x0][0x0][0x0]q[2024-12-20 16:34:41,279] INFO Creating new log file: log.1 (org.apache.zookeeper.server.persistence.FileTxnLog)[\n]"
17:34:41.280 [docker-java-stream--1935083709] DEBUG com.github.dockerjava.zerodep.shaded.org.apache.hc.client5.http.wire - http-outgoing-1 << "[\r][\n]"
17:34:41.281 [main] DEBUG org.testcontainers.containers.output.WaitingConsumer - STDOUT: [2024-12-20 16:34:41,279] INFO Creating new log file: log.1 (org.apache.zookeeper.server.persistence.FileTxnLog)
17:34:41.297 [docker-java-stream--1935083709] DEBUG com.github.dockerjava.zerodep.shaded.org.apache.hc.client5.http.wire - http-outgoing-1 << "c7[\r][\n]"
17:34:41.297 [docker-java-stream--1935083709] DEBUG com.github.dockerjava.zerodep.shaded.org.apache.hc.client5.http.wire - http-outgoing-1 << "[0x1][0x0][0x0][0x0][0x0][0x0][0x0][0xffffffbf][2024-12-20 16:34:41,297] INFO Session establishment complete on server localhost/127.0.0.1:2181, session id = 0x100005663220000, negotiated timeout = 18000 (org.apache.zookeeper.ClientCnxn)[\n]"
17:34:41.297 [docker-java-stream--1935083709] DEBUG com.github.dockerjava.zerodep.shaded.org.apache.hc.client5.http.wire - http-outgoing-1 << "[\r][\n]"
17:34:41.298 [main] DEBUG org.testcontainers.containers.output.WaitingConsumer - STDOUT: [2024-12-20 16:34:41,297] INFO Session establishment complete on server localhost/127.0.0.1:2181, session id = 0x100005663220000, negotiated timeout = 18000 (org.apache.zookeeper.ClientCnxn)
17:34:41.302 [docker-java-stream--1935083709] DEBUG com.github.dockerjava.zerodep.shaded.org.apache.hc.client5.http.wire - http-outgoing-1 << "73[\r][\n]"
17:34:41.302 [docker-java-stream--1935083709] DEBUG com.github.dockerjava.zerodep.shaded.org.apache.hc.client5.http.wire - http-outgoing-1 << "[0x1][0x0][0x0][0x0][0x0][0x0][0x0]k[2024-12-20 16:34:41,302] INFO [ZooKeeperClient Kafka server] Connected. (kafka.zookeeper.ZooKeeperClient)[\n]"
17:34:41.302 [docker-java-stream--1935083709] DEBUG com.github.dockerjava.zerodep.shaded.org.apache.hc.client5.http.wire - http-outgoing-1 << "[\r][\n]"
17:34:41.308 [main] DEBUG org.testcontainers.containers.output.WaitingConsumer - STDOUT: [2024-12-20 16:34:41,302] INFO [ZooKeeperClient Kafka server] Connected. (kafka.zookeeper.ZooKeeperClient)
17:34:41.801 [docker-java-stream--1935083709] DEBUG com.github.dockerjava.zerodep.shaded.org.apache.hc.client5.http.wire - http-outgoing-1 << "66[\r][\n]"
17:34:41.801 [docker-java-stream--1935083709] DEBUG com.github.dockerjava.zerodep.shaded.org.apache.hc.client5.http.wire - http-outgoing-1 << "[0x1][0x0][0x0][0x0][0x0][0x0][0x0]^[2024-12-20 16:34:41,801] INFO Cluster ID = TXr5IlL8TRaRAG9J5qJ7AA (kafka.server.KafkaServer)[\n]"
17:34:41.801 [docker-java-stream--1935083709] DEBUG com.github.dockerjava.zerodep.shaded.org.apache.hc.client5.http.wire - http-outgoing-1 << "[\r][\n]"
17:34:41.801 [main] DEBUG org.testcontainers.containers.output.WaitingConsumer - STDOUT: [2024-12-20 16:34:41,801] INFO Cluster ID = TXr5IlL8TRaRAG9J5qJ7AA (kafka.server.KafkaServer)
17:34:41.805 [docker-java-stream--1935083709] DEBUG com.github.dockerjava.zerodep.shaded.org.apache.hc.client5.http.wire - http-outgoing-1 << "95[\r][\n]"
17:34:41.805 [docker-java-stream--1935083709] DEBUG com.github.dockerjava.zerodep.shaded.org.apache.hc.client5.http.wire - http-outgoing-1 << "[0x1][0x0][0x0][0x0][0x0][0x0][0x0][0xffffff8d][2024-12-20 16:34:41,804] WARN No meta.properties file under dir /var/lib/kafka/data/meta.properties (kafka.server.BrokerMetadataCheckpoint)[\n]"
17:34:41.805 [docker-java-stream--1935083709] DEBUG com.github.dockerjava.zerodep.shaded.org.apache.hc.client5.http.wire - http-outgoing-1 << "[\r][\n]"
17:34:41.812 [main] DEBUG org.testcontainers.containers.output.WaitingConsumer - STDOUT: [2024-12-20 16:34:41,804] WARN No meta.properties file under dir /var/lib/kafka/data/meta.properties (kafka.server.BrokerMetadataCheckpoint)
17:34:41.885 [docker-java-stream--1935083709] DEBUG com.github.dockerjava.zerodep.shaded.org.apache.hc.client5.http.wire - http-outgoing-1 << "3c[\r][\n]"
17:34:41.885 [docker-java-stream--1935083709] DEBUG com.github.dockerjava.zerodep.shaded.org.apache.hc.client5.http.wire - http-outgoing-1 << "[0x1][0x0][0x0][0x0][0x0][0x0][0x0]4[2024-12-20 16:34:41,881] INFO KafkaConfig values: [\n]"
17:34:41.885 [docker-java-stream--1935083709] DEBUG com.github.dockerjava.zerodep.shaded.org.apache.hc.client5.http.wire - http-outgoing-1 << "[\r][\n]"
17:34:41.885 [docker-java-stream--1935083709] DEBUG com.github.dockerjava.zerodep.shaded.org.apache.hc.client5.http.wire - http-outgoing-1 << "57[\r][\n]"
17:34:41.885 [docker-java-stream--1935083709] DEBUG com.github.dockerjava.zerodep.shaded.org.apache.hc.client5.http.wire - http-outgoing-1 << "[0x1][0x0][0x0][0x0][0x0][0x0][0x0]O[0x9]advertised.listeners = PLAINTEXT://localhost:32785,BROKER://770af2197545:9092[\n]"
17:34:41.885 [docker-java-stream--1935083709] DEBUG com.github.dockerjava.zerodep.shaded.org.apache.hc.client5.http.wire - http-outgoing-1 << "[\r][\n]"
17:34:41.885 [docker-java-stream--1935083709] DEBUG com.github.dockerjava.zerodep.shaded.org.apache.hc.client5.http.wire - http-outgoing-1 << "2f[\r][\n]"
17:34:41.885 [docker-java-stream--1935083709] DEBUG com.github.dockerjava.zerodep.shaded.org.apache.hc.client5.http.wire - http-outgoing-1 << "[0x1][0x0][0x0][0x0][0x0][0x0][0x0]'[0x9]alter.config.policy.class.name = null[\n]"
17:34:41.885 [docker-java-stream--1935083709] DEBUG com.github.dockerjava.zerodep.shaded.org.apache.hc.client5.http.wire - http-outgoing-1 << "[\r][\n]"
17:34:41.885 [docker-java-stream--1935083709] DEBUG com.github.dockerjava.zerodep.shaded.org.apache.hc.client5.http.wire - http-outgoing-1 << "3a[\r][\n]"
17:34:41.885 [docker-java-stream--1935083709] DEBUG com.github.dockerjava.zerodep.shaded.org.apache.hc.client5.http.wire - http-outgoing-1 << "[0x1][0x0][0x0][0x0][0x0][0x0][0x0]2[0x9]alter.log.dirs.replication.quota.window.num = 11[\n]"
17:34:41.885 [docker-java-stream--1935083709] DEBUG com.github.dockerjava.zerodep.shaded.org.apache.hc.client5.http.wire - http-outgoing-1 << "[\r][\n]"
17:34:41.885 [docker-java-stream--1935083709] DEBUG com.github.dockerjava.zerodep.shaded.org.apache.hc.client5.http.wire - http-outgoing-1 << "42[\r][\n]"
17:34:41.885 [docker-java-stream--1935083709] DEBUG com.github.dockerjava.zerodep.shaded.org.apache.hc.client5.http.wire - http-outgoing-1 << "[0x1][0x0][0x0][0x0][0x0][0x0][0x0]:[0x9]alter.log.dirs.replication.quota.window.size.seconds = 1[\n]"
17:34:41.885 [docker-java-stream--1935083709] DEBUG com.github.dockerjava.zerodep.shaded.org.apache.hc.client5.http.wire - http-outgoing-1 << "[\r][\n]"
17:34:41.885 [docker-java-stream--1935083709] DEBUG com.github.dockerjava.zerodep.shaded.org.apache.hc.client5.http.wire - http-outgoing-1 << "22[\r][\n]"
17:34:41.885 [docker-java-stream--1935083709] DEBUG com.github.dockerjava.zerodep.shaded.org.apache.hc.client5.http.wire - http-outgoing-1 << "[0x1][0x0][0x0][0x0][0x0][0x0][0x0][0x1a][0x9]authorizer.class.name = [\n]"
17:34:41.885 [docker-java-stream--1935083709] DEBUG com.github.dockerjava.zerodep.shaded.org.apache.hc.client5.http.wire - http-outgoing-1 << "[\r][\n]"
17:34:41.885 [docker-java-stream--1935083709] DEBUG com.github.dockerjava.zerodep.shaded.org.apache.hc.client5.http.wire - http-outgoing-1 << "2a[\r][\n]"
17:34:41.885 [docker-java-stream--1935083709] DEBUG com.github.dockerjava.zerodep.shaded.org.apache.hc.client5.http.wire - http-outgoing-1 << "[0x1][0x0][0x0][0x0][0x0][0x0][0x0]"[0x9]auto.create.topics.enable = true[\n]"
17:34:41.885 [docker-java-stream--1935083709] DEBUG com.github.dockerjava.zerodep.shaded.org.apache.hc.client5.http.wire - http-outgoing-1 << "[\r][\n]"
17:34:41.885 [docker-java-stream--1935083709] DEBUG com.github.dockerjava.zerodep.shaded.org.apache.hc.client5.http.wire - http-outgoing-1 << "2a[\r][\n]"
17:34:41.886 [docker-java-stream--1935083709] DEBUG com.github.dockerjava.zerodep.shaded.org.apache.hc.client5.http.wire - http-outgoing-1 << "[0x1][0x0][0x0][0x0][0x0][0x0][0x0]"[0x9]auto.include.jmx.reporter = true[\n]"
17:34:41.886 [docker-java-stream--1935083709] DEBUG com.github.dockerjava.zerodep.shaded.org.apache.hc.client5.http.wire - http-outgoing-1 << "[\r][\n]"
17:34:41.886 [docker-java-stream--1935083709] DEBUG com.github.dockerjava.zerodep.shaded.org.apache.hc.client5.http.wire - http-outgoing-1 << "2d[\r][\n]"
17:34:41.886 [docker-java-stream--1935083709] DEBUG com.github.dockerjava.zerodep.shaded.org.apache.hc.client5.http.wire - http-outgoing-1 << "[0x1][0x0][0x0][0x0][0x0][0x0][0x0]%[0x9]auto.leader.rebalance.enable = true[\n]"
17:34:41.886 [docker-java-stream--1935083709] DEBUG com.github.dockerjava.zerodep.shaded.org.apache.hc.client5.http.wire - http-outgoing-1 << "[\r][\n]"
17:34:41.886 [docker-java-stream--1935083709] DEBUG com.github.dockerjava.zerodep.shaded.org.apache.hc.client5.http.wire - http-outgoing-1 << "21[\r][\n]"
17:34:41.886 [docker-java-stream--1935083709] DEBUG com.github.dockerjava.zerodep.shaded.org.apache.hc.client5.http.wire - http-outgoing-1 << "[0x1][0x0][0x0][0x0][0x0][0x0][0x0][0x19][0x9]background.threads = 10[\n]"
17:34:41.886 [docker-java-stream--1935083709] DEBUG com.github.dockerjava.zerodep.shaded.org.apache.hc.client5.http.wire - http-outgoing-1 << "[\r][\n]"
17:34:41.886 [docker-java-stream--1935083709] DEBUG com.github.dockerjava.zerodep.shaded.org.apache.hc.client5.http.wire - http-outgoing-1 << "2d[\r][\n]"
17:34:41.886 [docker-java-stream--1935083709] DEBUG com.github.dockerjava.zerodep.shaded.org.apache.hc.client5.http.wire - http-outgoing-1 << "[0x1][0x0][0x0][0x0][0x0][0x0][0x0]%[0x9]broker.heartbeat.interval.ms = 2000[\n]"
17:34:41.886 [docker-java-stream--1935083709] DEBUG com.github.dockerjava.zerodep.shaded.org.apache.hc.client5.http.wire - http-outgoing-1 << "[\r][\n]"
17:34:41.886 [docker-java-stream--1935083709] DEBUG com.github.dockerjava.zerodep.shaded.org.apache.hc.client5.http.wire - http-outgoing-1 << "17[\r][\n]"
17:34:41.886 [docker-java-stream--1935083709] DEBUG com.github.dockerjava.zerodep.shaded.org.apache.hc.client5.http.wire - http-outgoing-1 << "[0x1][0x0][0x0][0x0][0x0][0x0][0x0][0xf][0x9]broker.id = 1[\n]"
17:34:41.886 [docker-java-stream--1935083709] DEBUG com.github.dockerjava.zerodep.shaded.org.apache.hc.client5.http.wire - http-outgoing-1 << "[\r][\n]"
17:34:41.886 [docker-java-stream--1935083709] DEBUG com.github.dockerjava.zerodep.shaded.org.apache.hc.client5.http.wire - http-outgoing-1 << "2c[\r][\n]"
17:34:41.886 [docker-java-stream--1935083709] DEBUG com.github.dockerjava.zerodep.shaded.org.apache.hc.client5.http.wire - http-outgoing-1 << "[0x1][0x0][0x0][0x0][0x0][0x0][0x0]$[0x9]broker.id.generation.enable = true[\n]"
17:34:41.886 [docker-java-stream--1935083709] DEBUG com.github.dockerjava.zerodep.shaded.org.apache.hc.client5.http.wire - http-outgoing-1 << "[\r][\n]"
17:34:41.886 [docker-java-stream--1935083709] DEBUG com.github.dockerjava.zerodep.shaded.org.apache.hc.client5.http.wire - http-outgoing-1 << "1c[\r][\n]"
17:34:41.886 [docker-java-stream--1935083709] DEBUG com.github.dockerjava.zerodep.shaded.org.apache.hc.client5.http.wire - http-outgoing-1 << "[0x1][0x0][0x0][0x0][0x0][0x0][0x0][0x14][0x9]broker.rack = null[\n]"
17:34:41.886 [docker-java-stream--1935083709] DEBUG com.github.dockerjava.zerodep.shaded.org.apache.hc.client5.http.wire - http-outgoing-1 << "[\r][\n]"
17:34:41.886 [docker-java-stream--1935083709] DEBUG com.github.dockerjava.zerodep.shaded.org.apache.hc.client5.http.wire - http-outgoing-1 << "2a[\r][\n]"
17:34:41.886 [docker-java-stream--1935083709] DEBUG com.github.dockerjava.zerodep.shaded.org.apache.hc.client5.http.wire - http-outgoing-1 << "[0x1][0x0][0x0][0x0][0x0][0x0][0x0]"[0x9]broker.session.timeout.ms = 9000[\n]"
17:34:41.886 [docker-java-stream--1935083709] DEBUG com.github.dockerjava.zerodep.shaded.org.apache.hc.client5.http.wire - http-outgoing-1 << "[\r][\n]"
17:34:41.886 [docker-java-stream--1935083709] DEBUG com.github.dockerjava.zerodep.shaded.org.apache.hc.client5.http.wire - http-outgoing-1 << "2c[\r][\n]"
17:34:41.886 [docker-java-stream--1935083709] DEBUG com.github.dockerjava.zerodep.shaded.org.apache.hc.client5.http.wire - http-outgoing-1 << "[0x1][0x0][0x0][0x0][0x0][0x0][0x0]$[0x9]client.quota.callback.class = null[\n]"
17:34:41.886 [docker-java-stream--1935083709] DEBUG com.github.dockerjava.zerodep.shaded.org.apache.hc.client5.http.wire - http-outgoing-1 << "[\r][\n]"
17:34:41.886 [docker-java-stream--1935083709] DEBUG com.github.dockerjava.zerodep.shaded.org.apache.hc.client5.http.wire - http-outgoing-1 << "25[\r][\n]"
17:34:41.886 [docker-java-stream--1935083709] DEBUG com.github.dockerjava.zerodep.shaded.org.apache.hc.client5.http.wire - http-outgoing-1 << "[0x1][0x0][0x0][0x0][0x0][0x0][0x0][0x1d][0x9]compression.type = producer[\n]"
17:34:41.886 [docker-java-stream--1935083709] DEBUG com.github.dockerjava.zerodep.shaded.org.apache.hc.client5.http.wire - http-outgoing-1 << "[\r][\n]"
17:34:41.886 [docker-java-stream--1935083709] DEBUG com.github.dockerjava.zerodep.shaded.org.apache.hc.client5.http.wire - http-outgoing-1 << "39[\r][\n]"
17:34:41.886 [docker-java-stream--1935083709] DEBUG com.github.dockerjava.zerodep.shaded.org.apache.hc.client5.http.wire - http-outgoing-1 << "[0x1][0x0][0x0][0x0][0x0][0x0][0x0]1[0x9]connection.failed.authentication.delay.ms = 100[\n]"
17:34:41.886 [docker-java-stream--1935083709] DEBUG com.github.dockerjava.zerodep.shaded.org.apache.hc.client5.http.wire - http-outgoing-1 << "[\r][\n]"
17:34:41.886 [docker-java-stream--1935083709] DEBUG com.github.dockerjava.zerodep.shaded.org.apache.hc.client5.http.wire - http-outgoing-1 << "2a[\r][\n]"
17:34:41.886 [docker-java-stream--1935083709] DEBUG com.github.dockerjava.zerodep.shaded.org.apache.hc.client5.http.wire - http-outgoing-1 << "[0x1][0x0][0x0][0x0][0x0][0x0][0x0]"[0x9]connections.max.idle.ms = 600000[\n]"
17:34:41.886 [docker-java-stream--1935083709] DEBUG com.github.dockerjava.zerodep.shaded.org.apache.hc.client5.http.wire - http-outgoing-1 << "[\r][\n]"
17:34:41.886 [docker-java-stream--1935083709] DEBUG com.github.dockerjava.zerodep.shaded.org.apache.hc.client5.http.wire - http-outgoing-1 << "27[\r][\n]"
17:34:41.886 [docker-java-stream--1935083709] DEBUG com.github.dockerjava.zerodep.shaded.org.apache.hc.client5.http.wire - http-outgoing-1 << "[0x1][0x0][0x0][0x0][0x0][0x0][0x0][0x1f][0x9]connections.max.reauth.ms = 0[\n]"
17:34:41.886 [docker-java-stream--1935083709] DEBUG com.github.dockerjava.zerodep.shaded.org.apache.hc.client5.http.wire - http-outgoing-1 << "[\r][\n]"
17:34:41.886 [docker-java-stream--1935083709] DEBUG com.github.dockerjava.zerodep.shaded.org.apache.hc.client5.http.wire - http-outgoing-1 << "2c[\r][\n]"
17:34:41.886 [docker-java-stream--1935083709] DEBUG com.github.dockerjava.zerodep.shaded.org.apache.hc.client5.http.wire - http-outgoing-1 << "[0x1][0x0][0x0][0x0][0x0][0x0][0x0]$[0x9]control.plane.listener.name = null[\n]"
17:34:41.886 [docker-java-stream--1935083709] DEBUG com.github.dockerjava.zerodep.shaded.org.apache.hc.client5.http.wire - http-outgoing-1 << "[\r][\n]"
17:34:41.886 [docker-java-stream--1935083709] DEBUG com.github.dockerjava.zerodep.shaded.org.apache.hc.client5.http.wire - http-outgoing-1 << "2b[\r][\n]"
17:34:41.886 [docker-java-stream--1935083709] DEBUG com.github.dockerjava.zerodep.shaded.org.apache.hc.client5.http.wire - http-outgoing-1 << "[0x1][0x0][0x0][0x0][0x0][0x0][0x0]#[0x9]controlled.shutdown.enable = true[\n]"
17:34:41.886 [docker-java-stream--1935083709] DEBUG com.github.dockerjava.zerodep.shaded.org.apache.hc.client5.http.wire - http-outgoing-1 << "[\r][\n]"
17:34:41.886 [docker-java-stream--1935083709] DEBUG com.github.dockerjava.zerodep.shaded.org.apache.hc.client5.http.wire - http-outgoing-1 << "2d[\r][\n]"
17:34:41.886 [docker-java-stream--1935083709] DEBUG com.github.dockerjava.zerodep.shaded.org.apache.hc.client5.http.wire - http-outgoing-1 << "[0x1][0x0][0x0][0x0][0x0][0x0][0x0]%[0x9]controlled.shutdown.max.retries = 3[\n]"
17:34:41.886 [docker-java-stream--1935083709] DEBUG com.github.dockerjava.zerodep.shaded.org.apache.hc.client5.http.wire - http-outgoing-1 << "[\r][\n]"
17:34:41.886 [docker-java-stream--1935083709] DEBUG com.github.dockerjava.zerodep.shaded.org.apache.hc.client5.http.wire - http-outgoing-1 << "35[\r][\n]"
17:34:41.886 [docker-java-stream--1935083709] DEBUG com.github.dockerjava.zerodep.shaded.org.apache.hc.client5.http.wire - http-outgoing-1 << "[0x1][0x0][0x0][0x0][0x0][0x0][0x0]-[0x9]controlled.shutdown.retry.backoff.ms = 5000[\n]"
17:34:41.886 [docker-java-stream--1935083709] DEBUG com.github.dockerjava.zerodep.shaded.org.apache.hc.client5.http.wire - http-outgoing-1 << "[\r][\n]"
17:34:41.886 [docker-java-stream--1935083709] DEBUG com.github.dockerjava.zerodep.shaded.org.apache.hc.client5.http.wire - http-outgoing-1 << "2a[\r][\n]"
17:34:41.886 [docker-java-stream--1935083709] DEBUG com.github.dockerjava.zerodep.shaded.org.apache.hc.client5.http.wire - http-outgoing-1 << "[0x1][0x0][0x0][0x0][0x0][0x0][0x0]"[0x9]controller.listener.names = null[\n]"
17:34:41.886 [docker-java-stream--1935083709] DEBUG com.github.dockerjava.zerodep.shaded.org.apache.hc.client5.http.wire - http-outgoing-1 << "[\r][\n]"
17:34:41.886 [docker-java-stream--1935083709] DEBUG com.github.dockerjava.zerodep.shaded.org.apache.hc.client5.http.wire - http-outgoing-1 << "31[\r][\n]"
17:34:41.886 [docker-java-stream--1935083709] DEBUG com.github.dockerjava.zerodep.shaded.org.apache.hc.client5.http.wire - http-outgoing-1 << "[0x1][0x0][0x0][0x0][0x0][0x0][0x0])[0x9]controller.quorum.append.linger.ms = 25[\n]"
17:34:41.886 [docker-java-stream--1935083709] DEBUG com.github.dockerjava.zerodep.shaded.org.apache.hc.client5.http.wire - http-outgoing-1 << "[\r][\n]"
17:34:41.886 [docker-java-stream--1935083709] DEBUG com.github.dockerjava.zerodep.shaded.org.apache.hc.client5.http.wire - http-outgoing-1 << "3a[\r][\n]"
17:34:41.886 [docker-java-stream--1935083709] DEBUG com.github.dockerjava.zerodep.shaded.org.apache.hc.client5.http.wire - http-outgoing-1 << "[0x1][0x0][0x0][0x0][0x0][0x0][0x0]2[0x9]controller.quorum.election.backoff.max.ms = 1000[\n]"
17:34:41.886 [docker-java-stream--1935083709] DEBUG com.github.dockerjava.zerodep.shaded.org.apache.hc.client5.http.wire - http-outgoing-1 << "[\r][\n]"
17:34:41.886 [docker-java-stream--1935083709] DEBUG com.github.dockerjava.zerodep.shaded.org.apache.hc.client5.http.wire - http-outgoing-1 << "36[\r][\n]"
17:34:41.886 [docker-java-stream--1935083709] DEBUG com.github.dockerjava.zerodep.shaded.org.apache.hc.client5.http.wire - http-outgoing-1 << "[0x1][0x0][0x0][0x0][0x0][0x0][0x0].[0x9]controller.quorum.election.timeout.ms = 1000[\n]"
17:34:41.886 [docker-java-stream--1935083709] DEBUG com.github.dockerjava.zerodep.shaded.org.apache.hc.client5.http.wire - http-outgoing-1 << "[\r][\n]"
17:34:41.886 [docker-java-stream--1935083709] DEBUG com.github.dockerjava.zerodep.shaded.org.apache.hc.client5.http.wire - http-outgoing-1 << "33[\r][\n]"
17:34:41.886 [docker-java-stream--1935083709] DEBUG com.github.dockerjava.zerodep.shaded.org.apache.hc.client5.http.wire - http-outgoing-1 << "[0x1][0x0][0x0][0x0][0x0][0x0][0x0]+[0x9]controller.quorum.fetch.timeout.ms = 2000[\n]"
17:34:41.887 [docker-java-stream--1935083709] DEBUG com.github.dockerjava.zerodep.shaded.org.apache.hc.client5.http.wire - http-outgoing-1 << "[\r][\n]"
17:34:41.887 [docker-java-stream--1935083709] DEBUG com.github.dockerjava.zerodep.shaded.org.apache.hc.client5.http.wire - http-outgoing-1 << "35[\r][\n]"
17:34:41.887 [docker-java-stream--1935083709] DEBUG com.github.dockerjava.zerodep.shaded.org.apache.hc.client5.http.wire - http-outgoing-1 << "[0x1][0x0][0x0][0x0][0x0][0x0][0x0]-[0x9]controller.quorum.request.timeout.ms = 2000[\n]"
17:34:41.887 [docker-java-stream--1935083709] DEBUG com.github.dockerjava.zerodep.shaded.org.apache.hc.client5.http.wire - http-outgoing-1 << "[\r][\n]"
17:34:41.887 [docker-java-stream--1935083709] DEBUG com.github.dockerjava.zerodep.shaded.org.apache.hc.client5.http.wire - http-outgoing-1 << "31[\r][\n]"
17:34:41.887 [docker-java-stream--1935083709] DEBUG com.github.dockerjava.zerodep.shaded.org.apache.hc.client5.http.wire - http-outgoing-1 << "[0x1][0x0][0x0][0x0][0x0][0x0][0x0])[0x9]controller.quorum.retry.backoff.ms = 20[\n]"
17:34:41.887 [docker-java-stream--1935083709] DEBUG com.github.dockerjava.zerodep.shaded.org.apache.hc.client5.http.wire - http-outgoing-1 << "[\r][\n]"
17:34:41.887 [docker-java-stream--1935083709] DEBUG com.github.dockerjava.zerodep.shaded.org.apache.hc.client5.http.wire - http-outgoing-1 << "27[\r][\n]"
17:34:41.887 [docker-java-stream--1935083709] DEBUG com.github.dockerjava.zerodep.shaded.org.apache.hc.client5.http.wire - http-outgoing-1 << "[0x1][0x0][0x0][0x0][0x0][0x0][0x0][0x1f][0x9]controller.quorum.voters = [][\n]"
17:34:41.887 [docker-java-stream--1935083709] DEBUG com.github.dockerjava.zerodep.shaded.org.apache.hc.client5.http.wire - http-outgoing-1 << "[\r][\n]"
17:34:41.887 [docker-java-stream--1935083709] DEBUG com.github.dockerjava.zerodep.shaded.org.apache.hc.client5.http.wire - http-outgoing-1 << "2a[\r][\n]"
17:34:41.887 [docker-java-stream--1935083709] DEBUG com.github.dockerjava.zerodep.shaded.org.apache.hc.client5.http.wire - http-outgoing-1 << "[0x1][0x0][0x0][0x0][0x0][0x0][0x0]"[0x9]controller.quota.window.num = 11[\n]"
17:34:41.887 [docker-java-stream--1935083709] DEBUG com.github.dockerjava.zerodep.shaded.org.apache.hc.client5.http.wire - http-outgoing-1 << "[\r][\n]"
17:34:41.887 [docker-java-stream--1935083709] DEBUG com.github.dockerjava.zerodep.shaded.org.apache.hc.client5.http.wire - http-outgoing-1 << "32[\r][\n]"
17:34:41.887 [docker-java-stream--1935083709] DEBUG com.github.dockerjava.zerodep.shaded.org.apache.hc.client5.http.wire - http-outgoing-1 << "[0x1][0x0][0x0][0x0][0x0][0x0][0x0]*[0x9]controller.quota.window.size.seconds = 1[\n]"
17:34:41.887 [docker-java-stream--1935083709] DEBUG com.github.dockerjava.zerodep.shaded.org.apache.hc.client5.http.wire - http-outgoing-1 << "[\r][\n]"
17:34:41.887 [docker-java-stream--1935083709] DEBUG com.github.dockerjava.zerodep.shaded.org.apache.hc.client5.http.wire - http-outgoing-1 << "2e[\r][\n]"
17:34:41.887 [docker-java-stream--1935083709] DEBUG com.github.dockerjava.zerodep.shaded.org.apache.hc.client5.http.wire - http-outgoing-1 << "[0x1][0x0][0x0][0x0][0x0][0x0][0x0]&[0x9]controller.socket.timeout.ms = 30000[\n]"
17:34:41.887 [docker-java-stream--1935083709] DEBUG com.github.dockerjava.zerodep.shaded.org.apache.hc.client5.http.wire - http-outgoing-1 << "[\r][\n]"
17:34:41.887 [docker-java-stream--1935083709] DEBUG com.github.dockerjava.zerodep.shaded.org.apache.hc.client5.http.wire - http-outgoing-1 << "2f[\r][\n]"
17:34:41.887 [docker-java-stream--1935083709] DEBUG com.github.dockerjava.zerodep.shaded.org.apache.hc.client5.http.wire - http-outgoing-1 << "[0x1][0x0][0x0][0x0][0x0][0x0][0x0]'[0x9]create.topic.policy.class.name = null[\n]"
17:34:41.887 [docker-java-stream--1935083709] DEBUG com.github.dockerjava.zerodep.shaded.org.apache.hc.client5.http.wire - http-outgoing-1 << "[\r][\n]"
17:34:41.887 [docker-java-stream--1935083709] DEBUG com.github.dockerjava.zerodep.shaded.org.apache.hc.client5.http.wire - http-outgoing-1 << "28[\r][\n]"
17:34:41.887 [docker-java-stream--1935083709] DEBUG com.github.dockerjava.zerodep.shaded.org.apache.hc.client5.http.wire - http-outgoing-1 << "[0x1][0x0][0x0][0x0][0x0][0x0][0x0] [0x9]default.replication.factor = 1[\n]"
17:34:41.887 [docker-java-stream--1935083709] DEBUG com.github.dockerjava.zerodep.shaded.org.apache.hc.client5.http.wire - http-outgoing-1 << "[\r][\n]"
17:34:41.887 [docker-java-stream--1935083709] DEBUG com.github.dockerjava.zerodep.shaded.org.apache.hc.client5.http.wire - http-outgoing-1 << "3d[\r][\n]"
17:34:41.887 [docker-java-stream--1935083709] DEBUG com.github.dockerjava.zerodep.shaded.org.apache.hc.client5.http.wire - http-outgoing-1 << "[0x1][0x0][0x0][0x0][0x0][0x0][0x0]5[0x9]delegation.token.expiry.check.interval.ms = 3600000[\n]"
17:34:41.887 [docker-java-stream--1935083709] DEBUG com.github.dockerjava.zerodep.shaded.org.apache.hc.client5.http.wire - http-outgoing-1 << "[\r][\n]"
17:34:41.887 [docker-java-stream--1935083709] DEBUG com.github.dockerjava.zerodep.shaded.org.apache.hc.client5.http.wire - http-outgoing-1 << "34[\r][\n]"
17:34:41.887 [docker-java-stream--1935083709] DEBUG com.github.dockerjava.zerodep.shaded.org.apache.hc.client5.http.wire - http-outgoing-1 << "[0x1][0x0][0x0][0x0][0x0][0x0][0x0],[0x9]delegation.token.expiry.time.ms = 86400000[\n]"
17:34:41.887 [docker-java-stream--1935083709] DEBUG com.github.dockerjava.zerodep.shaded.org.apache.hc.client5.http.wire - http-outgoing-1 << "[\r][\n]"
17:34:41.887 [docker-java-stream--1935083709] DEBUG com.github.dockerjava.zerodep.shaded.org.apache.hc.client5.http.wire - http-outgoing-1 << "2c[\r][\n]"
17:34:41.887 [docker-java-stream--1935083709] DEBUG com.github.dockerjava.zerodep.shaded.org.apache.hc.client5.http.wire - http-outgoing-1 << "[0x1][0x0][0x0][0x0][0x0][0x0][0x0]$[0x9]delegation.token.master.key = null[\n]"
17:34:41.887 [docker-java-stream--1935083709] DEBUG com.github.dockerjava.zerodep.shaded.org.apache.hc.client5.http.wire - http-outgoing-1 << "[\r][\n]"
17:34:41.887 [docker-java-stream--1935083709] DEBUG com.github.dockerjava.zerodep.shaded.org.apache.hc.client5.http.wire - http-outgoing-1 << "36[\r][\n]"
17:34:41.887 [docker-java-stream--1935083709] DEBUG com.github.dockerjava.zerodep.shaded.org.apache.hc.client5.http.wire - http-outgoing-1 << "[0x1][0x0][0x0][0x0][0x0][0x0][0x0].[0x9]delegation.token.max.lifetime.ms = 604800000[\n]"
17:34:41.887 [docker-java-stream--1935083709] DEBUG com.github.dockerjava.zerodep.shaded.org.apache.hc.client5.http.wire - http-outgoing-1 << "[\r][\n]"
17:34:41.887 [docker-java-stream--1935083709] DEBUG com.github.dockerjava.zerodep.shaded.org.apache.hc.client5.http.wire - http-outgoing-1 << "2c[\r][\n]"
17:34:41.887 [docker-java-stream--1935083709] DEBUG com.github.dockerjava.zerodep.shaded.org.apache.hc.client5.http.wire - http-outgoing-1 << "[0x1][0x0][0x0][0x0][0x0][0x0][0x0]$[0x9]delegation.token.secret.key = null[\n]"
17:34:41.887 [docker-java-stream--1935083709] DEBUG com.github.dockerjava.zerodep.shaded.org.apache.hc.client5.http.wire - http-outgoing-1 << "[\r][\n]"
17:34:41.887 [docker-java-stream--1935083709] DEBUG com.github.dockerjava.zerodep.shaded.org.apache.hc.client5.http.wire - http-outgoing-1 << "3e[\r][\n]"
17:34:41.887 [docker-java-stream--1935083709] DEBUG com.github.dockerjava.zerodep.shaded.org.apache.hc.client5.http.wire - http-outgoing-1 << "[0x1][0x0][0x0][0x0][0x0][0x0][0x0]6[0x9]delete.records.purgatory.purge.interval.requests = 1[\n]"
17:34:41.887 [docker-java-stream--1935083709] DEBUG com.github.dockerjava.zerodep.shaded.org.apache.hc.client5.http.wire - http-outgoing-1 << "[\r][\n]"
17:34:41.887 [docker-java-stream--1935083709] DEBUG com.github.dockerjava.zerodep.shaded.org.apache.hc.client5.http.wire - http-outgoing-1 << "24[\r][\n]"
17:34:41.887 [docker-java-stream--1935083709] DEBUG com.github.dockerjava.zerodep.shaded.org.apache.hc.client5.http.wire - http-outgoing-1 << "[0x1][0x0][0x0][0x0][0x0][0x0][0x0][0x1c][0x9]delete.topic.enable = true[\n]"
17:34:41.887 [docker-java-stream--1935083709] DEBUG com.github.dockerjava.zerodep.shaded.org.apache.hc.client5.http.wire - http-outgoing-1 << "[\r][\n]"
17:34:41.887 [docker-java-stream--1935083709] DEBUG com.github.dockerjava.zerodep.shaded.org.apache.hc.client5.http.wire - http-outgoing-1 << "26[\r][\n]"
17:34:41.887 [docker-java-stream--1935083709] DEBUG com.github.dockerjava.zerodep.shaded.org.apache.hc.client5.http.wire - http-outgoing-1 << "[0x1][0x0][0x0][0x0][0x0][0x0][0x0][0x1e][0x9]early.start.listeners = null[\n]"
17:34:41.887 [docker-java-stream--1935083709] DEBUG com.github.dockerjava.zerodep.shaded.org.apache.hc.client5.http.wire - http-outgoing-1 << "[\r][\n]"
17:34:41.887 [docker-java-stream--1935083709] DEBUG com.github.dockerjava.zerodep.shaded.org.apache.hc.client5.http.wire - http-outgoing-1 << "24[\r][\n]"
17:34:41.887 [docker-java-stream--1935083709] DEBUG com.github.dockerjava.zerodep.shaded.org.apache.hc.client5.http.wire - http-outgoing-1 << "[0x1][0x0][0x0][0x0][0x0][0x0][0x0][0x1c][0x9]fetch.max.bytes = 57671680[\n]"
17:34:41.887 [docker-java-stream--1935083709] DEBUG com.github.dockerjava.zerodep.shaded.org.apache.hc.client5.http.wire - http-outgoing-1 << "[\r][\n]"
17:34:41.887 [docker-java-stream--1935083709] DEBUG com.github.dockerjava.zerodep.shaded.org.apache.hc.client5.http.wire - http-outgoing-1 << "38[\r][\n]"
17:34:41.887 [docker-java-stream--1935083709] DEBUG com.github.dockerjava.zerodep.shaded.org.apache.hc.client5.http.wire - http-outgoing-1 << "[0x1][0x0][0x0][0x0][0x0][0x0][0x0]0[0x9]fetch.purgatory.purge.interval.requests = 1000[\n]"
17:34:41.887 [docker-java-stream--1935083709] DEBUG com.github.dockerjava.zerodep.shaded.org.apache.hc.client5.http.wire - http-outgoing-1 << "[\r][\n]"
17:34:41.887 [docker-java-stream--1935083709] DEBUG com.github.dockerjava.zerodep.shaded.org.apache.hc.client5.http.wire - http-outgoing-1 << "2e[\r][\n]"
17:34:41.887 [docker-java-stream--1935083709] DEBUG com.github.dockerjava.zerodep.shaded.org.apache.hc.client5.http.wire - http-outgoing-1 << "[0x1][0x0][0x0][0x0][0x0][0x0][0x0]&[0x9]group.initial.rebalance.delay.ms = 0[\n]"
17:34:41.887 [docker-java-stream--1935083709] DEBUG com.github.dockerjava.zerodep.shaded.org.apache.hc.client5.http.wire - http-outgoing-1 << "[\r][\n]"
17:34:41.887 [docker-java-stream--1935083709] DEBUG com.github.dockerjava.zerodep.shaded.org.apache.hc.client5.http.wire - http-outgoing-1 << "30[\r][\n]"
17:34:41.887 [docker-java-stream--1935083709] DEBUG com.github.dockerjava.zerodep.shaded.org.apache.hc.client5.http.wire - http-outgoing-1 << "[0x1][0x0][0x0][0x0][0x0][0x0][0x0]([0x9]group.max.session.timeout.ms = 1800000[\n]"
17:34:41.887 [docker-java-stream--1935083709] DEBUG com.github.dockerjava.zerodep.shaded.org.apache.hc.client5.http.wire - http-outgoing-1 << "[\r][\n]"
17:34:41.887 [docker-java-stream--1935083709] DEBUG com.github.dockerjava.zerodep.shaded.org.apache.hc.client5.http.wire - http-outgoing-1 << "25[\r][\n]"
17:34:41.887 [docker-java-stream--1935083709] DEBUG com.github.dockerjava.zerodep.shaded.org.apache.hc.client5.http.wire - http-outgoing-1 << "[0x1][0x0][0x0][0x0][0x0][0x0][0x0][0x1d][0x9]group.max.size = 2147483647[\n]"
17:34:41.887 [docker-java-stream--1935083709] DEBUG com.github.dockerjava.zerodep.shaded.org.apache.hc.client5.http.wire - http-outgoing-1 << "[\r][\n]"
17:34:41.887 [docker-java-stream--1935083709] DEBUG com.github.dockerjava.zerodep.shaded.org.apache.hc.client5.http.wire - http-outgoing-1 << "2d[\r][\n]"
17:34:41.887 [docker-java-stream--1935083709] DEBUG com.github.dockerjava.zerodep.shaded.org.apache.hc.client5.http.wire - http-outgoing-1 << "[0x1][0x0][0x0][0x0][0x0][0x0][0x0]%[0x9]group.min.session.timeout.ms = 6000[\n]"
17:34:41.887 [docker-java-stream--1935083709] DEBUG com.github.dockerjava.zerodep.shaded.org.apache.hc.client5.http.wire - http-outgoing-1 << "[\r][\n]"
17:34:41.888 [docker-java-stream--1935083709] DEBUG com.github.dockerjava.zerodep.shaded.org.apache.hc.client5.http.wire - http-outgoing-1 << "38[\r][\n]"
17:34:41.888 [docker-java-stream--1935083709] DEBUG com.github.dockerjava.zerodep.shaded.org.apache.hc.client5.http.wire - http-outgoing-1 << "[0x1][0x0][0x0][0x0][0x0][0x0][0x0]0[0x9]initial.broker.registration.timeout.ms = 60000[\n]"
17:34:41.888 [docker-java-stream--1935083709] DEBUG com.github.dockerjava.zerodep.shaded.org.apache.hc.client5.http.wire - http-outgoing-1 << "[\r][\n]"
17:34:41.888 [docker-java-stream--1935083709] DEBUG com.github.dockerjava.zerodep.shaded.org.apache.hc.client5.http.wire - http-outgoing-1 << "2d[\r][\n]"
17:34:41.888 [docker-java-stream--1935083709] DEBUG com.github.dockerjava.zerodep.shaded.org.apache.hc.client5.http.wire - http-outgoing-1 << "[0x1][0x0][0x0][0x0][0x0][0x0][0x0]%[0x9]inter.broker.listener.name = BROKER[\n]"
17:34:41.888 [docker-java-stream--1935083709] DEBUG com.github.dockerjava.zerodep.shaded.org.apache.hc.client5.http.wire - http-outgoing-1 << "[\r][\n]"
17:34:41.888 [docker-java-stream--1935083709] DEBUG com.github.dockerjava.zerodep.shaded.org.apache.hc.client5.http.wire - http-outgoing-1 << "31[\r][\n]"
17:34:41.888 [docker-java-stream--1935083709] DEBUG com.github.dockerjava.zerodep.shaded.org.apache.hc.client5.http.wire - http-outgoing-1 << "[0x1][0x0][0x0][0x0][0x0][0x0][0x0])[0x9]inter.broker.protocol.version = 3.4-IV0[\n]"
17:34:41.888 [docker-java-stream--1935083709] DEBUG com.github.dockerjava.zerodep.shaded.org.apache.hc.client5.http.wire - http-outgoing-1 << "[\r][\n]"
17:34:41.888 [docker-java-stream--1935083709] DEBUG com.github.dockerjava.zerodep.shaded.org.apache.hc.client5.http.wire - http-outgoing-1 << "32[\r][\n]"
17:34:41.888 [docker-java-stream--1935083709] DEBUG com.github.dockerjava.zerodep.shaded.org.apache.hc.client5.http.wire - http-outgoing-1 << "[0x1][0x0][0x0][0x0][0x0][0x0][0x0]*[0x9]kafka.metrics.polling.interval.secs = 10[\n]"
17:34:41.888 [docker-java-stream--1935083709] DEBUG com.github.dockerjava.zerodep.shaded.org.apache.hc.client5.http.wire - http-outgoing-1 << "[\r][\n]"
17:34:41.888 [docker-java-stream--1935083709] DEBUG com.github.dockerjava.zerodep.shaded.org.apache.hc.client5.http.wire - http-outgoing-1 << "26[\r][\n]"
17:34:41.888 [docker-java-stream--1935083709] DEBUG com.github.dockerjava.zerodep.shaded.org.apache.hc.client5.http.wire - http-outgoing-1 << "[0x1][0x0][0x0][0x0][0x0][0x0][0x0][0x1e][0x9]kafka.metrics.reporters = [][\n]"
17:34:41.888 [docker-java-stream--1935083709] DEBUG com.github.dockerjava.zerodep.shaded.org.apache.hc.client5.http.wire - http-outgoing-1 << "[\r][\n]"
17:34:41.888 [docker-java-stream--1935083709] DEBUG com.github.dockerjava.zerodep.shaded.org.apache.hc.client5.http.wire - http-outgoing-1 << "37[\r][\n]"
17:34:41.888 [docker-java-stream--1935083709] DEBUG com.github.dockerjava.zerodep.shaded.org.apache.hc.client5.http.wire - http-outgoing-1 << "[0x1][0x0][0x0][0x0][0x0][0x0][0x0]/[0x9]leader.imbalance.check.interval.seconds = 300[\n]"
17:34:41.888 [docker-java-stream--1935083709] DEBUG com.github.dockerjava.zerodep.shaded.org.apache.hc.client5.http.wire - http-outgoing-1 << "[\r][\n]"
17:34:41.888 [docker-java-stream--1935083709] DEBUG com.github.dockerjava.zerodep.shaded.org.apache.hc.client5.http.wire - http-outgoing-1 << "35[\r][\n]"
17:34:41.888 [docker-java-stream--1935083709] DEBUG com.github.dockerjava.zerodep.shaded.org.apache.hc.client5.http.wire - http-outgoing-1 << "[0x1][0x0][0x0][0x0][0x0][0x0][0x0]-[0x9]leader.imbalance.per.broker.percentage = 10[\n]"
17:34:41.888 [docker-java-stream--1935083709] DEBUG com.github.dockerjava.zerodep.shaded.org.apache.hc.client5.http.wire - http-outgoing-1 << "[\r][\n]"
17:34:41.888 [docker-java-stream--1935083709] DEBUG com.github.dockerjava.zerodep.shaded.org.apache.hc.client5.http.wire - http-outgoing-1 << "4f[\r][\n]"
17:34:41.888 [docker-java-stream--1935083709] DEBUG com.github.dockerjava.zerodep.shaded.org.apache.hc.client5.http.wire - http-outgoing-1 << "[0x1][0x0][0x0][0x0][0x0][0x0][0x0]G[0x9]listener.security.protocol.map = BROKER:PLAINTEXT,PLAINTEXT:PLAINTEXT[\n]"
17:34:41.888 [docker-java-stream--1935083709] DEBUG com.github.dockerjava.zerodep.shaded.org.apache.hc.client5.http.wire - http-outgoing-1 << "[\r][\n]"
17:34:41.888 [docker-java-stream--1935083709] DEBUG com.github.dockerjava.zerodep.shaded.org.apache.hc.client5.http.wire - http-outgoing-1 << "44[\r][\n]"
17:34:41.888 [docker-java-stream--1935083709] DEBUG com.github.dockerjava.zerodep.shaded.org.apache.hc.client5.http.wire - http-outgoing-1 << "[0x1][0x0][0x0][0x0][0x0][0x0][0x0]<[0x9]listeners = PLAINTEXT://0.0.0.0:9093,BROKER://0.0.0.0:9092[\n]"
17:34:41.888 [docker-java-stream--1935083709] DEBUG com.github.dockerjava.zerodep.shaded.org.apache.hc.client5.http.wire - http-outgoing-1 << "[\r][\n]"
17:34:41.888 [docker-java-stream--1935083709] DEBUG com.github.dockerjava.zerodep.shaded.org.apache.hc.client5.http.wire - http-outgoing-1 << "28[\r][\n]"
17:34:41.888 [docker-java-stream--1935083709] DEBUG com.github.dockerjava.zerodep.shaded.org.apache.hc.client5.http.wire - http-outgoing-1 << "[0x1][0x0][0x0][0x0][0x0][0x0][0x0] [0x9]log.cleaner.backoff.ms = 15000[\n]"
17:34:41.888 [docker-java-stream--1935083709] DEBUG com.github.dockerjava.zerodep.shaded.org.apache.hc.client5.http.wire - http-outgoing-1 << "[\r][\n]"
17:34:41.888 [docker-java-stream--1935083709] DEBUG com.github.dockerjava.zerodep.shaded.org.apache.hc.client5.http.wire - http-outgoing-1 << "34[\r][\n]"
17:34:41.888 [docker-java-stream--1935083709] DEBUG com.github.dockerjava.zerodep.shaded.org.apache.hc.client5.http.wire - http-outgoing-1 << "[0x1][0x0][0x0][0x0][0x0][0x0][0x0],[0x9]log.cleaner.dedupe.buffer.size = 134217728[\n]"
17:34:41.888 [docker-java-stream--1935083709] DEBUG com.github.dockerjava.zerodep.shaded.org.apache.hc.client5.http.wire - http-outgoing-1 << "[\r][\n]"
17:34:41.888 [docker-java-stream--1935083709] DEBUG com.github.dockerjava.zerodep.shaded.org.apache.hc.client5.http.wire - http-outgoing-1 << "34[\r][\n]"
17:34:41.888 [docker-java-stream--1935083709] DEBUG com.github.dockerjava.zerodep.shaded.org.apache.hc.client5.http.wire - http-outgoing-1 << "[0x1][0x0][0x0][0x0][0x0][0x0][0x0],[0x9]log.cleaner.delete.retention.ms = 86400000[\n]"
17:34:41.888 [docker-java-stream--1935083709] DEBUG com.github.dockerjava.zerodep.shaded.org.apache.hc.client5.http.wire - http-outgoing-1 << "[\r][\n]"
17:34:41.888 [docker-java-stream--1935083709] DEBUG com.github.dockerjava.zerodep.shaded.org.apache.hc.client5.http.wire - http-outgoing-1 << "23[\r][\n]"
17:34:41.888 [docker-java-stream--1935083709] DEBUG com.github.dockerjava.zerodep.shaded.org.apache.hc.client5.http.wire - http-outgoing-1 << "[0x1][0x0][0x0][0x0][0x0][0x0][0x0][0x1b][0x9]log.cleaner.enable = true[\n]"
17:34:41.888 [docker-java-stream--1935083709] DEBUG com.github.dockerjava.zerodep.shaded.org.apache.hc.client5.http.wire - http-outgoing-1 << "[\r][\n]"
17:34:41.888 [docker-java-stream--1935083709] DEBUG com.github.dockerjava.zerodep.shaded.org.apache.hc.client5.http.wire - http-outgoing-1 << "31[\r][\n]"
17:34:41.888 [docker-java-stream--1935083709] DEBUG com.github.dockerjava.zerodep.shaded.org.apache.hc.client5.http.wire - http-outgoing-1 << "[0x1][0x0][0x0][0x0][0x0][0x0][0x0])[0x9]log.cleaner.io.buffer.load.factor = 0.9[\n]"
17:34:41.888 [docker-java-stream--1935083709] DEBUG com.github.dockerjava.zerodep.shaded.org.apache.hc.client5.http.wire - http-outgoing-1 << "[\r][\n]"
17:34:41.888 [docker-java-stream--1935083709] DEBUG com.github.dockerjava.zerodep.shaded.org.apache.hc.client5.http.wire - http-outgoing-1 << "2d[\r][\n]"
17:34:41.889 [docker-java-stream--1935083709] DEBUG com.github.dockerjava.zerodep.shaded.org.apache.hc.client5.http.wire - http-outgoing-1 << "[0x1][0x0][0x0][0x0][0x0][0x0][0x0]%[0x9]log.cleaner.io.buffer.size = 524288[\n]"
17:34:41.889 [docker-java-stream--1935083709] DEBUG com.github.dockerjava.zerodep.shaded.org.apache.hc.client5.http.wire - http-outgoing-1 << "[\r][\n]"
17:34:41.889 [docker-java-stream--1935083709] DEBUG com.github.dockerjava.zerodep.shaded.org.apache.hc.client5.http.wire - http-outgoing-1 << "46[\r][\n]"
17:34:41.889 [docker-java-stream--1935083709] DEBUG com.github.dockerjava.zerodep.shaded.org.apache.hc.client5.http.wire - http-outgoing-1 << "[0x1][0x0][0x0][0x0][0x0][0x0][0x0]>[0x9]log.cleaner.io.max.bytes.per.second = 1.7976931348623157E308[\n]"
17:34:41.889 [docker-java-stream--1935083709] DEBUG com.github.dockerjava.zerodep.shaded.org.apache.hc.client5.http.wire - http-outgoing-1 << "[\r][\n]"
17:34:41.889 [docker-java-stream--1935083709] DEBUG com.github.dockerjava.zerodep.shaded.org.apache.hc.client5.http.wire - http-outgoing-1 << "41[\r][\n]"
17:34:41.889 [docker-java-stream--1935083709] DEBUG com.github.dockerjava.zerodep.shaded.org.apache.hc.client5.http.wire - http-outgoing-1 << "[0x1][0x0][0x0][0x0][0x0][0x0][0x0]9[0x9]log.cleaner.max.compaction.lag.ms = 9223372036854775807[\n]"
17:34:41.889 [docker-java-stream--1935083709] DEBUG com.github.dockerjava.zerodep.shaded.org.apache.hc.client5.http.wire - http-outgoing-1 << "[\r][\n]"
17:34:41.889 [docker-java-stream--1935083709] DEBUG com.github.dockerjava.zerodep.shaded.org.apache.hc.client5.http.wire - http-outgoing-1 << "2f[\r][\n]"
17:34:41.889 [docker-java-stream--1935083709] DEBUG com.github.dockerjava.zerodep.shaded.org.apache.hc.client5.http.wire - http-outgoing-1 << "[0x1][0x0][0x0][0x0][0x0][0x0][0x0]'[0x9]log.cleaner.min.cleanable.ratio = 0.5[\n]"
17:34:41.889 [docker-java-stream--1935083709] DEBUG com.github.dockerjava.zerodep.shaded.org.apache.hc.client5.http.wire - http-outgoing-1 << "[\r][\n]"
17:34:41.889 [docker-java-stream--1935083709] DEBUG com.github.dockerjava.zerodep.shaded.org.apache.hc.client5.http.wire - http-outgoing-1 << "2f[\r][\n]"
17:34:41.889 [docker-java-stream--1935083709] DEBUG com.github.dockerjava.zerodep.shaded.org.apache.hc.client5.http.wire - http-outgoing-1 << "[0x1][0x0][0x0][0x0][0x0][0x0][0x0]'[0x9]log.cleaner.min.compaction.lag.ms = 0[\n]"
17:34:41.889 [docker-java-stream--1935083709] DEBUG com.github.dockerjava.zerodep.shaded.org.apache.hc.client5.http.wire - http-outgoing-1 << "[\r][\n]"
17:34:41.889 [docker-java-stream--1935083709] DEBUG com.github.dockerjava.zerodep.shaded.org.apache.hc.client5.http.wire - http-outgoing-1 << "21[\r][\n]"
17:34:41.889 [docker-java-stream--1935083709] DEBUG com.github.dockerjava.zerodep.shaded.org.apache.hc.client5.http.wire - http-outgoing-1 << "[0x1][0x0][0x0][0x0][0x0][0x0][0x0][0x19][0x9]log.cleaner.threads = 1[\n]"
17:34:41.889 [docker-java-stream--1935083709] DEBUG com.github.dockerjava.zerodep.shaded.org.apache.hc.client5.http.wire - http-outgoing-1 << "[\r][\n]"
17:34:41.889 [docker-java-stream--1935083709] DEBUG com.github.dockerjava.zerodep.shaded.org.apache.hc.client5.http.wire - http-outgoing-1 << "27[\r][\n]"
17:34:41.889 [docker-java-stream--1935083709] DEBUG com.github.dockerjava.zerodep.shaded.org.apache.hc.client5.http.wire - http-outgoing-1 << "[0x1][0x0][0x0][0x0][0x0][0x0][0x0][0x1f][0x9]log.cleanup.policy = [delete][\n]"
17:34:41.889 [docker-java-stream--1935083709] DEBUG com.github.dockerjava.zerodep.shaded.org.apache.hc.client5.http.wire - http-outgoing-1 << "[\r][\n]"
17:34:41.890 [docker-java-stream--1935083709] DEBUG com.github.dockerjava.zerodep.shaded.org.apache.hc.client5.http.wire - http-outgoing-1 << "23[\r][\n]"
17:34:41.890 [docker-java-stream--1935083709] DEBUG com.github.dockerjava.zerodep.shaded.org.apache.hc.client5.http.wire - http-outgoing-1 << "[0x1][0x0][0x0][0x0][0x0][0x0][0x0][0x1b][0x9]log.dir = /tmp/kafka-logs[\n]"
17:34:41.890 [docker-java-stream--1935083709] DEBUG com.github.dockerjava.zerodep.shaded.org.apache.hc.client5.http.wire - http-outgoing-1 << "[\r][\n]"
17:34:41.890 [docker-java-stream--1935083709] DEBUG com.github.dockerjava.zerodep.shaded.org.apache.hc.client5.http.wire - http-outgoing-1 << "28[\r][\n]"
17:34:41.890 [docker-java-stream--1935083709] DEBUG com.github.dockerjava.zerodep.shaded.org.apache.hc.client5.http.wire - http-outgoing-1 << "[0x1][0x0][0x0][0x0][0x0][0x0][0x0] [0x9]log.dirs = /var/lib/kafka/data[\n]"
17:34:41.890 [docker-java-stream--1935083709] DEBUG com.github.dockerjava.zerodep.shaded.org.apache.hc.client5.http.wire - http-outgoing-1 << "[\r][\n]"
17:34:41.890 [docker-java-stream--1935083709] DEBUG com.github.dockerjava.zerodep.shaded.org.apache.hc.client5.http.wire - http-outgoing-1 << "3b[\r][\n]"
17:34:41.890 [docker-java-stream--1935083709] DEBUG com.github.dockerjava.zerodep.shaded.org.apache.hc.client5.http.wire - http-outgoing-1 << "[0x1][0x0][0x0][0x0][0x0][0x0][0x0]3[0x9]log.flush.interval.messages = 9223372036854775807[\n]"
17:34:41.890 [docker-java-stream--1935083709] DEBUG com.github.dockerjava.zerodep.shaded.org.apache.hc.client5.http.wire - http-outgoing-1 << "[\r][\n]"
17:34:41.890 [docker-java-stream--1935083709] DEBUG com.github.dockerjava.zerodep.shaded.org.apache.hc.client5.http.wire - http-outgoing-1 << "26[\r][\n]"
17:34:41.890 [docker-java-stream--1935083709] DEBUG com.github.dockerjava.zerodep.shaded.org.apache.hc.client5.http.wire - http-outgoing-1 << "[0x1][0x0][0x0][0x0][0x0][0x0][0x0][0x1e][0x9]log.flush.interval.ms = null[\n]"
17:34:41.890 [docker-java-stream--1935083709] DEBUG com.github.dockerjava.zerodep.shaded.org.apache.hc.client5.http.wire - http-outgoing-1 << "[\r][\n]"
17:34:41.890 [docker-java-stream--1935083709] DEBUG com.github.dockerjava.zerodep.shaded.org.apache.hc.client5.http.wire - http-outgoing-1 << "39[\r][\n]"
17:34:41.890 [docker-java-stream--1935083709] DEBUG com.github.dockerjava.zerodep.shaded.org.apache.hc.client5.http.wire - http-outgoing-1 << "[0x1][0x0][0x0][0x0][0x0][0x0][0x0]1[0x9]log.flush.offset.checkpoint.interval.ms = 60000[\n]"
17:34:41.890 [docker-java-stream--1935083709] DEBUG com.github.dockerjava.zerodep.shaded.org.apache.hc.client5.http.wire - http-outgoing-1 << "[\r][\n]"
17:34:41.890 [docker-java-stream--1935083709] DEBUG com.github.dockerjava.zerodep.shaded.org.apache.hc.client5.http.wire - http-outgoing-1 << "3f[\r][\n]"
17:34:41.890 [docker-java-stream--1935083709] DEBUG com.github.dockerjava.zerodep.shaded.org.apache.hc.client5.http.wire - http-outgoing-1 << "[0x1][0x0][0x0][0x0][0x0][0x0][0x0]7[0x9]log.flush.scheduler.interval.ms = 9223372036854775807[\n]"
17:34:41.890 [docker-java-stream--1935083709] DEBUG com.github.dockerjava.zerodep.shaded.org.apache.hc.client5.http.wire - http-outgoing-1 << "[\r][\n]"
17:34:41.890 [docker-java-stream--1935083709] DEBUG com.github.dockerjava.zerodep.shaded.org.apache.hc.client5.http.wire - http-outgoing-1 << "3f[\r][\n]"
17:34:41.890 [docker-java-stream--1935083709] DEBUG com.github.dockerjava.zerodep.shaded.org.apache.hc.client5.http.wire - http-outgoing-1 << "[0x1][0x0][0x0][0x0][0x0][0x0][0x0]7[0x9]log.flush.start.offset.checkpoint.interval.ms = 60000[\n]"
17:34:41.890 [docker-java-stream--1935083709] DEBUG com.github.dockerjava.zerodep.shaded.org.apache.hc.client5.http.wire - http-outgoing-1 << "[\r][\n]"
17:34:41.890 [docker-java-stream--1935083709] DEBUG com.github.dockerjava.zerodep.shaded.org.apache.hc.client5.http.wire - http-outgoing-1 << "29[\r][\n]"
17:34:41.890 [docker-java-stream--1935083709] DEBUG com.github.dockerjava.zerodep.shaded.org.apache.hc.client5.http.wire - http-outgoing-1 << "[0x1][0x0][0x0][0x0][0x0][0x0][0x0]![0x9]log.index.interval.bytes = 4096[\n]"
17:34:41.890 [docker-java-stream--1935083709] DEBUG com.github.dockerjava.zerodep.shaded.org.apache.hc.client5.http.wire - http-outgoing-1 << "[\r][\n]"
17:34:41.890 [docker-java-stream--1935083709] DEBUG com.github.dockerjava.zerodep.shaded.org.apache.hc.client5.http.wire - http-outgoing-1 << "2d[\r][\n]"
17:34:41.890 [docker-java-stream--1935083709] DEBUG com.github.dockerjava.zerodep.shaded.org.apache.hc.client5.http.wire - http-outgoing-1 << "[0x1][0x0][0x0][0x0][0x0][0x0][0x0]%[0x9]log.index.size.max.bytes = 10485760[\n]"
17:34:41.890 [docker-java-stream--1935083709] DEBUG com.github.dockerjava.zerodep.shaded.org.apache.hc.client5.http.wire - http-outgoing-1 << "[\r][\n]"
17:34:41.890 [docker-java-stream--1935083709] DEBUG com.github.dockerjava.zerodep.shaded.org.apache.hc.client5.http.wire - http-outgoing-1 << "32[\r][\n]"
17:34:41.890 [docker-java-stream--1935083709] DEBUG com.github.dockerjava.zerodep.shaded.org.apache.hc.client5.http.wire - http-outgoing-1 << "[0x1][0x0][0x0][0x0][0x0][0x0][0x0]*[0x9]log.message.downconversion.enable = true[\n]"
17:34:41.890 [docker-java-stream--1935083709] DEBUG com.github.dockerjava.zerodep.shaded.org.apache.hc.client5.http.wire - http-outgoing-1 << "[\r][\n]"
17:34:41.890 [docker-java-stream--1935083709] DEBUG com.github.dockerjava.zerodep.shaded.org.apache.hc.client5.http.wire - http-outgoing-1 << "2e[\r][\n]"
17:34:41.890 [docker-java-stream--1935083709] DEBUG com.github.dockerjava.zerodep.shaded.org.apache.hc.client5.http.wire - http-outgoing-1 << "[0x1][0x0][0x0][0x0][0x0][0x0][0x0]&[0x9]log.message.format.version = 3.0-IV1[\n]"
17:34:41.890 [docker-java-stream--1935083709] DEBUG com.github.dockerjava.zerodep.shaded.org.apache.hc.client5.http.wire - http-outgoing-1 << "[\r][\n]"
17:34:41.890 [docker-java-stream--1935083709] DEBUG com.github.dockerjava.zerodep.shaded.org.apache.hc.client5.http.wire - http-outgoing-1 << "47[\r][\n]"
17:34:41.890 [docker-java-stream--1935083709] DEBUG com.github.dockerjava.zerodep.shaded.org.apache.hc.client5.http.wire - http-outgoing-1 << "[0x1][0x0][0x0][0x0][0x0][0x0][0x0]?[0x9]log.message.timestamp.difference.max.ms = 9223372036854775807[\n]"
17:34:41.890 [docker-java-stream--1935083709] DEBUG com.github.dockerjava.zerodep.shaded.org.apache.hc.client5.http.wire - http-outgoing-1 << "[\r][\n]"
17:34:41.890 [docker-java-stream--1935083709] DEBUG com.github.dockerjava.zerodep.shaded.org.apache.hc.client5.http.wire - http-outgoing-1 << "31[\r][\n]"
17:34:41.890 [docker-java-stream--1935083709] DEBUG com.github.dockerjava.zerodep.shaded.org.apache.hc.client5.http.wire - http-outgoing-1 << "[0x1][0x0][0x0][0x0][0x0][0x0][0x0])[0x9]log.message.timestamp.type = CreateTime[\n]"
17:34:41.890 [docker-java-stream--1935083709] DEBUG com.github.dockerjava.zerodep.shaded.org.apache.hc.client5.http.wire - http-outgoing-1 << "[\r][\n]"
17:34:41.890 [docker-java-stream--1935083709] DEBUG com.github.dockerjava.zerodep.shaded.org.apache.hc.client5.http.wire - http-outgoing-1 << "21[\r][\n]"
17:34:41.890 [docker-java-stream--1935083709] DEBUG com.github.dockerjava.zerodep.shaded.org.apache.hc.client5.http.wire - http-outgoing-1 << "[0x1][0x0][0x0][0x0][0x0][0x0][0x0][0x19][0x9]log.preallocate = false[\n]"
17:34:41.890 [docker-java-stream--1935083709] DEBUG com.github.dockerjava.zerodep.shaded.org.apache.hc.client5.http.wire - http-outgoing-1 << "[\r][\n]"
17:34:41.890 [docker-java-stream--1935083709] DEBUG com.github.dockerjava.zerodep.shaded.org.apache.hc.client5.http.wire - http-outgoing-1 << "22[\r][\n]"
17:34:41.890 [docker-java-stream--1935083709] DEBUG com.github.dockerjava.zerodep.shaded.org.apache.hc.client5.http.wire - http-outgoing-1 << "[0x1][0x0][0x0][0x0][0x0][0x0][0x0][0x1a][0x9]log.retention.bytes = -1[\n]"
17:34:41.890 [docker-java-stream--1935083709] DEBUG com.github.dockerjava.zerodep.shaded.org.apache.hc.client5.http.wire - http-outgoing-1 << "[\r][\n]"
17:34:41.890 [docker-java-stream--1935083709] DEBUG com.github.dockerjava.zerodep.shaded.org.apache.hc.client5.http.wire - http-outgoing-1 << "32[\r][\n]"
17:34:41.890 [docker-java-stream--1935083709] DEBUG com.github.dockerjava.zerodep.shaded.org.apache.hc.client5.http.wire - http-outgoing-1 << "[0x1][0x0][0x0][0x0][0x0][0x0][0x0]*[0x9]log.retention.check.interval.ms = 300000[\n]"
17:34:41.890 [docker-java-stream--1935083709] DEBUG com.github.dockerjava.zerodep.shaded.org.apache.hc.client5.http.wire - http-outgoing-1 << "[\r][\n]"
17:34:41.890 [docker-java-stream--1935083709] DEBUG com.github.dockerjava.zerodep.shaded.org.apache.hc.client5.http.wire - http-outgoing-1 << "23[\r][\n]"
17:34:41.890 [docker-java-stream--1935083709] DEBUG com.github.dockerjava.zerodep.shaded.org.apache.hc.client5.http.wire - http-outgoing-1 << "[0x1][0x0][0x0][0x0][0x0][0x0][0x0][0x1b][0x9]log.retention.hours = 168[\n]"
17:34:41.890 [docker-java-stream--1935083709] DEBUG com.github.dockerjava.zerodep.shaded.org.apache.hc.client5.http.wire - http-outgoing-1 << "[\r][\n]"
17:34:41.890 [docker-java-stream--1935083709] DEBUG com.github.dockerjava.zerodep.shaded.org.apache.hc.client5.http.wire - http-outgoing-1 << "26[\r][\n]"
17:34:41.890 [docker-java-stream--1935083709] DEBUG com.github.dockerjava.zerodep.shaded.org.apache.hc.client5.http.wire - http-outgoing-1 << "[0x1][0x0][0x0][0x0][0x0][0x0][0x0][0x1e][0x9]log.retention.minutes = null[\n]"
17:34:41.890 [docker-java-stream--1935083709] DEBUG com.github.dockerjava.zerodep.shaded.org.apache.hc.client5.http.wire - http-outgoing-1 << "[\r][\n]"
17:34:41.890 [docker-java-stream--1935083709] DEBUG com.github.dockerjava.zerodep.shaded.org.apache.hc.client5.http.wire - http-outgoing-1 << "21[\r][\n]"
17:34:41.890 [docker-java-stream--1935083709] DEBUG com.github.dockerjava.zerodep.shaded.org.apache.hc.client5.http.wire - http-outgoing-1 << "[0x1][0x0][0x0][0x0][0x0][0x0][0x0][0x19][0x9]log.retention.ms = null[\n]"
17:34:41.890 [docker-java-stream--1935083709] DEBUG com.github.dockerjava.zerodep.shaded.org.apache.hc.client5.http.wire - http-outgoing-1 << "[\r][\n]"
17:34:41.890 [docker-java-stream--1935083709] DEBUG com.github.dockerjava.zerodep.shaded.org.apache.hc.client5.http.wire - http-outgoing-1 << "1e[\r][\n]"
17:34:41.890 [docker-java-stream--1935083709] DEBUG com.github.dockerjava.zerodep.shaded.org.apache.hc.client5.http.wire - http-outgoing-1 << "[0x1][0x0][0x0][0x0][0x0][0x0][0x0][0x16][0x9]log.roll.hours = 168[\n]"
17:34:41.891 [docker-java-stream--1935083709] DEBUG com.github.dockerjava.zerodep.shaded.org.apache.hc.client5.http.wire - http-outgoing-1 << "[\r][\n]"
17:34:41.891 [docker-java-stream--1935083709] DEBUG com.github.dockerjava.zerodep.shaded.org.apache.hc.client5.http.wire - http-outgoing-1 << "23[\r][\n]"
17:34:41.891 [docker-java-stream--1935083709] DEBUG com.github.dockerjava.zerodep.shaded.org.apache.hc.client5.http.wire - http-outgoing-1 << "[0x1][0x0][0x0][0x0][0x0][0x0][0x0][0x1b][0x9]log.roll.jitter.hours = 0[\n]"
17:34:41.891 [docker-java-stream--1935083709] DEBUG com.github.dockerjava.zerodep.shaded.org.apache.hc.client5.http.wire - http-outgoing-1 << "[\r][\n]"
17:34:41.891 [docker-java-stream--1935083709] DEBUG com.github.dockerjava.zerodep.shaded.org.apache.hc.client5.http.wire - http-outgoing-1 << "23[\r][\n]"
17:34:41.891 [docker-java-stream--1935083709] DEBUG com.github.dockerjava.zerodep.shaded.org.apache.hc.client5.http.wire - http-outgoing-1 << "[0x1][0x0][0x0][0x0][0x0][0x0][0x0][0x1b][0x9]log.roll.jitter.ms = null[\n]"
17:34:41.891 [docker-java-stream--1935083709] DEBUG com.github.dockerjava.zerodep.shaded.org.apache.hc.client5.http.wire - http-outgoing-1 << "[\r][\n]"
17:34:41.891 [docker-java-stream--1935083709] DEBUG com.github.dockerjava.zerodep.shaded.org.apache.hc.client5.http.wire - http-outgoing-1 << "1c[\r][\n]"
17:34:41.891 [docker-java-stream--1935083709] DEBUG com.github.dockerjava.zerodep.shaded.org.apache.hc.client5.http.wire - http-outgoing-1 << "[0x1][0x0][0x0][0x0][0x0][0x0][0x0][0x14][0x9]log.roll.ms = null[\n]"
17:34:41.891 [docker-java-stream--1935083709] DEBUG com.github.dockerjava.zerodep.shaded.org.apache.hc.client5.http.wire - http-outgoing-1 << "[\r][\n]"
17:34:41.891 [docker-java-stream--1935083709] DEBUG com.github.dockerjava.zerodep.shaded.org.apache.hc.client5.http.wire - http-outgoing-1 << "28[\r][\n]"
17:34:41.891 [docker-java-stream--1935083709] DEBUG com.github.dockerjava.zerodep.shaded.org.apache.hc.client5.http.wire - http-outgoing-1 << "[0x1][0x0][0x0][0x0][0x0][0x0][0x0] [0x9]log.segment.bytes = 1073741824[\n]"
17:34:41.891 [docker-java-stream--1935083709] DEBUG com.github.dockerjava.zerodep.shaded.org.apache.hc.client5.http.wire - http-outgoing-1 << "[\r][\n]"
17:34:41.891 [docker-java-stream--1935083709] DEBUG com.github.dockerjava.zerodep.shaded.org.apache.hc.client5.http.wire - http-outgoing-1 << "2d[\r][\n]"
17:34:41.891 [docker-java-stream--1935083709] DEBUG com.github.dockerjava.zerodep.shaded.org.apache.hc.client5.http.wire - http-outgoing-1 << "[0x1][0x0][0x0][0x0][0x0][0x0][0x0]%[0x9]log.segment.delete.delay.ms = 60000[\n]"
17:34:41.891 [docker-java-stream--1935083709] DEBUG com.github.dockerjava.zerodep.shaded.org.apache.hc.client5.http.wire - http-outgoing-1 << "[\r][\n]"
17:34:41.891 [docker-java-stream--1935083709] DEBUG com.github.dockerjava.zerodep.shaded.org.apache.hc.client5.http.wire - http-outgoing-1 << "33[\r][\n]"
17:34:41.891 [docker-java-stream--1935083709] DEBUG com.github.dockerjava.zerodep.shaded.org.apache.hc.client5.http.wire - http-outgoing-1 << "[0x1][0x0][0x0][0x0][0x0][0x0][0x0]+[0x9]max.connection.creation.rate = 2147483647[\n]"
17:34:41.891 [docker-java-stream--1935083709] DEBUG com.github.dockerjava.zerodep.shaded.org.apache.hc.client5.http.wire - http-outgoing-1 << "[\r][\n]"
17:34:41.891 [docker-java-stream--1935083709] DEBUG com.github.dockerjava.zerodep.shaded.org.apache.hc.client5.http.wire - http-outgoing-1 << "26[\r][\n]"
17:34:41.891 [docker-java-stream--1935083709] DEBUG com.github.dockerjava.zerodep.shaded.org.apache.hc.client5.http.wire - http-outgoing-1 << "[0x1][0x0][0x0][0x0][0x0][0x0][0x0][0x1e][0x9]max.connections = 2147483647[\n]"
17:34:41.891 [docker-java-stream--1935083709] DEBUG com.github.dockerjava.zerodep.shaded.org.apache.hc.client5.http.wire - http-outgoing-1 << "[\r][\n]"
17:34:41.891 [docker-java-stream--1935083709] DEBUG com.github.dockerjava.zerodep.shaded.org.apache.hc.client5.http.wire - http-outgoing-1 << "2d[\r][\n]"
17:34:41.891 [docker-java-stream--1935083709] DEBUG com.github.dockerjava.zerodep.shaded.org.apache.hc.client5.http.wire - http-outgoing-1 << "[0x1][0x0][0x0][0x0][0x0][0x0][0x0]%[0x9]max.connections.per.ip = 2147483647[\n]"
17:34:41.891 [docker-java-stream--1935083709] DEBUG com.github.dockerjava.zerodep.shaded.org.apache.hc.client5.http.wire - http-outgoing-1 << "[\r][\n]"
17:34:41.891 [docker-java-stream--1935083709] DEBUG com.github.dockerjava.zerodep.shaded.org.apache.hc.client5.http.wire - http-outgoing-1 << "2d[\r][\n]"
17:34:41.891 [docker-java-stream--1935083709] DEBUG com.github.dockerjava.zerodep.shaded.org.apache.hc.client5.http.wire - http-outgoing-1 << "[0x1][0x0][0x0][0x0][0x0][0x0][0x0]%[0x9]max.connections.per.ip.overrides = [\n]"
17:34:41.891 [docker-java-stream--1935083709] DEBUG com.github.dockerjava.zerodep.shaded.org.apache.hc.client5.http.wire - http-outgoing-1 << "[\r][\n]"
17:34:41.891 [docker-java-stream--1935083709] DEBUG com.github.dockerjava.zerodep.shaded.org.apache.hc.client5.http.wire - http-outgoing-1 << "3a[\r][\n]"
17:34:41.891 [docker-java-stream--1935083709] DEBUG com.github.dockerjava.zerodep.shaded.org.apache.hc.client5.http.wire - http-outgoing-1 << "[0x1][0x0][0x0][0x0][0x0][0x0][0x0]2[0x9]max.incremental.fetch.session.cache.slots = 1000[\n]"
17:34:41.891 [docker-java-stream--1935083709] DEBUG com.github.dockerjava.zerodep.shaded.org.apache.hc.client5.http.wire - http-outgoing-1 << "[\r][\n]"
17:34:41.891 [docker-java-stream--1935083709] DEBUG com.github.dockerjava.zerodep.shaded.org.apache.hc.client5.http.wire - http-outgoing-1 << "25[\r][\n]"
17:34:41.891 [docker-java-stream--1935083709] DEBUG com.github.dockerjava.zerodep.shaded.org.apache.hc.client5.http.wire - http-outgoing-1 << "[0x1][0x0][0x0][0x0][0x0][0x0][0x0][0x1d][0x9]message.max.bytes = 1048588[\n]"
17:34:41.891 [docker-java-stream--1935083709] DEBUG com.github.dockerjava.zerodep.shaded.org.apache.hc.client5.http.wire - http-outgoing-1 << "[\r][\n]"
17:34:41.891 [docker-java-stream--1935083709] DEBUG com.github.dockerjava.zerodep.shaded.org.apache.hc.client5.http.wire - http-outgoing-1 << "21[\r][\n]"
17:34:41.891 [docker-java-stream--1935083709] DEBUG com.github.dockerjava.zerodep.shaded.org.apache.hc.client5.http.wire - http-outgoing-1 << "[0x1][0x0][0x0][0x0][0x0][0x0][0x0][0x19][0x9]metadata.log.dir = null[\n]"
17:34:41.891 [docker-java-stream--1935083709] DEBUG com.github.dockerjava.zerodep.shaded.org.apache.hc.client5.http.wire - http-outgoing-1 << "[\r][\n]"
17:34:41.891 [docker-java-stream--1935083709] DEBUG com.github.dockerjava.zerodep.shaded.org.apache.hc.client5.http.wire - http-outgoing-1 << "44[\r][\n]"
17:34:41.891 [docker-java-stream--1935083709] DEBUG com.github.dockerjava.zerodep.shaded.org.apache.hc.client5.http.wire - http-outgoing-1 << "[0x1][0x0][0x0][0x0][0x0][0x0][0x0]<[0x9]metadata.log.max.record.bytes.between.snapshots = 20971520[\n]"
17:34:41.891 [docker-java-stream--1935083709] DEBUG com.github.dockerjava.zerodep.shaded.org.apache.hc.client5.http.wire - http-outgoing-1 << "[\r][\n]"
17:34:41.891 [docker-java-stream--1935083709] DEBUG com.github.dockerjava.zerodep.shaded.org.apache.hc.client5.http.wire - http-outgoing-1 << "39[\r][\n]"
17:34:41.891 [docker-java-stream--1935083709] DEBUG com.github.dockerjava.zerodep.shaded.org.apache.hc.client5.http.wire - http-outgoing-1 << "[0x1][0x0][0x0][0x0][0x0][0x0][0x0]1[0x9]metadata.log.max.snapshot.interval.ms = 3600000[\n]"
17:34:41.891 [docker-java-stream--1935083709] DEBUG com.github.dockerjava.zerodep.shaded.org.apache.hc.client5.http.wire - http-outgoing-1 << "[\r][\n]"
17:34:41.891 [docker-java-stream--1935083709] DEBUG com.github.dockerjava.zerodep.shaded.org.apache.hc.client5.http.wire - http-outgoing-1 << "31[\r][\n]"
17:34:41.891 [docker-java-stream--1935083709] DEBUG com.github.dockerjava.zerodep.shaded.org.apache.hc.client5.http.wire - http-outgoing-1 << "[0x1][0x0][0x0][0x0][0x0][0x0][0x0])[0x9]metadata.log.segment.bytes = 1073741824[\n]"
17:34:41.891 [docker-java-stream--1935083709] DEBUG com.github.dockerjava.zerodep.shaded.org.apache.hc.client5.http.wire - http-outgoing-1 << "[\r][\n]"
17:34:41.891 [docker-java-stream--1935083709] DEBUG com.github.dockerjava.zerodep.shaded.org.apache.hc.client5.http.wire - http-outgoing-1 << "32[\r][\n]"
17:34:41.891 [docker-java-stream--1935083709] DEBUG com.github.dockerjava.zerodep.shaded.org.apache.hc.client5.http.wire - http-outgoing-1 << "[0x1][0x0][0x0][0x0][0x0][0x0][0x0]*[0x9]metadata.log.segment.min.bytes = 8388608[\n]"
17:34:41.891 [docker-java-stream--1935083709] DEBUG com.github.dockerjava.zerodep.shaded.org.apache.hc.client5.http.wire - http-outgoing-1 << "[\r][\n]"
17:34:41.891 [docker-java-stream--1935083709] DEBUG com.github.dockerjava.zerodep.shaded.org.apache.hc.client5.http.wire - http-outgoing-1 << "2d[\r][\n]"
17:34:41.891 [docker-java-stream--1935083709] DEBUG com.github.dockerjava.zerodep.shaded.org.apache.hc.client5.http.wire - http-outgoing-1 << "[0x1][0x0][0x0][0x0][0x0][0x0][0x0]%[0x9]metadata.log.segment.ms = 604800000[\n]"
17:34:41.891 [docker-java-stream--1935083709] DEBUG com.github.dockerjava.zerodep.shaded.org.apache.hc.client5.http.wire - http-outgoing-1 << "[\r][\n]"
17:34:41.891 [docker-java-stream--1935083709] DEBUG com.github.dockerjava.zerodep.shaded.org.apache.hc.client5.http.wire - http-outgoing-1 << "2d[\r][\n]"
17:34:41.891 [docker-java-stream--1935083709] DEBUG com.github.dockerjava.zerodep.shaded.org.apache.hc.client5.http.wire - http-outgoing-1 << "[0x1][0x0][0x0][0x0][0x0][0x0][0x0]%[0x9]metadata.max.idle.interval.ms = 500[\n]"
17:34:41.891 [docker-java-stream--1935083709] DEBUG com.github.dockerjava.zerodep.shaded.org.apache.hc.client5.http.wire - http-outgoing-1 << "[\r][\n]"
17:34:41.891 [docker-java-stream--1935083709] DEBUG com.github.dockerjava.zerodep.shaded.org.apache.hc.client5.http.wire - http-outgoing-1 << "32[\r][\n]"
17:34:41.891 [docker-java-stream--1935083709] DEBUG com.github.dockerjava.zerodep.shaded.org.apache.hc.client5.http.wire - http-outgoing-1 << "[0x1][0x0][0x0][0x0][0x0][0x0][0x0]*[0x9]metadata.max.retention.bytes = 104857600[\n]"
17:34:41.891 [docker-java-stream--1935083709] DEBUG com.github.dockerjava.zerodep.shaded.org.apache.hc.client5.http.wire - http-outgoing-1 << "[\r][\n]"
17:34:41.891 [docker-java-stream--1935083709] DEBUG com.github.dockerjava.zerodep.shaded.org.apache.hc.client5.http.wire - http-outgoing-1 << "2f[\r][\n]"
17:34:41.891 [docker-java-stream--1935083709] DEBUG com.github.dockerjava.zerodep.shaded.org.apache.hc.client5.http.wire - http-outgoing-1 << "[0x1][0x0][0x0][0x0][0x0][0x0][0x0]'[0x9]metadata.max.retention.ms = 604800000[\n]"
17:34:41.891 [docker-java-stream--1935083709] DEBUG com.github.dockerjava.zerodep.shaded.org.apache.hc.client5.http.wire - http-outgoing-1 << "[\r][\n]"
17:34:41.891 [docker-java-stream--1935083709] DEBUG com.github.dockerjava.zerodep.shaded.org.apache.hc.client5.http.wire - http-outgoing-1 << "1f[\r][\n]"
17:34:41.891 [docker-java-stream--1935083709] DEBUG com.github.dockerjava.zerodep.shaded.org.apache.hc.client5.http.wire - http-outgoing-1 << "[0x1][0x0][0x0][0x0][0x0][0x0][0x0][0x17][0x9]metric.reporters = [][\n]"
17:34:41.891 [docker-java-stream--1935083709] DEBUG com.github.dockerjava.zerodep.shaded.org.apache.hc.client5.http.wire - http-outgoing-1 << "[\r][\n]"
17:34:41.891 [docker-java-stream--1935083709] DEBUG com.github.dockerjava.zerodep.shaded.org.apache.hc.client5.http.wire - http-outgoing-1 << "21[\r][\n]"
17:34:41.891 [docker-java-stream--1935083709] DEBUG com.github.dockerjava.zerodep.shaded.org.apache.hc.client5.http.wire - http-outgoing-1 << "[0x1][0x0][0x0][0x0][0x0][0x0][0x0][0x19][0x9]metrics.num.samples = 2[\n]"
17:34:41.891 [docker-java-stream--1935083709] DEBUG com.github.dockerjava.zerodep.shaded.org.apache.hc.client5.http.wire - http-outgoing-1 << "[\r][\n]"
17:34:41.891 [docker-java-stream--1935083709] DEBUG com.github.dockerjava.zerodep.shaded.org.apache.hc.client5.http.wire - http-outgoing-1 << "28[\r][\n]"
17:34:41.891 [docker-java-stream--1935083709] DEBUG com.github.dockerjava.zerodep.shaded.org.apache.hc.client5.http.wire - http-outgoing-1 << "[0x1][0x0][0x0][0x0][0x0][0x0][0x0] [0x9]metrics.recording.level = INFO[\n]"
17:34:41.891 [docker-java-stream--1935083709] DEBUG com.github.dockerjava.zerodep.shaded.org.apache.hc.client5.http.wire - http-outgoing-1 << "[\r][\n]"
17:34:41.891 [docker-java-stream--1935083709] DEBUG com.github.dockerjava.zerodep.shaded.org.apache.hc.client5.http.wire - http-outgoing-1 << "2a[\r][\n]"
17:34:41.891 [docker-java-stream--1935083709] DEBUG com.github.dockerjava.zerodep.shaded.org.apache.hc.client5.http.wire - http-outgoing-1 << "[0x1][0x0][0x0][0x0][0x0][0x0][0x0]"[0x9]metrics.sample.window.ms = 30000[\n]"
17:34:41.892 [docker-java-stream--1935083709] DEBUG com.github.dockerjava.zerodep.shaded.org.apache.hc.client5.http.wire - http-outgoing-1 << "[\r][\n]"
17:34:41.892 [docker-java-stream--1935083709] DEBUG com.github.dockerjava.zerodep.shaded.org.apache.hc.client5.http.wire - http-outgoing-1 << "21[\r][\n]"
17:34:41.892 [docker-java-stream--1935083709] DEBUG com.github.dockerjava.zerodep.shaded.org.apache.hc.client5.http.wire - http-outgoing-1 << "[0x1][0x0][0x0][0x0][0x0][0x0][0x0][0x19][0x9]min.insync.replicas = 1[\n]"
17:34:41.892 [docker-java-stream--1935083709] DEBUG com.github.dockerjava.zerodep.shaded.org.apache.hc.client5.http.wire - http-outgoing-1 << "[\r][\n]"
17:34:41.892 [docker-java-stream--1935083709] DEBUG com.github.dockerjava.zerodep.shaded.org.apache.hc.client5.http.wire - http-outgoing-1 << "15[\r][\n]"
17:34:41.892 [docker-java-stream--1935083709] DEBUG com.github.dockerjava.zerodep.shaded.org.apache.hc.client5.http.wire - http-outgoing-1 << "[0x1][0x0][0x0][0x0][0x0][0x0][0x0][\r][0x9]node.id = 1[\n]"
17:34:41.892 [docker-java-stream--1935083709] DEBUG com.github.dockerjava.zerodep.shaded.org.apache.hc.client5.http.wire - http-outgoing-1 << "[\r][\n]"
17:34:41.892 [docker-java-stream--1935083709] DEBUG com.github.dockerjava.zerodep.shaded.org.apache.hc.client5.http.wire - http-outgoing-1 << "1c[\r][\n]"
17:34:41.892 [docker-java-stream--1935083709] DEBUG com.github.dockerjava.zerodep.shaded.org.apache.hc.client5.http.wire - http-outgoing-1 << "[0x1][0x0][0x0][0x0][0x0][0x0][0x0][0x14][0x9]num.io.threads = 8[\n]"
17:34:41.892 [docker-java-stream--1935083709] DEBUG com.github.dockerjava.zerodep.shaded.org.apache.hc.client5.http.wire - http-outgoing-1 << "[\r][\n]"
17:34:41.892 [docker-java-stream--1935083709] DEBUG com.github.dockerjava.zerodep.shaded.org.apache.hc.client5.http.wire - http-outgoing-1 << "21[\r][\n]"
17:34:41.892 [docker-java-stream--1935083709] DEBUG com.github.dockerjava.zerodep.shaded.org.apache.hc.client5.http.wire - http-outgoing-1 << "[0x1][0x0][0x0][0x0][0x0][0x0][0x0][0x19][0x9]num.network.threads = 3[\n]"
17:34:41.892 [docker-java-stream--1935083709] DEBUG com.github.dockerjava.zerodep.shaded.org.apache.hc.client5.http.wire - http-outgoing-1 << "[\r][\n]"
17:34:41.892 [docker-java-stream--1935083709] DEBUG com.github.dockerjava.zerodep.shaded.org.apache.hc.client5.http.wire - http-outgoing-1 << "1c[\r][\n]"
17:34:41.892 [docker-java-stream--1935083709] DEBUG com.github.dockerjava.zerodep.shaded.org.apache.hc.client5.http.wire - http-outgoing-1 << "[0x1][0x0][0x0][0x0][0x0][0x0][0x0][0x14][0x9]num.partitions = 1[\n]"
17:34:41.892 [docker-java-stream--1935083709] DEBUG com.github.dockerjava.zerodep.shaded.org.apache.hc.client5.http.wire - http-outgoing-1 << "[\r][\n]"
17:34:41.892 [docker-java-stream--1935083709] DEBUG com.github.dockerjava.zerodep.shaded.org.apache.hc.client5.http.wire - http-outgoing-1 << "2f[\r][\n]"
17:34:41.892 [docker-java-stream--1935083709] DEBUG com.github.dockerjava.zerodep.shaded.org.apache.hc.client5.http.wire - http-outgoing-1 << "[0x1][0x0][0x0][0x0][0x0][0x0][0x0]'[0x9]num.recovery.threads.per.data.dir = 1[\n]"
17:34:41.892 [docker-java-stream--1935083709] DEBUG com.github.dockerjava.zerodep.shaded.org.apache.hc.client5.http.wire - http-outgoing-1 << "[\r][\n]"
17:34:41.892 [docker-java-stream--1935083709] DEBUG com.github.dockerjava.zerodep.shaded.org.apache.hc.client5.http.wire - http-outgoing-1 << "33[\r][\n]"
17:34:41.892 [docker-java-stream--1935083709] DEBUG com.github.dockerjava.zerodep.shaded.org.apache.hc.client5.http.wire - http-outgoing-1 << "[0x1][0x0][0x0][0x0][0x0][0x0][0x0]+[0x9]num.replica.alter.log.dirs.threads = null[\n]"
17:34:41.892 [docker-java-stream--1935083709] DEBUG com.github.dockerjava.zerodep.shaded.org.apache.hc.client5.http.wire - http-outgoing-1 << "[\r][\n]"
17:34:41.892 [docker-java-stream--1935083709] DEBUG com.github.dockerjava.zerodep.shaded.org.apache.hc.client5.http.wire - http-outgoing-1 << "22[\r][\n]"
17:34:41.892 [docker-java-stream--1935083709] DEBUG com.github.dockerjava.zerodep.shaded.org.apache.hc.client5.http.wire - http-outgoing-1 << "[0x1][0x0][0x0][0x0][0x0][0x0][0x0][0x1a][0x9]num.replica.fetchers = 1[\n]"
17:34:41.892 [docker-java-stream--1935083709] DEBUG com.github.dockerjava.zerodep.shaded.org.apache.hc.client5.http.wire - http-outgoing-1 << "[\r][\n]"
17:34:41.892 [docker-java-stream--1935083709] DEBUG com.github.dockerjava.zerodep.shaded.org.apache.hc.client5.http.wire - http-outgoing-1 << "2a[\r][\n]"
17:34:41.892 [docker-java-stream--1935083709] DEBUG com.github.dockerjava.zerodep.shaded.org.apache.hc.client5.http.wire - http-outgoing-1 << "[0x1][0x0][0x0][0x0][0x0][0x0][0x0]"[0x9]offset.metadata.max.bytes = 4096[\n]"
17:34:41.892 [docker-java-stream--1935083709] DEBUG com.github.dockerjava.zerodep.shaded.org.apache.hc.client5.http.wire - http-outgoing-1 << "[\r][\n]"
17:34:41.892 [docker-java-stream--1935083709] DEBUG com.github.dockerjava.zerodep.shaded.org.apache.hc.client5.http.wire - http-outgoing-1 << "2b[\r][\n]"
17:34:41.892 [docker-java-stream--1935083709] DEBUG com.github.dockerjava.zerodep.shaded.org.apache.hc.client5.http.wire - http-outgoing-1 << "[0x1][0x0][0x0][0x0][0x0][0x0][0x0]#[0x9]offsets.commit.required.acks = -1[\n]"
17:34:41.892 [docker-java-stream--1935083709] DEBUG com.github.dockerjava.zerodep.shaded.org.apache.hc.client5.http.wire - http-outgoing-1 << "[\r][\n]"
17:34:41.892 [docker-java-stream--1935083709] DEBUG com.github.dockerjava.zerodep.shaded.org.apache.hc.client5.http.wire - http-outgoing-1 << "2a[\r][\n]"
17:34:41.892 [docker-java-stream--1935083709] DEBUG com.github.dockerjava.zerodep.shaded.org.apache.hc.client5.http.wire - http-outgoing-1 << "[0x1][0x0][0x0][0x0][0x0][0x0][0x0]"[0x9]offsets.commit.timeout.ms = 5000[\n]"
17:34:41.892 [docker-java-stream--1935083709] DEBUG com.github.dockerjava.zerodep.shaded.org.apache.hc.client5.http.wire - http-outgoing-1 << "[\r][\n]"
17:34:41.892 [docker-java-stream--1935083709] DEBUG com.github.dockerjava.zerodep.shaded.org.apache.hc.client5.http.wire - http-outgoing-1 << "2c[\r][\n]"
17:34:41.892 [docker-java-stream--1935083709] DEBUG com.github.dockerjava.zerodep.shaded.org.apache.hc.client5.http.wire - http-outgoing-1 << "[0x1][0x0][0x0][0x0][0x0][0x0][0x0]$[0x9]offsets.load.buffer.size = 5242880[\n]"
17:34:41.892 [docker-java-stream--1935083709] DEBUG com.github.dockerjava.zerodep.shaded.org.apache.hc.client5.http.wire - http-outgoing-1 << "[\r][\n]"
17:34:41.892 [docker-java-stream--1935083709] DEBUG com.github.dockerjava.zerodep.shaded.org.apache.hc.client5.http.wire - http-outgoing-1 << "36[\r][\n]"
17:34:41.892 [docker-java-stream--1935083709] DEBUG com.github.dockerjava.zerodep.shaded.org.apache.hc.client5.http.wire - http-outgoing-1 << "[0x1][0x0][0x0][0x0][0x0][0x0][0x0].[0x9]offsets.retention.check.interval.ms = 600000[\n]"
17:34:41.892 [docker-java-stream--1935083709] DEBUG com.github.dockerjava.zerodep.shaded.org.apache.hc.client5.http.wire - http-outgoing-1 << "[\r][\n]"
17:34:41.892 [docker-java-stream--1935083709] DEBUG com.github.dockerjava.zerodep.shaded.org.apache.hc.client5.http.wire - http-outgoing-1 << "2b[\r][\n]"
17:34:41.892 [docker-java-stream--1935083709] DEBUG com.github.dockerjava.zerodep.shaded.org.apache.hc.client5.http.wire - http-outgoing-1 << "[0x1][0x0][0x0][0x0][0x0][0x0][0x0]#[0x9]offsets.retention.minutes = 10080[\n]"
17:34:41.892 [docker-java-stream--1935083709] DEBUG com.github.dockerjava.zerodep.shaded.org.apache.hc.client5.http.wire - http-outgoing-1 << "[\r][\n]"
17:34:41.892 [docker-java-stream--1935083709] DEBUG com.github.dockerjava.zerodep.shaded.org.apache.hc.client5.http.wire - http-outgoing-1 << "2d[\r][\n]"
17:34:41.892 [docker-java-stream--1935083709] DEBUG com.github.dockerjava.zerodep.shaded.org.apache.hc.client5.http.wire - http-outgoing-1 << "[0x1][0x0][0x0][0x0][0x0][0x0][0x0]%[0x9]offsets.topic.compression.codec = 0[\n]"
17:34:41.892 [docker-java-stream--1935083709] DEBUG com.github.dockerjava.zerodep.shaded.org.apache.hc.client5.http.wire - http-outgoing-1 << "[\r][\n]"
17:34:41.895 [docker-java-stream--1935083709] DEBUG com.github.dockerjava.zerodep.shaded.org.apache.hc.client5.http.wire - http-outgoing-1 << "2a[\r][\n]"
17:34:41.895 [docker-java-stream--1935083709] DEBUG com.github.dockerjava.zerodep.shaded.org.apache.hc.client5.http.wire - http-outgoing-1 << "[0x1][0x0][0x0][0x0][0x0][0x0][0x0]"[0x9]offsets.topic.num.partitions = 1[\n]"
17:34:41.895 [docker-java-stream--1935083709] DEBUG com.github.dockerjava.zerodep.shaded.org.apache.hc.client5.http.wire - http-outgoing-1 << "[\r][\n]"
17:34:41.895 [docker-java-stream--1935083709] DEBUG com.github.dockerjava.zerodep.shaded.org.apache.hc.client5.http.wire - http-outgoing-1 << "2e[\r][\n]"
17:34:41.895 [docker-java-stream--1935083709] DEBUG com.github.dockerjava.zerodep.shaded.org.apache.hc.client5.http.wire - http-outgoing-1 << "[0x1][0x0][0x0][0x0][0x0][0x0][0x0]&[0x9]offsets.topic.replication.factor = 1[\n]"
17:34:41.895 [docker-java-stream--1935083709] DEBUG com.github.dockerjava.zerodep.shaded.org.apache.hc.client5.http.wire - http-outgoing-1 << "[\r][\n]"
17:34:41.895 [docker-java-stream--1935083709] DEBUG com.github.dockerjava.zerodep.shaded.org.apache.hc.client5.http.wire - http-outgoing-1 << "31[\r][\n]"
17:34:41.895 [docker-java-stream--1935083709] DEBUG com.github.dockerjava.zerodep.shaded.org.apache.hc.client5.http.wire - http-outgoing-1 << "[0x1][0x0][0x0][0x0][0x0][0x0][0x0])[0x9]offsets.topic.segment.bytes = 104857600[\n]"
17:34:41.895 [docker-java-stream--1935083709] DEBUG com.github.dockerjava.zerodep.shaded.org.apache.hc.client5.http.wire - http-outgoing-1 << "[\r][\n]"
17:34:41.895 [docker-java-stream--1935083709] DEBUG com.github.dockerjava.zerodep.shaded.org.apache.hc.client5.http.wire - http-outgoing-1 << "42[\r][\n]"
17:34:41.895 [docker-java-stream--1935083709] DEBUG com.github.dockerjava.zerodep.shaded.org.apache.hc.client5.http.wire - http-outgoing-1 << "[0x1][0x0][0x0][0x0][0x0][0x0][0x0]:[0x9]password.encoder.cipher.algorithm = AES/CBC/PKCS5Padding[\n]"
17:34:41.895 [docker-java-stream--1935083709] DEBUG com.github.dockerjava.zerodep.shaded.org.apache.hc.client5.http.wire - http-outgoing-1 << "[\r][\n]"
17:34:41.896 [main] DEBUG org.testcontainers.containers.output.WaitingConsumer - STDOUT: 	controller.quota.window.size.seconds = 1
17:34:41.896 [main] DEBUG org.testcontainers.containers.output.WaitingConsumer - STDOUT: 	fetch.purgatory.purge.interval.requests = 1000
17:34:41.896 [main] DEBUG org.testcontainers.containers.output.WaitingConsumer - STDOUT: 	group.max.size = 2147483647
17:34:41.896 [main] DEBUG org.testcontainers.containers.output.WaitingConsumer - STDOUT: 	group.max.session.timeout.ms = 1800000
17:34:41.897 [main] DEBUG org.testcontainers.containers.output.WaitingConsumer - STDOUT: 	group.initial.rebalance.delay.ms = 0
17:34:41.897 [main] DEBUG org.testcontainers.containers.output.WaitingConsumer - STDOUT: 	fetch.max.bytes = 57671680
17:34:41.897 [main] DEBUG org.testcontainers.containers.output.WaitingConsumer - STDOUT: 	early.start.listeners = null
17:34:41.897 [main] DEBUG org.testcontainers.containers.output.WaitingConsumer - STDOUT: 	delete.topic.enable = true
17:34:41.897 [main] DEBUG org.testcontainers.containers.output.WaitingConsumer - STDOUT: 	delete.records.purgatory.purge.interval.requests = 1
17:34:41.897 [main] DEBUG org.testcontainers.containers.output.WaitingConsumer - STDOUT: 	delegation.token.secret.key = null
17:34:41.897 [main] DEBUG org.testcontainers.containers.output.WaitingConsumer - STDOUT: 	group.min.session.timeout.ms = 6000
17:34:41.897 [main] DEBUG org.testcontainers.containers.output.WaitingConsumer - STDOUT: 	initial.broker.registration.timeout.ms = 60000
17:34:41.897 [main] DEBUG org.testcontainers.containers.output.WaitingConsumer - STDOUT: 	inter.broker.listener.name = BROKER
17:34:41.897 [main] DEBUG org.testcontainers.containers.output.WaitingConsumer - STDOUT: 	leader.imbalance.check.interval.seconds = 300
17:34:41.897 [main] DEBUG org.testcontainers.containers.output.WaitingConsumer - STDOUT: 	listener.security.protocol.map = BROKER:PLAINTEXT,PLAINTEXT:PLAINTEXT
17:34:41.899 [docker-java-stream--1935083709] DEBUG com.github.dockerjava.zerodep.shaded.org.apache.hc.client5.http.wire - http-outgoing-1 << "2c[\r][\n]"
17:34:41.899 [docker-java-stream--1935083709] DEBUG com.github.dockerjava.zerodep.shaded.org.apache.hc.client5.http.wire - http-outgoing-1 << "[0x1][0x0][0x0][0x0][0x0][0x0][0x0]$[0x9]password.encoder.iterations = 4096[\n]"
17:34:41.899 [docker-java-stream--1935083709] DEBUG com.github.dockerjava.zerodep.shaded.org.apache.hc.client5.http.wire - http-outgoing-1 << "[\r][\n]"
17:34:41.899 [docker-java-stream--1935083709] DEBUG com.github.dockerjava.zerodep.shaded.org.apache.hc.client5.http.wire - http-outgoing-1 << "2b[\r][\n]"
17:34:41.899 [docker-java-stream--1935083709] DEBUG com.github.dockerjava.zerodep.shaded.org.apache.hc.client5.http.wire - http-outgoing-1 << "[0x1][0x0][0x0][0x0][0x0][0x0][0x0]#[0x9]password.encoder.key.length = 128[\n]"
17:34:41.899 [docker-java-stream--1935083709] DEBUG com.github.dockerjava.zerodep.shaded.org.apache.hc.client5.http.wire - http-outgoing-1 << "[\r][\n]"
17:34:41.899 [docker-java-stream--1935083709] DEBUG com.github.dockerjava.zerodep.shaded.org.apache.hc.client5.http.wire - http-outgoing-1 << "36[\r][\n]"
17:34:41.899 [docker-java-stream--1935083709] DEBUG com.github.dockerjava.zerodep.shaded.org.apache.hc.client5.http.wire - http-outgoing-1 << "[0x1][0x0][0x0][0x0][0x0][0x0][0x0].[0x9]password.encoder.keyfactory.algorithm = null[\n]"
17:34:41.899 [docker-java-stream--1935083709] DEBUG com.github.dockerjava.zerodep.shaded.org.apache.hc.client5.http.wire - http-outgoing-1 << "[\r][\n]"
17:34:41.899 [docker-java-stream--1935083709] DEBUG com.github.dockerjava.zerodep.shaded.org.apache.hc.client5.http.wire - http-outgoing-1 << "2c[\r][\n]"
17:34:41.899 [docker-java-stream--1935083709] DEBUG com.github.dockerjava.zerodep.shaded.org.apache.hc.client5.http.wire - http-outgoing-1 << "[0x1][0x0][0x0][0x0][0x0][0x0][0x0]$[0x9]password.encoder.old.secret = null[\n]"
17:34:41.899 [docker-java-stream--1935083709] DEBUG com.github.dockerjava.zerodep.shaded.org.apache.hc.client5.http.wire - http-outgoing-1 << "[\r][\n]"
17:34:41.899 [docker-java-stream--1935083709] DEBUG com.github.dockerjava.zerodep.shaded.org.apache.hc.client5.http.wire - http-outgoing-1 << "28[\r][\n]"
17:34:41.899 [docker-java-stream--1935083709] DEBUG com.github.dockerjava.zerodep.shaded.org.apache.hc.client5.http.wire - http-outgoing-1 << "[0x1][0x0][0x0][0x0][0x0][0x0][0x0] [0x9]password.encoder.secret = null[\n]"
17:34:41.899 [docker-java-stream--1935083709] DEBUG com.github.dockerjava.zerodep.shaded.org.apache.hc.client5.http.wire - http-outgoing-1 << "[\r][\n]"
17:34:41.899 [docker-java-stream--1935083709] DEBUG com.github.dockerjava.zerodep.shaded.org.apache.hc.client5.http.wire - http-outgoing-1 << "75[\r][\n]"
17:34:41.899 [docker-java-stream--1935083709] DEBUG com.github.dockerjava.zerodep.shaded.org.apache.hc.client5.http.wire - http-outgoing-1 << "[0x1][0x0][0x0][0x0][0x0][0x0][0x0]m[0x9]principal.builder.class = class org.apache.kafka.common.security.authenticator.DefaultKafkaPrincipalBuilder[\n]"
17:34:41.899 [docker-java-stream--1935083709] DEBUG com.github.dockerjava.zerodep.shaded.org.apache.hc.client5.http.wire - http-outgoing-1 << "[\r][\n]"
17:34:41.899 [docker-java-stream--1935083709] DEBUG com.github.dockerjava.zerodep.shaded.org.apache.hc.client5.http.wire - http-outgoing-1 << "1c[\r][\n]"
17:34:41.899 [docker-java-stream--1935083709] DEBUG com.github.dockerjava.zerodep.shaded.org.apache.hc.client5.http.wire - http-outgoing-1 << "[0x1][0x0][0x0][0x0][0x0][0x0][0x0][0x14][0x9]process.roles = [][\n]"
17:34:41.899 [docker-java-stream--1935083709] DEBUG com.github.dockerjava.zerodep.shaded.org.apache.hc.client5.http.wire - http-outgoing-1 << "[\r][\n]"
17:34:41.899 [docker-java-stream--1935083709] DEBUG com.github.dockerjava.zerodep.shaded.org.apache.hc.client5.http.wire - http-outgoing-1 << "3b[\r][\n]"
17:34:41.899 [docker-java-stream--1935083709] DEBUG com.github.dockerjava.zerodep.shaded.org.apache.hc.client5.http.wire - http-outgoing-1 << "[0x1][0x0][0x0][0x0][0x0][0x0][0x0]3[0x9]producer.id.expiration.check.interval.ms = 600000[\n]"
17:34:41.899 [docker-java-stream--1935083709] DEBUG com.github.dockerjava.zerodep.shaded.org.apache.hc.client5.http.wire - http-outgoing-1 << "[\r][\n]"
17:34:41.899 [docker-java-stream--1935083709] DEBUG com.github.dockerjava.zerodep.shaded.org.apache.hc.client5.http.wire - http-outgoing-1 << "2e[\r][\n]"
17:34:41.899 [docker-java-stream--1935083709] DEBUG com.github.dockerjava.zerodep.shaded.org.apache.hc.client5.http.wire - http-outgoing-1 << "[0x1][0x0][0x0][0x0][0x0][0x0][0x0]&[0x9]producer.id.expiration.ms = 86400000[\n]"
17:34:41.899 [docker-java-stream--1935083709] DEBUG com.github.dockerjava.zerodep.shaded.org.apache.hc.client5.http.wire - http-outgoing-1 << "[\r][\n]"
17:34:41.899 [docker-java-stream--1935083709] DEBUG com.github.dockerjava.zerodep.shaded.org.apache.hc.client5.http.wire - http-outgoing-1 << "3b[\r][\n]"
17:34:41.899 [docker-java-stream--1935083709] DEBUG com.github.dockerjava.zerodep.shaded.org.apache.hc.client5.http.wire - http-outgoing-1 << "[0x1][0x0][0x0][0x0][0x0][0x0][0x0]3[0x9]producer.purgatory.purge.interval.requests = 1000[\n]"
17:34:41.899 [docker-java-stream--1935083709] DEBUG com.github.dockerjava.zerodep.shaded.org.apache.hc.client5.http.wire - http-outgoing-1 << "[\r][\n]"
17:34:41.899 [docker-java-stream--1935083709] DEBUG com.github.dockerjava.zerodep.shaded.org.apache.hc.client5.http.wire - http-outgoing-1 << "27[\r][\n]"
17:34:41.899 [docker-java-stream--1935083709] DEBUG com.github.dockerjava.zerodep.shaded.org.apache.hc.client5.http.wire - http-outgoing-1 << "[0x1][0x0][0x0][0x0][0x0][0x0][0x0][0x1f][0x9]queued.max.request.bytes = -1[\n]"
17:34:41.899 [docker-java-stream--1935083709] DEBUG com.github.dockerjava.zerodep.shaded.org.apache.hc.client5.http.wire - http-outgoing-1 << "[\r][\n]"
17:34:41.899 [docker-java-stream--1935083709] DEBUG com.github.dockerjava.zerodep.shaded.org.apache.hc.client5.http.wire - http-outgoing-1 << "23[\r][\n]"
17:34:41.899 [docker-java-stream--1935083709] DEBUG com.github.dockerjava.zerodep.shaded.org.apache.hc.client5.http.wire - http-outgoing-1 << "[0x1][0x0][0x0][0x0][0x0][0x0][0x0][0x1b][0x9]queued.max.requests = 500[\n]"
17:34:41.899 [docker-java-stream--1935083709] DEBUG com.github.dockerjava.zerodep.shaded.org.apache.hc.client5.http.wire - http-outgoing-1 << "[\r][\n]"
17:34:41.899 [docker-java-stream--1935083709] DEBUG com.github.dockerjava.zerodep.shaded.org.apache.hc.client5.http.wire - http-outgoing-1 << "1f[\r][\n]"
17:34:41.899 [docker-java-stream--1935083709] DEBUG com.github.dockerjava.zerodep.shaded.org.apache.hc.client5.http.wire - http-outgoing-1 << "[0x1][0x0][0x0][0x0][0x0][0x0][0x0][0x17][0x9]quota.window.num = 11[\n]"
17:34:41.899 [docker-java-stream--1935083709] DEBUG com.github.dockerjava.zerodep.shaded.org.apache.hc.client5.http.wire - http-outgoing-1 << "[\r][\n]"
17:34:41.899 [docker-java-stream--1935083709] DEBUG com.github.dockerjava.zerodep.shaded.org.apache.hc.client5.http.wire - http-outgoing-1 << "27[\r][\n]"
17:34:41.899 [docker-java-stream--1935083709] DEBUG com.github.dockerjava.zerodep.shaded.org.apache.hc.client5.http.wire - http-outgoing-1 << "[0x1][0x0][0x0][0x0][0x0][0x0][0x0][0x1f][0x9]quota.window.size.seconds = 1[\n]"
17:34:41.899 [docker-java-stream--1935083709] DEBUG com.github.dockerjava.zerodep.shaded.org.apache.hc.client5.http.wire - http-outgoing-1 << "[\r][\n]"
17:34:41.899 [docker-java-stream--1935083709] DEBUG com.github.dockerjava.zerodep.shaded.org.apache.hc.client5.http.wire - http-outgoing-1 << "43[\r][\n]"
17:34:41.899 [docker-java-stream--1935083709] DEBUG com.github.dockerjava.zerodep.shaded.org.apache.hc.client5.http.wire - http-outgoing-1 << "[0x1][0x0][0x0][0x0][0x0][0x0][0x0];[0x9]remote.log.index.file.cache.total.size.bytes = 1073741824[\n]"
17:34:41.899 [docker-java-stream--1935083709] DEBUG com.github.dockerjava.zerodep.shaded.org.apache.hc.client5.http.wire - http-outgoing-1 << "[\r][\n]"
17:34:41.899 [docker-java-stream--1935083709] DEBUG com.github.dockerjava.zerodep.shaded.org.apache.hc.client5.http.wire - http-outgoing-1 << "35[\r][\n]"
17:34:41.899 [docker-java-stream--1935083709] DEBUG com.github.dockerjava.zerodep.shaded.org.apache.hc.client5.http.wire - http-outgoing-1 << "[0x1][0x0][0x0][0x0][0x0][0x0][0x0]-[0x9]remote.log.manager.task.interval.ms = 30000[\n]"
17:34:41.899 [docker-java-stream--1935083709] DEBUG com.github.dockerjava.zerodep.shaded.org.apache.hc.client5.http.wire - http-outgoing-1 << "[\r][\n]"
17:34:41.899 [docker-java-stream--1935083709] DEBUG com.github.dockerjava.zerodep.shaded.org.apache.hc.client5.http.wire - http-outgoing-1 << "3e[\r][\n]"
17:34:41.899 [docker-java-stream--1935083709] DEBUG com.github.dockerjava.zerodep.shaded.org.apache.hc.client5.http.wire - http-outgoing-1 << "[0x1][0x0][0x0][0x0][0x0][0x0][0x0]6[0x9]remote.log.manager.task.retry.backoff.max.ms = 30000[\n]"
17:34:41.899 [docker-java-stream--1935083709] DEBUG com.github.dockerjava.zerodep.shaded.org.apache.hc.client5.http.wire - http-outgoing-1 << "[\r][\n]"
17:34:41.899 [docker-java-stream--1935083709] DEBUG com.github.dockerjava.zerodep.shaded.org.apache.hc.client5.http.wire - http-outgoing-1 << "38[\r][\n]"
17:34:41.899 [docker-java-stream--1935083709] DEBUG com.github.dockerjava.zerodep.shaded.org.apache.hc.client5.http.wire - http-outgoing-1 << "[0x1][0x0][0x0][0x0][0x0][0x0][0x0]0[0x9]remote.log.manager.task.retry.backoff.ms = 500[\n]"
17:34:41.899 [docker-java-stream--1935083709] DEBUG com.github.dockerjava.zerodep.shaded.org.apache.hc.client5.http.wire - http-outgoing-1 << "[\r][\n]"
17:34:41.899 [docker-java-stream--1935083709] DEBUG com.github.dockerjava.zerodep.shaded.org.apache.hc.client5.http.wire - http-outgoing-1 << "34[\r][\n]"
17:34:41.899 [docker-java-stream--1935083709] DEBUG com.github.dockerjava.zerodep.shaded.org.apache.hc.client5.http.wire - http-outgoing-1 << "[0x1][0x0][0x0][0x0][0x0][0x0][0x0],[0x9]remote.log.manager.task.retry.jitter = 0.2[\n]"
17:34:41.899 [docker-java-stream--1935083709] DEBUG com.github.dockerjava.zerodep.shaded.org.apache.hc.client5.http.wire - http-outgoing-1 << "[\r][\n]"
17:34:41.899 [docker-java-stream--1935083709] DEBUG com.github.dockerjava.zerodep.shaded.org.apache.hc.client5.http.wire - http-outgoing-1 << "32[\r][\n]"
17:34:41.899 [docker-java-stream--1935083709] DEBUG com.github.dockerjava.zerodep.shaded.org.apache.hc.client5.http.wire - http-outgoing-1 << "[0x1][0x0][0x0][0x0][0x0][0x0][0x0]*[0x9]remote.log.manager.thread.pool.size = 10[\n]"
17:34:41.899 [docker-java-stream--1935083709] DEBUG com.github.dockerjava.zerodep.shaded.org.apache.hc.client5.http.wire - http-outgoing-1 << "[\r][\n]"
17:34:41.899 [docker-java-stream--1935083709] DEBUG com.github.dockerjava.zerodep.shaded.org.apache.hc.client5.http.wire - http-outgoing-1 << "37[\r][\n]"
17:34:41.899 [docker-java-stream--1935083709] DEBUG com.github.dockerjava.zerodep.shaded.org.apache.hc.client5.http.wire - http-outgoing-1 << "[0x1][0x0][0x0][0x0][0x0][0x0][0x0]/[0x9]remote.log.metadata.manager.class.name = null[\n]"
17:34:41.899 [docker-java-stream--1935083709] DEBUG com.github.dockerjava.zerodep.shaded.org.apache.hc.client5.http.wire - http-outgoing-1 << "[\r][\n]"
17:34:41.899 [docker-java-stream--1935083709] DEBUG com.github.dockerjava.zerodep.shaded.org.apache.hc.client5.http.wire - http-outgoing-1 << "37[\r][\n]"
17:34:41.900 [docker-java-stream--1935083709] DEBUG com.github.dockerjava.zerodep.shaded.org.apache.hc.client5.http.wire - http-outgoing-1 << "[0x1][0x0][0x0][0x0][0x0][0x0][0x0]/[0x9]remote.log.metadata.manager.class.path = null[\n]"
17:34:41.900 [docker-java-stream--1935083709] DEBUG com.github.dockerjava.zerodep.shaded.org.apache.hc.client5.http.wire - http-outgoing-1 << "[\r][\n]"
17:34:41.900 [docker-java-stream--1935083709] DEBUG com.github.dockerjava.zerodep.shaded.org.apache.hc.client5.http.wire - http-outgoing-1 << "38[\r][\n]"
17:34:41.900 [docker-java-stream--1935083709] DEBUG com.github.dockerjava.zerodep.shaded.org.apache.hc.client5.http.wire - http-outgoing-1 << "[0x1][0x0][0x0][0x0][0x0][0x0][0x0]0[0x9]remote.log.metadata.manager.impl.prefix = null[\n]"
17:34:41.900 [docker-java-stream--1935083709] DEBUG com.github.dockerjava.zerodep.shaded.org.apache.hc.client5.http.wire - http-outgoing-1 << "[\r][\n]"
17:34:41.900 [docker-java-stream--1935083709] DEBUG com.github.dockerjava.zerodep.shaded.org.apache.hc.client5.http.wire - http-outgoing-1 << "3a[\r][\n]"
17:34:41.900 [docker-java-stream--1935083709] DEBUG com.github.dockerjava.zerodep.shaded.org.apache.hc.client5.http.wire - http-outgoing-1 << "[0x1][0x0][0x0][0x0][0x0][0x0][0x0]2[0x9]remote.log.metadata.manager.listener.name = null[\n]"
17:34:41.900 [docker-java-stream--1935083709] DEBUG com.github.dockerjava.zerodep.shaded.org.apache.hc.client5.http.wire - http-outgoing-1 << "[\r][\n]"
17:34:41.900 [docker-java-stream--1935083709] DEBUG com.github.dockerjava.zerodep.shaded.org.apache.hc.client5.http.wire - http-outgoing-1 << "33[\r][\n]"
17:34:41.900 [docker-java-stream--1935083709] DEBUG com.github.dockerjava.zerodep.shaded.org.apache.hc.client5.http.wire - http-outgoing-1 << "[0x1][0x0][0x0][0x0][0x0][0x0][0x0]+[0x9]remote.log.reader.max.pending.tasks = 100[\n]"
17:34:41.900 [docker-java-stream--1935083709] DEBUG com.github.dockerjava.zerodep.shaded.org.apache.hc.client5.http.wire - http-outgoing-1 << "[\r][\n]"
17:34:41.900 [docker-java-stream--1935083709] DEBUG com.github.dockerjava.zerodep.shaded.org.apache.hc.client5.http.wire - http-outgoing-1 << "28[\r][\n]"
17:34:41.900 [docker-java-stream--1935083709] DEBUG com.github.dockerjava.zerodep.shaded.org.apache.hc.client5.http.wire - http-outgoing-1 << "[0x1][0x0][0x0][0x0][0x0][0x0][0x0] [0x9]remote.log.reader.threads = 10[\n]"
17:34:41.900 [docker-java-stream--1935083709] DEBUG com.github.dockerjava.zerodep.shaded.org.apache.hc.client5.http.wire - http-outgoing-1 << "[\r][\n]"
17:34:41.900 [docker-java-stream--1935083709] DEBUG com.github.dockerjava.zerodep.shaded.org.apache.hc.client5.http.wire - http-outgoing-1 << "36[\r][\n]"
17:34:41.900 [docker-java-stream--1935083709] DEBUG com.github.dockerjava.zerodep.shaded.org.apache.hc.client5.http.wire - http-outgoing-1 << "[0x1][0x0][0x0][0x0][0x0][0x0][0x0].[0x9]remote.log.storage.manager.class.name = null[\n]"
17:34:41.900 [docker-java-stream--1935083709] DEBUG com.github.dockerjava.zerodep.shaded.org.apache.hc.client5.http.wire - http-outgoing-1 << "[\r][\n]"
17:34:41.900 [docker-java-stream--1935083709] DEBUG com.github.dockerjava.zerodep.shaded.org.apache.hc.client5.http.wire - http-outgoing-1 << "36[\r][\n]"
17:34:41.900 [docker-java-stream--1935083709] DEBUG com.github.dockerjava.zerodep.shaded.org.apache.hc.client5.http.wire - http-outgoing-1 << "[0x1][0x0][0x0][0x0][0x0][0x0][0x0].[0x9]remote.log.storage.manager.class.path = null[\n]"
17:34:41.900 [docker-java-stream--1935083709] DEBUG com.github.dockerjava.zerodep.shaded.org.apache.hc.client5.http.wire - http-outgoing-1 << "[\r][\n]"
17:34:41.900 [docker-java-stream--1935083709] DEBUG com.github.dockerjava.zerodep.shaded.org.apache.hc.client5.http.wire - http-outgoing-1 << "37[\r][\n]"
17:34:41.900 [docker-java-stream--1935083709] DEBUG com.github.dockerjava.zerodep.shaded.org.apache.hc.client5.http.wire - http-outgoing-1 << "[0x1][0x0][0x0][0x0][0x0][0x0][0x0]/[0x9]remote.log.storage.manager.impl.prefix = null[\n]"
17:34:41.900 [docker-java-stream--1935083709] DEBUG com.github.dockerjava.zerodep.shaded.org.apache.hc.client5.http.wire - http-outgoing-1 << "[\r][\n]"
17:34:41.900 [docker-java-stream--1935083709] DEBUG com.github.dockerjava.zerodep.shaded.org.apache.hc.client5.http.wire - http-outgoing-1 << "32[\r][\n]"
17:34:41.900 [docker-java-stream--1935083709] DEBUG com.github.dockerjava.zerodep.shaded.org.apache.hc.client5.http.wire - http-outgoing-1 << "[0x1][0x0][0x0][0x0][0x0][0x0][0x0]*[0x9]remote.log.storage.system.enable = false[\n]"
17:34:41.900 [docker-java-stream--1935083709] DEBUG com.github.dockerjava.zerodep.shaded.org.apache.hc.client5.http.wire - http-outgoing-1 << "[\r][\n]"
17:34:41.900 [docker-java-stream--1935083709] DEBUG com.github.dockerjava.zerodep.shaded.org.apache.hc.client5.http.wire - http-outgoing-1 << "29[\r][\n]"
17:34:41.900 [docker-java-stream--1935083709] DEBUG com.github.dockerjava.zerodep.shaded.org.apache.hc.client5.http.wire - http-outgoing-1 << "[0x1][0x0][0x0][0x0][0x0][0x0][0x0]![0x9]replica.fetch.backoff.ms = 1000[\n]"
17:34:41.900 [docker-java-stream--1935083709] DEBUG com.github.dockerjava.zerodep.shaded.org.apache.hc.client5.http.wire - http-outgoing-1 << "[\r][\n]"
17:34:41.900 [docker-java-stream--1935083709] DEBUG com.github.dockerjava.zerodep.shaded.org.apache.hc.client5.http.wire - http-outgoing-1 << "2b[\r][\n]"
17:34:41.900 [docker-java-stream--1935083709] DEBUG com.github.dockerjava.zerodep.shaded.org.apache.hc.client5.http.wire - http-outgoing-1 << "[0x1][0x0][0x0][0x0][0x0][0x0][0x0]#[0x9]replica.fetch.max.bytes = 1048576[\n]"
17:34:41.900 [docker-java-stream--1935083709] DEBUG com.github.dockerjava.zerodep.shaded.org.apache.hc.client5.http.wire - http-outgoing-1 << "[\r][\n]"
17:34:41.900 [docker-java-stream--1935083709] DEBUG com.github.dockerjava.zerodep.shaded.org.apache.hc.client5.http.wire - http-outgoing-1 << "25[\r][\n]"
17:34:41.900 [docker-java-stream--1935083709] DEBUG com.github.dockerjava.zerodep.shaded.org.apache.hc.client5.http.wire - http-outgoing-1 << "[0x1][0x0][0x0][0x0][0x0][0x0][0x0][0x1d][0x9]replica.fetch.min.bytes = 1[\n]"
17:34:41.900 [docker-java-stream--1935083709] DEBUG com.github.dockerjava.zerodep.shaded.org.apache.hc.client5.http.wire - http-outgoing-1 << "[\r][\n]"
17:34:41.900 [docker-java-stream--1935083709] DEBUG com.github.dockerjava.zerodep.shaded.org.apache.hc.client5.http.wire - http-outgoing-1 << "35[\r][\n]"
17:34:41.900 [docker-java-stream--1935083709] DEBUG com.github.dockerjava.zerodep.shaded.org.apache.hc.client5.http.wire - http-outgoing-1 << "[0x1][0x0][0x0][0x0][0x0][0x0][0x0]-[0x9]replica.fetch.response.max.bytes = 10485760[\n]"
17:34:41.900 [docker-java-stream--1935083709] DEBUG com.github.dockerjava.zerodep.shaded.org.apache.hc.client5.http.wire - http-outgoing-1 << "[\r][\n]"
17:34:41.900 [docker-java-stream--1935083709] DEBUG com.github.dockerjava.zerodep.shaded.org.apache.hc.client5.http.wire - http-outgoing-1 << "29[\r][\n]"
17:34:41.900 [docker-java-stream--1935083709] DEBUG com.github.dockerjava.zerodep.shaded.org.apache.hc.client5.http.wire - http-outgoing-1 << "[0x1][0x0][0x0][0x0][0x0][0x0][0x0]![0x9]replica.fetch.wait.max.ms = 500[\n]"
17:34:41.900 [docker-java-stream--1935083709] DEBUG com.github.dockerjava.zerodep.shaded.org.apache.hc.client5.http.wire - http-outgoing-1 << "[\r][\n]"
17:34:41.900 [docker-java-stream--1935083709] DEBUG com.github.dockerjava.zerodep.shaded.org.apache.hc.client5.http.wire - http-outgoing-1 << "3e[\r][\n]"
17:34:41.900 [docker-java-stream--1935083709] DEBUG com.github.dockerjava.zerodep.shaded.org.apache.hc.client5.http.wire - http-outgoing-1 << "[0x1][0x0][0x0][0x0][0x0][0x0][0x0]6[0x9]replica.high.watermark.checkpoint.interval.ms = 5000[\n]"
17:34:41.900 [docker-java-stream--1935083709] DEBUG com.github.dockerjava.zerodep.shaded.org.apache.hc.client5.http.wire - http-outgoing-1 << "[\r][\n]"
17:34:41.900 [docker-java-stream--1935083709] DEBUG com.github.dockerjava.zerodep.shaded.org.apache.hc.client5.http.wire - http-outgoing-1 << "29[\r][\n]"
17:34:41.900 [docker-java-stream--1935083709] DEBUG com.github.dockerjava.zerodep.shaded.org.apache.hc.client5.http.wire - http-outgoing-1 << "[0x1][0x0][0x0][0x0][0x0][0x0][0x0]![0x9]replica.lag.time.max.ms = 30000[\n]"
17:34:41.900 [docker-java-stream--1935083709] DEBUG com.github.dockerjava.zerodep.shaded.org.apache.hc.client5.http.wire - http-outgoing-1 << "[\r][\n]"
17:34:41.900 [docker-java-stream--1935083709] DEBUG com.github.dockerjava.zerodep.shaded.org.apache.hc.client5.http.wire - http-outgoing-1 << "27[\r][\n]"
17:34:41.900 [docker-java-stream--1935083709] DEBUG com.github.dockerjava.zerodep.shaded.org.apache.hc.client5.http.wire - http-outgoing-1 << "[0x1][0x0][0x0][0x0][0x0][0x0][0x0][0x1f][0x9]replica.selector.class = null[\n]"
17:34:41.900 [docker-java-stream--1935083709] DEBUG com.github.dockerjava.zerodep.shaded.org.apache.hc.client5.http.wire - http-outgoing-1 << "[\r][\n]"
17:34:41.900 [docker-java-stream--1935083709] DEBUG com.github.dockerjava.zerodep.shaded.org.apache.hc.client5.http.wire - http-outgoing-1 << "35[\r][\n]"
17:34:41.900 [docker-java-stream--1935083709] DEBUG com.github.dockerjava.zerodep.shaded.org.apache.hc.client5.http.wire - http-outgoing-1 << "[0x1][0x0][0x0][0x0][0x0][0x0][0x0]-[0x9]replica.socket.receive.buffer.bytes = 65536[\n]"
17:34:41.900 [docker-java-stream--1935083709] DEBUG com.github.dockerjava.zerodep.shaded.org.apache.hc.client5.http.wire - http-outgoing-1 << "[\r][\n]"
17:34:41.900 [docker-java-stream--1935083709] DEBUG com.github.dockerjava.zerodep.shaded.org.apache.hc.client5.http.wire - http-outgoing-1 << "2b[\r][\n]"
17:34:41.900 [docker-java-stream--1935083709] DEBUG com.github.dockerjava.zerodep.shaded.org.apache.hc.client5.http.wire - http-outgoing-1 << "[0x1][0x0][0x0][0x0][0x0][0x0][0x0]#[0x9]replica.socket.timeout.ms = 30000[\n]"
17:34:41.900 [docker-java-stream--1935083709] DEBUG com.github.dockerjava.zerodep.shaded.org.apache.hc.client5.http.wire - http-outgoing-1 << "[\r][\n]"
17:34:41.900 [docker-java-stream--1935083709] DEBUG com.github.dockerjava.zerodep.shaded.org.apache.hc.client5.http.wire - http-outgoing-1 << "2b[\r][\n]"
17:34:41.900 [docker-java-stream--1935083709] DEBUG com.github.dockerjava.zerodep.shaded.org.apache.hc.client5.http.wire - http-outgoing-1 << "[0x1][0x0][0x0][0x0][0x0][0x0][0x0]#[0x9]replication.quota.window.num = 11[\n]"
17:34:41.900 [docker-java-stream--1935083709] DEBUG com.github.dockerjava.zerodep.shaded.org.apache.hc.client5.http.wire - http-outgoing-1 << "[\r][\n]"
17:34:41.900 [docker-java-stream--1935083709] DEBUG com.github.dockerjava.zerodep.shaded.org.apache.hc.client5.http.wire - http-outgoing-1 << "33[\r][\n]"
17:34:41.900 [docker-java-stream--1935083709] DEBUG com.github.dockerjava.zerodep.shaded.org.apache.hc.client5.http.wire - http-outgoing-1 << "[0x1][0x0][0x0][0x0][0x0][0x0][0x0]+[0x9]replication.quota.window.size.seconds = 1[\n]"
17:34:41.900 [docker-java-stream--1935083709] DEBUG com.github.dockerjava.zerodep.shaded.org.apache.hc.client5.http.wire - http-outgoing-1 << "[\r][\n]"
17:34:41.900 [docker-java-stream--1935083709] DEBUG com.github.dockerjava.zerodep.shaded.org.apache.hc.client5.http.wire - http-outgoing-1 << "24[\r][\n]"
17:34:41.901 [docker-java-stream--1935083709] DEBUG com.github.dockerjava.zerodep.shaded.org.apache.hc.client5.http.wire - http-outgoing-1 << "[0x1][0x0][0x0][0x0][0x0][0x0][0x0][0x1c][0x9]request.timeout.ms = 30000[\n]"
17:34:41.902 [docker-java-stream--1935083709] DEBUG com.github.dockerjava.zerodep.shaded.org.apache.hc.client5.http.wire - http-outgoing-1 << "[\r][\n]"
17:34:41.902 [docker-java-stream--1935083709] DEBUG com.github.dockerjava.zerodep.shaded.org.apache.hc.client5.http.wire - http-outgoing-1 << "27[\r][\n]"
17:34:41.902 [docker-java-stream--1935083709] DEBUG com.github.dockerjava.zerodep.shaded.org.apache.hc.client5.http.wire - http-outgoing-1 << "[0x1][0x0][0x0][0x0][0x0][0x0][0x0][0x1f][0x9]reserved.broker.max.id = 1000[\n]"
17:34:41.902 [docker-java-stream--1935083709] DEBUG com.github.dockerjava.zerodep.shaded.org.apache.hc.client5.http.wire - http-outgoing-1 << "[\r][\n]"
17:34:41.902 [docker-java-stream--1935083709] DEBUG com.github.dockerjava.zerodep.shaded.org.apache.hc.client5.http.wire - http-outgoing-1 << "33[\r][\n]"
17:34:41.902 [docker-java-stream--1935083709] DEBUG com.github.dockerjava.zerodep.shaded.org.apache.hc.client5.http.wire - http-outgoing-1 << "[0x1][0x0][0x0][0x0][0x0][0x0][0x0]+[0x9]sasl.client.callback.handler.class = null[\n]"
17:34:41.903 [docker-java-stream--1935083709] DEBUG com.github.dockerjava.zerodep.shaded.org.apache.hc.client5.http.wire - http-outgoing-1 << "[\r][\n]"
17:34:41.903 [docker-java-stream--1935083709] DEBUG com.github.dockerjava.zerodep.shaded.org.apache.hc.client5.http.wire - http-outgoing-1 << "2c[\r][\n]"
17:34:41.903 [docker-java-stream--1935083709] DEBUG com.github.dockerjava.zerodep.shaded.org.apache.hc.client5.http.wire - http-outgoing-1 << "[0x1][0x0][0x0][0x0][0x0][0x0][0x0]$[0x9]sasl.enabled.mechanisms = [GSSAPI][\n]"
17:34:41.903 [docker-java-stream--1935083709] DEBUG com.github.dockerjava.zerodep.shaded.org.apache.hc.client5.http.wire - http-outgoing-1 << "[\r][\n]"
17:34:41.903 [docker-java-stream--1935083709] DEBUG com.github.dockerjava.zerodep.shaded.org.apache.hc.client5.http.wire - http-outgoing-1 << "21[\r][\n]"
17:34:41.903 [docker-java-stream--1935083709] DEBUG com.github.dockerjava.zerodep.shaded.org.apache.hc.client5.http.wire - http-outgoing-1 << "[0x1][0x0][0x0][0x0][0x0][0x0][0x0][0x19][0x9]sasl.jaas.config = null[\n]"
17:34:41.903 [docker-java-stream--1935083709] DEBUG com.github.dockerjava.zerodep.shaded.org.apache.hc.client5.http.wire - http-outgoing-1 << "[\r][\n]"
17:34:41.903 [docker-java-stream--1935083709] DEBUG com.github.dockerjava.zerodep.shaded.org.apache.hc.client5.http.wire - http-outgoing-1 << "32[\r][\n]"
17:34:41.903 [docker-java-stream--1935083709] DEBUG com.github.dockerjava.zerodep.shaded.org.apache.hc.client5.http.wire - http-outgoing-1 << "[0x1][0x0][0x0][0x0][0x0][0x0][0x0]*[0x9]sasl.kerberos.kinit.cmd = /usr/bin/kinit[\n]"
17:34:41.903 [docker-java-stream--1935083709] DEBUG com.github.dockerjava.zerodep.shaded.org.apache.hc.client5.http.wire - http-outgoing-1 << "[\r][\n]"
17:34:41.903 [docker-java-stream--1935083709] DEBUG com.github.dockerjava.zerodep.shaded.org.apache.hc.client5.http.wire - http-outgoing-1 << "37[\r][\n]"
17:34:41.903 [docker-java-stream--1935083709] DEBUG com.github.dockerjava.zerodep.shaded.org.apache.hc.client5.http.wire - http-outgoing-1 << "[0x1][0x0][0x0][0x0][0x0][0x0][0x0]/[0x9]sasl.kerberos.min.time.before.relogin = 60000[\n]"
17:34:41.903 [docker-java-stream--1935083709] DEBUG com.github.dockerjava.zerodep.shaded.org.apache.hc.client5.http.wire - http-outgoing-1 << "[\r][\n]"
17:34:41.903 [docker-java-stream--1935083709] DEBUG com.github.dockerjava.zerodep.shaded.org.apache.hc.client5.http.wire - http-outgoing-1 << "3c[\r][\n]"
17:34:41.903 [docker-java-stream--1935083709] DEBUG com.github.dockerjava.zerodep.shaded.org.apache.hc.client5.http.wire - http-outgoing-1 << "[0x1][0x0][0x0][0x0][0x0][0x0][0x0]4[0x9]sasl.kerberos.principal.to.local.rules = [DEFAULT][\n]"
17:34:41.903 [docker-java-stream--1935083709] DEBUG com.github.dockerjava.zerodep.shaded.org.apache.hc.client5.http.wire - http-outgoing-1 << "[\r][\n]"
17:34:41.903 [docker-java-stream--1935083709] DEBUG com.github.dockerjava.zerodep.shaded.org.apache.hc.client5.http.wire - http-outgoing-1 << "2b[\r][\n]"
17:34:41.903 [docker-java-stream--1935083709] DEBUG com.github.dockerjava.zerodep.shaded.org.apache.hc.client5.http.wire - http-outgoing-1 << "[0x1][0x0][0x0][0x0][0x0][0x0][0x0]#[0x9]sasl.kerberos.service.name = null[\n]"
17:34:41.903 [docker-java-stream--1935083709] DEBUG com.github.dockerjava.zerodep.shaded.org.apache.hc.client5.http.wire - http-outgoing-1 << "[\r][\n]"
17:34:41.901 [main] DEBUG org.testcontainers.containers.output.WaitingConsumer - STDOUT: 	password.encoder.cipher.algorithm = AES/CBC/PKCS5Padding
17:34:41.903 [docker-java-stream--1935083709] DEBUG com.github.dockerjava.zerodep.shaded.org.apache.hc.client5.http.wire - http-outgoing-1 << "32[\r][\n]"
17:34:41.903 [docker-java-stream--1935083709] DEBUG com.github.dockerjava.zerodep.shaded.org.apache.hc.client5.http.wire - http-outgoing-1 << "[0x1][0x0][0x0][0x0][0x0][0x0][0x0]*[0x9]sasl.kerberos.ticket.renew.jitter = 0.05[\n]"
17:34:41.903 [docker-java-stream--1935083709] DEBUG com.github.dockerjava.zerodep.shaded.org.apache.hc.client5.http.wire - http-outgoing-1 << "[\r][\n]"
17:34:41.903 [docker-java-stream--1935083709] DEBUG com.github.dockerjava.zerodep.shaded.org.apache.hc.client5.http.wire - http-outgoing-1 << "38[\r][\n]"
17:34:41.903 [docker-java-stream--1935083709] DEBUG com.github.dockerjava.zerodep.shaded.org.apache.hc.client5.http.wire - http-outgoing-1 << "[0x1][0x0][0x0][0x0][0x0][0x0][0x0]0[0x9]sasl.kerberos.ticket.renew.window.factor = 0.8[\n]"
17:34:41.903 [docker-java-stream--1935083709] DEBUG com.github.dockerjava.zerodep.shaded.org.apache.hc.client5.http.wire - http-outgoing-1 << "[\r][\n]"
17:34:41.903 [docker-java-stream--1935083709] DEBUG com.github.dockerjava.zerodep.shaded.org.apache.hc.client5.http.wire - http-outgoing-1 << "32[\r][\n]"
17:34:41.903 [docker-java-stream--1935083709] DEBUG com.github.dockerjava.zerodep.shaded.org.apache.hc.client5.http.wire - http-outgoing-1 << "[0x1][0x0][0x0][0x0][0x0][0x0][0x0]*[0x9]sasl.login.callback.handler.class = null[\n]"
17:34:41.903 [docker-java-stream--1935083709] DEBUG com.github.dockerjava.zerodep.shaded.org.apache.hc.client5.http.wire - http-outgoing-1 << "[\r][\n]"
17:34:41.903 [main] DEBUG org.testcontainers.containers.output.WaitingConsumer - STDOUT: 	offsets.topic.segment.bytes = 104857600
17:34:41.903 [main] DEBUG org.testcontainers.containers.output.WaitingConsumer - STDOUT: 	offsets.topic.replication.factor = 1
17:34:41.903 [docker-java-stream--1935083709] DEBUG com.github.dockerjava.zerodep.shaded.org.apache.hc.client5.http.wire - http-outgoing-1 << "21[\r][\n]"
17:34:41.903 [docker-java-stream--1935083709] DEBUG com.github.dockerjava.zerodep.shaded.org.apache.hc.client5.http.wire - http-outgoing-1 << "[0x1][0x0][0x0][0x0][0x0][0x0][0x0][0x19][0x9]sasl.login.class = null[\n]"
17:34:41.903 [docker-java-stream--1935083709] DEBUG com.github.dockerjava.zerodep.shaded.org.apache.hc.client5.http.wire - http-outgoing-1 << "[\r][\n]"
17:34:41.903 [docker-java-stream--1935083709] DEBUG com.github.dockerjava.zerodep.shaded.org.apache.hc.client5.http.wire - http-outgoing-1 << "2e[\r][\n]"
17:34:41.903 [docker-java-stream--1935083709] DEBUG com.github.dockerjava.zerodep.shaded.org.apache.hc.client5.http.wire - http-outgoing-1 << "[0x1][0x0][0x0][0x0][0x0][0x0][0x0]&[0x9]sasl.login.connect.timeout.ms = null[\n]"
17:34:41.903 [docker-java-stream--1935083709] DEBUG com.github.dockerjava.zerodep.shaded.org.apache.hc.client5.http.wire - http-outgoing-1 << "[\r][\n]"
17:34:41.903 [docker-java-stream--1935083709] DEBUG com.github.dockerjava.zerodep.shaded.org.apache.hc.client5.http.wire - http-outgoing-1 << "2b[\r][\n]"
17:34:41.903 [docker-java-stream--1935083709] DEBUG com.github.dockerjava.zerodep.shaded.org.apache.hc.client5.http.wire - http-outgoing-1 << "[0x1][0x0][0x0][0x0][0x0][0x0][0x0]#[0x9]sasl.login.read.timeout.ms = null[\n]"
17:34:41.903 [docker-java-stream--1935083709] DEBUG com.github.dockerjava.zerodep.shaded.org.apache.hc.client5.http.wire - http-outgoing-1 << "[\r][\n]"
17:34:41.903 [docker-java-stream--1935083709] DEBUG com.github.dockerjava.zerodep.shaded.org.apache.hc.client5.http.wire - http-outgoing-1 << "31[\r][\n]"
17:34:41.903 [docker-java-stream--1935083709] DEBUG com.github.dockerjava.zerodep.shaded.org.apache.hc.client5.http.wire - http-outgoing-1 << "[0x1][0x0][0x0][0x0][0x0][0x0][0x0])[0x9]sasl.login.refresh.buffer.seconds = 300[\n]"
17:34:41.903 [docker-java-stream--1935083709] DEBUG com.github.dockerjava.zerodep.shaded.org.apache.hc.client5.http.wire - http-outgoing-1 << "[\r][\n]"
17:34:41.903 [docker-java-stream--1935083709] DEBUG com.github.dockerjava.zerodep.shaded.org.apache.hc.client5.http.wire - http-outgoing-1 << "34[\r][\n]"
17:34:41.903 [docker-java-stream--1935083709] DEBUG com.github.dockerjava.zerodep.shaded.org.apache.hc.client5.http.wire - http-outgoing-1 << "[0x1][0x0][0x0][0x0][0x0][0x0][0x0],[0x9]sasl.login.refresh.min.period.seconds = 60[\n]"
17:34:41.903 [docker-java-stream--1935083709] DEBUG com.github.dockerjava.zerodep.shaded.org.apache.hc.client5.http.wire - http-outgoing-1 << "[\r][\n]"
17:34:41.903 [docker-java-stream--1935083709] DEBUG com.github.dockerjava.zerodep.shaded.org.apache.hc.client5.http.wire - http-outgoing-1 << "30[\r][\n]"
17:34:41.903 [docker-java-stream--1935083709] DEBUG com.github.dockerjava.zerodep.shaded.org.apache.hc.client5.http.wire - http-outgoing-1 << "[0x1][0x0][0x0][0x0][0x0][0x0][0x0]([0x9]sasl.login.refresh.window.factor = 0.8[\n]"
17:34:41.903 [docker-java-stream--1935083709] DEBUG com.github.dockerjava.zerodep.shaded.org.apache.hc.client5.http.wire - http-outgoing-1 << "[\r][\n]"
17:34:41.903 [docker-java-stream--1935083709] DEBUG com.github.dockerjava.zerodep.shaded.org.apache.hc.client5.http.wire - http-outgoing-1 << "31[\r][\n]"
17:34:41.903 [docker-java-stream--1935083709] DEBUG com.github.dockerjava.zerodep.shaded.org.apache.hc.client5.http.wire - http-outgoing-1 << "[0x1][0x0][0x0][0x0][0x0][0x0][0x0])[0x9]sasl.login.refresh.window.jitter = 0.05[\n]"
17:34:41.903 [docker-java-stream--1935083709] DEBUG com.github.dockerjava.zerodep.shaded.org.apache.hc.client5.http.wire - http-outgoing-1 << "[\r][\n]"
17:34:41.903 [docker-java-stream--1935083709] DEBUG com.github.dockerjava.zerodep.shaded.org.apache.hc.client5.http.wire - http-outgoing-1 << "31[\r][\n]"
17:34:41.903 [docker-java-stream--1935083709] DEBUG com.github.dockerjava.zerodep.shaded.org.apache.hc.client5.http.wire - http-outgoing-1 << "[0x1][0x0][0x0][0x0][0x0][0x0][0x0])[0x9]sasl.login.retry.backoff.max.ms = 10000[\n]"
17:34:41.903 [docker-java-stream--1935083709] DEBUG com.github.dockerjava.zerodep.shaded.org.apache.hc.client5.http.wire - http-outgoing-1 << "[\r][\n]"
17:34:41.903 [docker-java-stream--1935083709] DEBUG com.github.dockerjava.zerodep.shaded.org.apache.hc.client5.http.wire - http-outgoing-1 << "2b[\r][\n]"
17:34:41.903 [docker-java-stream--1935083709] DEBUG com.github.dockerjava.zerodep.shaded.org.apache.hc.client5.http.wire - http-outgoing-1 << "[0x1][0x0][0x0][0x0][0x0][0x0][0x0]#[0x9]sasl.login.retry.backoff.ms = 100[\n]"
17:34:41.904 [docker-java-stream--1935083709] DEBUG com.github.dockerjava.zerodep.shaded.org.apache.hc.client5.http.wire - http-outgoing-1 << "[\r][\n]"
17:34:41.904 [docker-java-stream--1935083709] DEBUG com.github.dockerjava.zerodep.shaded.org.apache.hc.client5.http.wire - http-outgoing-1 << "35[\r][\n]"
17:34:41.904 [docker-java-stream--1935083709] DEBUG com.github.dockerjava.zerodep.shaded.org.apache.hc.client5.http.wire - http-outgoing-1 << "[0x1][0x0][0x0][0x0][0x0][0x0][0x0]-[0x9]sasl.mechanism.controller.protocol = GSSAPI[\n]"
17:34:41.904 [docker-java-stream--1935083709] DEBUG com.github.dockerjava.zerodep.shaded.org.apache.hc.client5.http.wire - http-outgoing-1 << "[\r][\n]"
17:34:41.904 [docker-java-stream--1935083709] DEBUG com.github.dockerjava.zerodep.shaded.org.apache.hc.client5.http.wire - http-outgoing-1 << "37[\r][\n]"
17:34:41.904 [docker-java-stream--1935083709] DEBUG com.github.dockerjava.zerodep.shaded.org.apache.hc.client5.http.wire - http-outgoing-1 << "[0x1][0x0][0x0][0x0][0x0][0x0][0x0]/[0x9]sasl.mechanism.inter.broker.protocol = GSSAPI[\n]"
17:34:41.904 [docker-java-stream--1935083709] DEBUG com.github.dockerjava.zerodep.shaded.org.apache.hc.client5.http.wire - http-outgoing-1 << "[\r][\n]"
17:34:41.904 [docker-java-stream--1935083709] DEBUG com.github.dockerjava.zerodep.shaded.org.apache.hc.client5.http.wire - http-outgoing-1 << "32[\r][\n]"
17:34:41.904 [docker-java-stream--1935083709] DEBUG com.github.dockerjava.zerodep.shaded.org.apache.hc.client5.http.wire - http-outgoing-1 << "[0x1][0x0][0x0][0x0][0x0][0x0][0x0]*[0x9]sasl.oauthbearer.clock.skew.seconds = 30[\n]"
17:34:41.904 [docker-java-stream--1935083709] DEBUG com.github.dockerjava.zerodep.shaded.org.apache.hc.client5.http.wire - http-outgoing-1 << "[\r][\n]"
17:34:41.904 [docker-java-stream--1935083709] DEBUG com.github.dockerjava.zerodep.shaded.org.apache.hc.client5.http.wire - http-outgoing-1 << "33[\r][\n]"
17:34:41.904 [docker-java-stream--1935083709] DEBUG com.github.dockerjava.zerodep.shaded.org.apache.hc.client5.http.wire - http-outgoing-1 << "[0x1][0x0][0x0][0x0][0x0][0x0][0x0]+[0x9]sasl.oauthbearer.expected.audience = null[\n]"
17:34:41.904 [docker-java-stream--1935083709] DEBUG com.github.dockerjava.zerodep.shaded.org.apache.hc.client5.http.wire - http-outgoing-1 << "[\r][\n]"
17:34:41.904 [docker-java-stream--1935083709] DEBUG com.github.dockerjava.zerodep.shaded.org.apache.hc.client5.http.wire - http-outgoing-1 << "31[\r][\n]"
17:34:41.904 [docker-java-stream--1935083709] DEBUG com.github.dockerjava.zerodep.shaded.org.apache.hc.client5.http.wire - http-outgoing-1 << "[0x1][0x0][0x0][0x0][0x0][0x0][0x0])[0x9]sasl.oauthbearer.expected.issuer = null[\n]"
17:34:41.904 [docker-java-stream--1935083709] DEBUG com.github.dockerjava.zerodep.shaded.org.apache.hc.client5.http.wire - http-outgoing-1 << "[\r][\n]"
17:34:41.904 [docker-java-stream--1935083709] DEBUG com.github.dockerjava.zerodep.shaded.org.apache.hc.client5.http.wire - http-outgoing-1 << "3d[\r][\n]"
17:34:41.904 [docker-java-stream--1935083709] DEBUG com.github.dockerjava.zerodep.shaded.org.apache.hc.client5.http.wire - http-outgoing-1 << "[0x1][0x0][0x0][0x0][0x0][0x0][0x0]5[0x9]sasl.oauthbearer.jwks.endpoint.refresh.ms = 3600000[\n]"
17:34:41.904 [docker-java-stream--1935083709] DEBUG com.github.dockerjava.zerodep.shaded.org.apache.hc.client5.http.wire - http-outgoing-1 << "[\r][\n]"
17:34:41.904 [docker-java-stream--1935083709] DEBUG com.github.dockerjava.zerodep.shaded.org.apache.hc.client5.http.wire - http-outgoing-1 << "45[\r][\n]"
17:34:41.904 [docker-java-stream--1935083709] DEBUG com.github.dockerjava.zerodep.shaded.org.apache.hc.client5.http.wire - http-outgoing-1 << "[0x1][0x0][0x0][0x0][0x0][0x0][0x0]=[0x9]sasl.oauthbearer.jwks.endpoint.retry.backoff.max.ms = 10000[\n]"
17:34:41.904 [docker-java-stream--1935083709] DEBUG com.github.dockerjava.zerodep.shaded.org.apache.hc.client5.http.wire - http-outgoing-1 << "[\r][\n]"
17:34:41.904 [docker-java-stream--1935083709] DEBUG com.github.dockerjava.zerodep.shaded.org.apache.hc.client5.http.wire - http-outgoing-1 << "3f[\r][\n]"
17:34:41.904 [docker-java-stream--1935083709] DEBUG com.github.dockerjava.zerodep.shaded.org.apache.hc.client5.http.wire - http-outgoing-1 << "[0x1][0x0][0x0][0x0][0x0][0x0][0x0]7[0x9]sasl.oauthbearer.jwks.endpoint.retry.backoff.ms = 100[\n]"
17:34:41.904 [docker-java-stream--1935083709] DEBUG com.github.dockerjava.zerodep.shaded.org.apache.hc.client5.http.wire - http-outgoing-1 << "[\r][\n]"
17:34:41.904 [docker-java-stream--1935083709] DEBUG com.github.dockerjava.zerodep.shaded.org.apache.hc.client5.http.wire - http-outgoing-1 << "33[\r][\n]"
17:34:41.904 [docker-java-stream--1935083709] DEBUG com.github.dockerjava.zerodep.shaded.org.apache.hc.client5.http.wire - http-outgoing-1 << "[0x1][0x0][0x0][0x0][0x0][0x0][0x0]+[0x9]sasl.oauthbearer.jwks.endpoint.url = null[\n]"
17:34:41.904 [docker-java-stream--1935083709] DEBUG com.github.dockerjava.zerodep.shaded.org.apache.hc.client5.http.wire - http-outgoing-1 << "[\r][\n]"
17:34:41.904 [docker-java-stream--1935083709] DEBUG com.github.dockerjava.zerodep.shaded.org.apache.hc.client5.http.wire - http-outgoing-1 << "33[\r][\n]"
17:34:41.904 [docker-java-stream--1935083709] DEBUG com.github.dockerjava.zerodep.shaded.org.apache.hc.client5.http.wire - http-outgoing-1 << "[0x1][0x0][0x0][0x0][0x0][0x0][0x0]+[0x9]sasl.oauthbearer.scope.claim.name = scope[\n]"
17:34:41.904 [docker-java-stream--1935083709] DEBUG com.github.dockerjava.zerodep.shaded.org.apache.hc.client5.http.wire - http-outgoing-1 << "[\r][\n]"
17:34:41.904 [docker-java-stream--1935083709] DEBUG com.github.dockerjava.zerodep.shaded.org.apache.hc.client5.http.wire - http-outgoing-1 << "2f[\r][\n]"
17:34:41.904 [docker-java-stream--1935083709] DEBUG com.github.dockerjava.zerodep.shaded.org.apache.hc.client5.http.wire - http-outgoing-1 << "[0x1][0x0][0x0][0x0][0x0][0x0][0x0]'[0x9]sasl.oauthbearer.sub.claim.name = sub[\n]"
17:34:41.904 [docker-java-stream--1935083709] DEBUG com.github.dockerjava.zerodep.shaded.org.apache.hc.client5.http.wire - http-outgoing-1 << "[\r][\n]"
17:34:41.904 [docker-java-stream--1935083709] DEBUG com.github.dockerjava.zerodep.shaded.org.apache.hc.client5.http.wire - http-outgoing-1 << "34[\r][\n]"
17:34:41.904 [docker-java-stream--1935083709] DEBUG com.github.dockerjava.zerodep.shaded.org.apache.hc.client5.http.wire - http-outgoing-1 << "[0x1][0x0][0x0][0x0][0x0][0x0][0x0],[0x9]sasl.oauthbearer.token.endpoint.url = null[\n]"
17:34:41.904 [docker-java-stream--1935083709] DEBUG com.github.dockerjava.zerodep.shaded.org.apache.hc.client5.http.wire - http-outgoing-1 << "[\r][\n]"
17:34:41.904 [docker-java-stream--1935083709] DEBUG com.github.dockerjava.zerodep.shaded.org.apache.hc.client5.http.wire - http-outgoing-1 << "33[\r][\n]"
17:34:41.904 [docker-java-stream--1935083709] DEBUG com.github.dockerjava.zerodep.shaded.org.apache.hc.client5.http.wire - http-outgoing-1 << "[0x1][0x0][0x0][0x0][0x0][0x0][0x0]+[0x9]sasl.server.callback.handler.class = null[\n]"
17:34:41.904 [docker-java-stream--1935083709] DEBUG com.github.dockerjava.zerodep.shaded.org.apache.hc.client5.http.wire - http-outgoing-1 << "[\r][\n]"
17:34:41.904 [docker-java-stream--1935083709] DEBUG com.github.dockerjava.zerodep.shaded.org.apache.hc.client5.http.wire - http-outgoing-1 << "2f[\r][\n]"
17:34:41.904 [docker-java-stream--1935083709] DEBUG com.github.dockerjava.zerodep.shaded.org.apache.hc.client5.http.wire - http-outgoing-1 << "[0x1][0x0][0x0][0x0][0x0][0x0][0x0]'[0x9]sasl.server.max.receive.size = 524288[\n]"
17:34:41.904 [docker-java-stream--1935083709] DEBUG com.github.dockerjava.zerodep.shaded.org.apache.hc.client5.http.wire - http-outgoing-1 << "[\r][\n]"
17:34:41.904 [docker-java-stream--1935083709] DEBUG com.github.dockerjava.zerodep.shaded.org.apache.hc.client5.http.wire - http-outgoing-1 << "34[\r][\n]"
17:34:41.904 [docker-java-stream--1935083709] DEBUG com.github.dockerjava.zerodep.shaded.org.apache.hc.client5.http.wire - http-outgoing-1 << "[0x1][0x0][0x0][0x0][0x0][0x0][0x0],[0x9]security.inter.broker.protocol = PLAINTEXT[\n]"
17:34:41.904 [docker-java-stream--1935083709] DEBUG com.github.dockerjava.zerodep.shaded.org.apache.hc.client5.http.wire - http-outgoing-1 << "[\r][\n]"
17:34:41.904 [docker-java-stream--1935083709] DEBUG com.github.dockerjava.zerodep.shaded.org.apache.hc.client5.http.wire - http-outgoing-1 << "23[\r][\n]"
17:34:41.904 [docker-java-stream--1935083709] DEBUG com.github.dockerjava.zerodep.shaded.org.apache.hc.client5.http.wire - http-outgoing-1 << "[0x1][0x0][0x0][0x0][0x0][0x0][0x0][0x1b][0x9]security.providers = null[\n]"
17:34:41.904 [docker-java-stream--1935083709] DEBUG com.github.dockerjava.zerodep.shaded.org.apache.hc.client5.http.wire - http-outgoing-1 << "[\r][\n]"
17:34:41.904 [docker-java-stream--1935083709] DEBUG com.github.dockerjava.zerodep.shaded.org.apache.hc.client5.http.wire - http-outgoing-1 << "38[\r][\n]"
17:34:41.904 [docker-java-stream--1935083709] DEBUG com.github.dockerjava.zerodep.shaded.org.apache.hc.client5.http.wire - http-outgoing-1 << "[0x1][0x0][0x0][0x0][0x0][0x0][0x0]0[0x9]socket.connection.setup.timeout.max.ms = 30000[\n]"
17:34:41.904 [docker-java-stream--1935083709] DEBUG com.github.dockerjava.zerodep.shaded.org.apache.hc.client5.http.wire - http-outgoing-1 << "[\r][\n]"
17:34:41.904 [docker-java-stream--1935083709] DEBUG com.github.dockerjava.zerodep.shaded.org.apache.hc.client5.http.wire - http-outgoing-1 << "34[\r][\n]"
17:34:41.904 [docker-java-stream--1935083709] DEBUG com.github.dockerjava.zerodep.shaded.org.apache.hc.client5.http.wire - http-outgoing-1 << "[0x1][0x0][0x0][0x0][0x0][0x0][0x0],[0x9]socket.connection.setup.timeout.ms = 10000[\n]"
17:34:41.904 [docker-java-stream--1935083709] DEBUG com.github.dockerjava.zerodep.shaded.org.apache.hc.client5.http.wire - http-outgoing-1 << "[\r][\n]"
17:34:41.904 [docker-java-stream--1935083709] DEBUG com.github.dockerjava.zerodep.shaded.org.apache.hc.client5.http.wire - http-outgoing-1 << "29[\r][\n]"
17:34:41.904 [docker-java-stream--1935083709] DEBUG com.github.dockerjava.zerodep.shaded.org.apache.hc.client5.http.wire - http-outgoing-1 << "[0x1][0x0][0x0][0x0][0x0][0x0][0x0]![0x9]socket.listen.backlog.size = 50[\n]"
17:34:41.904 [docker-java-stream--1935083709] DEBUG com.github.dockerjava.zerodep.shaded.org.apache.hc.client5.http.wire - http-outgoing-1 << "[\r][\n]"
17:34:41.904 [docker-java-stream--1935083709] DEBUG com.github.dockerjava.zerodep.shaded.org.apache.hc.client5.http.wire - http-outgoing-1 << "2e[\r][\n]"
17:34:41.904 [docker-java-stream--1935083709] DEBUG com.github.dockerjava.zerodep.shaded.org.apache.hc.client5.http.wire - http-outgoing-1 << "[0x1][0x0][0x0][0x0][0x0][0x0][0x0]&[0x9]socket.receive.buffer.bytes = 102400[\n]"
17:34:41.904 [docker-java-stream--1935083709] DEBUG com.github.dockerjava.zerodep.shaded.org.apache.hc.client5.http.wire - http-outgoing-1 << "[\r][\n]"
17:34:41.904 [docker-java-stream--1935083709] DEBUG com.github.dockerjava.zerodep.shaded.org.apache.hc.client5.http.wire - http-outgoing-1 << "2e[\r][\n]"
17:34:41.904 [docker-java-stream--1935083709] DEBUG com.github.dockerjava.zerodep.shaded.org.apache.hc.client5.http.wire - http-outgoing-1 << "[0x1][0x0][0x0][0x0][0x0][0x0][0x0]&[0x9]socket.request.max.bytes = 104857600[\n]"
17:34:41.904 [docker-java-stream--1935083709] DEBUG com.github.dockerjava.zerodep.shaded.org.apache.hc.client5.http.wire - http-outgoing-1 << "[\r][\n]"
17:34:41.904 [docker-java-stream--1935083709] DEBUG com.github.dockerjava.zerodep.shaded.org.apache.hc.client5.http.wire - http-outgoing-1 << "2b[\r][\n]"
17:34:41.904 [docker-java-stream--1935083709] DEBUG com.github.dockerjava.zerodep.shaded.org.apache.hc.client5.http.wire - http-outgoing-1 << "[0x1][0x0][0x0][0x0][0x0][0x0][0x0]#[0x9]socket.send.buffer.bytes = 102400[\n]"
17:34:41.904 [docker-java-stream--1935083709] DEBUG com.github.dockerjava.zerodep.shaded.org.apache.hc.client5.http.wire - http-outgoing-1 << "[\r][\n]"
17:34:41.904 [docker-java-stream--1935083709] DEBUG com.github.dockerjava.zerodep.shaded.org.apache.hc.client5.http.wire - http-outgoing-1 << "20[\r][\n]"
17:34:41.905 [docker-java-stream--1935083709] DEBUG com.github.dockerjava.zerodep.shaded.org.apache.hc.client5.http.wire - http-outgoing-1 << "[0x1][0x0][0x0][0x0][0x0][0x0][0x0][0x18][0x9]ssl.cipher.suites = [][\n]"
17:34:41.905 [docker-java-stream--1935083709] DEBUG com.github.dockerjava.zerodep.shaded.org.apache.hc.client5.http.wire - http-outgoing-1 << "[\r][\n]"
17:34:41.905 [docker-java-stream--1935083709] DEBUG com.github.dockerjava.zerodep.shaded.org.apache.hc.client5.http.wire - http-outgoing-1 << "20[\r][\n]"
17:34:41.905 [docker-java-stream--1935083709] DEBUG com.github.dockerjava.zerodep.shaded.org.apache.hc.client5.http.wire - http-outgoing-1 << "[0x1][0x0][0x0][0x0][0x0][0x0][0x0][0x18][0x9]ssl.client.auth = none[\n]"
17:34:41.905 [docker-java-stream--1935083709] DEBUG com.github.dockerjava.zerodep.shaded.org.apache.hc.client5.http.wire - http-outgoing-1 << "[\r][\n]"
17:34:41.905 [docker-java-stream--1935083709] DEBUG com.github.dockerjava.zerodep.shaded.org.apache.hc.client5.http.wire - http-outgoing-1 << "34[\r][\n]"
17:34:41.905 [docker-java-stream--1935083709] DEBUG com.github.dockerjava.zerodep.shaded.org.apache.hc.client5.http.wire - http-outgoing-1 << "[0x1][0x0][0x0][0x0][0x0][0x0][0x0],[0x9]ssl.enabled.protocols = [TLSv1.2, TLSv1.3][\n]"
17:34:41.905 [docker-java-stream--1935083709] DEBUG com.github.dockerjava.zerodep.shaded.org.apache.hc.client5.http.wire - http-outgoing-1 << "[\r][\n]"
17:34:41.905 [docker-java-stream--1935083709] DEBUG com.github.dockerjava.zerodep.shaded.org.apache.hc.client5.http.wire - http-outgoing-1 << "37[\r][\n]"
17:34:41.905 [docker-java-stream--1935083709] DEBUG com.github.dockerjava.zerodep.shaded.org.apache.hc.client5.http.wire - http-outgoing-1 << "[0x1][0x0][0x0][0x0][0x0][0x0][0x0]/[0x9]ssl.endpoint.identification.algorithm = https[\n]"
17:34:41.905 [docker-java-stream--1935083709] DEBUG com.github.dockerjava.zerodep.shaded.org.apache.hc.client5.http.wire - http-outgoing-1 << "[\r][\n]"
17:34:41.905 [docker-java-stream--1935083709] DEBUG com.github.dockerjava.zerodep.shaded.org.apache.hc.client5.http.wire - http-outgoing-1 << "29[\r][\n]"
17:34:41.905 [docker-java-stream--1935083709] DEBUG com.github.dockerjava.zerodep.shaded.org.apache.hc.client5.http.wire - http-outgoing-1 << "[0x1][0x0][0x0][0x0][0x0][0x0][0x0]![0x9]ssl.engine.factory.class = null[\n]"
17:34:41.905 [docker-java-stream--1935083709] DEBUG com.github.dockerjava.zerodep.shaded.org.apache.hc.client5.http.wire - http-outgoing-1 << "[\r][\n]"
17:34:41.905 [docker-java-stream--1935083709] DEBUG com.github.dockerjava.zerodep.shaded.org.apache.hc.client5.http.wire - http-outgoing-1 << "21[\r][\n]"
17:34:41.905 [docker-java-stream--1935083709] DEBUG com.github.dockerjava.zerodep.shaded.org.apache.hc.client5.http.wire - http-outgoing-1 << "[0x1][0x0][0x0][0x0][0x0][0x0][0x0][0x19][0x9]ssl.key.password = null[\n]"
17:34:41.905 [docker-java-stream--1935083709] DEBUG com.github.dockerjava.zerodep.shaded.org.apache.hc.client5.http.wire - http-outgoing-1 << "[\r][\n]"
17:34:41.905 [docker-java-stream--1935083709] DEBUG com.github.dockerjava.zerodep.shaded.org.apache.hc.client5.http.wire - http-outgoing-1 << "2c[\r][\n]"
17:34:41.905 [docker-java-stream--1935083709] DEBUG com.github.dockerjava.zerodep.shaded.org.apache.hc.client5.http.wire - http-outgoing-1 << "[0x1][0x0][0x0][0x0][0x0][0x0][0x0]$[0x9]ssl.keymanager.algorithm = SunX509[\n]"
17:34:41.905 [docker-java-stream--1935083709] DEBUG com.github.dockerjava.zerodep.shaded.org.apache.hc.client5.http.wire - http-outgoing-1 << "[\r][\n]"
17:34:41.905 [docker-java-stream--1935083709] DEBUG com.github.dockerjava.zerodep.shaded.org.apache.hc.client5.http.wire - http-outgoing-1 << "2f[\r][\n]"
17:34:41.905 [docker-java-stream--1935083709] DEBUG com.github.dockerjava.zerodep.shaded.org.apache.hc.client5.http.wire - http-outgoing-1 << "[0x1][0x0][0x0][0x0][0x0][0x0][0x0]'[0x9]ssl.keystore.certificate.chain = null[\n]"
17:34:41.905 [docker-java-stream--1935083709] DEBUG com.github.dockerjava.zerodep.shaded.org.apache.hc.client5.http.wire - http-outgoing-1 << "[\r][\n]"
17:34:41.905 [docker-java-stream--1935083709] DEBUG com.github.dockerjava.zerodep.shaded.org.apache.hc.client5.http.wire - http-outgoing-1 << "21[\r][\n]"
17:34:41.905 [docker-java-stream--1935083709] DEBUG com.github.dockerjava.zerodep.shaded.org.apache.hc.client5.http.wire - http-outgoing-1 << "[0x1][0x0][0x0][0x0][0x0][0x0][0x0][0x19][0x9]ssl.keystore.key = null[\n]"
17:34:41.905 [docker-java-stream--1935083709] DEBUG com.github.dockerjava.zerodep.shaded.org.apache.hc.client5.http.wire - http-outgoing-1 << "[\r][\n]"
17:34:41.905 [docker-java-stream--1935083709] DEBUG com.github.dockerjava.zerodep.shaded.org.apache.hc.client5.http.wire - http-outgoing-1 << "26[\r][\n]"
17:34:41.905 [docker-java-stream--1935083709] DEBUG com.github.dockerjava.zerodep.shaded.org.apache.hc.client5.http.wire - http-outgoing-1 << "[0x1][0x0][0x0][0x0][0x0][0x0][0x0][0x1e][0x9]ssl.keystore.location = null[\n]"
17:34:41.905 [docker-java-stream--1935083709] DEBUG com.github.dockerjava.zerodep.shaded.org.apache.hc.client5.http.wire - http-outgoing-1 << "[\r][\n]"
17:34:41.905 [docker-java-stream--1935083709] DEBUG com.github.dockerjava.zerodep.shaded.org.apache.hc.client5.http.wire - http-outgoing-1 << "26[\r][\n]"
17:34:41.903 [main] DEBUG org.testcontainers.containers.output.WaitingConsumer - STDOUT: 	offsets.topic.num.partitions = 1
17:34:41.905 [docker-java-stream--1935083709] DEBUG com.github.dockerjava.zerodep.shaded.org.apache.hc.client5.http.wire - http-outgoing-1 << "[0x1][0x0][0x0][0x0][0x0][0x0][0x0][0x1e][0x9]ssl.keystore.password = null[\n]"
17:34:41.905 [docker-java-stream--1935083709] DEBUG com.github.dockerjava.zerodep.shaded.org.apache.hc.client5.http.wire - http-outgoing-1 << "[\r][\n]"
17:34:41.905 [docker-java-stream--1935083709] DEBUG com.github.dockerjava.zerodep.shaded.org.apache.hc.client5.http.wire - http-outgoing-1 << "21[\r][\n]"
17:34:41.905 [docker-java-stream--1935083709] DEBUG com.github.dockerjava.zerodep.shaded.org.apache.hc.client5.http.wire - http-outgoing-1 << "[0x1][0x0][0x0][0x0][0x0][0x0][0x0][0x19][0x9]ssl.keystore.type = JKS[\n]"
17:34:41.905 [main] DEBUG org.testcontainers.containers.output.WaitingConsumer - STDOUT: 	offsets.topic.compression.codec = 0
17:34:41.905 [docker-java-stream--1935083709] DEBUG com.github.dockerjava.zerodep.shaded.org.apache.hc.client5.http.wire - http-outgoing-1 << "[\r][\n]"
17:34:41.905 [docker-java-stream--1935083709] DEBUG com.github.dockerjava.zerodep.shaded.org.apache.hc.client5.http.wire - http-outgoing-1 << "2f[\r][\n]"
17:34:41.905 [docker-java-stream--1935083709] DEBUG com.github.dockerjava.zerodep.shaded.org.apache.hc.client5.http.wire - http-outgoing-1 << "[0x1][0x0][0x0][0x0][0x0][0x0][0x0]'[0x9]ssl.principal.mapping.rules = DEFAULT[\n]"
17:34:41.905 [main] DEBUG org.testcontainers.containers.output.WaitingConsumer - STDOUT: 	offsets.retention.minutes = 10080
17:34:41.905 [docker-java-stream--1935083709] DEBUG com.github.dockerjava.zerodep.shaded.org.apache.hc.client5.http.wire - http-outgoing-1 << "[\r][\n]"
17:34:41.905 [docker-java-stream--1935083709] DEBUG com.github.dockerjava.zerodep.shaded.org.apache.hc.client5.http.wire - http-outgoing-1 << "20[\r][\n]"
17:34:41.905 [main] DEBUG org.testcontainers.containers.output.WaitingConsumer - STDOUT: 	offsets.retention.check.interval.ms = 600000
17:34:41.905 [docker-java-stream--1935083709] DEBUG com.github.dockerjava.zerodep.shaded.org.apache.hc.client5.http.wire - http-outgoing-1 << "[0x1][0x0][0x0][0x0][0x0][0x0][0x0][0x18][0x9]ssl.protocol = TLSv1.3[\n]"
17:34:41.905 [docker-java-stream--1935083709] DEBUG com.github.dockerjava.zerodep.shaded.org.apache.hc.client5.http.wire - http-outgoing-1 << "[\r][\n]"
17:34:41.905 [docker-java-stream--1935083709] DEBUG com.github.dockerjava.zerodep.shaded.org.apache.hc.client5.http.wire - http-outgoing-1 << "1d[\r][\n]"
17:34:41.905 [main] DEBUG org.testcontainers.containers.output.WaitingConsumer - STDOUT: 	offsets.load.buffer.size = 5242880
17:34:41.905 [docker-java-stream--1935083709] DEBUG com.github.dockerjava.zerodep.shaded.org.apache.hc.client5.http.wire - http-outgoing-1 << "[0x1][0x0][0x0][0x0][0x0][0x0][0x0][0x15][0x9]ssl.provider = null[\n]"
17:34:41.905 [docker-java-stream--1935083709] DEBUG com.github.dockerjava.zerodep.shaded.org.apache.hc.client5.http.wire - http-outgoing-1 << "[\r][\n]"
17:34:41.905 [main] DEBUG org.testcontainers.containers.output.WaitingConsumer - STDOUT: 	offsets.commit.timeout.ms = 5000
17:34:41.905 [docker-java-stream--1935083709] DEBUG com.github.dockerjava.zerodep.shaded.org.apache.hc.client5.http.wire - http-outgoing-1 << "31[\r][\n]"
17:34:41.905 [main] DEBUG org.testcontainers.containers.output.WaitingConsumer - STDOUT: 	offsets.commit.required.acks = -1
17:34:41.905 [docker-java-stream--1935083709] DEBUG com.github.dockerjava.zerodep.shaded.org.apache.hc.client5.http.wire - http-outgoing-1 << "[0x1][0x0][0x0][0x0][0x0][0x0][0x0])[0x9]ssl.secure.random.implementation = null[\n]"
17:34:41.905 [docker-java-stream--1935083709] DEBUG com.github.dockerjava.zerodep.shaded.org.apache.hc.client5.http.wire - http-outgoing-1 << "[\r][\n]"
17:34:41.905 [main] DEBUG org.testcontainers.containers.output.WaitingConsumer - STDOUT: 	offset.metadata.max.bytes = 4096
17:34:41.905 [docker-java-stream--1935083709] DEBUG com.github.dockerjava.zerodep.shaded.org.apache.hc.client5.http.wire - http-outgoing-1 << "2b[\r][\n]"
17:34:41.905 [main] DEBUG org.testcontainers.containers.output.WaitingConsumer - STDOUT: 	num.replica.fetchers = 1
17:34:41.905 [docker-java-stream--1935083709] DEBUG com.github.dockerjava.zerodep.shaded.org.apache.hc.client5.http.wire - http-outgoing-1 << "[0x1][0x0][0x0][0x0][0x0][0x0][0x0]#[0x9]ssl.trustmanager.algorithm = PKIX[\n]"
17:34:41.905 [docker-java-stream--1935083709] DEBUG com.github.dockerjava.zerodep.shaded.org.apache.hc.client5.http.wire - http-outgoing-1 << "[\r][\n]"
17:34:41.905 [main] DEBUG org.testcontainers.containers.output.WaitingConsumer - STDOUT: 	num.replica.alter.log.dirs.threads = null
17:34:41.905 [docker-java-stream--1935083709] DEBUG com.github.dockerjava.zerodep.shaded.org.apache.hc.client5.http.wire - http-outgoing-1 << "2c[\r][\n]"
17:34:41.906 [main] DEBUG org.testcontainers.containers.output.WaitingConsumer - STDOUT: 	num.recovery.threads.per.data.dir = 1
17:34:41.906 [main] DEBUG org.testcontainers.containers.output.WaitingConsumer - STDOUT: 	num.partitions = 1
17:34:41.906 [main] DEBUG org.testcontainers.containers.output.WaitingConsumer - STDOUT: 	num.network.threads = 3
17:34:41.906 [docker-java-stream--1935083709] DEBUG com.github.dockerjava.zerodep.shaded.org.apache.hc.client5.http.wire - http-outgoing-1 << "[0x1][0x0][0x0][0x0][0x0][0x0][0x0]$[0x9]ssl.truststore.certificates = null[\n]"
17:34:41.906 [main] DEBUG org.testcontainers.containers.output.WaitingConsumer - STDOUT: 	num.io.threads = 8
17:34:41.906 [docker-java-stream--1935083709] DEBUG com.github.dockerjava.zerodep.shaded.org.apache.hc.client5.http.wire - http-outgoing-1 << "[\r][\n]"
17:34:41.906 [docker-java-stream--1935083709] DEBUG com.github.dockerjava.zerodep.shaded.org.apache.hc.client5.http.wire - http-outgoing-1 << "28[\r][\n]"
17:34:41.906 [docker-java-stream--1935083709] DEBUG com.github.dockerjava.zerodep.shaded.org.apache.hc.client5.http.wire - http-outgoing-1 << "[0x1][0x0][0x0][0x0][0x0][0x0][0x0] [0x9]ssl.truststore.location = null[\n]"
17:34:41.906 [docker-java-stream--1935083709] DEBUG com.github.dockerjava.zerodep.shaded.org.apache.hc.client5.http.wire - http-outgoing-1 << "[\r][\n]"
17:34:41.906 [docker-java-stream--1935083709] DEBUG com.github.dockerjava.zerodep.shaded.org.apache.hc.client5.http.wire - http-outgoing-1 << "28[\r][\n]"
17:34:41.906 [docker-java-stream--1935083709] DEBUG com.github.dockerjava.zerodep.shaded.org.apache.hc.client5.http.wire - http-outgoing-1 << "[0x1][0x0][0x0][0x0][0x0][0x0][0x0] [0x9]ssl.truststore.password = null[\n]"
17:34:41.906 [docker-java-stream--1935083709] DEBUG com.github.dockerjava.zerodep.shaded.org.apache.hc.client5.http.wire - http-outgoing-1 << "[\r][\n]"
17:34:41.906 [docker-java-stream--1935083709] DEBUG com.github.dockerjava.zerodep.shaded.org.apache.hc.client5.http.wire - http-outgoing-1 << "23[\r][\n]"
17:34:41.906 [docker-java-stream--1935083709] DEBUG com.github.dockerjava.zerodep.shaded.org.apache.hc.client5.http.wire - http-outgoing-1 << "[0x1][0x0][0x0][0x0][0x0][0x0][0x0][0x1b][0x9]ssl.truststore.type = JKS[\n]"
17:34:41.906 [docker-java-stream--1935083709] DEBUG com.github.dockerjava.zerodep.shaded.org.apache.hc.client5.http.wire - http-outgoing-1 << "[\r][\n]"
17:34:41.906 [main] DEBUG org.testcontainers.containers.output.WaitingConsumer - STDOUT: 	node.id = 1
17:34:41.906 [main] DEBUG org.testcontainers.containers.output.WaitingConsumer - STDOUT: 	min.insync.replicas = 1
17:34:41.906 [main] DEBUG org.testcontainers.containers.output.WaitingConsumer - STDOUT: 	metrics.sample.window.ms = 30000
17:34:41.906 [main] DEBUG org.testcontainers.containers.output.WaitingConsumer - STDOUT: 	metrics.recording.level = INFO
17:34:41.906 [main] DEBUG org.testcontainers.containers.output.WaitingConsumer - STDOUT: 	metrics.num.samples = 2
17:34:41.906 [main] DEBUG org.testcontainers.containers.output.WaitingConsumer - STDOUT: 	metric.reporters = []
17:34:41.906 [main] DEBUG org.testcontainers.containers.output.WaitingConsumer - STDOUT: 	metadata.max.retention.ms = 604800000
17:34:41.906 [main] DEBUG org.testcontainers.containers.output.WaitingConsumer - STDOUT: 	metadata.max.retention.bytes = 104857600
17:34:41.906 [main] DEBUG org.testcontainers.containers.output.WaitingConsumer - STDOUT: 	metadata.max.idle.interval.ms = 500
17:34:41.907 [main] DEBUG org.testcontainers.containers.output.WaitingConsumer - STDOUT: 	metadata.log.segment.ms = 604800000
17:34:41.907 [main] DEBUG org.testcontainers.containers.output.WaitingConsumer - STDOUT: 	metadata.log.segment.min.bytes = 8388608
17:34:41.907 [main] DEBUG org.testcontainers.containers.output.WaitingConsumer - STDOUT: 	metadata.log.segment.bytes = 1073741824
17:34:41.907 [main] DEBUG org.testcontainers.containers.output.WaitingConsumer - STDOUT: 	metadata.log.max.snapshot.interval.ms = 3600000
17:34:41.907 [main] DEBUG org.testcontainers.containers.output.WaitingConsumer - STDOUT: 	metadata.log.max.record.bytes.between.snapshots = 20971520
17:34:41.907 [main] DEBUG org.testcontainers.containers.output.WaitingConsumer - STDOUT: 	metadata.log.dir = null
17:34:41.907 [main] DEBUG org.testcontainers.containers.output.WaitingConsumer - STDOUT: 	message.max.bytes = 1048588
17:34:41.907 [main] DEBUG org.testcontainers.containers.output.WaitingConsumer - STDOUT: 	max.incremental.fetch.session.cache.slots = 1000
17:34:41.907 [main] DEBUG org.testcontainers.containers.output.WaitingConsumer - STDOUT: 	max.connections.per.ip.overrides = 
17:34:41.907 [main] DEBUG org.testcontainers.containers.output.WaitingConsumer - STDOUT: 	max.connections.per.ip = 2147483647
17:34:41.907 [main] DEBUG org.testcontainers.containers.output.WaitingConsumer - STDOUT: 	max.connections = 2147483647
17:34:41.907 [main] DEBUG org.testcontainers.containers.output.WaitingConsumer - STDOUT: 	max.connection.creation.rate = 2147483647
17:34:41.907 [main] DEBUG org.testcontainers.containers.output.WaitingConsumer - STDOUT: 	log.segment.delete.delay.ms = 60000
17:34:41.907 [main] DEBUG org.testcontainers.containers.output.WaitingConsumer - STDOUT: 	log.segment.bytes = 1073741824
17:34:41.907 [main] DEBUG org.testcontainers.containers.output.WaitingConsumer - STDOUT: 	log.roll.ms = null
17:34:41.907 [main] DEBUG org.testcontainers.containers.output.WaitingConsumer - STDOUT: 	log.roll.jitter.ms = null
17:34:41.907 [main] DEBUG org.testcontainers.containers.output.WaitingConsumer - STDOUT: 	log.roll.jitter.hours = 0
17:34:41.907 [main] DEBUG org.testcontainers.containers.output.WaitingConsumer - STDOUT: 	log.roll.hours = 168
17:34:41.907 [main] DEBUG org.testcontainers.containers.output.WaitingConsumer - STDOUT: 	log.retention.ms = null
17:34:41.908 [main] DEBUG org.testcontainers.containers.output.WaitingConsumer - STDOUT: 	log.retention.minutes = null
17:34:41.908 [main] DEBUG org.testcontainers.containers.output.WaitingConsumer - STDOUT: 	log.retention.hours = 168
17:34:41.908 [main] DEBUG org.testcontainers.containers.output.WaitingConsumer - STDOUT: 	log.retention.check.interval.ms = 300000
17:34:41.908 [main] DEBUG org.testcontainers.containers.output.WaitingConsumer - STDOUT: 	log.retention.bytes = -1
17:34:41.908 [main] DEBUG org.testcontainers.containers.output.WaitingConsumer - STDOUT: 	log.preallocate = false
17:34:41.908 [main] DEBUG org.testcontainers.containers.output.WaitingConsumer - STDOUT: 	log.message.timestamp.type = CreateTime
17:34:41.908 [main] DEBUG org.testcontainers.containers.output.WaitingConsumer - STDOUT: 	log.message.timestamp.difference.max.ms = 9223372036854775807
17:34:41.908 [main] DEBUG org.testcontainers.containers.output.WaitingConsumer - STDOUT: 	log.message.format.version = 3.0-IV1
17:34:41.908 [main] DEBUG org.testcontainers.containers.output.WaitingConsumer - STDOUT: 	log.message.downconversion.enable = true
17:34:41.908 [main] DEBUG org.testcontainers.containers.output.WaitingConsumer - STDOUT: 	log.index.size.max.bytes = 10485760
17:34:41.908 [main] DEBUG org.testcontainers.containers.output.WaitingConsumer - STDOUT: 	log.index.interval.bytes = 4096
17:34:41.908 [main] DEBUG org.testcontainers.containers.output.WaitingConsumer - STDOUT: 	log.flush.start.offset.checkpoint.interval.ms = 60000
17:34:41.908 [main] DEBUG org.testcontainers.containers.output.WaitingConsumer - STDOUT: 	log.flush.scheduler.interval.ms = 9223372036854775807
17:34:41.908 [main] DEBUG org.testcontainers.containers.output.WaitingConsumer - STDOUT: 	log.flush.offset.checkpoint.interval.ms = 60000
17:34:41.908 [main] DEBUG org.testcontainers.containers.output.WaitingConsumer - STDOUT: 	log.flush.interval.ms = null
17:34:41.908 [main] DEBUG org.testcontainers.containers.output.WaitingConsumer - STDOUT: 	log.flush.interval.messages = 9223372036854775807
17:34:41.908 [main] DEBUG org.testcontainers.containers.output.WaitingConsumer - STDOUT: 	log.dirs = /var/lib/kafka/data
17:34:41.906 [docker-java-stream--1935083709] DEBUG com.github.dockerjava.zerodep.shaded.org.apache.hc.client5.http.wire - http-outgoing-1 << "4d[\r][\n]"
17:34:41.908 [main] DEBUG org.testcontainers.containers.output.WaitingConsumer - STDOUT: 	log.dir = /tmp/kafka-logs
17:34:41.909 [docker-java-stream--1935083709] DEBUG com.github.dockerjava.zerodep.shaded.org.apache.hc.client5.http.wire - http-outgoing-1 << "[0x1][0x0][0x0][0x0][0x0][0x0][0x0]E[0x9]transaction.abort.timed.out.transaction.cleanup.interval.ms = 10000[\n]"
17:34:41.910 [docker-java-stream--1935083709] DEBUG com.github.dockerjava.zerodep.shaded.org.apache.hc.client5.http.wire - http-outgoing-1 << "[\r][\n]"
17:34:41.910 [docker-java-stream--1935083709] DEBUG com.github.dockerjava.zerodep.shaded.org.apache.hc.client5.http.wire - http-outgoing-1 << "2d[\r][\n]"
17:34:41.910 [docker-java-stream--1935083709] DEBUG com.github.dockerjava.zerodep.shaded.org.apache.hc.client5.http.wire - http-outgoing-1 << "[0x1][0x0][0x0][0x0][0x0][0x0][0x0]%[0x9]transaction.max.timeout.ms = 900000[\n]"
17:34:41.910 [docker-java-stream--1935083709] DEBUG com.github.dockerjava.zerodep.shaded.org.apache.hc.client5.http.wire - http-outgoing-1 << "[\r][\n]"
17:34:41.910 [docker-java-stream--1935083709] DEBUG com.github.dockerjava.zerodep.shaded.org.apache.hc.client5.http.wire - http-outgoing-1 << "4e[\r][\n]"
17:34:41.910 [main] DEBUG org.testcontainers.containers.output.WaitingConsumer - STDOUT: 	log.cleanup.policy = [delete]
17:34:41.910 [docker-java-stream--1935083709] DEBUG com.github.dockerjava.zerodep.shaded.org.apache.hc.client5.http.wire - http-outgoing-1 << "[0x1][0x0][0x0][0x0][0x0][0x0][0x0]F[0x9]transaction.remove.expired.transaction.cleanup.interval.ms = 3600000[\n]"
17:34:41.910 [docker-java-stream--1935083709] DEBUG com.github.dockerjava.zerodep.shaded.org.apache.hc.client5.http.wire - http-outgoing-1 << "[\r][\n]"
17:34:41.910 [docker-java-stream--1935083709] DEBUG com.github.dockerjava.zerodep.shaded.org.apache.hc.client5.http.wire - http-outgoing-1 << "3a[\r][\n]"
17:34:41.910 [main] DEBUG org.testcontainers.containers.output.WaitingConsumer - STDOUT: 	log.cleaner.threads = 1
17:34:41.910 [main] DEBUG org.testcontainers.containers.output.WaitingConsumer - STDOUT: 	log.cleaner.min.compaction.lag.ms = 0
17:34:41.910 [main] DEBUG org.testcontainers.containers.output.WaitingConsumer - STDOUT: 	log.cleaner.min.cleanable.ratio = 0.5
17:34:41.910 [main] DEBUG org.testcontainers.containers.output.WaitingConsumer - STDOUT: 	log.cleaner.max.compaction.lag.ms = 9223372036854775807
17:34:41.910 [main] DEBUG org.testcontainers.containers.output.WaitingConsumer - STDOUT: 	log.cleaner.io.max.bytes.per.second = 1.7976931348623157E308
17:34:41.910 [main] DEBUG org.testcontainers.containers.output.WaitingConsumer - STDOUT: 	log.cleaner.io.buffer.size = 524288
17:34:41.910 [main] DEBUG org.testcontainers.containers.output.WaitingConsumer - STDOUT: 	log.cleaner.io.buffer.load.factor = 0.9
17:34:41.910 [main] DEBUG org.testcontainers.containers.output.WaitingConsumer - STDOUT: 	log.cleaner.enable = true
17:34:41.910 [main] DEBUG org.testcontainers.containers.output.WaitingConsumer - STDOUT: 	log.cleaner.delete.retention.ms = 86400000
17:34:41.910 [main] DEBUG org.testcontainers.containers.output.WaitingConsumer - STDOUT: 	log.cleaner.dedupe.buffer.size = 134217728
17:34:41.910 [main] DEBUG org.testcontainers.containers.output.WaitingConsumer - STDOUT: 	log.cleaner.backoff.ms = 15000
17:34:41.910 [main] DEBUG org.testcontainers.containers.output.WaitingConsumer - STDOUT: 	listeners = PLAINTEXT://0.0.0.0:9093,BROKER://0.0.0.0:9092
17:34:41.910 [main] DEBUG org.testcontainers.containers.output.WaitingConsumer - STDOUT: 	leader.imbalance.per.broker.percentage = 10
17:34:41.910 [main] DEBUG org.testcontainers.containers.output.WaitingConsumer - STDOUT: 	kafka.metrics.reporters = []
17:34:41.910 [main] DEBUG org.testcontainers.containers.output.WaitingConsumer - STDOUT: 	kafka.metrics.polling.interval.secs = 10
17:34:41.910 [main] DEBUG org.testcontainers.containers.output.WaitingConsumer - STDOUT: 	inter.broker.protocol.version = 3.4-IV0
17:34:41.910 [main] DEBUG org.testcontainers.containers.output.WaitingConsumer - STDOUT: 	delegation.token.max.lifetime.ms = 604800000
17:34:41.910 [main] DEBUG org.testcontainers.containers.output.WaitingConsumer - STDOUT: 	delegation.token.master.key = null
17:34:41.911 [main] DEBUG org.testcontainers.containers.output.WaitingConsumer - STDOUT: 	delegation.token.expiry.time.ms = 86400000
17:34:41.911 [main] DEBUG org.testcontainers.containers.output.WaitingConsumer - STDOUT: 	delegation.token.expiry.check.interval.ms = 3600000
17:34:41.911 [main] DEBUG org.testcontainers.containers.output.WaitingConsumer - STDOUT: 	default.replication.factor = 1
17:34:41.911 [main] DEBUG org.testcontainers.containers.output.WaitingConsumer - STDOUT: 	create.topic.policy.class.name = null
17:34:41.911 [main] DEBUG org.testcontainers.containers.output.WaitingConsumer - STDOUT: 	controller.socket.timeout.ms = 30000
17:34:41.911 [main] DEBUG org.testcontainers.containers.output.WaitingConsumer - STDOUT: 	controller.quota.window.num = 11
17:34:41.911 [main] DEBUG org.testcontainers.containers.output.WaitingConsumer - STDOUT: 	controller.quorum.voters = []
17:34:41.911 [main] DEBUG org.testcontainers.containers.output.WaitingConsumer - STDOUT: 	controller.quorum.retry.backoff.ms = 20
17:34:41.911 [main] DEBUG org.testcontainers.containers.output.WaitingConsumer - STDOUT: 	controller.quorum.request.timeout.ms = 2000
17:34:41.911 [main] DEBUG org.testcontainers.containers.output.WaitingConsumer - STDOUT: 	controller.quorum.fetch.timeout.ms = 2000
17:34:41.911 [main] DEBUG org.testcontainers.containers.output.WaitingConsumer - STDOUT: 	controller.quorum.election.timeout.ms = 1000
17:34:41.911 [main] DEBUG org.testcontainers.containers.output.WaitingConsumer - STDOUT: 	controller.quorum.election.backoff.max.ms = 1000
17:34:41.911 [main] DEBUG org.testcontainers.containers.output.WaitingConsumer - STDOUT: 	controller.quorum.append.linger.ms = 25
17:34:41.911 [main] DEBUG org.testcontainers.containers.output.WaitingConsumer - STDOUT: 	controller.listener.names = null
17:34:41.911 [main] DEBUG org.testcontainers.containers.output.WaitingConsumer - STDOUT: 	controlled.shutdown.retry.backoff.ms = 5000
17:34:41.911 [main] DEBUG org.testcontainers.containers.output.WaitingConsumer - STDOUT: 	controlled.shutdown.max.retries = 3
17:34:41.911 [main] DEBUG org.testcontainers.containers.output.WaitingConsumer - STDOUT: 	controlled.shutdown.enable = true
17:34:41.911 [main] DEBUG org.testcontainers.containers.output.WaitingConsumer - STDOUT: 	control.plane.listener.name = null
17:34:41.911 [main] DEBUG org.testcontainers.containers.output.WaitingConsumer - STDOUT: 	connections.max.reauth.ms = 0
17:34:41.911 [main] DEBUG org.testcontainers.containers.output.WaitingConsumer - STDOUT: 	connections.max.idle.ms = 600000
17:34:41.910 [docker-java-stream--1935083709] DEBUG com.github.dockerjava.zerodep.shaded.org.apache.hc.client5.http.wire - http-outgoing-1 << "[0x1][0x0][0x0][0x0][0x0][0x0][0x0]2[0x9]transaction.state.log.load.buffer.size = 5242880[\n]"
17:34:41.920 [docker-java-stream--1935083709] DEBUG com.github.dockerjava.zerodep.shaded.org.apache.hc.client5.http.wire - http-outgoing-1 << "[\r][\n]"
17:34:41.920 [docker-java-stream--1935083709] DEBUG com.github.dockerjava.zerodep.shaded.org.apache.hc.client5.http.wire - http-outgoing-1 << "2b[\r][\n]"
17:34:41.920 [docker-java-stream--1935083709] DEBUG com.github.dockerjava.zerodep.shaded.org.apache.hc.client5.http.wire - http-outgoing-1 << "[0x1][0x0][0x0][0x0][0x0][0x0][0x0]#[0x9]transaction.state.log.min.isr = 1[\n]"
17:34:41.920 [docker-java-stream--1935083709] DEBUG com.github.dockerjava.zerodep.shaded.org.apache.hc.client5.http.wire - http-outgoing-1 << "[\r][\n]"
17:34:41.920 [docker-java-stream--1935083709] DEBUG com.github.dockerjava.zerodep.shaded.org.apache.hc.client5.http.wire - http-outgoing-1 << "33[\r][\n]"
17:34:41.920 [docker-java-stream--1935083709] DEBUG com.github.dockerjava.zerodep.shaded.org.apache.hc.client5.http.wire - http-outgoing-1 << "[0x1][0x0][0x0][0x0][0x0][0x0][0x0]+[0x9]transaction.state.log.num.partitions = 50[\n]"
17:34:41.921 [docker-java-stream--1935083709] DEBUG com.github.dockerjava.zerodep.shaded.org.apache.hc.client5.http.wire - http-outgoing-1 << "[\r][\n]"
17:34:41.921 [docker-java-stream--1935083709] DEBUG com.github.dockerjava.zerodep.shaded.org.apache.hc.client5.http.wire - http-outgoing-1 << "36[\r][\n]"
17:34:41.921 [docker-java-stream--1935083709] DEBUG com.github.dockerjava.zerodep.shaded.org.apache.hc.client5.http.wire - http-outgoing-1 << "[0x1][0x0][0x0][0x0][0x0][0x0][0x0].[0x9]transaction.state.log.replication.factor = 1[\n]"
17:34:41.921 [docker-java-stream--1935083709] DEBUG com.github.dockerjava.zerodep.shaded.org.apache.hc.client5.http.wire - http-outgoing-1 << "[\r][\n]"
17:34:41.921 [docker-java-stream--1935083709] DEBUG com.github.dockerjava.zerodep.shaded.org.apache.hc.client5.http.wire - http-outgoing-1 << "39[\r][\n]"
17:34:41.921 [docker-java-stream--1935083709] DEBUG com.github.dockerjava.zerodep.shaded.org.apache.hc.client5.http.wire - http-outgoing-1 << "[0x1][0x0][0x0][0x0][0x0][0x0][0x0]1[0x9]transaction.state.log.segment.bytes = 104857600[\n]"
17:34:41.921 [docker-java-stream--1935083709] DEBUG com.github.dockerjava.zerodep.shaded.org.apache.hc.client5.http.wire - http-outgoing-1 << "[\r][\n]"
17:34:41.921 [docker-java-stream--1935083709] DEBUG com.github.dockerjava.zerodep.shaded.org.apache.hc.client5.http.wire - http-outgoing-1 << "34[\r][\n]"
17:34:41.921 [docker-java-stream--1935083709] DEBUG com.github.dockerjava.zerodep.shaded.org.apache.hc.client5.http.wire - http-outgoing-1 << "[0x1][0x0][0x0][0x0][0x0][0x0][0x0],[0x9]transactional.id.expiration.ms = 604800000[\n]"
17:34:41.921 [docker-java-stream--1935083709] DEBUG com.github.dockerjava.zerodep.shaded.org.apache.hc.client5.http.wire - http-outgoing-1 << "[\r][\n]"
17:34:41.921 [docker-java-stream--1935083709] DEBUG com.github.dockerjava.zerodep.shaded.org.apache.hc.client5.http.wire - http-outgoing-1 << "30[\r][\n]"
17:34:41.921 [docker-java-stream--1935083709] DEBUG com.github.dockerjava.zerodep.shaded.org.apache.hc.client5.http.wire - http-outgoing-1 << "[0x1][0x0][0x0][0x0][0x0][0x0][0x0]([0x9]unclean.leader.election.enable = false[\n]"
17:34:41.921 [docker-java-stream--1935083709] DEBUG com.github.dockerjava.zerodep.shaded.org.apache.hc.client5.http.wire - http-outgoing-1 << "[\r][\n]"
17:34:41.921 [docker-java-stream--1935083709] DEBUG com.github.dockerjava.zerodep.shaded.org.apache.hc.client5.http.wire - http-outgoing-1 << "2b[\r][\n]"
17:34:41.921 [docker-java-stream--1935083709] DEBUG com.github.dockerjava.zerodep.shaded.org.apache.hc.client5.http.wire - http-outgoing-1 << "[0x1][0x0][0x0][0x0][0x0][0x0][0x0]#[0x9]zookeeper.clientCnxnSocket = null[\n]"
17:34:41.921 [docker-java-stream--1935083709] DEBUG com.github.dockerjava.zerodep.shaded.org.apache.hc.client5.http.wire - http-outgoing-1 << "[\r][\n]"
17:34:41.921 [docker-java-stream--1935083709] DEBUG com.github.dockerjava.zerodep.shaded.org.apache.hc.client5.http.wire - http-outgoing-1 << "2c[\r][\n]"
17:34:41.921 [docker-java-stream--1935083709] DEBUG com.github.dockerjava.zerodep.shaded.org.apache.hc.client5.http.wire - http-outgoing-1 << "[0x1][0x0][0x0][0x0][0x0][0x0][0x0]$[0x9]zookeeper.connect = localhost:2181[\n]"
17:34:41.921 [docker-java-stream--1935083709] DEBUG com.github.dockerjava.zerodep.shaded.org.apache.hc.client5.http.wire - http-outgoing-1 << "[\r][\n]"
17:34:41.921 [docker-java-stream--1935083709] DEBUG com.github.dockerjava.zerodep.shaded.org.apache.hc.client5.http.wire - http-outgoing-1 << "30[\r][\n]"
17:34:41.921 [docker-java-stream--1935083709] DEBUG com.github.dockerjava.zerodep.shaded.org.apache.hc.client5.http.wire - http-outgoing-1 << "[0x1][0x0][0x0][0x0][0x0][0x0][0x0]([0x9]zookeeper.connection.timeout.ms = null[\n]"
17:34:41.921 [docker-java-stream--1935083709] DEBUG com.github.dockerjava.zerodep.shaded.org.apache.hc.client5.http.wire - http-outgoing-1 << "[\r][\n]"
17:34:41.921 [docker-java-stream--1935083709] DEBUG com.github.dockerjava.zerodep.shaded.org.apache.hc.client5.http.wire - http-outgoing-1 << "2f[\r][\n]"
17:34:41.921 [docker-java-stream--1935083709] DEBUG com.github.dockerjava.zerodep.shaded.org.apache.hc.client5.http.wire - http-outgoing-1 << "[0x1][0x0][0x0][0x0][0x0][0x0][0x0]'[0x9]zookeeper.max.in.flight.requests = 10[\n]"
17:34:41.921 [docker-java-stream--1935083709] DEBUG com.github.dockerjava.zerodep.shaded.org.apache.hc.client5.http.wire - http-outgoing-1 << "[\r][\n]"
17:34:41.921 [docker-java-stream--1935083709] DEBUG com.github.dockerjava.zerodep.shaded.org.apache.hc.client5.http.wire - http-outgoing-1 << "35[\r][\n]"
17:34:41.921 [docker-java-stream--1935083709] DEBUG com.github.dockerjava.zerodep.shaded.org.apache.hc.client5.http.wire - http-outgoing-1 << "[0x1][0x0][0x0][0x0][0x0][0x0][0x0]-[0x9]zookeeper.metadata.migration.enable = false[\n]"
17:34:41.921 [docker-java-stream--1935083709] DEBUG com.github.dockerjava.zerodep.shaded.org.apache.hc.client5.http.wire - http-outgoing-1 << "[\r][\n]"
17:34:41.921 [docker-java-stream--1935083709] DEBUG com.github.dockerjava.zerodep.shaded.org.apache.hc.client5.http.wire - http-outgoing-1 << "2e[\r][\n]"
17:34:41.921 [docker-java-stream--1935083709] DEBUG com.github.dockerjava.zerodep.shaded.org.apache.hc.client5.http.wire - http-outgoing-1 << "[0x1][0x0][0x0][0x0][0x0][0x0][0x0]&[0x9]zookeeper.session.timeout.ms = 18000[\n]"
17:34:41.921 [docker-java-stream--1935083709] DEBUG com.github.dockerjava.zerodep.shaded.org.apache.hc.client5.http.wire - http-outgoing-1 << "[\r][\n]"
17:34:41.921 [docker-java-stream--1935083709] DEBUG com.github.dockerjava.zerodep.shaded.org.apache.hc.client5.http.wire - http-outgoing-1 << "23[\r][\n]"
17:34:41.921 [docker-java-stream--1935083709] DEBUG com.github.dockerjava.zerodep.shaded.org.apache.hc.client5.http.wire - http-outgoing-1 << "[0x1][0x0][0x0][0x0][0x0][0x0][0x0][0x1b][0x9]zookeeper.set.acl = false[\n]"
17:34:41.921 [docker-java-stream--1935083709] DEBUG com.github.dockerjava.zerodep.shaded.org.apache.hc.client5.http.wire - http-outgoing-1 << "[\r][\n]"
17:34:41.921 [docker-java-stream--1935083709] DEBUG com.github.dockerjava.zerodep.shaded.org.apache.hc.client5.http.wire - http-outgoing-1 << "2c[\r][\n]"
17:34:41.921 [docker-java-stream--1935083709] DEBUG com.github.dockerjava.zerodep.shaded.org.apache.hc.client5.http.wire - http-outgoing-1 << "[0x1][0x0][0x0][0x0][0x0][0x0][0x0]$[0x9]zookeeper.ssl.cipher.suites = null[\n]"
17:34:41.921 [docker-java-stream--1935083709] DEBUG com.github.dockerjava.zerodep.shaded.org.apache.hc.client5.http.wire - http-outgoing-1 << "[\r][\n]"
17:34:41.921 [docker-java-stream--1935083709] DEBUG com.github.dockerjava.zerodep.shaded.org.apache.hc.client5.http.wire - http-outgoing-1 << "2d[\r][\n]"
17:34:41.921 [docker-java-stream--1935083709] DEBUG com.github.dockerjava.zerodep.shaded.org.apache.hc.client5.http.wire - http-outgoing-1 << "[0x1][0x0][0x0][0x0][0x0][0x0][0x0]%[0x9]zookeeper.ssl.client.enable = false[\n]"
17:34:41.921 [docker-java-stream--1935083709] DEBUG com.github.dockerjava.zerodep.shaded.org.apache.hc.client5.http.wire - http-outgoing-1 << "[\r][\n]"
17:34:41.921 [docker-java-stream--1935083709] DEBUG com.github.dockerjava.zerodep.shaded.org.apache.hc.client5.http.wire - http-outgoing-1 << "2a[\r][\n]"
17:34:41.921 [docker-java-stream--1935083709] DEBUG com.github.dockerjava.zerodep.shaded.org.apache.hc.client5.http.wire - http-outgoing-1 << "[0x1][0x0][0x0][0x0][0x0][0x0][0x0]"[0x9]zookeeper.ssl.crl.enable = false[\n]"
17:34:41.921 [docker-java-stream--1935083709] DEBUG com.github.dockerjava.zerodep.shaded.org.apache.hc.client5.http.wire - http-outgoing-1 << "[\r][\n]"
17:34:41.921 [docker-java-stream--1935083709] DEBUG com.github.dockerjava.zerodep.shaded.org.apache.hc.client5.http.wire - http-outgoing-1 << "30[\r][\n]"
17:34:41.921 [docker-java-stream--1935083709] DEBUG com.github.dockerjava.zerodep.shaded.org.apache.hc.client5.http.wire - http-outgoing-1 << "[0x1][0x0][0x0][0x0][0x0][0x0][0x0]([0x9]zookeeper.ssl.enabled.protocols = null[\n]"
17:34:41.921 [docker-java-stream--1935083709] DEBUG com.github.dockerjava.zerodep.shaded.org.apache.hc.client5.http.wire - http-outgoing-1 << "[\r][\n]"
17:34:41.921 [docker-java-stream--1935083709] DEBUG com.github.dockerjava.zerodep.shaded.org.apache.hc.client5.http.wire - http-outgoing-1 << "41[\r][\n]"
17:34:41.921 [docker-java-stream--1935083709] DEBUG com.github.dockerjava.zerodep.shaded.org.apache.hc.client5.http.wire - http-outgoing-1 << "[0x1][0x0][0x0][0x0][0x0][0x0][0x0]9[0x9]zookeeper.ssl.endpoint.identification.algorithm = HTTPS[\n]"
17:34:41.921 [docker-java-stream--1935083709] DEBUG com.github.dockerjava.zerodep.shaded.org.apache.hc.client5.http.wire - http-outgoing-1 << "[\r][\n]"
17:34:41.921 [docker-java-stream--1935083709] DEBUG com.github.dockerjava.zerodep.shaded.org.apache.hc.client5.http.wire - http-outgoing-1 << "30[\r][\n]"
17:34:41.921 [docker-java-stream--1935083709] DEBUG com.github.dockerjava.zerodep.shaded.org.apache.hc.client5.http.wire - http-outgoing-1 << "[0x1][0x0][0x0][0x0][0x0][0x0][0x0]([0x9]zookeeper.ssl.keystore.location = null[\n]"
17:34:41.921 [docker-java-stream--1935083709] DEBUG com.github.dockerjava.zerodep.shaded.org.apache.hc.client5.http.wire - http-outgoing-1 << "[\r][\n]"
17:34:41.921 [docker-java-stream--1935083709] DEBUG com.github.dockerjava.zerodep.shaded.org.apache.hc.client5.http.wire - http-outgoing-1 << "30[\r][\n]"
17:34:41.921 [docker-java-stream--1935083709] DEBUG com.github.dockerjava.zerodep.shaded.org.apache.hc.client5.http.wire - http-outgoing-1 << "[0x1][0x0][0x0][0x0][0x0][0x0][0x0]([0x9]zookeeper.ssl.keystore.password = null[\n]"
17:34:41.921 [docker-java-stream--1935083709] DEBUG com.github.dockerjava.zerodep.shaded.org.apache.hc.client5.http.wire - http-outgoing-1 << "[\r][\n]"
17:34:41.921 [docker-java-stream--1935083709] DEBUG com.github.dockerjava.zerodep.shaded.org.apache.hc.client5.http.wire - http-outgoing-1 << "2c[\r][\n]"
17:34:41.921 [docker-java-stream--1935083709] DEBUG com.github.dockerjava.zerodep.shaded.org.apache.hc.client5.http.wire - http-outgoing-1 << "[0x1][0x0][0x0][0x0][0x0][0x0][0x0]$[0x9]zookeeper.ssl.keystore.type = null[\n]"
17:34:41.921 [docker-java-stream--1935083709] DEBUG com.github.dockerjava.zerodep.shaded.org.apache.hc.client5.http.wire - http-outgoing-1 << "[\r][\n]"
17:34:41.921 [docker-java-stream--1935083709] DEBUG com.github.dockerjava.zerodep.shaded.org.apache.hc.client5.http.wire - http-outgoing-1 << "2b[\r][\n]"
17:34:41.921 [docker-java-stream--1935083709] DEBUG com.github.dockerjava.zerodep.shaded.org.apache.hc.client5.http.wire - http-outgoing-1 << "[0x1][0x0][0x0][0x0][0x0][0x0][0x0]#[0x9]zookeeper.ssl.ocsp.enable = false[\n]"
17:34:41.921 [docker-java-stream--1935083709] DEBUG com.github.dockerjava.zerodep.shaded.org.apache.hc.client5.http.wire - http-outgoing-1 << "[\r][\n]"
17:34:41.921 [docker-java-stream--1935083709] DEBUG com.github.dockerjava.zerodep.shaded.org.apache.hc.client5.http.wire - http-outgoing-1 << "2a[\r][\n]"
17:34:41.922 [docker-java-stream--1935083709] DEBUG com.github.dockerjava.zerodep.shaded.org.apache.hc.client5.http.wire - http-outgoing-1 << "[0x1][0x0][0x0][0x0][0x0][0x0][0x0]"[0x9]zookeeper.ssl.protocol = TLSv1.2[\n]"
17:34:41.922 [docker-java-stream--1935083709] DEBUG com.github.dockerjava.zerodep.shaded.org.apache.hc.client5.http.wire - http-outgoing-1 << "[\r][\n]"
17:34:41.922 [docker-java-stream--1935083709] DEBUG com.github.dockerjava.zerodep.shaded.org.apache.hc.client5.http.wire - http-outgoing-1 << "32[\r][\n]"
17:34:41.922 [docker-java-stream--1935083709] DEBUG com.github.dockerjava.zerodep.shaded.org.apache.hc.client5.http.wire - http-outgoing-1 << "[0x1][0x0][0x0][0x0][0x0][0x0][0x0]*[0x9]zookeeper.ssl.truststore.location = null[\n]"
17:34:41.922 [docker-java-stream--1935083709] DEBUG com.github.dockerjava.zerodep.shaded.org.apache.hc.client5.http.wire - http-outgoing-1 << "[\r][\n]"
17:34:41.922 [docker-java-stream--1935083709] DEBUG com.github.dockerjava.zerodep.shaded.org.apache.hc.client5.http.wire - http-outgoing-1 << "32[\r][\n]"
17:34:41.922 [docker-java-stream--1935083709] DEBUG com.github.dockerjava.zerodep.shaded.org.apache.hc.client5.http.wire - http-outgoing-1 << "[0x1][0x0][0x0][0x0][0x0][0x0][0x0]*[0x9]zookeeper.ssl.truststore.password = null[\n]"
17:34:41.922 [docker-java-stream--1935083709] DEBUG com.github.dockerjava.zerodep.shaded.org.apache.hc.client5.http.wire - http-outgoing-1 << "[\r][\n]"
17:34:41.922 [docker-java-stream--1935083709] DEBUG com.github.dockerjava.zerodep.shaded.org.apache.hc.client5.http.wire - http-outgoing-1 << "2e[\r][\n]"
17:34:41.922 [docker-java-stream--1935083709] DEBUG com.github.dockerjava.zerodep.shaded.org.apache.hc.client5.http.wire - http-outgoing-1 << "[0x1][0x0][0x0][0x0][0x0][0x0][0x0]&[0x9]zookeeper.ssl.truststore.type = null[\n]"
17:34:41.922 [docker-java-stream--1935083709] DEBUG com.github.dockerjava.zerodep.shaded.org.apache.hc.client5.http.wire - http-outgoing-1 << "[\r][\n]"
17:34:41.922 [docker-java-stream--1935083709] DEBUG com.github.dockerjava.zerodep.shaded.org.apache.hc.client5.http.wire - http-outgoing-1 << "24[\r][\n]"
17:34:41.922 [docker-java-stream--1935083709] DEBUG com.github.dockerjava.zerodep.shaded.org.apache.hc.client5.http.wire - http-outgoing-1 << "[0x1][0x0][0x0][0x0][0x0][0x0][0x0][0x1c] (kafka.server.KafkaConfig)[\n]"
17:34:41.922 [docker-java-stream--1935083709] DEBUG com.github.dockerjava.zerodep.shaded.org.apache.hc.client5.http.wire - http-outgoing-1 << "[\r][\n]"
17:34:41.926 [main] DEBUG org.testcontainers.containers.output.WaitingConsumer - STDOUT: 	remote.log.index.file.cache.total.size.bytes = 1073741824
17:34:41.926 [main] DEBUG org.testcontainers.containers.output.WaitingConsumer - STDOUT: 	quota.window.size.seconds = 1
17:34:41.926 [main] DEBUG org.testcontainers.containers.output.WaitingConsumer - STDOUT: 	quota.window.num = 11
17:34:41.926 [main] DEBUG org.testcontainers.containers.output.WaitingConsumer - STDOUT: 	queued.max.requests = 500
17:34:41.926 [main] DEBUG org.testcontainers.containers.output.WaitingConsumer - STDOUT: 	queued.max.request.bytes = -1
17:34:41.926 [main] DEBUG org.testcontainers.containers.output.WaitingConsumer - STDOUT: 	producer.purgatory.purge.interval.requests = 1000
17:34:41.926 [main] DEBUG org.testcontainers.containers.output.WaitingConsumer - STDOUT: 	producer.id.expiration.ms = 86400000
17:34:41.926 [main] DEBUG org.testcontainers.containers.output.WaitingConsumer - STDOUT: 	producer.id.expiration.check.interval.ms = 600000
17:34:41.926 [main] DEBUG org.testcontainers.containers.output.WaitingConsumer - STDOUT: 	process.roles = []
17:34:41.926 [main] DEBUG org.testcontainers.containers.output.WaitingConsumer - STDOUT: 	principal.builder.class = class org.apache.kafka.common.security.authenticator.DefaultKafkaPrincipalBuilder
17:34:41.926 [main] DEBUG org.testcontainers.containers.output.WaitingConsumer - STDOUT: 	password.encoder.secret = null
17:34:41.926 [main] DEBUG org.testcontainers.containers.output.WaitingConsumer - STDOUT: 	password.encoder.old.secret = null
17:34:41.926 [main] DEBUG org.testcontainers.containers.output.WaitingConsumer - STDOUT: 	password.encoder.keyfactory.algorithm = null
17:34:41.926 [main] DEBUG org.testcontainers.containers.output.WaitingConsumer - STDOUT: 	password.encoder.key.length = 128
17:34:41.926 [main] DEBUG org.testcontainers.containers.output.WaitingConsumer - STDOUT: 	password.encoder.iterations = 4096
17:34:41.926 [main] DEBUG org.testcontainers.containers.output.WaitingConsumer - STDOUT: 	connection.failed.authentication.delay.ms = 100
17:34:41.926 [main] DEBUG org.testcontainers.containers.output.WaitingConsumer - STDOUT: 	compression.type = producer
17:34:41.926 [main] DEBUG org.testcontainers.containers.output.WaitingConsumer - STDOUT: 	client.quota.callback.class = null
17:34:41.926 [main] DEBUG org.testcontainers.containers.output.WaitingConsumer - STDOUT: 	broker.session.timeout.ms = 9000
17:34:41.926 [main] DEBUG org.testcontainers.containers.output.WaitingConsumer - STDOUT: 	broker.rack = null
17:34:41.926 [main] DEBUG org.testcontainers.containers.output.WaitingConsumer - STDOUT: 	broker.id.generation.enable = true
17:34:41.926 [main] DEBUG org.testcontainers.containers.output.WaitingConsumer - STDOUT: 	broker.id = 1
17:34:41.927 [main] DEBUG org.testcontainers.containers.output.WaitingConsumer - STDOUT: 	broker.heartbeat.interval.ms = 2000
17:34:41.927 [main] DEBUG org.testcontainers.containers.output.WaitingConsumer - STDOUT: 	background.threads = 10
17:34:41.927 [main] DEBUG org.testcontainers.containers.output.WaitingConsumer - STDOUT: 	auto.leader.rebalance.enable = true
17:34:41.927 [main] DEBUG org.testcontainers.containers.output.WaitingConsumer - STDOUT: 	auto.include.jmx.reporter = true
17:34:41.927 [main] DEBUG org.testcontainers.containers.output.WaitingConsumer - STDOUT: 	auto.create.topics.enable = true
17:34:41.927 [main] DEBUG org.testcontainers.containers.output.WaitingConsumer - STDOUT: 	authorizer.class.name = 
17:34:41.927 [main] DEBUG org.testcontainers.containers.output.WaitingConsumer - STDOUT: 	alter.log.dirs.replication.quota.window.size.seconds = 1
17:34:41.927 [main] DEBUG org.testcontainers.containers.output.WaitingConsumer - STDOUT: 	alter.log.dirs.replication.quota.window.num = 11
17:34:41.927 [main] DEBUG org.testcontainers.containers.output.WaitingConsumer - STDOUT: 	alter.config.policy.class.name = null
17:34:41.927 [main] DEBUG org.testcontainers.containers.output.WaitingConsumer - STDOUT: 	advertised.listeners = PLAINTEXT://localhost:32785,BROKER://770af2197545:9092
17:34:41.927 [main] DEBUG org.testcontainers.containers.output.WaitingConsumer - STDOUT: [2024-12-20 16:34:41,881] INFO KafkaConfig values: 
17:34:41.937 [main] DEBUG org.testcontainers.containers.output.WaitingConsumer - STDOUT:  (kafka.server.KafkaConfig)
17:34:41.937 [main] DEBUG org.testcontainers.containers.output.WaitingConsumer - STDOUT: 	zookeeper.ssl.truststore.type = null
17:34:41.939 [main] DEBUG org.testcontainers.containers.output.WaitingConsumer - STDOUT: 	zookeeper.ssl.truststore.password = null
17:34:41.939 [main] DEBUG org.testcontainers.containers.output.WaitingConsumer - STDOUT: 	zookeeper.ssl.truststore.location = null
17:34:41.939 [main] DEBUG org.testcontainers.containers.output.WaitingConsumer - STDOUT: 	zookeeper.ssl.protocol = TLSv1.2
17:34:41.940 [main] DEBUG org.testcontainers.containers.output.WaitingConsumer - STDOUT: 	zookeeper.ssl.ocsp.enable = false
17:34:41.940 [main] DEBUG org.testcontainers.containers.output.WaitingConsumer - STDOUT: 	zookeeper.ssl.keystore.type = null
17:34:41.940 [main] DEBUG org.testcontainers.containers.output.WaitingConsumer - STDOUT: 	zookeeper.ssl.keystore.password = null
17:34:41.940 [main] DEBUG org.testcontainers.containers.output.WaitingConsumer - STDOUT: 	zookeeper.ssl.keystore.location = null
17:34:41.940 [main] DEBUG org.testcontainers.containers.output.WaitingConsumer - STDOUT: 	zookeeper.ssl.endpoint.identification.algorithm = HTTPS
17:34:41.940 [main] DEBUG org.testcontainers.containers.output.WaitingConsumer - STDOUT: 	zookeeper.ssl.enabled.protocols = null
17:34:41.940 [main] DEBUG org.testcontainers.containers.output.WaitingConsumer - STDOUT: 	zookeeper.ssl.crl.enable = false
17:34:41.940 [main] DEBUG org.testcontainers.containers.output.WaitingConsumer - STDOUT: 	zookeeper.ssl.client.enable = false
17:34:41.940 [main] DEBUG org.testcontainers.containers.output.WaitingConsumer - STDOUT: 	zookeeper.ssl.cipher.suites = null
17:34:41.940 [main] DEBUG org.testcontainers.containers.output.WaitingConsumer - STDOUT: 	zookeeper.set.acl = false
17:34:41.940 [main] DEBUG org.testcontainers.containers.output.WaitingConsumer - STDOUT: 	zookeeper.session.timeout.ms = 18000
17:34:41.940 [main] DEBUG org.testcontainers.containers.output.WaitingConsumer - STDOUT: 	zookeeper.metadata.migration.enable = false
17:34:41.940 [main] DEBUG org.testcontainers.containers.output.WaitingConsumer - STDOUT: 	zookeeper.max.in.flight.requests = 10
17:34:41.940 [main] DEBUG org.testcontainers.containers.output.WaitingConsumer - STDOUT: 	zookeeper.connection.timeout.ms = null
17:34:41.940 [main] DEBUG org.testcontainers.containers.output.WaitingConsumer - STDOUT: 	zookeeper.connect = localhost:2181
17:34:41.940 [main] DEBUG org.testcontainers.containers.output.WaitingConsumer - STDOUT: 	zookeeper.clientCnxnSocket = null
17:34:41.940 [main] DEBUG org.testcontainers.containers.output.WaitingConsumer - STDOUT: 	unclean.leader.election.enable = false
17:34:41.940 [main] DEBUG org.testcontainers.containers.output.WaitingConsumer - STDOUT: 	transactional.id.expiration.ms = 604800000
17:34:41.940 [main] DEBUG org.testcontainers.containers.output.WaitingConsumer - STDOUT: 	transaction.state.log.segment.bytes = 104857600
17:34:41.940 [main] DEBUG org.testcontainers.containers.output.WaitingConsumer - STDOUT: 	transaction.state.log.replication.factor = 1
17:34:41.940 [main] DEBUG org.testcontainers.containers.output.WaitingConsumer - STDOUT: 	transaction.state.log.num.partitions = 50
17:34:41.940 [main] DEBUG org.testcontainers.containers.output.WaitingConsumer - STDOUT: 	transaction.state.log.min.isr = 1
17:34:41.940 [main] DEBUG org.testcontainers.containers.output.WaitingConsumer - STDOUT: 	transaction.state.log.load.buffer.size = 5242880
17:34:41.940 [main] DEBUG org.testcontainers.containers.output.WaitingConsumer - STDOUT: 	transaction.remove.expired.transaction.cleanup.interval.ms = 3600000
17:34:41.940 [main] DEBUG org.testcontainers.containers.output.WaitingConsumer - STDOUT: 	transaction.max.timeout.ms = 900000
17:34:41.940 [main] DEBUG org.testcontainers.containers.output.WaitingConsumer - STDOUT: 	transaction.abort.timed.out.transaction.cleanup.interval.ms = 10000
17:34:41.940 [main] DEBUG org.testcontainers.containers.output.WaitingConsumer - STDOUT: 	ssl.truststore.type = JKS
17:34:41.941 [main] DEBUG org.testcontainers.containers.output.WaitingConsumer - STDOUT: 	ssl.truststore.password = null
17:34:41.941 [main] DEBUG org.testcontainers.containers.output.WaitingConsumer - STDOUT: 	ssl.truststore.location = null
17:34:41.941 [main] DEBUG org.testcontainers.containers.output.WaitingConsumer - STDOUT: 	ssl.truststore.certificates = null
17:34:41.941 [main] DEBUG org.testcontainers.containers.output.WaitingConsumer - STDOUT: 	ssl.trustmanager.algorithm = PKIX
17:34:41.941 [main] DEBUG org.testcontainers.containers.output.WaitingConsumer - STDOUT: 	ssl.secure.random.implementation = null
17:34:41.941 [main] DEBUG org.testcontainers.containers.output.WaitingConsumer - STDOUT: 	ssl.provider = null
17:34:41.941 [main] DEBUG org.testcontainers.containers.output.WaitingConsumer - STDOUT: 	ssl.protocol = TLSv1.3
17:34:41.941 [main] DEBUG org.testcontainers.containers.output.WaitingConsumer - STDOUT: 	ssl.principal.mapping.rules = DEFAULT
17:34:41.941 [main] DEBUG org.testcontainers.containers.output.WaitingConsumer - STDOUT: 	ssl.keystore.type = JKS
17:34:41.941 [main] DEBUG org.testcontainers.containers.output.WaitingConsumer - STDOUT: 	ssl.keystore.password = null
17:34:41.941 [main] DEBUG org.testcontainers.containers.output.WaitingConsumer - STDOUT: 	ssl.keystore.location = null
17:34:41.941 [main] DEBUG org.testcontainers.containers.output.WaitingConsumer - STDOUT: 	ssl.keystore.key = null
17:34:41.941 [main] DEBUG org.testcontainers.containers.output.WaitingConsumer - STDOUT: 	ssl.keystore.certificate.chain = null
17:34:41.941 [main] DEBUG org.testcontainers.containers.output.WaitingConsumer - STDOUT: 	ssl.keymanager.algorithm = SunX509
17:34:41.941 [main] DEBUG org.testcontainers.containers.output.WaitingConsumer - STDOUT: 	ssl.key.password = null
17:34:41.941 [main] DEBUG org.testcontainers.containers.output.WaitingConsumer - STDOUT: 	ssl.engine.factory.class = null
17:34:41.941 [main] DEBUG org.testcontainers.containers.output.WaitingConsumer - STDOUT: 	ssl.endpoint.identification.algorithm = https
17:34:41.941 [main] DEBUG org.testcontainers.containers.output.WaitingConsumer - STDOUT: 	ssl.enabled.protocols = [TLSv1.2, TLSv1.3]
17:34:41.941 [main] DEBUG org.testcontainers.containers.output.WaitingConsumer - STDOUT: 	ssl.client.auth = none
17:34:41.941 [main] DEBUG org.testcontainers.containers.output.WaitingConsumer - STDOUT: 	ssl.cipher.suites = []
17:34:41.944 [main] DEBUG org.testcontainers.containers.output.WaitingConsumer - STDOUT: 	socket.send.buffer.bytes = 102400
17:34:41.945 [main] DEBUG org.testcontainers.containers.output.WaitingConsumer - STDOUT: 	socket.request.max.bytes = 104857600
17:34:41.945 [main] DEBUG org.testcontainers.containers.output.WaitingConsumer - STDOUT: 	socket.receive.buffer.bytes = 102400
17:34:41.945 [main] DEBUG org.testcontainers.containers.output.WaitingConsumer - STDOUT: 	socket.listen.backlog.size = 50
17:34:41.945 [main] DEBUG org.testcontainers.containers.output.WaitingConsumer - STDOUT: 	socket.connection.setup.timeout.ms = 10000
17:34:41.945 [main] DEBUG org.testcontainers.containers.output.WaitingConsumer - STDOUT: 	socket.connection.setup.timeout.max.ms = 30000
17:34:41.945 [main] DEBUG org.testcontainers.containers.output.WaitingConsumer - STDOUT: 	security.providers = null
17:34:41.945 [main] DEBUG org.testcontainers.containers.output.WaitingConsumer - STDOUT: 	security.inter.broker.protocol = PLAINTEXT
17:34:41.945 [main] DEBUG org.testcontainers.containers.output.WaitingConsumer - STDOUT: 	sasl.server.max.receive.size = 524288
17:34:41.945 [main] DEBUG org.testcontainers.containers.output.WaitingConsumer - STDOUT: 	sasl.server.callback.handler.class = null
17:34:41.945 [main] DEBUG org.testcontainers.containers.output.WaitingConsumer - STDOUT: 	sasl.oauthbearer.token.endpoint.url = null
17:34:41.945 [main] DEBUG org.testcontainers.containers.output.WaitingConsumer - STDOUT: 	sasl.oauthbearer.sub.claim.name = sub
17:34:41.945 [main] DEBUG org.testcontainers.containers.output.WaitingConsumer - STDOUT: 	sasl.oauthbearer.scope.claim.name = scope
17:34:41.946 [main] DEBUG org.testcontainers.containers.output.WaitingConsumer - STDOUT: 	sasl.oauthbearer.jwks.endpoint.url = null
17:34:41.946 [main] DEBUG org.testcontainers.containers.output.WaitingConsumer - STDOUT: 	sasl.oauthbearer.jwks.endpoint.retry.backoff.ms = 100
17:34:41.946 [main] DEBUG org.testcontainers.containers.output.WaitingConsumer - STDOUT: 	sasl.oauthbearer.jwks.endpoint.retry.backoff.max.ms = 10000
17:34:41.946 [main] DEBUG org.testcontainers.containers.output.WaitingConsumer - STDOUT: 	sasl.oauthbearer.jwks.endpoint.refresh.ms = 3600000
17:34:41.946 [main] DEBUG org.testcontainers.containers.output.WaitingConsumer - STDOUT: 	sasl.oauthbearer.expected.issuer = null
17:34:41.947 [main] DEBUG org.testcontainers.containers.output.WaitingConsumer - STDOUT: 	sasl.oauthbearer.expected.audience = null
17:34:41.947 [main] DEBUG org.testcontainers.containers.output.WaitingConsumer - STDOUT: 	sasl.oauthbearer.clock.skew.seconds = 30
17:34:41.947 [main] DEBUG org.testcontainers.containers.output.WaitingConsumer - STDOUT: 	sasl.mechanism.inter.broker.protocol = GSSAPI
17:34:41.947 [main] DEBUG org.testcontainers.containers.output.WaitingConsumer - STDOUT: 	sasl.mechanism.controller.protocol = GSSAPI
17:34:41.947 [main] DEBUG org.testcontainers.containers.output.WaitingConsumer - STDOUT: 	sasl.login.retry.backoff.ms = 100
17:34:41.947 [main] DEBUG org.testcontainers.containers.output.WaitingConsumer - STDOUT: 	sasl.login.retry.backoff.max.ms = 10000
17:34:41.947 [main] DEBUG org.testcontainers.containers.output.WaitingConsumer - STDOUT: 	sasl.login.refresh.window.jitter = 0.05
17:34:41.947 [main] DEBUG org.testcontainers.containers.output.WaitingConsumer - STDOUT: 	sasl.login.refresh.window.factor = 0.8
17:34:41.947 [main] DEBUG org.testcontainers.containers.output.WaitingConsumer - STDOUT: 	sasl.login.refresh.min.period.seconds = 60
17:34:41.947 [main] DEBUG org.testcontainers.containers.output.WaitingConsumer - STDOUT: 	sasl.login.refresh.buffer.seconds = 300
17:34:41.947 [main] DEBUG org.testcontainers.containers.output.WaitingConsumer - STDOUT: 	sasl.login.read.timeout.ms = null
17:34:41.947 [main] DEBUG org.testcontainers.containers.output.WaitingConsumer - STDOUT: 	sasl.login.connect.timeout.ms = null
17:34:41.947 [main] DEBUG org.testcontainers.containers.output.WaitingConsumer - STDOUT: 	sasl.login.class = null
17:34:41.947 [main] DEBUG org.testcontainers.containers.output.WaitingConsumer - STDOUT: 	sasl.login.callback.handler.class = null
17:34:41.947 [main] DEBUG org.testcontainers.containers.output.WaitingConsumer - STDOUT: 	sasl.kerberos.ticket.renew.window.factor = 0.8
17:34:41.947 [main] DEBUG org.testcontainers.containers.output.WaitingConsumer - STDOUT: 	sasl.kerberos.ticket.renew.jitter = 0.05
17:34:41.947 [main] DEBUG org.testcontainers.containers.output.WaitingConsumer - STDOUT: 	sasl.kerberos.service.name = null
17:34:41.947 [main] DEBUG org.testcontainers.containers.output.WaitingConsumer - STDOUT: 	sasl.kerberos.principal.to.local.rules = [DEFAULT]
17:34:41.948 [main] DEBUG org.testcontainers.containers.output.WaitingConsumer - STDOUT: 	sasl.kerberos.min.time.before.relogin = 60000
17:34:41.948 [main] DEBUG org.testcontainers.containers.output.WaitingConsumer - STDOUT: 	sasl.kerberos.kinit.cmd = /usr/bin/kinit
17:34:41.948 [main] DEBUG org.testcontainers.containers.output.WaitingConsumer - STDOUT: 	sasl.jaas.config = null
17:34:41.948 [main] DEBUG org.testcontainers.containers.output.WaitingConsumer - STDOUT: 	sasl.enabled.mechanisms = [GSSAPI]
17:34:41.948 [main] DEBUG org.testcontainers.containers.output.WaitingConsumer - STDOUT: 	sasl.client.callback.handler.class = null
17:34:41.948 [main] DEBUG org.testcontainers.containers.output.WaitingConsumer - STDOUT: 	reserved.broker.max.id = 1000
17:34:41.948 [main] DEBUG org.testcontainers.containers.output.WaitingConsumer - STDOUT: 	request.timeout.ms = 30000
17:34:41.948 [main] DEBUG org.testcontainers.containers.output.WaitingConsumer - STDOUT: 	replication.quota.window.size.seconds = 1
17:34:41.948 [main] DEBUG org.testcontainers.containers.output.WaitingConsumer - STDOUT: 	replication.quota.window.num = 11
17:34:41.948 [main] DEBUG org.testcontainers.containers.output.WaitingConsumer - STDOUT: 	replica.socket.timeout.ms = 30000
17:34:41.948 [main] DEBUG org.testcontainers.containers.output.WaitingConsumer - STDOUT: 	replica.socket.receive.buffer.bytes = 65536
17:34:41.948 [main] DEBUG org.testcontainers.containers.output.WaitingConsumer - STDOUT: 	replica.selector.class = null
17:34:41.950 [main] DEBUG org.testcontainers.containers.output.WaitingConsumer - STDOUT: 	replica.lag.time.max.ms = 30000
17:34:41.950 [main] DEBUG org.testcontainers.containers.output.WaitingConsumer - STDOUT: 	replica.high.watermark.checkpoint.interval.ms = 5000
17:34:41.950 [main] DEBUG org.testcontainers.containers.output.WaitingConsumer - STDOUT: 	replica.fetch.wait.max.ms = 500
17:34:41.950 [main] DEBUG org.testcontainers.containers.output.WaitingConsumer - STDOUT: 	replica.fetch.response.max.bytes = 10485760
17:34:41.950 [main] DEBUG org.testcontainers.containers.output.WaitingConsumer - STDOUT: 	replica.fetch.min.bytes = 1
17:34:41.950 [main] DEBUG org.testcontainers.containers.output.WaitingConsumer - STDOUT: 	replica.fetch.max.bytes = 1048576
17:34:41.950 [main] DEBUG org.testcontainers.containers.output.WaitingConsumer - STDOUT: 	replica.fetch.backoff.ms = 1000
17:34:41.950 [main] DEBUG org.testcontainers.containers.output.WaitingConsumer - STDOUT: 	remote.log.storage.system.enable = false
17:34:41.951 [main] DEBUG org.testcontainers.containers.output.WaitingConsumer - STDOUT: 	remote.log.storage.manager.impl.prefix = null
17:34:41.951 [main] DEBUG org.testcontainers.containers.output.WaitingConsumer - STDOUT: 	remote.log.storage.manager.class.path = null
17:34:41.951 [main] DEBUG org.testcontainers.containers.output.WaitingConsumer - STDOUT: 	remote.log.storage.manager.class.name = null
17:34:41.951 [main] DEBUG org.testcontainers.containers.output.WaitingConsumer - STDOUT: 	remote.log.reader.threads = 10
17:34:41.951 [main] DEBUG org.testcontainers.containers.output.WaitingConsumer - STDOUT: 	remote.log.reader.max.pending.tasks = 100
17:34:41.951 [main] DEBUG org.testcontainers.containers.output.WaitingConsumer - STDOUT: 	remote.log.metadata.manager.listener.name = null
17:34:41.951 [main] DEBUG org.testcontainers.containers.output.WaitingConsumer - STDOUT: 	remote.log.metadata.manager.impl.prefix = null
17:34:41.951 [main] DEBUG org.testcontainers.containers.output.WaitingConsumer - STDOUT: 	remote.log.metadata.manager.class.path = null
17:34:41.951 [main] DEBUG org.testcontainers.containers.output.WaitingConsumer - STDOUT: 	remote.log.metadata.manager.class.name = null
17:34:41.951 [main] DEBUG org.testcontainers.containers.output.WaitingConsumer - STDOUT: 	remote.log.manager.thread.pool.size = 10
17:34:41.951 [main] DEBUG org.testcontainers.containers.output.WaitingConsumer - STDOUT: 	remote.log.manager.task.retry.jitter = 0.2
17:34:41.951 [main] DEBUG org.testcontainers.containers.output.WaitingConsumer - STDOUT: 	remote.log.manager.task.retry.backoff.ms = 500
17:34:41.951 [main] DEBUG org.testcontainers.containers.output.WaitingConsumer - STDOUT: 	remote.log.manager.task.retry.backoff.max.ms = 30000
17:34:41.951 [main] DEBUG org.testcontainers.containers.output.WaitingConsumer - STDOUT: 	remote.log.manager.task.interval.ms = 30000
17:34:41.971 [docker-java-stream--1935083709] DEBUG com.github.dockerjava.zerodep.shaded.org.apache.hc.client5.http.wire - http-outgoing-1 << "8b[\r][\n]"
17:34:41.971 [docker-java-stream--1935083709] DEBUG com.github.dockerjava.zerodep.shaded.org.apache.hc.client5.http.wire - http-outgoing-1 << "[0x1][0x0][0x0][0x0][0x0][0x0][0x0][0xffffff83][2024-12-20 16:34:41,969] INFO [ThrottledChannelReaper-Produce]: Starting (kafka.server.ClientQuotaManager$ThrottledChannelReaper)[\n]"
17:34:41.971 [docker-java-stream--1935083709] DEBUG com.github.dockerjava.zerodep.shaded.org.apache.hc.client5.http.wire - http-outgoing-1 << "[\r][\n]"
17:34:41.971 [docker-java-stream--1935083709] DEBUG com.github.dockerjava.zerodep.shaded.org.apache.hc.client5.http.wire - http-outgoing-1 << "89[\r][\n]"
17:34:41.971 [docker-java-stream--1935083709] DEBUG com.github.dockerjava.zerodep.shaded.org.apache.hc.client5.http.wire - http-outgoing-1 << "[0x1][0x0][0x0][0x0][0x0][0x0][0x0][0xffffff81][2024-12-20 16:34:41,969] INFO [ThrottledChannelReaper-Fetch]: Starting (kafka.server.ClientQuotaManager$ThrottledChannelReaper)[\n]"
17:34:41.971 [docker-java-stream--1935083709] DEBUG com.github.dockerjava.zerodep.shaded.org.apache.hc.client5.http.wire - http-outgoing-1 << "[\r][\n]"
17:34:41.972 [main] DEBUG org.testcontainers.containers.output.WaitingConsumer - STDOUT: [2024-12-20 16:34:41,969] INFO [ThrottledChannelReaper-Fetch]: Starting (kafka.server.ClientQuotaManager$ThrottledChannelReaper)
17:34:41.972 [main] DEBUG org.testcontainers.containers.output.WaitingConsumer - STDOUT: [2024-12-20 16:34:41,969] INFO [ThrottledChannelReaper-Produce]: Starting (kafka.server.ClientQuotaManager$ThrottledChannelReaper)
17:34:41.973 [docker-java-stream--1935083709] DEBUG com.github.dockerjava.zerodep.shaded.org.apache.hc.client5.http.wire - http-outgoing-1 << "8b[\r][\n]"
17:34:41.973 [docker-java-stream--1935083709] DEBUG com.github.dockerjava.zerodep.shaded.org.apache.hc.client5.http.wire - http-outgoing-1 << "[0x1][0x0][0x0][0x0][0x0][0x0][0x0][0xffffff83][2024-12-20 16:34:41,972] INFO [ThrottledChannelReaper-Request]: Starting (kafka.server.ClientQuotaManager$ThrottledChannelReaper)[\n]"
17:34:41.973 [docker-java-stream--1935083709] DEBUG com.github.dockerjava.zerodep.shaded.org.apache.hc.client5.http.wire - http-outgoing-1 << "[\r][\n]"
17:34:41.978 [docker-java-stream--1935083709] DEBUG com.github.dockerjava.zerodep.shaded.org.apache.hc.client5.http.wire - http-outgoing-1 << "96[\r][\n]"
17:34:41.978 [docker-java-stream--1935083709] DEBUG com.github.dockerjava.zerodep.shaded.org.apache.hc.client5.http.wire - http-outgoing-1 << "[0x1][0x0][0x0][0x0][0x0][0x0][0x0][0xffffff8e][2024-12-20 16:34:41,977] INFO [ThrottledChannelReaper-ControllerMutation]: Starting (kafka.server.ClientQuotaManager$ThrottledChannelReaper)[\n]"
17:34:41.978 [docker-java-stream--1935083709] DEBUG com.github.dockerjava.zerodep.shaded.org.apache.hc.client5.http.wire - http-outgoing-1 << "[\r][\n]"
17:34:41.982 [main] DEBUG org.testcontainers.containers.output.WaitingConsumer - STDOUT: [2024-12-20 16:34:41,977] INFO [ThrottledChannelReaper-ControllerMutation]: Starting (kafka.server.ClientQuotaManager$ThrottledChannelReaper)
17:34:41.982 [main] DEBUG org.testcontainers.containers.output.WaitingConsumer - STDOUT: [2024-12-20 16:34:41,972] INFO [ThrottledChannelReaper-Request]: Starting (kafka.server.ClientQuotaManager$ThrottledChannelReaper)
17:34:42.035 [docker-java-stream--1935083709] DEBUG com.github.dockerjava.zerodep.shaded.org.apache.hc.client5.http.wire - http-outgoing-1 << "77[\r][\n]"
17:34:42.035 [docker-java-stream--1935083709] DEBUG com.github.dockerjava.zerodep.shaded.org.apache.hc.client5.http.wire - http-outgoing-1 << "[0x1][0x0][0x0][0x0][0x0][0x0][0x0]o[2024-12-20 16:34:42,034] INFO Loading logs from log dirs ArraySeq(/var/lib/kafka/data) (kafka.log.LogManager)[\n]"
17:34:42.035 [docker-java-stream--1935083709] DEBUG com.github.dockerjava.zerodep.shaded.org.apache.hc.client5.http.wire - http-outgoing-1 << "[\r][\n]"
17:34:42.039 [main] DEBUG org.testcontainers.containers.output.WaitingConsumer - STDOUT: [2024-12-20 16:34:42,034] INFO Loading logs from log dirs ArraySeq(/var/lib/kafka/data) (kafka.log.LogManager)
17:34:42.042 [docker-java-stream--1935083709] DEBUG com.github.dockerjava.zerodep.shaded.org.apache.hc.client5.http.wire - http-outgoing-1 << "9d[\r][\n]"
17:34:42.042 [docker-java-stream--1935083709] DEBUG com.github.dockerjava.zerodep.shaded.org.apache.hc.client5.http.wire - http-outgoing-1 << "[0x1][0x0][0x0][0x0][0x0][0x0][0x0][0xffffff95][2024-12-20 16:34:42,041] INFO Attempting recovery for all logs in /var/lib/kafka/data since no clean shutdown file was found (kafka.log.LogManager)[\n]"
17:34:42.042 [docker-java-stream--1935083709] DEBUG com.github.dockerjava.zerodep.shaded.org.apache.hc.client5.http.wire - http-outgoing-1 << "[\r][\n]"
17:34:42.050 [main] DEBUG org.testcontainers.containers.output.WaitingConsumer - STDOUT: [2024-12-20 16:34:42,041] INFO Attempting recovery for all logs in /var/lib/kafka/data since no clean shutdown file was found (kafka.log.LogManager)
17:34:42.071 [docker-java-stream--1935083709] DEBUG com.github.dockerjava.zerodep.shaded.org.apache.hc.client5.http.wire - http-outgoing-1 << "55[\r][\n]"
17:34:42.071 [docker-java-stream--1935083709] DEBUG com.github.dockerjava.zerodep.shaded.org.apache.hc.client5.http.wire - http-outgoing-1 << "[0x1][0x0][0x0][0x0][0x0][0x0][0x0]M[2024-12-20 16:34:42,069] INFO Loaded 0 logs in 35ms. (kafka.log.LogManager)[\n]"
17:34:42.071 [docker-java-stream--1935083709] DEBUG com.github.dockerjava.zerodep.shaded.org.apache.hc.client5.http.wire - http-outgoing-1 << "[\r][\n]"
17:34:42.071 [docker-java-stream--1935083709] DEBUG com.github.dockerjava.zerodep.shaded.org.apache.hc.client5.http.wire - http-outgoing-1 << "6f[\r][\n]"
17:34:42.071 [docker-java-stream--1935083709] DEBUG com.github.dockerjava.zerodep.shaded.org.apache.hc.client5.http.wire - http-outgoing-1 << "[0x1][0x0][0x0][0x0][0x0][0x0][0x0]g[2024-12-20 16:34:42,070] INFO Starting log cleanup with a period of 300000 ms. (kafka.log.LogManager)[\n]"
17:34:42.072 [docker-java-stream--1935083709] DEBUG com.github.dockerjava.zerodep.shaded.org.apache.hc.client5.http.wire - http-outgoing-1 << "[\r][\n]"
17:34:42.072 [main] DEBUG org.testcontainers.containers.output.WaitingConsumer - STDOUT: [2024-12-20 16:34:42,070] INFO Starting log cleanup with a period of 300000 ms. (kafka.log.LogManager)
17:34:42.073 [main] DEBUG org.testcontainers.containers.output.WaitingConsumer - STDOUT: [2024-12-20 16:34:42,069] INFO Loaded 0 logs in 35ms. (kafka.log.LogManager)
17:34:42.075 [docker-java-stream--1935083709] DEBUG com.github.dockerjava.zerodep.shaded.org.apache.hc.client5.http.wire - http-outgoing-1 << "84[\r][\n]"
17:34:42.076 [docker-java-stream--1935083709] DEBUG com.github.dockerjava.zerodep.shaded.org.apache.hc.client5.http.wire - http-outgoing-1 << "[0x1][0x0][0x0][0x0][0x0][0x0][0x0]|[2024-12-20 16:34:42,075] INFO Starting log flusher with a default period of 9223372036854775807 ms. (kafka.log.LogManager)[\n]"
17:34:42.076 [docker-java-stream--1935083709] DEBUG com.github.dockerjava.zerodep.shaded.org.apache.hc.client5.http.wire - http-outgoing-1 << "[\r][\n]"
17:34:42.083 [main] DEBUG org.testcontainers.containers.output.WaitingConsumer - STDOUT: [2024-12-20 16:34:42,075] INFO Starting log flusher with a default period of 9223372036854775807 ms. (kafka.log.LogManager)
17:34:42.104 [docker-java-stream--1935083709] DEBUG com.github.dockerjava.zerodep.shaded.org.apache.hc.client5.http.wire - http-outgoing-1 << "57[\r][\n]"
17:34:42.104 [docker-java-stream--1935083709] DEBUG com.github.dockerjava.zerodep.shaded.org.apache.hc.client5.http.wire - http-outgoing-1 << "[0x1][0x0][0x0][0x0][0x0][0x0][0x0]O[2024-12-20 16:34:42,103] INFO Starting the log cleaner (kafka.log.LogCleaner)[\n]"
17:34:42.104 [docker-java-stream--1935083709] DEBUG com.github.dockerjava.zerodep.shaded.org.apache.hc.client5.http.wire - http-outgoing-1 << "[\r][\n]"
17:34:42.104 [main] DEBUG org.testcontainers.containers.output.WaitingConsumer - STDOUT: [2024-12-20 16:34:42,103] INFO Starting the log cleaner (kafka.log.LogCleaner)
17:34:42.260 [docker-java-stream--1935083709] DEBUG com.github.dockerjava.zerodep.shaded.org.apache.hc.client5.http.wire - http-outgoing-1 << "65[\r][\n]"
17:34:42.260 [docker-java-stream--1935083709] DEBUG com.github.dockerjava.zerodep.shaded.org.apache.hc.client5.http.wire - http-outgoing-1 << "[0x1][0x0][0x0][0x0][0x0][0x0][0x0]][2024-12-20 16:34:42,259] INFO [kafka-log-cleaner-thread-0]: Starting (kafka.log.LogCleaner)[\n]"
17:34:42.260 [docker-java-stream--1935083709] DEBUG com.github.dockerjava.zerodep.shaded.org.apache.hc.client5.http.wire - http-outgoing-1 << "[\r][\n]"
17:34:42.260 [main] DEBUG org.testcontainers.containers.output.WaitingConsumer - STDOUT: [2024-12-20 16:34:42,259] INFO [kafka-log-cleaner-thread-0]: Starting (kafka.log.LogCleaner)
17:34:42.290 [docker-java-stream--1935083709] DEBUG com.github.dockerjava.zerodep.shaded.org.apache.hc.client5.http.wire - http-outgoing-1 << "a8[\r][\n]"
17:34:42.291 [docker-java-stream--1935083709] DEBUG com.github.dockerjava.zerodep.shaded.org.apache.hc.client5.http.wire - http-outgoing-1 << "[0x1][0x0][0x0][0x0][0x0][0x0][0x0][0xffffffa0][2024-12-20 16:34:42,290] INFO [feature-zk-node-event-process-thread]: Starting (kafka.server.FinalizedFeatureChangeListener$ChangeNotificationProcessorThread)[\n]"
17:34:42.291 [docker-java-stream--1935083709] DEBUG com.github.dockerjava.zerodep.shaded.org.apache.hc.client5.http.wire - http-outgoing-1 << "[\r][\n]"
17:34:42.291 [main] DEBUG org.testcontainers.containers.output.WaitingConsumer - STDOUT: [2024-12-20 16:34:42,290] INFO [feature-zk-node-event-process-thread]: Starting (kafka.server.FinalizedFeatureChangeListener$ChangeNotificationProcessorThread)
17:34:42.319 [docker-java-stream--1935083709] DEBUG com.github.dockerjava.zerodep.shaded.org.apache.hc.client5.http.wire - http-outgoing-1 << "86[\r][\n]"
17:34:42.319 [docker-java-stream--1935083709] DEBUG com.github.dockerjava.zerodep.shaded.org.apache.hc.client5.http.wire - http-outgoing-1 << "[0x1][0x0][0x0][0x0][0x0][0x0][0x0]~[2024-12-20 16:34:42,319] INFO Feature ZK node at path: /feature does not exist (kafka.server.FinalizedFeatureChangeListener)[\n]"
17:34:42.319 [docker-java-stream--1935083709] DEBUG com.github.dockerjava.zerodep.shaded.org.apache.hc.client5.http.wire - http-outgoing-1 << "[\r][\n]"
17:34:42.320 [main] DEBUG org.testcontainers.containers.output.WaitingConsumer - STDOUT: [2024-12-20 16:34:42,319] INFO Feature ZK node at path: /feature does not exist (kafka.server.FinalizedFeatureChangeListener)
17:34:42.359 [docker-java-stream--1935083709] DEBUG com.github.dockerjava.zerodep.shaded.org.apache.hc.client5.http.wire - http-outgoing-1 << "9c[\r][\n]"
17:34:42.359 [docker-java-stream--1935083709] DEBUG com.github.dockerjava.zerodep.shaded.org.apache.hc.client5.http.wire - http-outgoing-1 << "[0x1][0x0][0x0][0x0][0x0][0x0][0x0][0xffffff94][2024-12-20 16:34:42,359] INFO [BrokerToControllerChannelManager broker=1 name=forwarding]: Starting (kafka.server.BrokerToControllerRequestThread)[\n]"
17:34:42.359 [docker-java-stream--1935083709] DEBUG com.github.dockerjava.zerodep.shaded.org.apache.hc.client5.http.wire - http-outgoing-1 << "[\r][\n]"
17:34:42.359 [main] DEBUG org.testcontainers.containers.output.WaitingConsumer - STDOUT: [2024-12-20 16:34:42,359] INFO [BrokerToControllerChannelManager broker=1 name=forwarding]: Starting (kafka.server.BrokerToControllerRequestThread)
17:34:43.062 [docker-java-stream--1935083709] DEBUG com.github.dockerjava.zerodep.shaded.org.apache.hc.client5.http.wire - http-outgoing-1 << "92[\r][\n]"
17:34:43.062 [docker-java-stream--1935083709] DEBUG com.github.dockerjava.zerodep.shaded.org.apache.hc.client5.http.wire - http-outgoing-1 << "[0x1][0x0][0x0][0x0][0x0][0x0][0x0][0xffffff8a][2024-12-20 16:34:43,062] INFO Updated connection-accept-rate max connection creation rate to 2147483647 (kafka.network.ConnectionQuotas)[\n]"
17:34:43.062 [docker-java-stream--1935083709] DEBUG com.github.dockerjava.zerodep.shaded.org.apache.hc.client5.http.wire - http-outgoing-1 << "[\r][\n]"
17:34:43.063 [main] DEBUG org.testcontainers.containers.output.WaitingConsumer - STDOUT: [2024-12-20 16:34:43,062] INFO Updated connection-accept-rate max connection creation rate to 2147483647 (kafka.network.ConnectionQuotas)
17:34:43.071 [docker-java-stream--1935083709] DEBUG com.github.dockerjava.zerodep.shaded.org.apache.hc.client5.http.wire - http-outgoing-1 << "76[\r][\n]"
17:34:43.071 [docker-java-stream--1935083709] DEBUG com.github.dockerjava.zerodep.shaded.org.apache.hc.client5.http.wire - http-outgoing-1 << "[0x1][0x0][0x0][0x0][0x0][0x0][0x0]n[2024-12-20 16:34:43,070] INFO Awaiting socket connections on 0.0.0.0:9093. (kafka.network.DataPlaneAcceptor)[\n]"
17:34:43.071 [docker-java-stream--1935083709] DEBUG com.github.dockerjava.zerodep.shaded.org.apache.hc.client5.http.wire - http-outgoing-1 << "[\r][\n]"
17:34:43.073 [main] DEBUG org.testcontainers.containers.output.WaitingConsumer - STDOUT: [2024-12-20 16:34:43,070] INFO Awaiting socket connections on 0.0.0.0:9093. (kafka.network.DataPlaneAcceptor)
17:34:43.123 [docker-java-stream--1935083709] DEBUG com.github.dockerjava.zerodep.shaded.org.apache.hc.client5.http.wire - http-outgoing-1 << "c6[\r][\n]"
17:34:43.123 [docker-java-stream--1935083709] DEBUG com.github.dockerjava.zerodep.shaded.org.apache.hc.client5.http.wire - http-outgoing-1 << "[0x1][0x0][0x0][0x0][0x0][0x0][0x0][0xffffffbe][2024-12-20 16:34:43,123] INFO [SocketServer listenerType=ZK_BROKER, nodeId=1] Created data-plane acceptor and processors for endpoint : ListenerName(PLAINTEXT) (kafka.network.SocketServer)[\n]"
17:34:43.123 [docker-java-stream--1935083709] DEBUG com.github.dockerjava.zerodep.shaded.org.apache.hc.client5.http.wire - http-outgoing-1 << "[\r][\n]"
17:34:43.123 [main] DEBUG org.testcontainers.containers.output.WaitingConsumer - STDOUT: [2024-12-20 16:34:43,123] INFO [SocketServer listenerType=ZK_BROKER, nodeId=1] Created data-plane acceptor and processors for endpoint : ListenerName(PLAINTEXT) (kafka.network.SocketServer)
17:34:43.124 [docker-java-stream--1935083709] DEBUG com.github.dockerjava.zerodep.shaded.org.apache.hc.client5.http.wire - http-outgoing-1 << "92[\r][\n]"
17:34:43.124 [docker-java-stream--1935083709] DEBUG com.github.dockerjava.zerodep.shaded.org.apache.hc.client5.http.wire - http-outgoing-1 << "[0x1][0x0][0x0][0x0][0x0][0x0][0x0][0xffffff8a][2024-12-20 16:34:43,124] INFO Updated connection-accept-rate max connection creation rate to 2147483647 (kafka.network.ConnectionQuotas)[\n]"
17:34:43.124 [docker-java-stream--1935083709] DEBUG com.github.dockerjava.zerodep.shaded.org.apache.hc.client5.http.wire - http-outgoing-1 << "[\r][\n]"
17:34:43.124 [docker-java-stream--1935083709] DEBUG com.github.dockerjava.zerodep.shaded.org.apache.hc.client5.http.wire - http-outgoing-1 << "76[\r][\n]"
17:34:43.124 [docker-java-stream--1935083709] DEBUG com.github.dockerjava.zerodep.shaded.org.apache.hc.client5.http.wire - http-outgoing-1 << "[0x1][0x0][0x0][0x0][0x0][0x0][0x0]n[2024-12-20 16:34:43,124] INFO Awaiting socket connections on 0.0.0.0:9092. (kafka.network.DataPlaneAcceptor)[\n]"
17:34:43.124 [docker-java-stream--1935083709] DEBUG com.github.dockerjava.zerodep.shaded.org.apache.hc.client5.http.wire - http-outgoing-1 << "[\r][\n]"
17:34:43.133 [docker-java-stream--1935083709] DEBUG com.github.dockerjava.zerodep.shaded.org.apache.hc.client5.http.wire - http-outgoing-1 << "c3[\r][\n]"
17:34:43.134 [docker-java-stream--1935083709] DEBUG com.github.dockerjava.zerodep.shaded.org.apache.hc.client5.http.wire - http-outgoing-1 << "[0x1][0x0][0x0][0x0][0x0][0x0][0x0][0xffffffbb][2024-12-20 16:34:43,133] INFO [SocketServer listenerType=ZK_BROKER, nodeId=1] Created data-plane acceptor and processors for endpoint : ListenerName(BROKER) (kafka.network.SocketServer)[\n]"
17:34:43.134 [docker-java-stream--1935083709] DEBUG com.github.dockerjava.zerodep.shaded.org.apache.hc.client5.http.wire - http-outgoing-1 << "[\r][\n]"
17:34:43.134 [main] DEBUG org.testcontainers.containers.output.WaitingConsumer - STDOUT: [2024-12-20 16:34:43,124] INFO Awaiting socket connections on 0.0.0.0:9092. (kafka.network.DataPlaneAcceptor)
17:34:43.134 [main] DEBUG org.testcontainers.containers.output.WaitingConsumer - STDOUT: [2024-12-20 16:34:43,133] INFO [SocketServer listenerType=ZK_BROKER, nodeId=1] Created data-plane acceptor and processors for endpoint : ListenerName(BROKER) (kafka.network.SocketServer)
17:34:43.134 [main] DEBUG org.testcontainers.containers.output.WaitingConsumer - STDOUT: [2024-12-20 16:34:43,124] INFO Updated connection-accept-rate max connection creation rate to 2147483647 (kafka.network.ConnectionQuotas)
17:34:43.144 [docker-java-stream--1935083709] DEBUG com.github.dockerjava.zerodep.shaded.org.apache.hc.client5.http.wire - http-outgoing-1 << "a0[\r][\n]"
17:34:43.144 [docker-java-stream--1935083709] DEBUG com.github.dockerjava.zerodep.shaded.org.apache.hc.client5.http.wire - http-outgoing-1 << "[0x1][0x0][0x0][0x0][0x0][0x0][0x0][0xffffff98][2024-12-20 16:34:43,144] INFO [BrokerToControllerChannelManager broker=1 name=alterPartition]: Starting (kafka.server.BrokerToControllerRequestThread)[\n]"
17:34:43.144 [docker-java-stream--1935083709] DEBUG com.github.dockerjava.zerodep.shaded.org.apache.hc.client5.http.wire - http-outgoing-1 << "[\r][\n]"
17:34:43.145 [main] DEBUG org.testcontainers.containers.output.WaitingConsumer - STDOUT: [2024-12-20 16:34:43,144] INFO [BrokerToControllerChannelManager broker=1 name=alterPartition]: Starting (kafka.server.BrokerToControllerRequestThread)
17:34:43.192 [docker-java-stream--1935083709] DEBUG com.github.dockerjava.zerodep.shaded.org.apache.hc.client5.http.wire - http-outgoing-1 << "8e[\r][\n]"
17:34:43.192 [docker-java-stream--1935083709] DEBUG com.github.dockerjava.zerodep.shaded.org.apache.hc.client5.http.wire - http-outgoing-1 << "[0x1][0x0][0x0][0x0][0x0][0x0][0x0][0xffffff86][2024-12-20 16:34:43,191] INFO [ExpirationReaper-1-Produce]: Starting (kafka.server.DelayedOperationPurgatory$ExpiredOperationReaper)[\n]"
17:34:43.192 [docker-java-stream--1935083709] DEBUG com.github.dockerjava.zerodep.shaded.org.apache.hc.client5.http.wire - http-outgoing-1 << "[\r][\n]"
17:34:43.192 [main] DEBUG org.testcontainers.containers.output.WaitingConsumer - STDOUT: [2024-12-20 16:34:43,191] INFO [ExpirationReaper-1-Produce]: Starting (kafka.server.DelayedOperationPurgatory$ExpiredOperationReaper)
17:34:43.194 [docker-java-stream--1935083709] DEBUG com.github.dockerjava.zerodep.shaded.org.apache.hc.client5.http.wire - http-outgoing-1 << "8c[\r][\n]"
17:34:43.194 [docker-java-stream--1935083709] DEBUG com.github.dockerjava.zerodep.shaded.org.apache.hc.client5.http.wire - http-outgoing-1 << "[0x1][0x0][0x0][0x0][0x0][0x0][0x0][0xffffff84][2024-12-20 16:34:43,194] INFO [ExpirationReaper-1-Fetch]: Starting (kafka.server.DelayedOperationPurgatory$ExpiredOperationReaper)[\n]"
17:34:43.194 [docker-java-stream--1935083709] DEBUG com.github.dockerjava.zerodep.shaded.org.apache.hc.client5.http.wire - http-outgoing-1 << "[\r][\n]"
17:34:43.197 [docker-java-stream--1935083709] DEBUG com.github.dockerjava.zerodep.shaded.org.apache.hc.client5.http.wire - http-outgoing-1 << "94[\r][\n]"
17:34:43.197 [docker-java-stream--1935083709] DEBUG com.github.dockerjava.zerodep.shaded.org.apache.hc.client5.http.wire - http-outgoing-1 << "[0x1][0x0][0x0][0x0][0x0][0x0][0x0][0xffffff8c][2024-12-20 16:34:43,197] INFO [ExpirationReaper-1-DeleteRecords]: Starting (kafka.server.DelayedOperationPurgatory$ExpiredOperationReaper)[\n]"
17:34:43.197 [docker-java-stream--1935083709] DEBUG com.github.dockerjava.zerodep.shaded.org.apache.hc.client5.http.wire - http-outgoing-1 << "[\r][\n]"
17:34:43.199 [docker-java-stream--1935083709] DEBUG com.github.dockerjava.zerodep.shaded.org.apache.hc.client5.http.wire - http-outgoing-1 << "92[\r][\n]"
17:34:43.200 [docker-java-stream--1935083709] DEBUG com.github.dockerjava.zerodep.shaded.org.apache.hc.client5.http.wire - http-outgoing-1 << "[0x1][0x0][0x0][0x0][0x0][0x0][0x0][0xffffff8a][2024-12-20 16:34:43,199] INFO [ExpirationReaper-1-ElectLeader]: Starting (kafka.server.DelayedOperationPurgatory$ExpiredOperationReaper)[\n]"
17:34:43.200 [docker-java-stream--1935083709] DEBUG com.github.dockerjava.zerodep.shaded.org.apache.hc.client5.http.wire - http-outgoing-1 << "[\r][\n]"
17:34:43.202 [main] DEBUG org.testcontainers.containers.output.WaitingConsumer - STDOUT: [2024-12-20 16:34:43,199] INFO [ExpirationReaper-1-ElectLeader]: Starting (kafka.server.DelayedOperationPurgatory$ExpiredOperationReaper)
17:34:43.202 [main] DEBUG org.testcontainers.containers.output.WaitingConsumer - STDOUT: [2024-12-20 16:34:43,197] INFO [ExpirationReaper-1-DeleteRecords]: Starting (kafka.server.DelayedOperationPurgatory$ExpiredOperationReaper)
17:34:43.202 [main] DEBUG org.testcontainers.containers.output.WaitingConsumer - STDOUT: [2024-12-20 16:34:43,194] INFO [ExpirationReaper-1-Fetch]: Starting (kafka.server.DelayedOperationPurgatory$ExpiredOperationReaper)
17:34:43.225 [docker-java-stream--1935083709] DEBUG com.github.dockerjava.zerodep.shaded.org.apache.hc.client5.http.wire - http-outgoing-1 << "7b[\r][\n]"
17:34:43.225 [docker-java-stream--1935083709] DEBUG com.github.dockerjava.zerodep.shaded.org.apache.hc.client5.http.wire - http-outgoing-1 << "[0x1][0x0][0x0][0x0][0x0][0x0][0x0]s[2024-12-20 16:34:43,225] INFO [LogDirFailureHandler]: Starting (kafka.server.ReplicaManager$LogDirFailureHandler)[\n]"
17:34:43.225 [docker-java-stream--1935083709] DEBUG com.github.dockerjava.zerodep.shaded.org.apache.hc.client5.http.wire - http-outgoing-1 << "[\r][\n]"
17:34:43.226 [main] DEBUG org.testcontainers.containers.output.WaitingConsumer - STDOUT: [2024-12-20 16:34:43,225] INFO [LogDirFailureHandler]: Starting (kafka.server.ReplicaManager$LogDirFailureHandler)
17:34:43.268 [docker-java-stream--1935083709] DEBUG com.github.dockerjava.zerodep.shaded.org.apache.hc.client5.http.wire - http-outgoing-1 << "6e[\r][\n]"
17:34:43.268 [docker-java-stream--1935083709] DEBUG com.github.dockerjava.zerodep.shaded.org.apache.hc.client5.http.wire - http-outgoing-1 << "[0x1][0x0][0x0][0x0][0x0][0x0][0x0]f[2024-12-20 16:34:43,268] INFO Creating /brokers/ids/1 (is it secure? false) (kafka.zk.KafkaZkClient)[\n]"
17:34:43.268 [docker-java-stream--1935083709] DEBUG com.github.dockerjava.zerodep.shaded.org.apache.hc.client5.http.wire - http-outgoing-1 << "[\r][\n]"
17:34:43.268 [main] DEBUG org.testcontainers.containers.output.WaitingConsumer - STDOUT: [2024-12-20 16:34:43,268] INFO Creating /brokers/ids/1 (is it secure? false) (kafka.zk.KafkaZkClient)
17:34:43.305 [docker-java-stream--1935083709] DEBUG com.github.dockerjava.zerodep.shaded.org.apache.hc.client5.http.wire - http-outgoing-1 << "9a[\r][\n]"
17:34:43.305 [docker-java-stream--1935083709] DEBUG com.github.dockerjava.zerodep.shaded.org.apache.hc.client5.http.wire - http-outgoing-1 << "[0x1][0x0][0x0][0x0][0x0][0x0][0x0][0xffffff92][2024-12-20 16:34:43,304] INFO Stat of the created znode at /brokers/ids/1 is: 25,25,1734712483290,1734712483290,1,0,0,72057965068288000,254,0,25[\n]"
17:34:43.305 [docker-java-stream--1935083709] DEBUG com.github.dockerjava.zerodep.shaded.org.apache.hc.client5.http.wire - http-outgoing-1 << "[\r][\n]"
17:34:43.305 [docker-java-stream--1935083709] DEBUG com.github.dockerjava.zerodep.shaded.org.apache.hc.client5.http.wire - http-outgoing-1 << "22[\r][\n]"
17:34:43.305 [docker-java-stream--1935083709] DEBUG com.github.dockerjava.zerodep.shaded.org.apache.hc.client5.http.wire - http-outgoing-1 << "[0x1][0x0][0x0][0x0][0x0][0x0][0x0][0x1a] (kafka.zk.KafkaZkClient)[\n]"
17:34:43.305 [docker-java-stream--1935083709] DEBUG com.github.dockerjava.zerodep.shaded.org.apache.hc.client5.http.wire - http-outgoing-1 << "[\r][\n]"
17:34:43.305 [main] DEBUG org.testcontainers.containers.output.WaitingConsumer - STDOUT:  (kafka.zk.KafkaZkClient)
17:34:43.305 [main] DEBUG org.testcontainers.containers.output.WaitingConsumer - STDOUT: [2024-12-20 16:34:43,304] INFO Stat of the created znode at /brokers/ids/1 is: 25,25,1734712483290,1734712483290,1,0,0,72057965068288000,254,0,25
17:34:43.307 [docker-java-stream--1935083709] DEBUG com.github.dockerjava.zerodep.shaded.org.apache.hc.client5.http.wire - http-outgoing-1 << "cc[\r][\n]"
17:34:43.307 [docker-java-stream--1935083709] DEBUG com.github.dockerjava.zerodep.shaded.org.apache.hc.client5.http.wire - http-outgoing-1 << "[0x1][0x0][0x0][0x0][0x0][0x0][0x0][0xffffffc4][2024-12-20 16:34:43,306] INFO Registered broker 1 at path /brokers/ids/1 with addresses: PLAINTEXT://localhost:32785,BROKER://770af2197545:9092, czxid (broker epoch): 25 (kafka.zk.KafkaZkClient)[\n]"
17:34:43.307 [docker-java-stream--1935083709] DEBUG com.github.dockerjava.zerodep.shaded.org.apache.hc.client5.http.wire - http-outgoing-1 << "[\r][\n]"
17:34:43.316 [main] DEBUG org.testcontainers.containers.output.WaitingConsumer - STDOUT: [2024-12-20 16:34:43,306] INFO Registered broker 1 at path /brokers/ids/1 with addresses: PLAINTEXT://localhost:32785,BROKER://770af2197545:9092, czxid (broker epoch): 25 (kafka.zk.KafkaZkClient)
17:34:43.417 [docker-java-stream--1935083709] DEBUG com.github.dockerjava.zerodep.shaded.org.apache.hc.client5.http.wire - http-outgoing-1 << "97[\r][\n]"
17:34:43.417 [docker-java-stream--1935083709] DEBUG com.github.dockerjava.zerodep.shaded.org.apache.hc.client5.http.wire - http-outgoing-1 << "[0x1][0x0][0x0][0x0][0x0][0x0][0x0][0xffffff8f][2024-12-20 16:34:43,416] INFO [ControllerEventThread controllerId=1] Starting (kafka.controller.ControllerEventManager$ControllerEventThread)[\n]"
17:34:43.417 [docker-java-stream--1935083709] DEBUG com.github.dockerjava.zerodep.shaded.org.apache.hc.client5.http.wire - http-outgoing-1 << "[\r][\n]"
17:34:43.418 [main] DEBUG org.testcontainers.containers.output.WaitingConsumer - STDOUT: [2024-12-20 16:34:43,416] INFO [ControllerEventThread controllerId=1] Starting (kafka.controller.ControllerEventManager$ControllerEventThread)
17:34:43.430 [docker-java-stream--1935083709] DEBUG com.github.dockerjava.zerodep.shaded.org.apache.hc.client5.http.wire - http-outgoing-1 << "8c[\r][\n]"
17:34:43.431 [docker-java-stream--1935083709] DEBUG com.github.dockerjava.zerodep.shaded.org.apache.hc.client5.http.wire - http-outgoing-1 << "[0x1][0x0][0x0][0x0][0x0][0x0][0x0][0xffffff84][2024-12-20 16:34:43,429] INFO [ExpirationReaper-1-topic]: Starting (kafka.server.DelayedOperationPurgatory$ExpiredOperationReaper)[\n]"
17:34:43.431 [docker-java-stream--1935083709] DEBUG com.github.dockerjava.zerodep.shaded.org.apache.hc.client5.http.wire - http-outgoing-1 << "[\r][\n]"
17:34:43.431 [main] DEBUG org.testcontainers.containers.output.WaitingConsumer - STDOUT: [2024-12-20 16:34:43,429] INFO [ExpirationReaper-1-topic]: Starting (kafka.server.DelayedOperationPurgatory$ExpiredOperationReaper)
17:34:43.441 [docker-java-stream--1935083709] DEBUG com.github.dockerjava.zerodep.shaded.org.apache.hc.client5.http.wire - http-outgoing-1 << "90[\r][\n]"
17:34:43.441 [docker-java-stream--1935083709] DEBUG com.github.dockerjava.zerodep.shaded.org.apache.hc.client5.http.wire - http-outgoing-1 << "[0x1][0x0][0x0][0x0][0x0][0x0][0x0][0xffffff88][2024-12-20 16:34:43,440] INFO [ExpirationReaper-1-Heartbeat]: Starting (kafka.server.DelayedOperationPurgatory$ExpiredOperationReaper)[\n]"
17:34:43.441 [docker-java-stream--1935083709] DEBUG com.github.dockerjava.zerodep.shaded.org.apache.hc.client5.http.wire - http-outgoing-1 << "[\r][\n]"
17:34:43.441 [main] DEBUG org.testcontainers.containers.output.WaitingConsumer - STDOUT: [2024-12-20 16:34:43,440] INFO [ExpirationReaper-1-Heartbeat]: Starting (kafka.server.DelayedOperationPurgatory$ExpiredOperationReaper)
17:34:43.442 [docker-java-stream--1935083709] DEBUG com.github.dockerjava.zerodep.shaded.org.apache.hc.client5.http.wire - http-outgoing-1 << "90[\r][\n]"
17:34:43.443 [docker-java-stream--1935083709] DEBUG com.github.dockerjava.zerodep.shaded.org.apache.hc.client5.http.wire - http-outgoing-1 << "[0x1][0x0][0x0][0x0][0x0][0x0][0x0][0xffffff88][2024-12-20 16:34:43,442] INFO [ExpirationReaper-1-Rebalance]: Starting (kafka.server.DelayedOperationPurgatory$ExpiredOperationReaper)[\n]"
17:34:43.443 [docker-java-stream--1935083709] DEBUG com.github.dockerjava.zerodep.shaded.org.apache.hc.client5.http.wire - http-outgoing-1 << "[\r][\n]"
17:34:43.451 [docker-java-stream--1935083709] DEBUG com.github.dockerjava.zerodep.shaded.org.apache.hc.client5.http.wire - http-outgoing-1 << "7c[\r][\n]"
17:34:43.452 [docker-java-stream--1935083709] DEBUG com.github.dockerjava.zerodep.shaded.org.apache.hc.client5.http.wire - http-outgoing-1 << "[0x1][0x0][0x0][0x0][0x0][0x0][0x0]t[2024-12-20 16:34:43,448] INFO Successfully created /controller_epoch with initial epoch 0 (kafka.zk.KafkaZkClient)[\n]"
17:34:43.452 [docker-java-stream--1935083709] DEBUG com.github.dockerjava.zerodep.shaded.org.apache.hc.client5.http.wire - http-outgoing-1 << "[\r][\n]"
17:34:43.452 [main] DEBUG org.testcontainers.containers.output.WaitingConsumer - STDOUT: [2024-12-20 16:34:43,448] INFO Successfully created /controller_epoch with initial epoch 0 (kafka.zk.KafkaZkClient)
17:34:43.453 [main] DEBUG org.testcontainers.containers.output.WaitingConsumer - STDOUT: [2024-12-20 16:34:43,442] INFO [ExpirationReaper-1-Rebalance]: Starting (kafka.server.DelayedOperationPurgatory$ExpiredOperationReaper)
17:34:43.481 [docker-java-stream--1935083709] DEBUG com.github.dockerjava.zerodep.shaded.org.apache.hc.client5.http.wire - http-outgoing-1 << "bb[\r][\n]"
17:34:43.481 [docker-java-stream--1935083709] DEBUG com.github.dockerjava.zerodep.shaded.org.apache.hc.client5.http.wire - http-outgoing-1 << "[0x1][0x0][0x0][0x0][0x0][0x0][0x0][0xffffffb3][2024-12-20 16:34:43,480] INFO [Controller id=1] 1 successfully elected as the controller. Epoch incremented to 1 and epoch zk version is now 1 (kafka.controller.KafkaController)[\n]"
17:34:43.481 [docker-java-stream--1935083709] DEBUG com.github.dockerjava.zerodep.shaded.org.apache.hc.client5.http.wire - http-outgoing-1 << "[\r][\n]"
17:34:43.481 [docker-java-stream--1935083709] DEBUG com.github.dockerjava.zerodep.shaded.org.apache.hc.client5.http.wire - http-outgoing-1 << "75[\r][\n]"
17:34:43.481 [docker-java-stream--1935083709] DEBUG com.github.dockerjava.zerodep.shaded.org.apache.hc.client5.http.wire - http-outgoing-1 << "[0x1][0x0][0x0][0x0][0x0][0x0][0x0]m[2024-12-20 16:34:43,480] INFO [GroupCoordinator 1]: Starting up. (kafka.coordinator.group.GroupCoordinator)[\n]"
17:34:43.481 [docker-java-stream--1935083709] DEBUG com.github.dockerjava.zerodep.shaded.org.apache.hc.client5.http.wire - http-outgoing-1 << "[\r][\n]"
17:34:43.482 [main] DEBUG org.testcontainers.containers.output.WaitingConsumer - STDOUT: [2024-12-20 16:34:43,480] INFO [Controller id=1] 1 successfully elected as the controller. Epoch incremented to 1 and epoch zk version is now 1 (kafka.controller.KafkaController)
17:34:43.483 [main] DEBUG org.testcontainers.containers.output.WaitingConsumer - STDOUT: [2024-12-20 16:34:43,480] INFO [GroupCoordinator 1]: Starting up. (kafka.coordinator.group.GroupCoordinator)
17:34:43.490 [docker-java-stream--1935083709] DEBUG com.github.dockerjava.zerodep.shaded.org.apache.hc.client5.http.wire - http-outgoing-1 << "b1[\r][\n]"
17:34:43.490 [docker-java-stream--1935083709] DEBUG com.github.dockerjava.zerodep.shaded.org.apache.hc.client5.http.wire - http-outgoing-1 << "[0x1][0x0][0x0][0x0][0x0][0x0][0x0][0xffffffa9][2024-12-20 16:34:43,489] INFO [Controller id=1] Creating FeatureZNode at path: /feature with contents: FeatureZNode(2,Enabled,Map()) (kafka.controller.KafkaController)[\n]"
17:34:43.490 [docker-java-stream--1935083709] DEBUG com.github.dockerjava.zerodep.shaded.org.apache.hc.client5.http.wire - http-outgoing-1 << "[\r][\n]"
17:34:43.491 [docker-java-stream--1935083709] DEBUG com.github.dockerjava.zerodep.shaded.org.apache.hc.client5.http.wire - http-outgoing-1 << "7a[\r][\n]"
17:34:43.491 [docker-java-stream--1935083709] DEBUG com.github.dockerjava.zerodep.shaded.org.apache.hc.client5.http.wire - http-outgoing-1 << "[0x1][0x0][0x0][0x0][0x0][0x0][0x0]r[2024-12-20 16:34:43,490] INFO [GroupCoordinator 1]: Startup complete. (kafka.coordinator.group.GroupCoordinator)[\n]"
17:34:43.491 [docker-java-stream--1935083709] DEBUG com.github.dockerjava.zerodep.shaded.org.apache.hc.client5.http.wire - http-outgoing-1 << "[\r][\n]"
17:34:43.494 [main] DEBUG org.testcontainers.containers.output.WaitingConsumer - STDOUT: [2024-12-20 16:34:43,490] INFO [GroupCoordinator 1]: Startup complete. (kafka.coordinator.group.GroupCoordinator)
17:34:43.494 [main] DEBUG org.testcontainers.containers.output.WaitingConsumer - STDOUT: [2024-12-20 16:34:43,489] INFO [Controller id=1] Creating FeatureZNode at path: /feature with contents: FeatureZNode(2,Enabled,Map()) (kafka.controller.KafkaController)
17:34:43.501 [docker-java-stream--1935083709] DEBUG com.github.dockerjava.zerodep.shaded.org.apache.hc.client5.http.wire - http-outgoing-1 << "7f[\r][\n]"
17:34:43.501 [docker-java-stream--1935083709] DEBUG com.github.dockerjava.zerodep.shaded.org.apache.hc.client5.http.wire - http-outgoing-1 << "[0x1][0x0][0x0][0x0][0x0][0x0][0x0]w[2024-12-20 16:34:43,496] INFO Feature ZK node created at path: /feature (kafka.server.FinalizedFeatureChangeListener)[\n]"
17:34:43.501 [docker-java-stream--1935083709] DEBUG com.github.dockerjava.zerodep.shaded.org.apache.hc.client5.http.wire - http-outgoing-1 << "[\r][\n]"
17:34:43.504 [main] DEBUG org.testcontainers.containers.output.WaitingConsumer - STDOUT: [2024-12-20 16:34:43,496] INFO Feature ZK node created at path: /feature (kafka.server.FinalizedFeatureChangeListener)
17:34:43.524 [docker-java-stream--1935083709] DEBUG com.github.dockerjava.zerodep.shaded.org.apache.hc.client5.http.wire - http-outgoing-1 << "89[\r][\n]"
17:34:43.524 [docker-java-stream--1935083709] DEBUG com.github.dockerjava.zerodep.shaded.org.apache.hc.client5.http.wire - http-outgoing-1 << "[0x1][0x0][0x0][0x0][0x0][0x0][0x0][0xffffff81][2024-12-20 16:34:43,523] INFO [TransactionCoordinator id=1] Starting up. (kafka.coordinator.transaction.TransactionCoordinator)[\n]"
17:34:43.524 [docker-java-stream--1935083709] DEBUG com.github.dockerjava.zerodep.shaded.org.apache.hc.client5.http.wire - http-outgoing-1 << "[\r][\n]"
17:34:43.524 [main] DEBUG org.testcontainers.containers.output.WaitingConsumer - STDOUT: [2024-12-20 16:34:43,523] INFO [TransactionCoordinator id=1] Starting up. (kafka.coordinator.transaction.TransactionCoordinator)
17:34:43.529 [docker-java-stream--1935083709] DEBUG com.github.dockerjava.zerodep.shaded.org.apache.hc.client5.http.wire - http-outgoing-1 << "98[\r][\n]"
17:34:43.529 [docker-java-stream--1935083709] DEBUG com.github.dockerjava.zerodep.shaded.org.apache.hc.client5.http.wire - http-outgoing-1 << "[0x1][0x0][0x0][0x0][0x0][0x0][0x0][0xffffff90][2024-12-20 16:34:43,528] INFO [Transaction Marker Channel Manager 1]: Starting (kafka.coordinator.transaction.TransactionMarkerChannelManager)[\n]"
17:34:43.529 [docker-java-stream--1935083709] DEBUG com.github.dockerjava.zerodep.shaded.org.apache.hc.client5.http.wire - http-outgoing-1 << "[\r][\n]"
17:34:43.529 [docker-java-stream--1935083709] DEBUG com.github.dockerjava.zerodep.shaded.org.apache.hc.client5.http.wire - http-outgoing-1 << "8e[\r][\n]"
17:34:43.529 [docker-java-stream--1935083709] DEBUG com.github.dockerjava.zerodep.shaded.org.apache.hc.client5.http.wire - http-outgoing-1 << "[0x1][0x0][0x0][0x0][0x0][0x0][0x0][0xffffff86][2024-12-20 16:34:43,528] INFO [TransactionCoordinator id=1] Startup complete. (kafka.coordinator.transaction.TransactionCoordinator)[\n]"
17:34:43.529 [docker-java-stream--1935083709] DEBUG com.github.dockerjava.zerodep.shaded.org.apache.hc.client5.http.wire - http-outgoing-1 << "[\r][\n]"
17:34:43.534 [main] DEBUG org.testcontainers.containers.output.WaitingConsumer - STDOUT: [2024-12-20 16:34:43,528] INFO [TransactionCoordinator id=1] Startup complete. (kafka.coordinator.transaction.TransactionCoordinator)
17:34:43.534 [main] DEBUG org.testcontainers.containers.output.WaitingConsumer - STDOUT: [2024-12-20 16:34:43,528] INFO [Transaction Marker Channel Manager 1]: Starting (kafka.coordinator.transaction.TransactionMarkerChannelManager)
17:34:43.541 [docker-java-stream--1935083709] DEBUG com.github.dockerjava.zerodep.shaded.org.apache.hc.client5.http.wire - http-outgoing-1 << "71[\r][\n]"
17:34:43.541 [docker-java-stream--1935083709] DEBUG com.github.dockerjava.zerodep.shaded.org.apache.hc.client5.http.wire - http-outgoing-1 << "[0x1][0x0][0x0][0x0][0x0][0x0][0x0]i[2024-12-20 16:34:43,540] INFO [Controller id=1] Registering handlers (kafka.controller.KafkaController)[\n]"
17:34:43.541 [docker-java-stream--1935083709] DEBUG com.github.dockerjava.zerodep.shaded.org.apache.hc.client5.http.wire - http-outgoing-1 << "[\r][\n]"
17:34:43.541 [docker-java-stream--1935083709] DEBUG com.github.dockerjava.zerodep.shaded.org.apache.hc.client5.http.wire - http-outgoing-1 << "cc[\r][\n]"
17:34:43.541 [docker-java-stream--1935083709] DEBUG com.github.dockerjava.zerodep.shaded.org.apache.hc.client5.http.wire - http-outgoing-1 << "[0x1][0x0][0x0][0x0][0x0][0x0][0x0][0xffffffc4][2024-12-20 16:34:43,540] INFO [MetadataCache brokerId=1] Updated cache from existing <empty> to latest FinalizedFeaturesAndEpoch(features=Map(), epoch=0). (kafka.server.metadata.ZkMetadataCache)[\n]"
17:34:43.541 [docker-java-stream--1935083709] DEBUG com.github.dockerjava.zerodep.shaded.org.apache.hc.client5.http.wire - http-outgoing-1 << "[\r][\n]"
17:34:43.544 [main] DEBUG org.testcontainers.containers.output.WaitingConsumer - STDOUT: [2024-12-20 16:34:43,540] INFO [MetadataCache brokerId=1] Updated cache from existing <empty> to latest FinalizedFeaturesAndEpoch(features=Map(), epoch=0). (kafka.server.metadata.ZkMetadataCache)
17:34:43.545 [main] DEBUG org.testcontainers.containers.output.WaitingConsumer - STDOUT: [2024-12-20 16:34:43,540] INFO [Controller id=1] Registering handlers (kafka.controller.KafkaController)
17:34:43.546 [docker-java-stream--1935083709] DEBUG com.github.dockerjava.zerodep.shaded.org.apache.hc.client5.http.wire - http-outgoing-1 << "81[\r][\n]"
17:34:43.547 [docker-java-stream--1935083709] DEBUG com.github.dockerjava.zerodep.shaded.org.apache.hc.client5.http.wire - http-outgoing-1 << "[0x1][0x0][0x0][0x0][0x0][0x0][0x0]y[2024-12-20 16:34:43,545] INFO [Controller id=1] Deleting log dir event notifications (kafka.controller.KafkaController)[\n]"
17:34:43.547 [docker-java-stream--1935083709] DEBUG com.github.dockerjava.zerodep.shaded.org.apache.hc.client5.http.wire - http-outgoing-1 << "[\r][\n]"
17:34:43.552 [docker-java-stream--1935083709] DEBUG com.github.dockerjava.zerodep.shaded.org.apache.hc.client5.http.wire - http-outgoing-1 << "7e[\r][\n]"
17:34:43.552 [docker-java-stream--1935083709] DEBUG com.github.dockerjava.zerodep.shaded.org.apache.hc.client5.http.wire - http-outgoing-1 << "[0x1][0x0][0x0][0x0][0x0][0x0][0x0]v[2024-12-20 16:34:43,552] INFO [Controller id=1] Deleting isr change notifications (kafka.controller.KafkaController)[\n]"
17:34:43.553 [docker-java-stream--1935083709] DEBUG com.github.dockerjava.zerodep.shaded.org.apache.hc.client5.http.wire - http-outgoing-1 << "[\r][\n]"
17:34:43.555 [main] DEBUG org.testcontainers.containers.output.WaitingConsumer - STDOUT: [2024-12-20 16:34:43,552] INFO [Controller id=1] Deleting isr change notifications (kafka.controller.KafkaController)
17:34:43.555 [main] DEBUG org.testcontainers.containers.output.WaitingConsumer - STDOUT: [2024-12-20 16:34:43,545] INFO [Controller id=1] Deleting log dir event notifications (kafka.controller.KafkaController)
17:34:43.556 [docker-java-stream--1935083709] DEBUG com.github.dockerjava.zerodep.shaded.org.apache.hc.client5.http.wire - http-outgoing-1 << "7c[\r][\n]"
17:34:43.556 [docker-java-stream--1935083709] DEBUG com.github.dockerjava.zerodep.shaded.org.apache.hc.client5.http.wire - http-outgoing-1 << "[0x1][0x0][0x0][0x0][0x0][0x0][0x0]t[2024-12-20 16:34:43,556] INFO [Controller id=1] Initializing controller context (kafka.controller.KafkaController)[\n]"
17:34:43.556 [docker-java-stream--1935083709] DEBUG com.github.dockerjava.zerodep.shaded.org.apache.hc.client5.http.wire - http-outgoing-1 << "[\r][\n]"
17:34:43.565 [main] DEBUG org.testcontainers.containers.output.WaitingConsumer - STDOUT: [2024-12-20 16:34:43,556] INFO [Controller id=1] Initializing controller context (kafka.controller.KafkaController)
17:34:43.587 [docker-java-stream--1935083709] DEBUG com.github.dockerjava.zerodep.shaded.org.apache.hc.client5.http.wire - http-outgoing-1 << "8e[\r][\n]"
17:34:43.587 [docker-java-stream--1935083709] DEBUG com.github.dockerjava.zerodep.shaded.org.apache.hc.client5.http.wire - http-outgoing-1 << "[0x1][0x0][0x0][0x0][0x0][0x0][0x0][0xffffff86][2024-12-20 16:34:43,586] INFO [Controller id=1] Initialized broker epochs cache: HashMap(1 -> 25) (kafka.controller.KafkaController)[\n]"
17:34:43.587 [docker-java-stream--1935083709] DEBUG com.github.dockerjava.zerodep.shaded.org.apache.hc.client5.http.wire - http-outgoing-1 << "[\r][\n]"
17:34:43.587 [main] DEBUG org.testcontainers.containers.output.WaitingConsumer - STDOUT: [2024-12-20 16:34:43,586] INFO [Controller id=1] Initialized broker epochs cache: HashMap(1 -> 25) (kafka.controller.KafkaController)
17:34:43.596 [docker-java-stream--1935083709] DEBUG com.github.dockerjava.zerodep.shaded.org.apache.hc.client5.http.wire - http-outgoing-1 << "8d[\r][\n]"
17:34:43.596 [docker-java-stream--1935083709] DEBUG com.github.dockerjava.zerodep.shaded.org.apache.hc.client5.http.wire - http-outgoing-1 << "[0x1][0x0][0x0][0x0][0x0][0x0][0x0][0xffffff85][2024-12-20 16:34:43,595] DEBUG [Controller id=1] Register BrokerModifications handler for Set(1) (kafka.controller.KafkaController)[\n]"
17:34:43.596 [docker-java-stream--1935083709] DEBUG com.github.dockerjava.zerodep.shaded.org.apache.hc.client5.http.wire - http-outgoing-1 << "[\r][\n]"
17:34:43.597 [main] DEBUG org.testcontainers.containers.output.WaitingConsumer - STDOUT: [2024-12-20 16:34:43,595] DEBUG [Controller id=1] Register BrokerModifications handler for Set(1) (kafka.controller.KafkaController)
17:34:43.607 [docker-java-stream--1935083709] DEBUG com.github.dockerjava.zerodep.shaded.org.apache.hc.client5.http.wire - http-outgoing-1 << "a2[\r][\n]"
17:34:43.607 [docker-java-stream--1935083709] DEBUG com.github.dockerjava.zerodep.shaded.org.apache.hc.client5.http.wire - http-outgoing-1 << "[0x1][0x0][0x0][0x0][0x0][0x0][0x0][0xffffff9a][2024-12-20 16:34:43,606] DEBUG [Channel manager on controller 1]: Controller 1 trying to connect to broker 1 (kafka.controller.ControllerChannelManager)[\n]"
17:34:43.607 [docker-java-stream--1935083709] DEBUG com.github.dockerjava.zerodep.shaded.org.apache.hc.client5.http.wire - http-outgoing-1 << "[\r][\n]"
17:34:43.608 [main] DEBUG org.testcontainers.containers.output.WaitingConsumer - STDOUT: [2024-12-20 16:34:43,606] DEBUG [Channel manager on controller 1]: Controller 1 trying to connect to broker 1 (kafka.controller.ControllerChannelManager)
17:34:43.613 [docker-java-stream--1935083709] DEBUG com.github.dockerjava.zerodep.shaded.org.apache.hc.client5.http.wire - http-outgoing-1 << "90[\r][\n]"
17:34:43.613 [docker-java-stream--1935083709] DEBUG com.github.dockerjava.zerodep.shaded.org.apache.hc.client5.http.wire - http-outgoing-1 << "[0x1][0x0][0x0][0x0][0x0][0x0][0x0][0xffffff88][2024-12-20 16:34:43,612] INFO [ExpirationReaper-1-AlterAcls]: Starting (kafka.server.DelayedOperationPurgatory$ExpiredOperationReaper)[\n]"
17:34:43.613 [docker-java-stream--1935083709] DEBUG com.github.dockerjava.zerodep.shaded.org.apache.hc.client5.http.wire - http-outgoing-1 << "[\r][\n]"
17:34:43.618 [docker-java-stream--1935083709] DEBUG com.github.dockerjava.zerodep.shaded.org.apache.hc.client5.http.wire - http-outgoing-1 << "78[\r][\n]"
17:34:43.618 [docker-java-stream--1935083709] DEBUG com.github.dockerjava.zerodep.shaded.org.apache.hc.client5.http.wire - http-outgoing-1 << "[0x1][0x0][0x0][0x0][0x0][0x0][0x0]p[2024-12-20 16:34:43,618] INFO [RequestSendThread controllerId=1] Starting (kafka.controller.RequestSendThread)[\n]"
17:34:43.618 [docker-java-stream--1935083709] DEBUG com.github.dockerjava.zerodep.shaded.org.apache.hc.client5.http.wire - http-outgoing-1 << "[\r][\n]"
17:34:43.618 [main] DEBUG org.testcontainers.containers.output.WaitingConsumer - STDOUT: [2024-12-20 16:34:43,612] INFO [ExpirationReaper-1-AlterAcls]: Starting (kafka.server.DelayedOperationPurgatory$ExpiredOperationReaper)
17:34:43.619 [main] DEBUG org.testcontainers.containers.output.WaitingConsumer - STDOUT: [2024-12-20 16:34:43,618] INFO [RequestSendThread controllerId=1] Starting (kafka.controller.RequestSendThread)
17:34:43.621 [docker-java-stream--1935083709] DEBUG com.github.dockerjava.zerodep.shaded.org.apache.hc.client5.http.wire - http-outgoing-1 << "8c[\r][\n]"
17:34:43.621 [docker-java-stream--1935083709] DEBUG com.github.dockerjava.zerodep.shaded.org.apache.hc.client5.http.wire - http-outgoing-1 << "[0x1][0x0][0x0][0x0][0x0][0x0][0x0][0xffffff84][2024-12-20 16:34:43,620] INFO [Controller id=1] Currently active brokers in the cluster: Set(1) (kafka.controller.KafkaController)[\n]"
17:34:43.621 [docker-java-stream--1935083709] DEBUG com.github.dockerjava.zerodep.shaded.org.apache.hc.client5.http.wire - http-outgoing-1 << "[\r][\n]"
17:34:43.621 [docker-java-stream--1935083709] DEBUG com.github.dockerjava.zerodep.shaded.org.apache.hc.client5.http.wire - http-outgoing-1 << "91[\r][\n]"
17:34:43.621 [docker-java-stream--1935083709] DEBUG com.github.dockerjava.zerodep.shaded.org.apache.hc.client5.http.wire - http-outgoing-1 << "[0x1][0x0][0x0][0x0][0x0][0x0][0x0][0xffffff89][2024-12-20 16:34:43,621] INFO [Controller id=1] Currently shutting brokers in the cluster: HashSet() (kafka.controller.KafkaController)[\n]"
17:34:43.621 [docker-java-stream--1935083709] DEBUG com.github.dockerjava.zerodep.shaded.org.apache.hc.client5.http.wire - http-outgoing-1 << "[\r][\n]"
17:34:43.621 [docker-java-stream--1935083709] DEBUG com.github.dockerjava.zerodep.shaded.org.apache.hc.client5.http.wire - http-outgoing-1 << "8d[\r][\n]"
17:34:43.621 [docker-java-stream--1935083709] DEBUG com.github.dockerjava.zerodep.shaded.org.apache.hc.client5.http.wire - http-outgoing-1 << "[0x1][0x0][0x0][0x0][0x0][0x0][0x0][0xffffff85][2024-12-20 16:34:43,621] INFO [Controller id=1] Current list of topics in the cluster: HashSet() (kafka.controller.KafkaController)[\n]"
17:34:43.621 [docker-java-stream--1935083709] DEBUG com.github.dockerjava.zerodep.shaded.org.apache.hc.client5.http.wire - http-outgoing-1 << "[\r][\n]"
17:34:43.622 [docker-java-stream--1935083709] DEBUG com.github.dockerjava.zerodep.shaded.org.apache.hc.client5.http.wire - http-outgoing-1 << "81[\r][\n]"
17:34:43.622 [docker-java-stream--1935083709] DEBUG com.github.dockerjava.zerodep.shaded.org.apache.hc.client5.http.wire - http-outgoing-1 << "[0x1][0x0][0x0][0x0][0x0][0x0][0x0]y[2024-12-20 16:34:43,622] INFO [Controller id=1] Fetching topic deletions in progress (kafka.controller.KafkaController)[\n]"
17:34:43.622 [docker-java-stream--1935083709] DEBUG com.github.dockerjava.zerodep.shaded.org.apache.hc.client5.http.wire - http-outgoing-1 << "[\r][\n]"
17:34:43.626 [docker-java-stream--1935083709] DEBUG com.github.dockerjava.zerodep.shaded.org.apache.hc.client5.http.wire - http-outgoing-1 << "7b[\r][\n]"
17:34:43.626 [docker-java-stream--1935083709] DEBUG com.github.dockerjava.zerodep.shaded.org.apache.hc.client5.http.wire - http-outgoing-1 << "[0x1][0x0][0x0][0x0][0x0][0x0][0x0]s[2024-12-20 16:34:43,625] INFO [Controller id=1] List of topics to be deleted:  (kafka.controller.KafkaController)[\n]"
17:34:43.626 [docker-java-stream--1935083709] DEBUG com.github.dockerjava.zerodep.shaded.org.apache.hc.client5.http.wire - http-outgoing-1 << "[\r][\n]"
17:34:43.626 [docker-java-stream--1935083709] DEBUG com.github.dockerjava.zerodep.shaded.org.apache.hc.client5.http.wire - http-outgoing-1 << "85[\r][\n]"
17:34:43.626 [docker-java-stream--1935083709] DEBUG com.github.dockerjava.zerodep.shaded.org.apache.hc.client5.http.wire - http-outgoing-1 << "[0x1][0x0][0x0][0x0][0x0][0x0][0x0]}[2024-12-20 16:34:43,626] INFO [Controller id=1] List of topics ineligible for deletion:  (kafka.controller.KafkaController)[\n]"
17:34:43.626 [docker-java-stream--1935083709] DEBUG com.github.dockerjava.zerodep.shaded.org.apache.hc.client5.http.wire - http-outgoing-1 << "[\r][\n]"
17:34:43.627 [docker-java-stream--1935083709] DEBUG com.github.dockerjava.zerodep.shaded.org.apache.hc.client5.http.wire - http-outgoing-1 << "80[\r][\n]"
17:34:43.627 [docker-java-stream--1935083709] DEBUG com.github.dockerjava.zerodep.shaded.org.apache.hc.client5.http.wire - http-outgoing-1 << "[0x1][0x0][0x0][0x0][0x0][0x0][0x0]x[2024-12-20 16:34:43,626] INFO [Controller id=1] Initializing topic deletion manager (kafka.controller.KafkaController)[\n]"
17:34:43.627 [docker-java-stream--1935083709] DEBUG com.github.dockerjava.zerodep.shaded.org.apache.hc.client5.http.wire - http-outgoing-1 << "[\r][\n]"
17:34:43.629 [main] DEBUG org.testcontainers.containers.output.WaitingConsumer - STDOUT: [2024-12-20 16:34:43,626] INFO [Controller id=1] Initializing topic deletion manager (kafka.controller.KafkaController)
17:34:43.629 [main] DEBUG org.testcontainers.containers.output.WaitingConsumer - STDOUT: [2024-12-20 16:34:43,626] INFO [Controller id=1] List of topics ineligible for deletion:  (kafka.controller.KafkaController)
17:34:43.629 [main] DEBUG org.testcontainers.containers.output.WaitingConsumer - STDOUT: [2024-12-20 16:34:43,625] INFO [Controller id=1] List of topics to be deleted:  (kafka.controller.KafkaController)
17:34:43.629 [main] DEBUG org.testcontainers.containers.output.WaitingConsumer - STDOUT: [2024-12-20 16:34:43,622] INFO [Controller id=1] Fetching topic deletions in progress (kafka.controller.KafkaController)
17:34:43.629 [main] DEBUG org.testcontainers.containers.output.WaitingConsumer - STDOUT: [2024-12-20 16:34:43,621] INFO [Controller id=1] Current list of topics in the cluster: HashSet() (kafka.controller.KafkaController)
17:34:43.629 [main] DEBUG org.testcontainers.containers.output.WaitingConsumer - STDOUT: [2024-12-20 16:34:43,621] INFO [Controller id=1] Currently shutting brokers in the cluster: HashSet() (kafka.controller.KafkaController)
17:34:43.629 [docker-java-stream--1935083709] DEBUG com.github.dockerjava.zerodep.shaded.org.apache.hc.client5.http.wire - http-outgoing-1 << "c6[\r][\n]"
17:34:43.630 [main] DEBUG org.testcontainers.containers.output.WaitingConsumer - STDOUT: [2024-12-20 16:34:43,620] INFO [Controller id=1] Currently active brokers in the cluster: Set(1) (kafka.controller.KafkaController)
17:34:43.630 [docker-java-stream--1935083709] DEBUG com.github.dockerjava.zerodep.shaded.org.apache.hc.client5.http.wire - http-outgoing-1 << "[0x1][0x0][0x0][0x0][0x0][0x0][0x0][0xffffffbe][2024-12-20 16:34:43,627] INFO [Topic Deletion Manager 1] Initializing manager with initial deletions: Set(), initial ineligible deletions: HashSet() (kafka.controller.TopicDeletionManager)[\n]"
17:34:43.630 [docker-java-stream--1935083709] DEBUG com.github.dockerjava.zerodep.shaded.org.apache.hc.client5.http.wire - http-outgoing-1 << "[\r][\n]"
17:34:43.630 [docker-java-stream--1935083709] DEBUG com.github.dockerjava.zerodep.shaded.org.apache.hc.client5.http.wire - http-outgoing-1 << "7c[\r][\n]"
17:34:43.630 [docker-java-stream--1935083709] DEBUG com.github.dockerjava.zerodep.shaded.org.apache.hc.client5.http.wire - http-outgoing-1 << "[0x1][0x0][0x0][0x0][0x0][0x0][0x0]t[2024-12-20 16:34:43,628] INFO [Controller id=1] Sending update metadata request (kafka.controller.KafkaController)[\n]"
17:34:43.630 [docker-java-stream--1935083709] DEBUG com.github.dockerjava.zerodep.shaded.org.apache.hc.client5.http.wire - http-outgoing-1 << "[\r][\n]"
17:34:43.637 [docker-java-stream--1935083709] DEBUG com.github.dockerjava.zerodep.shaded.org.apache.hc.client5.http.wire - http-outgoing-1 << "9d[\r][\n]"
17:34:43.637 [docker-java-stream--1935083709] DEBUG com.github.dockerjava.zerodep.shaded.org.apache.hc.client5.http.wire - http-outgoing-1 << "[0x1][0x0][0x0][0x0][0x0][0x0][0x0][0xffffff95][2024-12-20 16:34:43,635] INFO [Controller id=1 epoch=1] Sending UpdateMetadata request to brokers HashSet(1) for 0 partitions (state.change.logger)[\n]"
17:34:43.637 [docker-java-stream--1935083709] DEBUG com.github.dockerjava.zerodep.shaded.org.apache.hc.client5.http.wire - http-outgoing-1 << "[\r][\n]"
17:34:43.640 [main] DEBUG org.testcontainers.containers.output.WaitingConsumer - STDOUT: [2024-12-20 16:34:43,635] INFO [Controller id=1 epoch=1] Sending UpdateMetadata request to brokers HashSet(1) for 0 partitions (state.change.logger)
17:34:43.641 [main] DEBUG org.testcontainers.containers.output.WaitingConsumer - STDOUT: [2024-12-20 16:34:43,628] INFO [Controller id=1] Sending update metadata request (kafka.controller.KafkaController)
17:34:43.641 [main] DEBUG org.testcontainers.containers.output.WaitingConsumer - STDOUT: [2024-12-20 16:34:43,627] INFO [Topic Deletion Manager 1] Initializing manager with initial deletions: Set(), initial ineligible deletions: HashSet() (kafka.controller.TopicDeletionManager)
17:34:43.653 [docker-java-stream--1935083709] DEBUG com.github.dockerjava.zerodep.shaded.org.apache.hc.client5.http.wire - http-outgoing-1 << "90[\r][\n]"
17:34:43.653 [docker-java-stream--1935083709] DEBUG com.github.dockerjava.zerodep.shaded.org.apache.hc.client5.http.wire - http-outgoing-1 << "[0x1][0x0][0x0][0x0][0x0][0x0][0x0][0xffffff88][2024-12-20 16:34:43,651] INFO [ReplicaStateMachine controllerId=1] Initializing replica state (kafka.controller.ZkReplicaStateMachine)[\n]"
17:34:43.653 [docker-java-stream--1935083709] DEBUG com.github.dockerjava.zerodep.shaded.org.apache.hc.client5.http.wire - http-outgoing-1 << "[\r][\n]"
17:34:43.653 [main] DEBUG org.testcontainers.containers.output.WaitingConsumer - STDOUT: [2024-12-20 16:34:43,651] INFO [ReplicaStateMachine controllerId=1] Initializing replica state (kafka.controller.ZkReplicaStateMachine)
17:34:43.653 [docker-java-stream--1935083709] DEBUG com.github.dockerjava.zerodep.shaded.org.apache.hc.client5.http.wire - http-outgoing-1 << "9d[\r][\n]"
17:34:43.653 [docker-java-stream--1935083709] DEBUG com.github.dockerjava.zerodep.shaded.org.apache.hc.client5.http.wire - http-outgoing-1 << "[0x1][0x0][0x0][0x0][0x0][0x0][0x0][0xffffff95][2024-12-20 16:34:43,653] INFO [ReplicaStateMachine controllerId=1] Triggering online replica state changes (kafka.controller.ZkReplicaStateMachine)[\n]"
17:34:43.653 [docker-java-stream--1935083709] DEBUG com.github.dockerjava.zerodep.shaded.org.apache.hc.client5.http.wire - http-outgoing-1 << "[\r][\n]"
17:34:43.661 [docker-java-stream--1935083709] DEBUG com.github.dockerjava.zerodep.shaded.org.apache.hc.client5.http.wire - http-outgoing-1 << "9e[\r][\n]"
17:34:43.661 [docker-java-stream--1935083709] DEBUG com.github.dockerjava.zerodep.shaded.org.apache.hc.client5.http.wire - http-outgoing-1 << "[0x1][0x0][0x0][0x0][0x0][0x0][0x0][0xffffff96][2024-12-20 16:34:43,661] INFO [ReplicaStateMachine controllerId=1] Triggering offline replica state changes (kafka.controller.ZkReplicaStateMachine)[\n]"
17:34:43.661 [docker-java-stream--1935083709] DEBUG com.github.dockerjava.zerodep.shaded.org.apache.hc.client5.http.wire - http-outgoing-1 << "[\r][\n]"
17:34:43.662 [docker-java-stream--1935083709] DEBUG com.github.dockerjava.zerodep.shaded.org.apache.hc.client5.http.wire - http-outgoing-1 << "b4[\r][\n]"
17:34:43.662 [docker-java-stream--1935083709] DEBUG com.github.dockerjava.zerodep.shaded.org.apache.hc.client5.http.wire - http-outgoing-1 << "[0x1][0x0][0x0][0x0][0x0][0x0][0x0][0xffffffac][2024-12-20 16:34:43,661] DEBUG [ReplicaStateMachine controllerId=1] Started replica state machine with initial state -> HashMap() (kafka.controller.ZkReplicaStateMachine)[\n]"
17:34:43.662 [docker-java-stream--1935083709] DEBUG com.github.dockerjava.zerodep.shaded.org.apache.hc.client5.http.wire - http-outgoing-1 << "[\r][\n]"
17:34:43.662 [docker-java-stream--1935083709] DEBUG com.github.dockerjava.zerodep.shaded.org.apache.hc.client5.http.wire - http-outgoing-1 << "96[\r][\n]"
17:34:43.662 [docker-java-stream--1935083709] DEBUG com.github.dockerjava.zerodep.shaded.org.apache.hc.client5.http.wire - http-outgoing-1 << "[0x1][0x0][0x0][0x0][0x0][0x0][0x0][0xffffff8e][2024-12-20 16:34:43,662] INFO [PartitionStateMachine controllerId=1] Initializing partition state (kafka.controller.ZkPartitionStateMachine)[\n]"
17:34:43.662 [docker-java-stream--1935083709] DEBUG com.github.dockerjava.zerodep.shaded.org.apache.hc.client5.http.wire - http-outgoing-1 << "[\r][\n]"
17:34:43.666 [docker-java-stream--1935083709] DEBUG com.github.dockerjava.zerodep.shaded.org.apache.hc.client5.http.wire - http-outgoing-1 << "a3[\r][\n]"
17:34:43.666 [docker-java-stream--1935083709] DEBUG com.github.dockerjava.zerodep.shaded.org.apache.hc.client5.http.wire - http-outgoing-1 << "[0x1][0x0][0x0][0x0][0x0][0x0][0x0][0xffffff9b][2024-12-20 16:34:43,665] INFO [PartitionStateMachine controllerId=1] Triggering online partition state changes (kafka.controller.ZkPartitionStateMachine)[\n]"
17:34:43.666 [docker-java-stream--1935083709] DEBUG com.github.dockerjava.zerodep.shaded.org.apache.hc.client5.http.wire - http-outgoing-1 << "[\r][\n]"
17:34:43.667 [main] DEBUG org.testcontainers.containers.output.WaitingConsumer - STDOUT: [2024-12-20 16:34:43,665] INFO [PartitionStateMachine controllerId=1] Triggering online partition state changes (kafka.controller.ZkPartitionStateMachine)
17:34:43.667 [main] DEBUG org.testcontainers.containers.output.WaitingConsumer - STDOUT: [2024-12-20 16:34:43,662] INFO [PartitionStateMachine controllerId=1] Initializing partition state (kafka.controller.ZkPartitionStateMachine)
17:34:43.667 [main] DEBUG org.testcontainers.containers.output.WaitingConsumer - STDOUT: [2024-12-20 16:34:43,661] DEBUG [ReplicaStateMachine controllerId=1] Started replica state machine with initial state -> HashMap() (kafka.controller.ZkReplicaStateMachine)
17:34:43.667 [main] DEBUG org.testcontainers.containers.output.WaitingConsumer - STDOUT: [2024-12-20 16:34:43,661] INFO [ReplicaStateMachine controllerId=1] Triggering offline replica state changes (kafka.controller.ZkReplicaStateMachine)
17:34:43.667 [main] DEBUG org.testcontainers.containers.output.WaitingConsumer - STDOUT: [2024-12-20 16:34:43,653] INFO [ReplicaStateMachine controllerId=1] Triggering online replica state changes (kafka.controller.ZkReplicaStateMachine)
17:34:43.677 [docker-java-stream--1935083709] DEBUG com.github.dockerjava.zerodep.shaded.org.apache.hc.client5.http.wire - http-outgoing-1 << "ba[\r][\n]"
17:34:43.677 [docker-java-stream--1935083709] DEBUG com.github.dockerjava.zerodep.shaded.org.apache.hc.client5.http.wire - http-outgoing-1 << "[0x1][0x0][0x0][0x0][0x0][0x0][0x0][0xffffffb2][2024-12-20 16:34:43,675] DEBUG [PartitionStateMachine controllerId=1] Started partition state machine with initial state -> HashMap() (kafka.controller.ZkPartitionStateMachine)[\n]"
17:34:43.678 [docker-java-stream--1935083709] DEBUG com.github.dockerjava.zerodep.shaded.org.apache.hc.client5.http.wire - http-outgoing-1 << "[\r][\n]"
17:34:43.678 [docker-java-stream--1935083709] DEBUG com.github.dockerjava.zerodep.shaded.org.apache.hc.client5.http.wire - http-outgoing-1 << "8e[\r][\n]"
17:34:43.678 [docker-java-stream--1935083709] DEBUG com.github.dockerjava.zerodep.shaded.org.apache.hc.client5.http.wire - http-outgoing-1 << "[0x1][0x0][0x0][0x0][0x0][0x0][0x0][0xffffff86][2024-12-20 16:34:43,676] INFO [Controller id=1] Ready to serve as the new controller with epoch 1 (kafka.controller.KafkaController)[\n]"
17:34:43.678 [docker-java-stream--1935083709] DEBUG com.github.dockerjava.zerodep.shaded.org.apache.hc.client5.http.wire - http-outgoing-1 << "[\r][\n]"
17:34:43.680 [main] DEBUG org.testcontainers.containers.output.WaitingConsumer - STDOUT: [2024-12-20 16:34:43,676] INFO [Controller id=1] Ready to serve as the new controller with epoch 1 (kafka.controller.KafkaController)
17:34:43.680 [main] DEBUG org.testcontainers.containers.output.WaitingConsumer - STDOUT: [2024-12-20 16:34:43,675] DEBUG [PartitionStateMachine controllerId=1] Started partition state machine with initial state -> HashMap() (kafka.controller.ZkPartitionStateMachine)
17:34:43.680 [docker-java-stream--1935083709] DEBUG com.github.dockerjava.zerodep.shaded.org.apache.hc.client5.http.wire - http-outgoing-1 << "a1[\r][\n]"
17:34:43.680 [docker-java-stream--1935083709] DEBUG com.github.dockerjava.zerodep.shaded.org.apache.hc.client5.http.wire - http-outgoing-1 << "[0x1][0x0][0x0][0x0][0x0][0x0][0x0][0xffffff99][2024-12-20 16:34:43,678] INFO [/config/changes-event-process-thread]: Starting (kafka.common.ZkNodeChangeNotificationListener$ChangeEventProcessThread)[\n]"
17:34:43.680 [docker-java-stream--1935083709] DEBUG com.github.dockerjava.zerodep.shaded.org.apache.hc.client5.http.wire - http-outgoing-1 << "[\r][\n]"
17:34:43.690 [main] DEBUG org.testcontainers.containers.output.WaitingConsumer - STDOUT: [2024-12-20 16:34:43,678] INFO [/config/changes-event-process-thread]: Starting (kafka.common.ZkNodeChangeNotificationListener$ChangeEventProcessThread)
17:34:43.691 [docker-java-stream--1935083709] DEBUG com.github.dockerjava.zerodep.shaded.org.apache.hc.client5.http.wire - http-outgoing-1 << "d0[\r][\n]"
17:34:43.692 [docker-java-stream--1935083709] DEBUG com.github.dockerjava.zerodep.shaded.org.apache.hc.client5.http.wire - http-outgoing-1 << "[0x1][0x0][0x0][0x0][0x0][0x0][0x0][0xffffffc8][2024-12-20 16:34:43,682] INFO [RequestSendThread controllerId=1] Controller 1 connected to 770af2197545:9092 (id: 1 rack: null) for sending state change requests (kafka.controller.RequestSendThread)[\n]"
17:34:43.692 [docker-java-stream--1935083709] DEBUG com.github.dockerjava.zerodep.shaded.org.apache.hc.client5.http.wire - http-outgoing-1 << "[\r][\n]"
17:34:43.701 [main] DEBUG org.testcontainers.containers.output.WaitingConsumer - STDOUT: [2024-12-20 16:34:43,682] INFO [RequestSendThread controllerId=1] Controller 1 connected to 770af2197545:9092 (id: 1 rack: null) for sending state change requests (kafka.controller.RequestSendThread)
17:34:43.708 [docker-java-stream--1935083709] DEBUG com.github.dockerjava.zerodep.shaded.org.apache.hc.client5.http.wire - http-outgoing-1 << "8f[\r][\n]"
17:34:43.708 [docker-java-stream--1935083709] DEBUG com.github.dockerjava.zerodep.shaded.org.apache.hc.client5.http.wire - http-outgoing-1 << "[0x1][0x0][0x0][0x0][0x0][0x0][0x0][0xffffff87][2024-12-20 16:34:43,704] INFO [Controller id=1] Partitions undergoing preferred replica election:  (kafka.controller.KafkaController)[\n]"
17:34:43.708 [docker-java-stream--1935083709] DEBUG com.github.dockerjava.zerodep.shaded.org.apache.hc.client5.http.wire - http-outgoing-1 << "[\r][\n]"
17:34:43.708 [docker-java-stream--1935083709] DEBUG com.github.dockerjava.zerodep.shaded.org.apache.hc.client5.http.wire - http-outgoing-1 << "93[\r][\n]"
17:34:43.708 [docker-java-stream--1935083709] DEBUG com.github.dockerjava.zerodep.shaded.org.apache.hc.client5.http.wire - http-outgoing-1 << "[0x1][0x0][0x0][0x0][0x0][0x0][0x0][0xffffff8b][2024-12-20 16:34:43,707] INFO [Controller id=1] Partitions that completed preferred replica election:  (kafka.controller.KafkaController)[\n]"
17:34:43.708 [docker-java-stream--1935083709] DEBUG com.github.dockerjava.zerodep.shaded.org.apache.hc.client5.http.wire - http-outgoing-1 << "[\r][\n]"
17:34:43.708 [docker-java-stream--1935083709] DEBUG com.github.dockerjava.zerodep.shaded.org.apache.hc.client5.http.wire - http-outgoing-1 << "a7[\r][\n]"
17:34:43.708 [docker-java-stream--1935083709] DEBUG com.github.dockerjava.zerodep.shaded.org.apache.hc.client5.http.wire - http-outgoing-1 << "[0x1][0x0][0x0][0x0][0x0][0x0][0x0][0xffffff9f][2024-12-20 16:34:43,707] INFO [Controller id=1] Skipping preferred replica election for partitions due to topic deletion:  (kafka.controller.KafkaController)[\n]"
17:34:43.708 [docker-java-stream--1935083709] DEBUG com.github.dockerjava.zerodep.shaded.org.apache.hc.client5.http.wire - http-outgoing-1 << "[\r][\n]"
17:34:43.708 [docker-java-stream--1935083709] DEBUG com.github.dockerjava.zerodep.shaded.org.apache.hc.client5.http.wire - http-outgoing-1 << "91[\r][\n]"
17:34:43.709 [docker-java-stream--1935083709] DEBUG com.github.dockerjava.zerodep.shaded.org.apache.hc.client5.http.wire - http-outgoing-1 << "[0x1][0x0][0x0][0x0][0x0][0x0][0x0][0xffffff89][2024-12-20 16:34:43,708] INFO [Controller id=1] Resuming preferred replica election for partitions:  (kafka.controller.KafkaController)[\n]"
17:34:43.709 [docker-java-stream--1935083709] DEBUG com.github.dockerjava.zerodep.shaded.org.apache.hc.client5.http.wire - http-outgoing-1 << "[\r][\n]"
17:34:43.716 [docker-java-stream--1935083709] DEBUG com.github.dockerjava.zerodep.shaded.org.apache.hc.client5.http.wire - http-outgoing-1 << "b2[\r][\n]"
17:34:43.716 [docker-java-stream--1935083709] DEBUG com.github.dockerjava.zerodep.shaded.org.apache.hc.client5.http.wire - http-outgoing-1 << "[0x1][0x0][0x0][0x0][0x0][0x0][0x0][0xffffffaa][2024-12-20 16:34:43,712] INFO [Controller id=1] Starting replica leader election (PREFERRED) for partitions  triggered by ZkTriggered (kafka.controller.KafkaController)[\n]"
17:34:43.716 [docker-java-stream--1935083709] DEBUG com.github.dockerjava.zerodep.shaded.org.apache.hc.client5.http.wire - http-outgoing-1 << "[\r][\n]"
17:34:43.716 [main] DEBUG org.testcontainers.containers.output.WaitingConsumer - STDOUT: [2024-12-20 16:34:43,708] INFO [Controller id=1] Resuming preferred replica election for partitions:  (kafka.controller.KafkaController)
17:34:43.716 [main] DEBUG org.testcontainers.containers.output.WaitingConsumer - STDOUT: [2024-12-20 16:34:43,707] INFO [Controller id=1] Skipping preferred replica election for partitions due to topic deletion:  (kafka.controller.KafkaController)
17:34:43.716 [main] DEBUG org.testcontainers.containers.output.WaitingConsumer - STDOUT: [2024-12-20 16:34:43,707] INFO [Controller id=1] Partitions that completed preferred replica election:  (kafka.controller.KafkaController)
17:34:43.716 [main] DEBUG org.testcontainers.containers.output.WaitingConsumer - STDOUT: [2024-12-20 16:34:43,704] INFO [Controller id=1] Partitions undergoing preferred replica election:  (kafka.controller.KafkaController)
17:34:43.726 [main] DEBUG org.testcontainers.containers.output.WaitingConsumer - STDOUT: [2024-12-20 16:34:43,712] INFO [Controller id=1] Starting replica leader election (PREFERRED) for partitions  triggered by ZkTriggered (kafka.controller.KafkaController)
17:34:43.738 [docker-java-stream--1935083709] DEBUG com.github.dockerjava.zerodep.shaded.org.apache.hc.client5.http.wire - http-outgoing-1 << "91[\r][\n]"
17:34:43.738 [docker-java-stream--1935083709] DEBUG com.github.dockerjava.zerodep.shaded.org.apache.hc.client5.http.wire - http-outgoing-1 << "[0x1][0x0][0x0][0x0][0x0][0x0][0x0][0xffffff89][2024-12-20 16:34:43,736] INFO [SocketServer listenerType=ZK_BROKER, nodeId=1] Enabling request processing. (kafka.network.SocketServer)[\n]"
17:34:43.738 [docker-java-stream--1935083709] DEBUG com.github.dockerjava.zerodep.shaded.org.apache.hc.client5.http.wire - http-outgoing-1 << "[\r][\n]"
17:34:43.740 [main] DEBUG org.testcontainers.containers.output.WaitingConsumer - STDOUT: [2024-12-20 16:34:43,736] INFO [SocketServer listenerType=ZK_BROKER, nodeId=1] Enabling request processing. (kafka.network.SocketServer)
17:34:43.740 [docker-java-stream--1935083709] DEBUG com.github.dockerjava.zerodep.shaded.org.apache.hc.client5.http.wire - http-outgoing-1 << "7e[\r][\n]"
17:34:43.740 [docker-java-stream--1935083709] DEBUG com.github.dockerjava.zerodep.shaded.org.apache.hc.client5.http.wire - http-outgoing-1 << "[0x1][0x0][0x0][0x0][0x0][0x0][0x0]v[2024-12-20 16:34:43,738] INFO [Controller id=1] Starting the controller scheduler (kafka.controller.KafkaController)[\n]"
17:34:43.740 [docker-java-stream--1935083709] DEBUG com.github.dockerjava.zerodep.shaded.org.apache.hc.client5.http.wire - http-outgoing-1 << "[\r][\n]"
17:34:43.750 [main] DEBUG org.testcontainers.containers.output.WaitingConsumer - STDOUT: [2024-12-20 16:34:43,738] INFO [Controller id=1] Starting the controller scheduler (kafka.controller.KafkaController)
17:34:43.766 [docker-java-stream--1935083709] DEBUG com.github.dockerjava.zerodep.shaded.org.apache.hc.client5.http.wire - http-outgoing-1 << "6e[\r][\n]"
17:34:43.766 [docker-java-stream--1935083709] DEBUG com.github.dockerjava.zerodep.shaded.org.apache.hc.client5.http.wire - http-outgoing-1 << "[0x1][0x0][0x0][0x0][0x0][0x0][0x0]f[2024-12-20 16:34:43,765] INFO Kafka version: 7.4.1-ccs (org.apache.kafka.common.utils.AppInfoParser)[\n]"
17:34:43.768 [docker-java-stream--1935083709] DEBUG com.github.dockerjava.zerodep.shaded.org.apache.hc.client5.http.wire - http-outgoing-1 << "[\r][\n]"
17:34:43.768 [docker-java-stream--1935083709] DEBUG com.github.dockerjava.zerodep.shaded.org.apache.hc.client5.http.wire - http-outgoing-1 << "8e[\r][\n]"
17:34:43.768 [docker-java-stream--1935083709] DEBUG com.github.dockerjava.zerodep.shaded.org.apache.hc.client5.http.wire - http-outgoing-1 << "[0x1][0x0][0x0][0x0][0x0][0x0][0x0][0xffffff86][2024-12-20 16:34:43,766] INFO Kafka commitId: fed9c006bfc7ba5bf7d2dee840e041d1a851d903 (org.apache.kafka.common.utils.AppInfoParser)[\n]"
17:34:43.768 [docker-java-stream--1935083709] DEBUG com.github.dockerjava.zerodep.shaded.org.apache.hc.client5.http.wire - http-outgoing-1 << "[\r][\n]"
17:34:43.769 [docker-java-stream--1935083709] DEBUG com.github.dockerjava.zerodep.shaded.org.apache.hc.client5.http.wire - http-outgoing-1 << "76[\r][\n]"
17:34:43.769 [docker-java-stream--1935083709] DEBUG com.github.dockerjava.zerodep.shaded.org.apache.hc.client5.http.wire - http-outgoing-1 << "[0x1][0x0][0x0][0x0][0x0][0x0][0x0]n[2024-12-20 16:34:43,766] INFO Kafka startTimeMs: 1734712483756 (org.apache.kafka.common.utils.AppInfoParser)[\n]"
17:34:43.769 [docker-java-stream--1935083709] DEBUG com.github.dockerjava.zerodep.shaded.org.apache.hc.client5.http.wire - http-outgoing-1 << "[\r][\n]"
17:34:43.769 [main] DEBUG org.testcontainers.containers.output.WaitingConsumer - STDOUT: [2024-12-20 16:34:43,766] INFO Kafka startTimeMs: 1734712483756 (org.apache.kafka.common.utils.AppInfoParser)
17:34:43.769 [main] DEBUG org.testcontainers.containers.output.WaitingConsumer - STDOUT: [2024-12-20 16:34:43,766] INFO Kafka commitId: fed9c006bfc7ba5bf7d2dee840e041d1a851d903 (org.apache.kafka.common.utils.AppInfoParser)
17:34:43.769 [main] DEBUG org.testcontainers.containers.output.WaitingConsumer - STDOUT: [2024-12-20 16:34:43,765] INFO Kafka version: 7.4.1-ccs (org.apache.kafka.common.utils.AppInfoParser)
17:34:43.775 [docker-java-stream--1935083709] DEBUG com.github.dockerjava.zerodep.shaded.org.apache.hc.client5.http.wire - http-outgoing-1 << "5d[\r][\n]"
17:34:43.775 [docker-java-stream--1935083709] DEBUG com.github.dockerjava.zerodep.shaded.org.apache.hc.client5.http.wire - http-outgoing-1 << "[0x1][0x0][0x0][0x0][0x0][0x0][0x0]U[2024-12-20 16:34:43,774] INFO [KafkaServer id=1] started (kafka.server.KafkaServer)[\n]"
17:34:43.775 [docker-java-stream--1935083709] DEBUG com.github.dockerjava.zerodep.shaded.org.apache.hc.client5.http.wire - http-outgoing-1 << "[\r][\n]"
17:34:43.779 [main] DEBUG org.testcontainers.containers.output.WaitingConsumer - STDOUT: [2024-12-20 16:34:43,774] INFO [KafkaServer id=1] started (kafka.server.KafkaServer)
17:34:43.780 [main] DEBUG com.github.dockerjava.zerodep.shaded.org.apache.hc.client5.http.impl.classic.InternalHttpClient - ep-0000000F: cancel
17:34:43.780 [main] DEBUG com.github.dockerjava.zerodep.shaded.org.apache.hc.client5.http.impl.io.DefaultManagedHttpClientConnection - http-outgoing-1: close connection IMMEDIATE
17:34:43.780 [main] DEBUG com.github.dockerjava.zerodep.shaded.org.apache.hc.client5.http.impl.classic.InternalHttpClient - ep-0000000F: endpoint closed
17:34:43.780 [main] DEBUG com.github.dockerjava.zerodep.shaded.org.apache.hc.client5.http.impl.classic.InternalHttpClient - ep-0000000F: discarding endpoint
17:34:43.780 [main] DEBUG com.github.dockerjava.zerodep.shaded.org.apache.hc.client5.http.impl.io.PoolingHttpClientConnectionManager - ep-0000000F: releasing endpoint
17:34:43.780 [main] DEBUG com.github.dockerjava.zerodep.shaded.org.apache.hc.client5.http.impl.io.PoolingHttpClientConnectionManager - ep-0000000F: connection is not kept alive
17:34:43.780 [main] DEBUG com.github.dockerjava.zerodep.shaded.org.apache.hc.client5.http.impl.io.PoolingHttpClientConnectionManager - ep-0000000F: connection released [route: {}->unix://localhost:2375][total available: 0; route allocated: 0 of 2147483647; total allocated: 0 of 2147483647]
17:34:43.780 [docker-java-stream--1935083709] DEBUG com.github.dockerjava.zerodep.shaded.org.apache.hc.client5.http.wire - http-outgoing-1 << "[read] I/O error: null"
17:34:43.781 [docker-java-stream--1935083709] DEBUG com.github.dockerjava.zerodep.shaded.org.apache.hc.client5.http.wire - http-outgoing-1 << "[read] I/O error: null"
17:34:43.781 [docker-java-stream--1935083709] DEBUG com.github.dockerjava.zerodep.ApacheDockerHttpClientImpl$ApacheResponse - Failed to close the response
java.nio.channels.ClosedChannelException: null
	at java.base/sun.nio.ch.SocketChannelImpl.ensureOpenAndConnected(SocketChannelImpl.java:222)
	at java.base/sun.nio.ch.SocketChannelImpl.blockingRead(SocketChannelImpl.java:1306)
	at java.base/sun.nio.ch.SocketInputStream.read(SocketInputStream.java:70)
	at com.github.dockerjava.zerodep.shaded.org.apache.hc.client5.http.impl.io.LoggingInputStream.read(LoggingInputStream.java:81)
	at com.github.dockerjava.zerodep.shaded.org.apache.hc.core5.http.impl.io.SessionInputBufferImpl.fillBuffer(SessionInputBufferImpl.java:149)
	at com.github.dockerjava.zerodep.shaded.org.apache.hc.core5.http.impl.io.SessionInputBufferImpl.readLine(SessionInputBufferImpl.java:280)
	at com.github.dockerjava.zerodep.shaded.org.apache.hc.core5.http.impl.io.ChunkedInputStream.getChunkSize(ChunkedInputStream.java:261)
	at com.github.dockerjava.zerodep.shaded.org.apache.hc.core5.http.impl.io.ChunkedInputStream.nextChunk(ChunkedInputStream.java:222)
	at com.github.dockerjava.zerodep.shaded.org.apache.hc.core5.http.impl.io.ChunkedInputStream.read(ChunkedInputStream.java:147)
	at com.github.dockerjava.zerodep.shaded.org.apache.hc.core5.http.impl.io.ChunkedInputStream.close(ChunkedInputStream.java:314)
	at com.github.dockerjava.zerodep.shaded.org.apache.hc.core5.io.Closer.close(Closer.java:48)
	at com.github.dockerjava.zerodep.shaded.org.apache.hc.core5.http.impl.io.IncomingHttpEntity.close(IncomingHttpEntity.java:111)
	at com.github.dockerjava.zerodep.shaded.org.apache.hc.core5.http.io.entity.HttpEntityWrapper.close(HttpEntityWrapper.java:120)
	at com.github.dockerjava.zerodep.shaded.org.apache.hc.core5.io.Closer.close(Closer.java:48)
	at com.github.dockerjava.zerodep.shaded.org.apache.hc.core5.http.message.BasicClassicHttpResponse.close(BasicClassicHttpResponse.java:93)
	at com.github.dockerjava.zerodep.shaded.org.apache.hc.client5.http.impl.classic.CloseableHttpResponse.close(CloseableHttpResponse.java:200)
	at com.github.dockerjava.zerodep.ApacheDockerHttpClientImpl$ApacheResponse.close(ApacheDockerHttpClientImpl.java:256)
	at org.testcontainers.shaded.com.github.dockerjava.core.DefaultInvocationBuilder.lambda$executeAndStream$1(DefaultInvocationBuilder.java:277)
	at java.base/java.lang.Thread.run(Thread.java:1583)
17:34:43.781 [main] DEBUG com.github.dockerjava.zerodep.shaded.org.apache.hc.client5.http.wire - http-outgoing-1 << "[read] I/O error: null"
17:34:43.782 [main] DEBUG com.github.dockerjava.zerodep.ApacheDockerHttpClientImpl$ApacheResponse - Failed to close the response
java.nio.channels.ClosedChannelException: null
	at java.base/sun.nio.ch.SocketChannelImpl.ensureOpenAndConnected(SocketChannelImpl.java:222)
	at java.base/sun.nio.ch.SocketChannelImpl.blockingRead(SocketChannelImpl.java:1306)
	at java.base/sun.nio.ch.SocketInputStream.read(SocketInputStream.java:70)
	at com.github.dockerjava.zerodep.shaded.org.apache.hc.client5.http.impl.io.LoggingInputStream.read(LoggingInputStream.java:81)
	at com.github.dockerjava.zerodep.shaded.org.apache.hc.core5.http.impl.io.SessionInputBufferImpl.fillBuffer(SessionInputBufferImpl.java:149)
	at com.github.dockerjava.zerodep.shaded.org.apache.hc.core5.http.impl.io.SessionInputBufferImpl.readLine(SessionInputBufferImpl.java:280)
	at com.github.dockerjava.zerodep.shaded.org.apache.hc.core5.http.impl.io.ChunkedInputStream.getChunkSize(ChunkedInputStream.java:261)
	at com.github.dockerjava.zerodep.shaded.org.apache.hc.core5.http.impl.io.ChunkedInputStream.nextChunk(ChunkedInputStream.java:222)
	at com.github.dockerjava.zerodep.shaded.org.apache.hc.core5.http.impl.io.ChunkedInputStream.read(ChunkedInputStream.java:147)
	at com.github.dockerjava.zerodep.shaded.org.apache.hc.core5.http.impl.io.ChunkedInputStream.close(ChunkedInputStream.java:314)
	at com.github.dockerjava.zerodep.shaded.org.apache.hc.core5.io.Closer.close(Closer.java:48)
	at com.github.dockerjava.zerodep.shaded.org.apache.hc.core5.http.impl.io.IncomingHttpEntity.close(IncomingHttpEntity.java:111)
	at com.github.dockerjava.zerodep.shaded.org.apache.hc.core5.http.io.entity.HttpEntityWrapper.close(HttpEntityWrapper.java:120)
	at com.github.dockerjava.zerodep.shaded.org.apache.hc.core5.io.Closer.close(Closer.java:48)
	at com.github.dockerjava.zerodep.shaded.org.apache.hc.core5.http.message.BasicClassicHttpResponse.close(BasicClassicHttpResponse.java:93)
	at com.github.dockerjava.zerodep.shaded.org.apache.hc.client5.http.impl.classic.CloseableHttpResponse.close(CloseableHttpResponse.java:200)
	at com.github.dockerjava.zerodep.ApacheDockerHttpClientImpl$ApacheResponse.close(ApacheDockerHttpClientImpl.java:256)
	at org.testcontainers.shaded.com.github.dockerjava.core.DefaultInvocationBuilder.lambda$null$0(DefaultInvocationBuilder.java:272)
	at com.github.dockerjava.api.async.ResultCallbackTemplate.close(ResultCallbackTemplate.java:77)
	at org.testcontainers.containers.output.FrameConsumerResultCallback.close(FrameConsumerResultCallback.java:69)
	at org.testcontainers.containers.wait.strategy.LogMessageWaitStrategy.waitUntilReady(LogMessageWaitStrategy.java:49)
	at org.testcontainers.containers.wait.strategy.AbstractWaitStrategy.waitUntilReady(AbstractWaitStrategy.java:52)
	at org.testcontainers.containers.GenericContainer.waitUntilContainerStarted(GenericContainer.java:978)
	at org.testcontainers.containers.GenericContainer.tryStart(GenericContainer.java:502)
	at org.testcontainers.containers.GenericContainer.lambda$doStart$0(GenericContainer.java:356)
	at org.rnorth.ducttape.unreliables.Unreliables.retryUntilSuccess(Unreliables.java:81)
	at org.testcontainers.containers.GenericContainer.doStart(GenericContainer.java:346)
	at org.testcontainers.containers.GenericContainer.start(GenericContainer.java:334)
	at org.example.integration.KafkaIntegrationTest.startKafka(KafkaIntegrationTest.java:26)
	at java.base/jdk.internal.reflect.DirectMethodHandleAccessor.invoke(DirectMethodHandleAccessor.java:103)
	at java.base/java.lang.reflect.Method.invoke(Method.java:580)
	at org.junit.platform.commons.util.ReflectionUtils.invokeMethod(ReflectionUtils.java:728)
	at org.junit.jupiter.engine.execution.MethodInvocation.proceed(MethodInvocation.java:60)
	at org.junit.jupiter.engine.execution.InvocationInterceptorChain$ValidatingInvocation.proceed(InvocationInterceptorChain.java:131)
	at org.junit.jupiter.engine.extension.TimeoutExtension.intercept(TimeoutExtension.java:156)
	at org.junit.jupiter.engine.extension.TimeoutExtension.interceptLifecycleMethod(TimeoutExtension.java:128)
	at org.junit.jupiter.engine.extension.TimeoutExtension.interceptBeforeAllMethod(TimeoutExtension.java:70)
	at org.junit.jupiter.engine.execution.InterceptingExecutableInvoker$ReflectiveInterceptorCall.lambda$ofVoidMethod$0(InterceptingExecutableInvoker.java:103)
	at org.junit.jupiter.engine.execution.InterceptingExecutableInvoker.lambda$invoke$0(InterceptingExecutableInvoker.java:93)
	at org.junit.jupiter.engine.execution.InvocationInterceptorChain$InterceptedInvocation.proceed(InvocationInterceptorChain.java:106)
	at org.junit.jupiter.engine.execution.InvocationInterceptorChain.proceed(InvocationInterceptorChain.java:64)
	at org.junit.jupiter.engine.execution.InvocationInterceptorChain.chainAndInvoke(InvocationInterceptorChain.java:45)
	at org.junit.jupiter.engine.execution.InvocationInterceptorChain.invoke(InvocationInterceptorChain.java:37)
	at org.junit.jupiter.engine.execution.InterceptingExecutableInvoker.invoke(InterceptingExecutableInvoker.java:92)
	at org.junit.jupiter.engine.execution.InterceptingExecutableInvoker.invoke(InterceptingExecutableInvoker.java:86)
	at org.junit.jupiter.engine.descriptor.ClassBasedTestDescriptor.lambda$invokeBeforeAllMethods$13(ClassBasedTestDescriptor.java:412)
	at org.junit.platform.engine.support.hierarchical.ThrowableCollector.execute(ThrowableCollector.java:73)
	at org.junit.jupiter.engine.descriptor.ClassBasedTestDescriptor.invokeBeforeAllMethods(ClassBasedTestDescriptor.java:410)
	at org.junit.jupiter.engine.descriptor.ClassBasedTestDescriptor.before(ClassBasedTestDescriptor.java:216)
	at org.junit.jupiter.engine.descriptor.ClassBasedTestDescriptor.before(ClassBasedTestDescriptor.java:85)
	at org.junit.platform.engine.support.hierarchical.NodeTestTask.lambda$executeRecursively$6(NodeTestTask.java:148)
	at org.junit.platform.engine.support.hierarchical.ThrowableCollector.execute(ThrowableCollector.java:73)
	at org.junit.platform.engine.support.hierarchical.NodeTestTask.lambda$executeRecursively$8(NodeTestTask.java:141)
	at org.junit.platform.engine.support.hierarchical.Node.around(Node.java:137)
	at org.junit.platform.engine.support.hierarchical.NodeTestTask.lambda$executeRecursively$9(NodeTestTask.java:139)
	at org.junit.platform.engine.support.hierarchical.ThrowableCollector.execute(ThrowableCollector.java:73)
	at org.junit.platform.engine.support.hierarchical.NodeTestTask.executeRecursively(NodeTestTask.java:138)
	at org.junit.platform.engine.support.hierarchical.NodeTestTask.execute(NodeTestTask.java:95)
	at java.base/java.util.ArrayList.forEach(ArrayList.java:1596)
	at org.junit.platform.engine.support.hierarchical.SameThreadHierarchicalTestExecutorService.invokeAll(SameThreadHierarchicalTestExecutorService.java:41)
	at org.junit.platform.engine.support.hierarchical.NodeTestTask.lambda$executeRecursively$6(NodeTestTask.java:155)
	at org.junit.platform.engine.support.hierarchical.ThrowableCollector.execute(ThrowableCollector.java:73)
	at org.junit.platform.engine.support.hierarchical.NodeTestTask.lambda$executeRecursively$8(NodeTestTask.java:141)
	at org.junit.platform.engine.support.hierarchical.Node.around(Node.java:137)
	at org.junit.platform.engine.support.hierarchical.NodeTestTask.lambda$executeRecursively$9(NodeTestTask.java:139)
	at org.junit.platform.engine.support.hierarchical.ThrowableCollector.execute(ThrowableCollector.java:73)
	at org.junit.platform.engine.support.hierarchical.NodeTestTask.executeRecursively(NodeTestTask.java:138)
	at org.junit.platform.engine.support.hierarchical.NodeTestTask.execute(NodeTestTask.java:95)
	at org.junit.platform.engine.support.hierarchical.SameThreadHierarchicalTestExecutorService.submit(SameThreadHierarchicalTestExecutorService.java:35)
	at org.junit.platform.engine.support.hierarchical.HierarchicalTestExecutor.execute(HierarchicalTestExecutor.java:57)
	at org.junit.platform.engine.support.hierarchical.HierarchicalTestEngine.execute(HierarchicalTestEngine.java:54)
	at org.junit.platform.launcher.core.EngineExecutionOrchestrator.execute(EngineExecutionOrchestrator.java:198)
	at org.junit.platform.launcher.core.EngineExecutionOrchestrator.execute(EngineExecutionOrchestrator.java:169)
	at org.junit.platform.launcher.core.EngineExecutionOrchestrator.execute(EngineExecutionOrchestrator.java:93)
	at org.junit.platform.launcher.core.EngineExecutionOrchestrator.lambda$execute$0(EngineExecutionOrchestrator.java:58)
	at org.junit.platform.launcher.core.EngineExecutionOrchestrator.withInterceptedStreams(EngineExecutionOrchestrator.java:141)
	at org.junit.platform.launcher.core.EngineExecutionOrchestrator.execute(EngineExecutionOrchestrator.java:57)
	at org.junit.platform.launcher.core.DefaultLauncher.execute(DefaultLauncher.java:103)
	at org.junit.platform.launcher.core.DefaultLauncher.execute(DefaultLauncher.java:85)
	at org.junit.platform.launcher.core.DelegatingLauncher.execute(DelegatingLauncher.java:47)
	at org.apache.maven.surefire.junitplatform.LazyLauncher.execute(LazyLauncher.java:56)
	at org.apache.maven.surefire.junitplatform.JUnitPlatformProvider.execute(JUnitPlatformProvider.java:184)
	at org.apache.maven.surefire.junitplatform.JUnitPlatformProvider.invokeAllTests(JUnitPlatformProvider.java:148)
	at org.apache.maven.surefire.junitplatform.JUnitPlatformProvider.invoke(JUnitPlatformProvider.java:122)
	at org.apache.maven.surefire.booter.ForkedBooter.runSuitesInProcess(ForkedBooter.java:385)
	at org.apache.maven.surefire.booter.ForkedBooter.execute(ForkedBooter.java:162)
	at org.apache.maven.surefire.booter.ForkedBooter.run(ForkedBooter.java:507)
	at org.apache.maven.surefire.booter.ForkedBooter.main(ForkedBooter.java:495)
17:34:43.782 [main] INFO tc.confluentinc/cp-kafka:7.4.1 - Container confluentinc/cp-kafka:7.4.1 started in PT11.418877255S
17:34:43.866 [main] INFO org.apache.kafka.clients.producer.ProducerConfig - ProducerConfig values: 
	acks = -1
	auto.include.jmx.reporter = true
	batch.size = 16384
	bootstrap.servers = [PLAINTEXT://localhost:32785]
	buffer.memory = 33554432
	client.dns.lookup = use_all_dns_ips
	client.id = producer-1
	compression.type = none
	connections.max.idle.ms = 540000
	delivery.timeout.ms = 120000
	enable.idempotence = true
	interceptor.classes = []
	key.serializer = class org.apache.kafka.common.serialization.StringSerializer
	linger.ms = 0
	max.block.ms = 60000
	max.in.flight.requests.per.connection = 5
	max.request.size = 1048576
	metadata.max.age.ms = 300000
	metadata.max.idle.ms = 300000
	metric.reporters = []
	metrics.num.samples = 2
	metrics.recording.level = INFO
	metrics.sample.window.ms = 30000
	partitioner.adaptive.partitioning.enable = true
	partitioner.availability.timeout.ms = 0
	partitioner.class = null
	partitioner.ignore.keys = false
	receive.buffer.bytes = 32768
	reconnect.backoff.max.ms = 1000
	reconnect.backoff.ms = 50
	request.timeout.ms = 30000
	retries = 2147483647
	retry.backoff.ms = 100
	sasl.client.callback.handler.class = null
	sasl.jaas.config = null
	sasl.kerberos.kinit.cmd = /usr/bin/kinit
	sasl.kerberos.min.time.before.relogin = 60000
	sasl.kerberos.service.name = null
	sasl.kerberos.ticket.renew.jitter = 0.05
	sasl.kerberos.ticket.renew.window.factor = 0.8
	sasl.login.callback.handler.class = null
	sasl.login.class = null
	sasl.login.connect.timeout.ms = null
	sasl.login.read.timeout.ms = null
	sasl.login.refresh.buffer.seconds = 300
	sasl.login.refresh.min.period.seconds = 60
	sasl.login.refresh.window.factor = 0.8
	sasl.login.refresh.window.jitter = 0.05
	sasl.login.retry.backoff.max.ms = 10000
	sasl.login.retry.backoff.ms = 100
	sasl.mechanism = GSSAPI
	sasl.oauthbearer.clock.skew.seconds = 30
	sasl.oauthbearer.expected.audience = null
	sasl.oauthbearer.expected.issuer = null
	sasl.oauthbearer.jwks.endpoint.refresh.ms = 3600000
	sasl.oauthbearer.jwks.endpoint.retry.backoff.max.ms = 10000
	sasl.oauthbearer.jwks.endpoint.retry.backoff.ms = 100
	sasl.oauthbearer.jwks.endpoint.url = null
	sasl.oauthbearer.scope.claim.name = scope
	sasl.oauthbearer.sub.claim.name = sub
	sasl.oauthbearer.token.endpoint.url = null
	security.protocol = PLAINTEXT
	security.providers = null
	send.buffer.bytes = 131072
	socket.connection.setup.timeout.max.ms = 30000
	socket.connection.setup.timeout.ms = 10000
	ssl.cipher.suites = null
	ssl.enabled.protocols = [TLSv1.2, TLSv1.3]
	ssl.endpoint.identification.algorithm = https
	ssl.engine.factory.class = null
	ssl.key.password = null
	ssl.keymanager.algorithm = SunX509
	ssl.keystore.certificate.chain = null
	ssl.keystore.key = null
	ssl.keystore.location = null
	ssl.keystore.password = null
	ssl.keystore.type = JKS
	ssl.protocol = TLSv1.3
	ssl.provider = null
	ssl.secure.random.implementation = null
	ssl.trustmanager.algorithm = PKIX
	ssl.truststore.certificates = null
	ssl.truststore.location = null
	ssl.truststore.password = null
	ssl.truststore.type = JKS
	transaction.timeout.ms = 60000
	transactional.id = null
	value.serializer = class org.apache.kafka.common.serialization.StringSerializer

17:34:44.190 [main] INFO org.apache.kafka.clients.producer.KafkaProducer - [Producer clientId=producer-1] Instantiated an idempotent producer.
17:34:44.290 [kafka-producer-network-thread | producer-1] DEBUG org.apache.kafka.clients.producer.internals.Sender - [Producer clientId=producer-1] Starting Kafka producer I/O thread.
17:34:44.292 [kafka-producer-network-thread | producer-1] DEBUG org.apache.kafka.clients.producer.internals.TransactionManager - [Producer clientId=producer-1] Transition from state UNINITIALIZED to INITIALIZING
17:34:44.292 [main] INFO org.apache.kafka.common.utils.AppInfoParser - Kafka version: 3.6.0
17:34:44.292 [main] INFO org.apache.kafka.common.utils.AppInfoParser - Kafka commitId: 60e845626d8a465a
17:34:44.292 [main] INFO org.apache.kafka.common.utils.AppInfoParser - Kafka startTimeMs: 1734712484290
17:34:44.296 [main] DEBUG org.apache.kafka.clients.producer.KafkaProducer - [Producer clientId=producer-1] Kafka producer started
17:34:44.306 [main] INFO org.apache.kafka.clients.consumer.ConsumerConfig - ConsumerConfig values: 
	allow.auto.create.topics = true
	auto.commit.interval.ms = 5000
	auto.include.jmx.reporter = true
	auto.offset.reset = earliest
	bootstrap.servers = [PLAINTEXT://localhost:32785]
	check.crcs = true
	client.dns.lookup = use_all_dns_ips
	client.id = consumer-test-group-1
	client.rack = 
	connections.max.idle.ms = 540000
	default.api.timeout.ms = 60000
	enable.auto.commit = true
	exclude.internal.topics = true
	fetch.max.bytes = 52428800
	fetch.max.wait.ms = 500
	fetch.min.bytes = 1
	group.id = test-group
	group.instance.id = null
	heartbeat.interval.ms = 3000
	interceptor.classes = []
	internal.leave.group.on.close = true
	internal.throw.on.fetch.stable.offset.unsupported = false
	isolation.level = read_uncommitted
	key.deserializer = class org.apache.kafka.common.serialization.StringDeserializer
	max.partition.fetch.bytes = 1048576
	max.poll.interval.ms = 300000
	max.poll.records = 500
	metadata.max.age.ms = 300000
	metric.reporters = []
	metrics.num.samples = 2
	metrics.recording.level = INFO
	metrics.sample.window.ms = 30000
	partition.assignment.strategy = [class org.apache.kafka.clients.consumer.RangeAssignor, class org.apache.kafka.clients.consumer.CooperativeStickyAssignor]
	receive.buffer.bytes = 65536
	reconnect.backoff.max.ms = 1000
	reconnect.backoff.ms = 50
	request.timeout.ms = 30000
	retry.backoff.ms = 100
	sasl.client.callback.handler.class = null
	sasl.jaas.config = null
	sasl.kerberos.kinit.cmd = /usr/bin/kinit
	sasl.kerberos.min.time.before.relogin = 60000
	sasl.kerberos.service.name = null
	sasl.kerberos.ticket.renew.jitter = 0.05
	sasl.kerberos.ticket.renew.window.factor = 0.8
	sasl.login.callback.handler.class = null
	sasl.login.class = null
	sasl.login.connect.timeout.ms = null
	sasl.login.read.timeout.ms = null
	sasl.login.refresh.buffer.seconds = 300
	sasl.login.refresh.min.period.seconds = 60
	sasl.login.refresh.window.factor = 0.8
	sasl.login.refresh.window.jitter = 0.05
	sasl.login.retry.backoff.max.ms = 10000
	sasl.login.retry.backoff.ms = 100
	sasl.mechanism = GSSAPI
	sasl.oauthbearer.clock.skew.seconds = 30
	sasl.oauthbearer.expected.audience = null
	sasl.oauthbearer.expected.issuer = null
	sasl.oauthbearer.jwks.endpoint.refresh.ms = 3600000
	sasl.oauthbearer.jwks.endpoint.retry.backoff.max.ms = 10000
	sasl.oauthbearer.jwks.endpoint.retry.backoff.ms = 100
	sasl.oauthbearer.jwks.endpoint.url = null
	sasl.oauthbearer.scope.claim.name = scope
	sasl.oauthbearer.sub.claim.name = sub
	sasl.oauthbearer.token.endpoint.url = null
	security.protocol = PLAINTEXT
	security.providers = null
	send.buffer.bytes = 131072
	session.timeout.ms = 45000
	socket.connection.setup.timeout.max.ms = 30000
	socket.connection.setup.timeout.ms = 10000
	ssl.cipher.suites = null
	ssl.enabled.protocols = [TLSv1.2, TLSv1.3]
	ssl.endpoint.identification.algorithm = https
	ssl.engine.factory.class = null
	ssl.key.password = null
	ssl.keymanager.algorithm = SunX509
	ssl.keystore.certificate.chain = null
	ssl.keystore.key = null
	ssl.keystore.location = null
	ssl.keystore.password = null
	ssl.keystore.type = JKS
	ssl.protocol = TLSv1.3
	ssl.provider = null
	ssl.secure.random.implementation = null
	ssl.trustmanager.algorithm = PKIX
	ssl.truststore.certificates = null
	ssl.truststore.location = null
	ssl.truststore.password = null
	ssl.truststore.type = JKS
	value.deserializer = class org.apache.kafka.common.serialization.StringDeserializer

17:34:44.307 [main] DEBUG org.apache.kafka.clients.consumer.KafkaConsumer - [Consumer clientId=consumer-test-group-1, groupId=test-group] Initializing the Kafka consumer
17:34:44.371 [main] INFO org.apache.kafka.common.utils.AppInfoParser - Kafka version: 3.6.0
17:34:44.372 [main] INFO org.apache.kafka.common.utils.AppInfoParser - Kafka commitId: 60e845626d8a465a
17:34:44.372 [main] INFO org.apache.kafka.common.utils.AppInfoParser - Kafka startTimeMs: 1734712484371
17:34:44.372 [main] DEBUG org.apache.kafka.clients.consumer.KafkaConsumer - [Consumer clientId=consumer-test-group-1, groupId=test-group] Kafka consumer initialized
17:34:44.582 [kafka-producer-network-thread | producer-1] DEBUG org.apache.kafka.clients.producer.internals.TransactionManager - [Producer clientId=producer-1] Enqueuing transactional request InitProducerIdRequestData(transactionalId=null, transactionTimeoutMs=2147483647, producerId=-1, producerEpoch=-1)
17:34:44.583 [kafka-producer-network-thread | producer-1] DEBUG org.apache.kafka.clients.NetworkClient - [Producer clientId=producer-1] Initialize connection to node localhost:32785 (id: -1 rack: null) for sending metadata request
17:34:44.585 [kafka-producer-network-thread | producer-1] DEBUG org.apache.kafka.clients.ClientUtils - Resolved host localhost as 127.0.0.1
17:34:44.585 [kafka-producer-network-thread | producer-1] DEBUG org.apache.kafka.clients.NetworkClient - [Producer clientId=producer-1] Initiating connection to node localhost:32785 (id: -1 rack: null) using address localhost/127.0.0.1
17:34:44.601 [kafka-producer-network-thread | producer-1] DEBUG org.apache.kafka.common.network.Selector - [Producer clientId=producer-1] Created socket with SO_RCVBUF = 32768, SO_SNDBUF = 131072, SO_TIMEOUT = 0 to node -1
17:34:44.603 [kafka-producer-network-thread | producer-1] DEBUG org.apache.kafka.clients.NetworkClient - [Producer clientId=producer-1] Completed connection to node -1. Fetching API versions.
17:34:44.603 [kafka-producer-network-thread | producer-1] DEBUG org.apache.kafka.clients.NetworkClient - [Producer clientId=producer-1] Initiating API versions fetch from node -1.
17:34:44.633 [kafka-producer-network-thread | producer-1] DEBUG org.apache.kafka.clients.NetworkClient - [Producer clientId=producer-1] Sending API_VERSIONS request with header RequestHeader(apiKey=API_VERSIONS, apiVersion=3, clientId=producer-1, correlationId=0, headerVersion=2) and timeout 30000 to node -1: ApiVersionsRequestData(clientSoftwareName='apache-kafka-java', clientSoftwareVersion='3.6.0')
17:34:44.705 [kafka-producer-network-thread | producer-1] DEBUG org.apache.kafka.clients.NetworkClient - [Producer clientId=producer-1] Received API_VERSIONS response from node -1 for request with header RequestHeader(apiKey=API_VERSIONS, apiVersion=3, clientId=producer-1, correlationId=0, headerVersion=2): ApiVersionsResponseData(errorCode=0, apiKeys=[ApiVersion(apiKey=0, minVersion=0, maxVersion=9), ApiVersion(apiKey=1, minVersion=0, maxVersion=13), ApiVersion(apiKey=2, minVersion=0, maxVersion=7), ApiVersion(apiKey=3, minVersion=0, maxVersion=12), ApiVersion(apiKey=4, minVersion=0, maxVersion=7), ApiVersion(apiKey=5, minVersion=0, maxVersion=4), ApiVersion(apiKey=6, minVersion=0, maxVersion=8), ApiVersion(apiKey=7, minVersion=0, maxVersion=3), ApiVersion(apiKey=8, minVersion=0, maxVersion=8), ApiVersion(apiKey=9, minVersion=0, maxVersion=8), ApiVersion(apiKey=10, minVersion=0, maxVersion=4), ApiVersion(apiKey=11, minVersion=0, maxVersion=9), ApiVersion(apiKey=12, minVersion=0, maxVersion=4), ApiVersion(apiKey=13, minVersion=0, maxVersion=5), ApiVersion(apiKey=14, minVersion=0, maxVersion=5), ApiVersion(apiKey=15, minVersion=0, maxVersion=5), ApiVersion(apiKey=16, minVersion=0, maxVersion=4), ApiVersion(apiKey=17, minVersion=0, maxVersion=1), ApiVersion(apiKey=18, minVersion=0, maxVersion=3), ApiVersion(apiKey=19, minVersion=0, maxVersion=7), ApiVersion(apiKey=20, minVersion=0, maxVersion=6), ApiVersion(apiKey=21, minVersion=0, maxVersion=2), ApiVersion(apiKey=22, minVersion=0, maxVersion=4), ApiVersion(apiKey=23, minVersion=0, maxVersion=4), ApiVersion(apiKey=24, minVersion=0, maxVersion=3), ApiVersion(apiKey=25, minVersion=0, maxVersion=3), ApiVersion(apiKey=26, minVersion=0, maxVersion=3), ApiVersion(apiKey=27, minVersion=0, maxVersion=1), ApiVersion(apiKey=28, minVersion=0, maxVersion=3), ApiVersion(apiKey=29, minVersion=0, maxVersion=3), ApiVersion(apiKey=30, minVersion=0, maxVersion=3), ApiVersion(apiKey=31, minVersion=0, maxVersion=3), ApiVersion(apiKey=32, minVersion=0, maxVersion=4), ApiVersion(apiKey=33, minVersion=0, maxVersion=2), ApiVersion(apiKey=34, minVersion=0, maxVersion=2), ApiVersion(apiKey=35, minVersion=0, maxVersion=4), ApiVersion(apiKey=36, minVersion=0, maxVersion=2), ApiVersion(apiKey=37, minVersion=0, maxVersion=3), ApiVersion(apiKey=38, minVersion=0, maxVersion=3), ApiVersion(apiKey=39, minVersion=0, maxVersion=2), ApiVersion(apiKey=40, minVersion=0, maxVersion=2), ApiVersion(apiKey=41, minVersion=0, maxVersion=3), ApiVersion(apiKey=42, minVersion=0, maxVersion=2), ApiVersion(apiKey=43, minVersion=0, maxVersion=2), ApiVersion(apiKey=44, minVersion=0, maxVersion=1), ApiVersion(apiKey=45, minVersion=0, maxVersion=0), ApiVersion(apiKey=46, minVersion=0, maxVersion=0), ApiVersion(apiKey=47, minVersion=0, maxVersion=0), ApiVersion(apiKey=48, minVersion=0, maxVersion=1), ApiVersion(apiKey=49, minVersion=0, maxVersion=1), ApiVersion(apiKey=50, minVersion=0, maxVersion=0), ApiVersion(apiKey=51, minVersion=0, maxVersion=0), ApiVersion(apiKey=56, minVersion=0, maxVersion=2), ApiVersion(apiKey=57, minVersion=0, maxVersion=1), ApiVersion(apiKey=58, minVersion=0, maxVersion=0), ApiVersion(apiKey=60, minVersion=0, maxVersion=0), ApiVersion(apiKey=61, minVersion=0, maxVersion=0), ApiVersion(apiKey=65, minVersion=0, maxVersion=0), ApiVersion(apiKey=66, minVersion=0, maxVersion=0), ApiVersion(apiKey=67, minVersion=0, maxVersion=0)], throttleTimeMs=0, supportedFeatures=[], finalizedFeaturesEpoch=0, finalizedFeatures=[], zkMigrationReady=false)
17:34:44.773 [kafka-producer-network-thread | producer-1] DEBUG org.apache.kafka.clients.NetworkClient - [Producer clientId=producer-1] Node -1 has finalized features epoch: 0, finalized features: [], supported features: [], ZK migration ready: false, API versions: (Produce(0): 0 to 9 [usable: 9], Fetch(1): 0 to 13 [usable: 13], ListOffsets(2): 0 to 7 [usable: 7], Metadata(3): 0 to 12 [usable: 12], LeaderAndIsr(4): 0 to 7 [usable: 7], StopReplica(5): 0 to 4 [usable: 4], UpdateMetadata(6): 0 to 8 [usable: 8], ControlledShutdown(7): 0 to 3 [usable: 3], OffsetCommit(8): 0 to 8 [usable: 8], OffsetFetch(9): 0 to 8 [usable: 8], FindCoordinator(10): 0 to 4 [usable: 4], JoinGroup(11): 0 to 9 [usable: 9], Heartbeat(12): 0 to 4 [usable: 4], LeaveGroup(13): 0 to 5 [usable: 5], SyncGroup(14): 0 to 5 [usable: 5], DescribeGroups(15): 0 to 5 [usable: 5], ListGroups(16): 0 to 4 [usable: 4], SaslHandshake(17): 0 to 1 [usable: 1], ApiVersions(18): 0 to 3 [usable: 3], CreateTopics(19): 0 to 7 [usable: 7], DeleteTopics(20): 0 to 6 [usable: 6], DeleteRecords(21): 0 to 2 [usable: 2], InitProducerId(22): 0 to 4 [usable: 4], OffsetForLeaderEpoch(23): 0 to 4 [usable: 4], AddPartitionsToTxn(24): 0 to 3 [usable: 3], AddOffsetsToTxn(25): 0 to 3 [usable: 3], EndTxn(26): 0 to 3 [usable: 3], WriteTxnMarkers(27): 0 to 1 [usable: 1], TxnOffsetCommit(28): 0 to 3 [usable: 3], DescribeAcls(29): 0 to 3 [usable: 3], CreateAcls(30): 0 to 3 [usable: 3], DeleteAcls(31): 0 to 3 [usable: 3], DescribeConfigs(32): 0 to 4 [usable: 4], AlterConfigs(33): 0 to 2 [usable: 2], AlterReplicaLogDirs(34): 0 to 2 [usable: 2], DescribeLogDirs(35): 0 to 4 [usable: 4], SaslAuthenticate(36): 0 to 2 [usable: 2], CreatePartitions(37): 0 to 3 [usable: 3], CreateDelegationToken(38): 0 to 3 [usable: 3], RenewDelegationToken(39): 0 to 2 [usable: 2], ExpireDelegationToken(40): 0 to 2 [usable: 2], DescribeDelegationToken(41): 0 to 3 [usable: 3], DeleteGroups(42): 0 to 2 [usable: 2], ElectLeaders(43): 0 to 2 [usable: 2], IncrementalAlterConfigs(44): 0 to 1 [usable: 1], AlterPartitionReassignments(45): 0 [usable: 0], ListPartitionReassignments(46): 0 [usable: 0], OffsetDelete(47): 0 [usable: 0], DescribeClientQuotas(48): 0 to 1 [usable: 1], AlterClientQuotas(49): 0 to 1 [usable: 1], DescribeUserScramCredentials(50): 0 [usable: 0], AlterUserScramCredentials(51): 0 [usable: 0], DescribeQuorum(55): UNSUPPORTED, AlterPartition(56): 0 to 2 [usable: 2], UpdateFeatures(57): 0 to 1 [usable: 1], Envelope(58): 0 [usable: 0], DescribeCluster(60): 0 [usable: 0], DescribeProducers(61): 0 [usable: 0], UnregisterBroker(64): UNSUPPORTED, DescribeTransactions(65): 0 [usable: 0], ListTransactions(66): 0 [usable: 0], AllocateProducerIds(67): 0 [usable: 0], ConsumerGroupHeartbeat(68): UNSUPPORTED).
17:34:44.777 [kafka-producer-network-thread | producer-1] DEBUG org.apache.kafka.clients.NetworkClient - [Producer clientId=producer-1] Sending metadata request MetadataRequestData(topics=[MetadataRequestTopic(topicId=AAAAAAAAAAAAAAAAAAAAAA, name='weather-test')], allowAutoTopicCreation=true, includeClusterAuthorizedOperations=false, includeTopicAuthorizedOperations=false) to node localhost:32785 (id: -1 rack: null)
17:34:44.778 [kafka-producer-network-thread | producer-1] DEBUG org.apache.kafka.clients.NetworkClient - [Producer clientId=producer-1] Sending METADATA request with header RequestHeader(apiKey=METADATA, apiVersion=12, clientId=producer-1, correlationId=1, headerVersion=2) and timeout 30000 to node -1: MetadataRequestData(topics=[MetadataRequestTopic(topicId=AAAAAAAAAAAAAAAAAAAAAA, name='weather-test')], allowAutoTopicCreation=true, includeClusterAuthorizedOperations=false, includeTopicAuthorizedOperations=false)
17:34:44.779 [kafka-producer-network-thread | producer-1] DEBUG org.apache.kafka.clients.producer.internals.Sender - [Producer clientId=producer-1] Sending transactional request InitProducerIdRequestData(transactionalId=null, transactionTimeoutMs=2147483647, producerId=-1, producerEpoch=-1) to node localhost:32785 (id: -1 rack: null) with correlation ID 2
17:34:44.779 [kafka-producer-network-thread | producer-1] DEBUG org.apache.kafka.clients.NetworkClient - [Producer clientId=producer-1] Sending INIT_PRODUCER_ID request with header RequestHeader(apiKey=INIT_PRODUCER_ID, apiVersion=4, clientId=producer-1, correlationId=2, headerVersion=2) and timeout 30000 to node -1: InitProducerIdRequestData(transactionalId=null, transactionTimeoutMs=2147483647, producerId=-1, producerEpoch=-1)
17:34:44.878 [kafka-producer-network-thread | producer-1] DEBUG org.apache.kafka.clients.NetworkClient - [Producer clientId=producer-1] Received METADATA response from node -1 for request with header RequestHeader(apiKey=METADATA, apiVersion=12, clientId=producer-1, correlationId=1, headerVersion=2): MetadataResponseData(throttleTimeMs=0, brokers=[MetadataResponseBroker(nodeId=1, host='localhost', port=32785, rack=null)], clusterId='TXr5IlL8TRaRAG9J5qJ7AA', controllerId=1, topics=[MetadataResponseTopic(errorCode=5, name='weather-test', topicId=AAAAAAAAAAAAAAAAAAAAAA, isInternal=false, partitions=[], topicAuthorizedOperations=-2147483648)], clusterAuthorizedOperations=-2147483648)
17:34:44.907 [kafka-producer-network-thread | producer-1] WARN org.apache.kafka.clients.NetworkClient - [Producer clientId=producer-1] Error while fetching metadata with correlation id 1 : {weather-test=LEADER_NOT_AVAILABLE}
17:34:44.907 [kafka-producer-network-thread | producer-1] DEBUG org.apache.kafka.clients.Metadata - [Producer clientId=producer-1] Requesting metadata update for topic weather-test due to error LEADER_NOT_AVAILABLE
17:34:44.909 [kafka-producer-network-thread | producer-1] INFO org.apache.kafka.clients.Metadata - [Producer clientId=producer-1] Cluster ID: TXr5IlL8TRaRAG9J5qJ7AA
17:34:44.909 [kafka-producer-network-thread | producer-1] DEBUG org.apache.kafka.clients.Metadata - [Producer clientId=producer-1] Updated cluster metadata updateVersion 2 to MetadataCache{clusterId='TXr5IlL8TRaRAG9J5qJ7AA', nodes={1=localhost:32785 (id: 1 rack: null)}, partitions=[], controller=localhost:32785 (id: 1 rack: null)}
17:34:44.977 [kafka-producer-network-thread | producer-1] DEBUG org.apache.kafka.clients.NetworkClient - [Producer clientId=producer-1] Initialize connection to node localhost:32785 (id: 1 rack: null) for sending metadata request
17:34:44.977 [kafka-producer-network-thread | producer-1] DEBUG org.apache.kafka.clients.ClientUtils - Resolved host localhost as 127.0.0.1
17:34:44.978 [kafka-producer-network-thread | producer-1] DEBUG org.apache.kafka.clients.NetworkClient - [Producer clientId=producer-1] Initiating connection to node localhost:32785 (id: 1 rack: null) using address localhost/127.0.0.1
17:34:44.986 [kafka-producer-network-thread | producer-1] DEBUG org.apache.kafka.common.network.Selector - [Producer clientId=producer-1] Created socket with SO_RCVBUF = 32768, SO_SNDBUF = 131072, SO_TIMEOUT = 0 to node 1
17:34:44.986 [kafka-producer-network-thread | producer-1] DEBUG org.apache.kafka.clients.NetworkClient - [Producer clientId=producer-1] Completed connection to node 1. Fetching API versions.
17:34:44.986 [kafka-producer-network-thread | producer-1] DEBUG org.apache.kafka.clients.NetworkClient - [Producer clientId=producer-1] Initiating API versions fetch from node 1.
17:34:44.987 [kafka-producer-network-thread | producer-1] DEBUG org.apache.kafka.clients.NetworkClient - [Producer clientId=producer-1] Sending API_VERSIONS request with header RequestHeader(apiKey=API_VERSIONS, apiVersion=3, clientId=producer-1, correlationId=3, headerVersion=2) and timeout 30000 to node 1: ApiVersionsRequestData(clientSoftwareName='apache-kafka-java', clientSoftwareVersion='3.6.0')
17:34:44.996 [kafka-producer-network-thread | producer-1] DEBUG org.apache.kafka.clients.NetworkClient - [Producer clientId=producer-1] Received INIT_PRODUCER_ID response from node -1 for request with header RequestHeader(apiKey=INIT_PRODUCER_ID, apiVersion=4, clientId=producer-1, correlationId=2, headerVersion=2): InitProducerIdResponseData(throttleTimeMs=0, errorCode=0, producerId=0, producerEpoch=0)
17:34:44.998 [kafka-producer-network-thread | producer-1] DEBUG org.apache.kafka.clients.NetworkClient - [Producer clientId=producer-1] Received API_VERSIONS response from node 1 for request with header RequestHeader(apiKey=API_VERSIONS, apiVersion=3, clientId=producer-1, correlationId=3, headerVersion=2): ApiVersionsResponseData(errorCode=0, apiKeys=[ApiVersion(apiKey=0, minVersion=0, maxVersion=9), ApiVersion(apiKey=1, minVersion=0, maxVersion=13), ApiVersion(apiKey=2, minVersion=0, maxVersion=7), ApiVersion(apiKey=3, minVersion=0, maxVersion=12), ApiVersion(apiKey=4, minVersion=0, maxVersion=7), ApiVersion(apiKey=5, minVersion=0, maxVersion=4), ApiVersion(apiKey=6, minVersion=0, maxVersion=8), ApiVersion(apiKey=7, minVersion=0, maxVersion=3), ApiVersion(apiKey=8, minVersion=0, maxVersion=8), ApiVersion(apiKey=9, minVersion=0, maxVersion=8), ApiVersion(apiKey=10, minVersion=0, maxVersion=4), ApiVersion(apiKey=11, minVersion=0, maxVersion=9), ApiVersion(apiKey=12, minVersion=0, maxVersion=4), ApiVersion(apiKey=13, minVersion=0, maxVersion=5), ApiVersion(apiKey=14, minVersion=0, maxVersion=5), ApiVersion(apiKey=15, minVersion=0, maxVersion=5), ApiVersion(apiKey=16, minVersion=0, maxVersion=4), ApiVersion(apiKey=17, minVersion=0, maxVersion=1), ApiVersion(apiKey=18, minVersion=0, maxVersion=3), ApiVersion(apiKey=19, minVersion=0, maxVersion=7), ApiVersion(apiKey=20, minVersion=0, maxVersion=6), ApiVersion(apiKey=21, minVersion=0, maxVersion=2), ApiVersion(apiKey=22, minVersion=0, maxVersion=4), ApiVersion(apiKey=23, minVersion=0, maxVersion=4), ApiVersion(apiKey=24, minVersion=0, maxVersion=3), ApiVersion(apiKey=25, minVersion=0, maxVersion=3), ApiVersion(apiKey=26, minVersion=0, maxVersion=3), ApiVersion(apiKey=27, minVersion=0, maxVersion=1), ApiVersion(apiKey=28, minVersion=0, maxVersion=3), ApiVersion(apiKey=29, minVersion=0, maxVersion=3), ApiVersion(apiKey=30, minVersion=0, maxVersion=3), ApiVersion(apiKey=31, minVersion=0, maxVersion=3), ApiVersion(apiKey=32, minVersion=0, maxVersion=4), ApiVersion(apiKey=33, minVersion=0, maxVersion=2), ApiVersion(apiKey=34, minVersion=0, maxVersion=2), ApiVersion(apiKey=35, minVersion=0, maxVersion=4), ApiVersion(apiKey=36, minVersion=0, maxVersion=2), ApiVersion(apiKey=37, minVersion=0, maxVersion=3), ApiVersion(apiKey=38, minVersion=0, maxVersion=3), ApiVersion(apiKey=39, minVersion=0, maxVersion=2), ApiVersion(apiKey=40, minVersion=0, maxVersion=2), ApiVersion(apiKey=41, minVersion=0, maxVersion=3), ApiVersion(apiKey=42, minVersion=0, maxVersion=2), ApiVersion(apiKey=43, minVersion=0, maxVersion=2), ApiVersion(apiKey=44, minVersion=0, maxVersion=1), ApiVersion(apiKey=45, minVersion=0, maxVersion=0), ApiVersion(apiKey=46, minVersion=0, maxVersion=0), ApiVersion(apiKey=47, minVersion=0, maxVersion=0), ApiVersion(apiKey=48, minVersion=0, maxVersion=1), ApiVersion(apiKey=49, minVersion=0, maxVersion=1), ApiVersion(apiKey=50, minVersion=0, maxVersion=0), ApiVersion(apiKey=51, minVersion=0, maxVersion=0), ApiVersion(apiKey=56, minVersion=0, maxVersion=2), ApiVersion(apiKey=57, minVersion=0, maxVersion=1), ApiVersion(apiKey=58, minVersion=0, maxVersion=0), ApiVersion(apiKey=60, minVersion=0, maxVersion=0), ApiVersion(apiKey=61, minVersion=0, maxVersion=0), ApiVersion(apiKey=65, minVersion=0, maxVersion=0), ApiVersion(apiKey=66, minVersion=0, maxVersion=0), ApiVersion(apiKey=67, minVersion=0, maxVersion=0)], throttleTimeMs=0, supportedFeatures=[], finalizedFeaturesEpoch=0, finalizedFeatures=[], zkMigrationReady=false)
17:34:45.000 [kafka-producer-network-thread | producer-1] DEBUG org.apache.kafka.clients.NetworkClient - [Producer clientId=producer-1] Node 1 has finalized features epoch: 0, finalized features: [], supported features: [], ZK migration ready: false, API versions: (Produce(0): 0 to 9 [usable: 9], Fetch(1): 0 to 13 [usable: 13], ListOffsets(2): 0 to 7 [usable: 7], Metadata(3): 0 to 12 [usable: 12], LeaderAndIsr(4): 0 to 7 [usable: 7], StopReplica(5): 0 to 4 [usable: 4], UpdateMetadata(6): 0 to 8 [usable: 8], ControlledShutdown(7): 0 to 3 [usable: 3], OffsetCommit(8): 0 to 8 [usable: 8], OffsetFetch(9): 0 to 8 [usable: 8], FindCoordinator(10): 0 to 4 [usable: 4], JoinGroup(11): 0 to 9 [usable: 9], Heartbeat(12): 0 to 4 [usable: 4], LeaveGroup(13): 0 to 5 [usable: 5], SyncGroup(14): 0 to 5 [usable: 5], DescribeGroups(15): 0 to 5 [usable: 5], ListGroups(16): 0 to 4 [usable: 4], SaslHandshake(17): 0 to 1 [usable: 1], ApiVersions(18): 0 to 3 [usable: 3], CreateTopics(19): 0 to 7 [usable: 7], DeleteTopics(20): 0 to 6 [usable: 6], DeleteRecords(21): 0 to 2 [usable: 2], InitProducerId(22): 0 to 4 [usable: 4], OffsetForLeaderEpoch(23): 0 to 4 [usable: 4], AddPartitionsToTxn(24): 0 to 3 [usable: 3], AddOffsetsToTxn(25): 0 to 3 [usable: 3], EndTxn(26): 0 to 3 [usable: 3], WriteTxnMarkers(27): 0 to 1 [usable: 1], TxnOffsetCommit(28): 0 to 3 [usable: 3], DescribeAcls(29): 0 to 3 [usable: 3], CreateAcls(30): 0 to 3 [usable: 3], DeleteAcls(31): 0 to 3 [usable: 3], DescribeConfigs(32): 0 to 4 [usable: 4], AlterConfigs(33): 0 to 2 [usable: 2], AlterReplicaLogDirs(34): 0 to 2 [usable: 2], DescribeLogDirs(35): 0 to 4 [usable: 4], SaslAuthenticate(36): 0 to 2 [usable: 2], CreatePartitions(37): 0 to 3 [usable: 3], CreateDelegationToken(38): 0 to 3 [usable: 3], RenewDelegationToken(39): 0 to 2 [usable: 2], ExpireDelegationToken(40): 0 to 2 [usable: 2], DescribeDelegationToken(41): 0 to 3 [usable: 3], DeleteGroups(42): 0 to 2 [usable: 2], ElectLeaders(43): 0 to 2 [usable: 2], IncrementalAlterConfigs(44): 0 to 1 [usable: 1], AlterPartitionReassignments(45): 0 [usable: 0], ListPartitionReassignments(46): 0 [usable: 0], OffsetDelete(47): 0 [usable: 0], DescribeClientQuotas(48): 0 to 1 [usable: 1], AlterClientQuotas(49): 0 to 1 [usable: 1], DescribeUserScramCredentials(50): 0 [usable: 0], AlterUserScramCredentials(51): 0 [usable: 0], DescribeQuorum(55): UNSUPPORTED, AlterPartition(56): 0 to 2 [usable: 2], UpdateFeatures(57): 0 to 1 [usable: 1], Envelope(58): 0 [usable: 0], DescribeCluster(60): 0 [usable: 0], DescribeProducers(61): 0 [usable: 0], UnregisterBroker(64): UNSUPPORTED, DescribeTransactions(65): 0 [usable: 0], ListTransactions(66): 0 [usable: 0], AllocateProducerIds(67): 0 [usable: 0], ConsumerGroupHeartbeat(68): UNSUPPORTED).
17:34:45.000 [kafka-producer-network-thread | producer-1] INFO org.apache.kafka.clients.producer.internals.TransactionManager - [Producer clientId=producer-1] ProducerId set to 0 with epoch 0
17:34:45.000 [kafka-producer-network-thread | producer-1] DEBUG org.apache.kafka.clients.producer.internals.TransactionManager - [Producer clientId=producer-1] Transition from state INITIALIZING to READY
17:34:45.001 [kafka-producer-network-thread | producer-1] DEBUG org.apache.kafka.clients.NetworkClient - [Producer clientId=producer-1] Sending metadata request MetadataRequestData(topics=[MetadataRequestTopic(topicId=AAAAAAAAAAAAAAAAAAAAAA, name='weather-test')], allowAutoTopicCreation=true, includeClusterAuthorizedOperations=false, includeTopicAuthorizedOperations=false) to node localhost:32785 (id: 1 rack: null)
17:34:45.001 [kafka-producer-network-thread | producer-1] DEBUG org.apache.kafka.clients.NetworkClient - [Producer clientId=producer-1] Sending METADATA request with header RequestHeader(apiKey=METADATA, apiVersion=12, clientId=producer-1, correlationId=4, headerVersion=2) and timeout 30000 to node 1: MetadataRequestData(topics=[MetadataRequestTopic(topicId=AAAAAAAAAAAAAAAAAAAAAA, name='weather-test')], allowAutoTopicCreation=true, includeClusterAuthorizedOperations=false, includeTopicAuthorizedOperations=false)
17:34:45.012 [kafka-producer-network-thread | producer-1] DEBUG org.apache.kafka.clients.NetworkClient - [Producer clientId=producer-1] Received METADATA response from node 1 for request with header RequestHeader(apiKey=METADATA, apiVersion=12, clientId=producer-1, correlationId=4, headerVersion=2): MetadataResponseData(throttleTimeMs=0, brokers=[MetadataResponseBroker(nodeId=1, host='localhost', port=32785, rack=null)], clusterId='TXr5IlL8TRaRAG9J5qJ7AA', controllerId=1, topics=[MetadataResponseTopic(errorCode=5, name='weather-test', topicId=AAAAAAAAAAAAAAAAAAAAAA, isInternal=false, partitions=[], topicAuthorizedOperations=-2147483648)], clusterAuthorizedOperations=-2147483648)
17:34:45.012 [kafka-producer-network-thread | producer-1] WARN org.apache.kafka.clients.NetworkClient - [Producer clientId=producer-1] Error while fetching metadata with correlation id 4 : {weather-test=LEADER_NOT_AVAILABLE}
17:34:45.013 [kafka-producer-network-thread | producer-1] DEBUG org.apache.kafka.clients.Metadata - [Producer clientId=producer-1] Requesting metadata update for topic weather-test due to error LEADER_NOT_AVAILABLE
17:34:45.013 [kafka-producer-network-thread | producer-1] DEBUG org.apache.kafka.clients.Metadata - [Producer clientId=producer-1] Updated cluster metadata updateVersion 3 to MetadataCache{clusterId='TXr5IlL8TRaRAG9J5qJ7AA', nodes={1=localhost:32785 (id: 1 rack: null)}, partitions=[], controller=localhost:32785 (id: 1 rack: null)}
17:34:45.112 [kafka-producer-network-thread | producer-1] DEBUG org.apache.kafka.clients.NetworkClient - [Producer clientId=producer-1] Sending metadata request MetadataRequestData(topics=[MetadataRequestTopic(topicId=AAAAAAAAAAAAAAAAAAAAAA, name='weather-test')], allowAutoTopicCreation=true, includeClusterAuthorizedOperations=false, includeTopicAuthorizedOperations=false) to node localhost:32785 (id: 1 rack: null)
17:34:45.112 [kafka-producer-network-thread | producer-1] DEBUG org.apache.kafka.clients.NetworkClient - [Producer clientId=producer-1] Sending METADATA request with header RequestHeader(apiKey=METADATA, apiVersion=12, clientId=producer-1, correlationId=5, headerVersion=2) and timeout 30000 to node 1: MetadataRequestData(topics=[MetadataRequestTopic(topicId=AAAAAAAAAAAAAAAAAAAAAA, name='weather-test')], allowAutoTopicCreation=true, includeClusterAuthorizedOperations=false, includeTopicAuthorizedOperations=false)
17:34:45.124 [kafka-producer-network-thread | producer-1] DEBUG org.apache.kafka.clients.NetworkClient - [Producer clientId=producer-1] Received METADATA response from node 1 for request with header RequestHeader(apiKey=METADATA, apiVersion=12, clientId=producer-1, correlationId=5, headerVersion=2): MetadataResponseData(throttleTimeMs=0, brokers=[MetadataResponseBroker(nodeId=1, host='localhost', port=32785, rack=null)], clusterId='TXr5IlL8TRaRAG9J5qJ7AA', controllerId=1, topics=[MetadataResponseTopic(errorCode=5, name='weather-test', topicId=AAAAAAAAAAAAAAAAAAAAAA, isInternal=false, partitions=[], topicAuthorizedOperations=-2147483648)], clusterAuthorizedOperations=-2147483648)
17:34:45.124 [kafka-producer-network-thread | producer-1] WARN org.apache.kafka.clients.NetworkClient - [Producer clientId=producer-1] Error while fetching metadata with correlation id 5 : {weather-test=LEADER_NOT_AVAILABLE}
17:34:45.124 [kafka-producer-network-thread | producer-1] DEBUG org.apache.kafka.clients.Metadata - [Producer clientId=producer-1] Requesting metadata update for topic weather-test due to error LEADER_NOT_AVAILABLE
17:34:45.124 [kafka-producer-network-thread | producer-1] DEBUG org.apache.kafka.clients.Metadata - [Producer clientId=producer-1] Updated cluster metadata updateVersion 4 to MetadataCache{clusterId='TXr5IlL8TRaRAG9J5qJ7AA', nodes={1=localhost:32785 (id: 1 rack: null)}, partitions=[], controller=localhost:32785 (id: 1 rack: null)}
17:34:45.224 [kafka-producer-network-thread | producer-1] DEBUG org.apache.kafka.clients.NetworkClient - [Producer clientId=producer-1] Sending metadata request MetadataRequestData(topics=[MetadataRequestTopic(topicId=AAAAAAAAAAAAAAAAAAAAAA, name='weather-test')], allowAutoTopicCreation=true, includeClusterAuthorizedOperations=false, includeTopicAuthorizedOperations=false) to node localhost:32785 (id: 1 rack: null)
17:34:45.224 [kafka-producer-network-thread | producer-1] DEBUG org.apache.kafka.clients.NetworkClient - [Producer clientId=producer-1] Sending METADATA request with header RequestHeader(apiKey=METADATA, apiVersion=12, clientId=producer-1, correlationId=6, headerVersion=2) and timeout 30000 to node 1: MetadataRequestData(topics=[MetadataRequestTopic(topicId=AAAAAAAAAAAAAAAAAAAAAA, name='weather-test')], allowAutoTopicCreation=true, includeClusterAuthorizedOperations=false, includeTopicAuthorizedOperations=false)
17:34:45.229 [kafka-producer-network-thread | producer-1] DEBUG org.apache.kafka.clients.NetworkClient - [Producer clientId=producer-1] Received METADATA response from node 1 for request with header RequestHeader(apiKey=METADATA, apiVersion=12, clientId=producer-1, correlationId=6, headerVersion=2): MetadataResponseData(throttleTimeMs=0, brokers=[MetadataResponseBroker(nodeId=1, host='localhost', port=32785, rack=null)], clusterId='TXr5IlL8TRaRAG9J5qJ7AA', controllerId=1, topics=[MetadataResponseTopic(errorCode=0, name='weather-test', topicId=IK-IRREDT36UWXmOYsfjAw, isInternal=false, partitions=[MetadataResponsePartition(errorCode=0, partitionIndex=0, leaderId=1, leaderEpoch=0, replicaNodes=[1], isrNodes=[1], offlineReplicas=[])], topicAuthorizedOperations=-2147483648)], clusterAuthorizedOperations=-2147483648)
17:34:45.231 [kafka-producer-network-thread | producer-1] DEBUG org.apache.kafka.clients.Metadata - [Producer clientId=producer-1] Setting the last seen epoch of partition weather-test-0 to 0 since the last known epoch was undefined.
17:34:45.233 [kafka-producer-network-thread | producer-1] DEBUG org.apache.kafka.clients.Metadata - [Producer clientId=producer-1] Updated cluster metadata updateVersion 5 to MetadataCache{clusterId='TXr5IlL8TRaRAG9J5qJ7AA', nodes={1=localhost:32785 (id: 1 rack: null)}, partitions=[PartitionMetadata(error=NONE, partition=weather-test-0, leader=Optional[1], leaderEpoch=Optional[0], replicas=1, isr=1, offlineReplicas=)], controller=localhost:32785 (id: 1 rack: null)}
17:34:45.256 [kafka-producer-network-thread | producer-1] DEBUG org.apache.kafka.clients.producer.internals.TransactionManager - [Producer clientId=producer-1] ProducerId of partition weather-test-0 set to 0 with epoch 0. Reinitialize sequence at beginning.
17:34:45.257 [kafka-producer-network-thread | producer-1] DEBUG org.apache.kafka.clients.producer.internals.RecordAccumulator - [Producer clientId=producer-1] Assigned producerId 0 and producerEpoch 0 to batch with base sequence 0 being sent to partition weather-test-0
17:34:45.270 [kafka-producer-network-thread | producer-1] DEBUG org.apache.kafka.clients.NetworkClient - [Producer clientId=producer-1] Sending PRODUCE request with header RequestHeader(apiKey=PRODUCE, apiVersion=9, clientId=producer-1, correlationId=7, headerVersion=2) and timeout 30000 to node 1: {acks=-1,timeout=30000,partitionSizes=[weather-test-0=95]}
17:34:45.373 [kafka-producer-network-thread | producer-1] DEBUG org.apache.kafka.clients.NetworkClient - [Producer clientId=producer-1] Received PRODUCE response from node 1 for request with header RequestHeader(apiKey=PRODUCE, apiVersion=9, clientId=producer-1, correlationId=7, headerVersion=2): ProduceResponseData(responses=[TopicProduceResponse(name='weather-test', partitionResponses=[PartitionProduceResponse(index=0, errorCode=0, baseOffset=0, logAppendTimeMs=-1, logStartOffset=0, recordErrors=[], errorMessage=null)])], throttleTimeMs=0)
17:34:45.379 [kafka-producer-network-thread | producer-1] DEBUG org.apache.kafka.clients.producer.internals.TransactionManager - [Producer clientId=producer-1] ProducerId: 0; Set last ack'd sequence number for topic-partition weather-test-0 to 0
17:34:45.381 [main] INFO org.apache.kafka.clients.consumer.KafkaConsumer - [Consumer clientId=consumer-test-group-1, groupId=test-group] Subscribed to topic(s): weather-test
17:34:45.382 [main] DEBUG org.apache.kafka.clients.consumer.internals.ConsumerCoordinator - [Consumer clientId=consumer-test-group-1, groupId=test-group] Sending FindCoordinator request to broker localhost:32785 (id: -1 rack: null)
17:34:45.385 [main] DEBUG org.apache.kafka.clients.ClientUtils - Resolved host localhost as 127.0.0.1
17:34:45.385 [main] DEBUG org.apache.kafka.clients.NetworkClient - [Consumer clientId=consumer-test-group-1, groupId=test-group] Initiating connection to node localhost:32785 (id: -1 rack: null) using address localhost/127.0.0.1
17:34:45.388 [main] DEBUG org.apache.kafka.common.network.Selector - [Consumer clientId=consumer-test-group-1, groupId=test-group] Created socket with SO_RCVBUF = 65536, SO_SNDBUF = 131072, SO_TIMEOUT = 0 to node -1
17:34:45.388 [main] DEBUG org.apache.kafka.clients.NetworkClient - [Consumer clientId=consumer-test-group-1, groupId=test-group] Completed connection to node -1. Fetching API versions.
17:34:45.388 [main] DEBUG org.apache.kafka.clients.NetworkClient - [Consumer clientId=consumer-test-group-1, groupId=test-group] Initiating API versions fetch from node -1.
17:34:45.388 [main] DEBUG org.apache.kafka.clients.NetworkClient - [Consumer clientId=consumer-test-group-1, groupId=test-group] Sending API_VERSIONS request with header RequestHeader(apiKey=API_VERSIONS, apiVersion=3, clientId=consumer-test-group-1, correlationId=1, headerVersion=2) and timeout 30000 to node -1: ApiVersionsRequestData(clientSoftwareName='apache-kafka-java', clientSoftwareVersion='3.6.0')
17:34:45.392 [main] DEBUG org.apache.kafka.clients.NetworkClient - [Consumer clientId=consumer-test-group-1, groupId=test-group] Received API_VERSIONS response from node -1 for request with header RequestHeader(apiKey=API_VERSIONS, apiVersion=3, clientId=consumer-test-group-1, correlationId=1, headerVersion=2): ApiVersionsResponseData(errorCode=0, apiKeys=[ApiVersion(apiKey=0, minVersion=0, maxVersion=9), ApiVersion(apiKey=1, minVersion=0, maxVersion=13), ApiVersion(apiKey=2, minVersion=0, maxVersion=7), ApiVersion(apiKey=3, minVersion=0, maxVersion=12), ApiVersion(apiKey=4, minVersion=0, maxVersion=7), ApiVersion(apiKey=5, minVersion=0, maxVersion=4), ApiVersion(apiKey=6, minVersion=0, maxVersion=8), ApiVersion(apiKey=7, minVersion=0, maxVersion=3), ApiVersion(apiKey=8, minVersion=0, maxVersion=8), ApiVersion(apiKey=9, minVersion=0, maxVersion=8), ApiVersion(apiKey=10, minVersion=0, maxVersion=4), ApiVersion(apiKey=11, minVersion=0, maxVersion=9), ApiVersion(apiKey=12, minVersion=0, maxVersion=4), ApiVersion(apiKey=13, minVersion=0, maxVersion=5), ApiVersion(apiKey=14, minVersion=0, maxVersion=5), ApiVersion(apiKey=15, minVersion=0, maxVersion=5), ApiVersion(apiKey=16, minVersion=0, maxVersion=4), ApiVersion(apiKey=17, minVersion=0, maxVersion=1), ApiVersion(apiKey=18, minVersion=0, maxVersion=3), ApiVersion(apiKey=19, minVersion=0, maxVersion=7), ApiVersion(apiKey=20, minVersion=0, maxVersion=6), ApiVersion(apiKey=21, minVersion=0, maxVersion=2), ApiVersion(apiKey=22, minVersion=0, maxVersion=4), ApiVersion(apiKey=23, minVersion=0, maxVersion=4), ApiVersion(apiKey=24, minVersion=0, maxVersion=3), ApiVersion(apiKey=25, minVersion=0, maxVersion=3), ApiVersion(apiKey=26, minVersion=0, maxVersion=3), ApiVersion(apiKey=27, minVersion=0, maxVersion=1), ApiVersion(apiKey=28, minVersion=0, maxVersion=3), ApiVersion(apiKey=29, minVersion=0, maxVersion=3), ApiVersion(apiKey=30, minVersion=0, maxVersion=3), ApiVersion(apiKey=31, minVersion=0, maxVersion=3), ApiVersion(apiKey=32, minVersion=0, maxVersion=4), ApiVersion(apiKey=33, minVersion=0, maxVersion=2), ApiVersion(apiKey=34, minVersion=0, maxVersion=2), ApiVersion(apiKey=35, minVersion=0, maxVersion=4), ApiVersion(apiKey=36, minVersion=0, maxVersion=2), ApiVersion(apiKey=37, minVersion=0, maxVersion=3), ApiVersion(apiKey=38, minVersion=0, maxVersion=3), ApiVersion(apiKey=39, minVersion=0, maxVersion=2), ApiVersion(apiKey=40, minVersion=0, maxVersion=2), ApiVersion(apiKey=41, minVersion=0, maxVersion=3), ApiVersion(apiKey=42, minVersion=0, maxVersion=2), ApiVersion(apiKey=43, minVersion=0, maxVersion=2), ApiVersion(apiKey=44, minVersion=0, maxVersion=1), ApiVersion(apiKey=45, minVersion=0, maxVersion=0), ApiVersion(apiKey=46, minVersion=0, maxVersion=0), ApiVersion(apiKey=47, minVersion=0, maxVersion=0), ApiVersion(apiKey=48, minVersion=0, maxVersion=1), ApiVersion(apiKey=49, minVersion=0, maxVersion=1), ApiVersion(apiKey=50, minVersion=0, maxVersion=0), ApiVersion(apiKey=51, minVersion=0, maxVersion=0), ApiVersion(apiKey=56, minVersion=0, maxVersion=2), ApiVersion(apiKey=57, minVersion=0, maxVersion=1), ApiVersion(apiKey=58, minVersion=0, maxVersion=0), ApiVersion(apiKey=60, minVersion=0, maxVersion=0), ApiVersion(apiKey=61, minVersion=0, maxVersion=0), ApiVersion(apiKey=65, minVersion=0, maxVersion=0), ApiVersion(apiKey=66, minVersion=0, maxVersion=0), ApiVersion(apiKey=67, minVersion=0, maxVersion=0)], throttleTimeMs=0, supportedFeatures=[], finalizedFeaturesEpoch=0, finalizedFeatures=[], zkMigrationReady=false)
17:34:45.394 [main] DEBUG org.apache.kafka.clients.NetworkClient - [Consumer clientId=consumer-test-group-1, groupId=test-group] Node -1 has finalized features epoch: 0, finalized features: [], supported features: [], ZK migration ready: false, API versions: (Produce(0): 0 to 9 [usable: 9], Fetch(1): 0 to 13 [usable: 13], ListOffsets(2): 0 to 7 [usable: 7], Metadata(3): 0 to 12 [usable: 12], LeaderAndIsr(4): 0 to 7 [usable: 7], StopReplica(5): 0 to 4 [usable: 4], UpdateMetadata(6): 0 to 8 [usable: 8], ControlledShutdown(7): 0 to 3 [usable: 3], OffsetCommit(8): 0 to 8 [usable: 8], OffsetFetch(9): 0 to 8 [usable: 8], FindCoordinator(10): 0 to 4 [usable: 4], JoinGroup(11): 0 to 9 [usable: 9], Heartbeat(12): 0 to 4 [usable: 4], LeaveGroup(13): 0 to 5 [usable: 5], SyncGroup(14): 0 to 5 [usable: 5], DescribeGroups(15): 0 to 5 [usable: 5], ListGroups(16): 0 to 4 [usable: 4], SaslHandshake(17): 0 to 1 [usable: 1], ApiVersions(18): 0 to 3 [usable: 3], CreateTopics(19): 0 to 7 [usable: 7], DeleteTopics(20): 0 to 6 [usable: 6], DeleteRecords(21): 0 to 2 [usable: 2], InitProducerId(22): 0 to 4 [usable: 4], OffsetForLeaderEpoch(23): 0 to 4 [usable: 4], AddPartitionsToTxn(24): 0 to 3 [usable: 3], AddOffsetsToTxn(25): 0 to 3 [usable: 3], EndTxn(26): 0 to 3 [usable: 3], WriteTxnMarkers(27): 0 to 1 [usable: 1], TxnOffsetCommit(28): 0 to 3 [usable: 3], DescribeAcls(29): 0 to 3 [usable: 3], CreateAcls(30): 0 to 3 [usable: 3], DeleteAcls(31): 0 to 3 [usable: 3], DescribeConfigs(32): 0 to 4 [usable: 4], AlterConfigs(33): 0 to 2 [usable: 2], AlterReplicaLogDirs(34): 0 to 2 [usable: 2], DescribeLogDirs(35): 0 to 4 [usable: 4], SaslAuthenticate(36): 0 to 2 [usable: 2], CreatePartitions(37): 0 to 3 [usable: 3], CreateDelegationToken(38): 0 to 3 [usable: 3], RenewDelegationToken(39): 0 to 2 [usable: 2], ExpireDelegationToken(40): 0 to 2 [usable: 2], DescribeDelegationToken(41): 0 to 3 [usable: 3], DeleteGroups(42): 0 to 2 [usable: 2], ElectLeaders(43): 0 to 2 [usable: 2], IncrementalAlterConfigs(44): 0 to 1 [usable: 1], AlterPartitionReassignments(45): 0 [usable: 0], ListPartitionReassignments(46): 0 [usable: 0], OffsetDelete(47): 0 [usable: 0], DescribeClientQuotas(48): 0 to 1 [usable: 1], AlterClientQuotas(49): 0 to 1 [usable: 1], DescribeUserScramCredentials(50): 0 [usable: 0], AlterUserScramCredentials(51): 0 [usable: 0], DescribeQuorum(55): UNSUPPORTED, AlterPartition(56): 0 to 2 [usable: 2], UpdateFeatures(57): 0 to 1 [usable: 1], Envelope(58): 0 [usable: 0], DescribeCluster(60): 0 [usable: 0], DescribeProducers(61): 0 [usable: 0], UnregisterBroker(64): UNSUPPORTED, DescribeTransactions(65): 0 [usable: 0], ListTransactions(66): 0 [usable: 0], AllocateProducerIds(67): 0 [usable: 0], ConsumerGroupHeartbeat(68): UNSUPPORTED).
17:34:45.395 [main] DEBUG org.apache.kafka.clients.NetworkClient - [Consumer clientId=consumer-test-group-1, groupId=test-group] Sending metadata request MetadataRequestData(topics=[MetadataRequestTopic(topicId=AAAAAAAAAAAAAAAAAAAAAA, name='weather-test')], allowAutoTopicCreation=true, includeClusterAuthorizedOperations=false, includeTopicAuthorizedOperations=false) to node localhost:32785 (id: -1 rack: null)
17:34:45.395 [main] DEBUG org.apache.kafka.clients.NetworkClient - [Consumer clientId=consumer-test-group-1, groupId=test-group] Sending METADATA request with header RequestHeader(apiKey=METADATA, apiVersion=12, clientId=consumer-test-group-1, correlationId=2, headerVersion=2) and timeout 30000 to node -1: MetadataRequestData(topics=[MetadataRequestTopic(topicId=AAAAAAAAAAAAAAAAAAAAAA, name='weather-test')], allowAutoTopicCreation=true, includeClusterAuthorizedOperations=false, includeTopicAuthorizedOperations=false)
17:34:45.396 [main] DEBUG org.apache.kafka.clients.NetworkClient - [Consumer clientId=consumer-test-group-1, groupId=test-group] Sending FIND_COORDINATOR request with header RequestHeader(apiKey=FIND_COORDINATOR, apiVersion=4, clientId=consumer-test-group-1, correlationId=0, headerVersion=2) and timeout 30000 to node -1: FindCoordinatorRequestData(key='', keyType=0, coordinatorKeys=[test-group])
17:34:45.400 [main] DEBUG org.apache.kafka.clients.NetworkClient - [Consumer clientId=consumer-test-group-1, groupId=test-group] Received METADATA response from node -1 for request with header RequestHeader(apiKey=METADATA, apiVersion=12, clientId=consumer-test-group-1, correlationId=2, headerVersion=2): MetadataResponseData(throttleTimeMs=0, brokers=[MetadataResponseBroker(nodeId=1, host='localhost', port=32785, rack=null)], clusterId='TXr5IlL8TRaRAG9J5qJ7AA', controllerId=1, topics=[MetadataResponseTopic(errorCode=0, name='weather-test', topicId=IK-IRREDT36UWXmOYsfjAw, isInternal=false, partitions=[MetadataResponsePartition(errorCode=0, partitionIndex=0, leaderId=1, leaderEpoch=0, replicaNodes=[1], isrNodes=[1], offlineReplicas=[])], topicAuthorizedOperations=-2147483648)], clusterAuthorizedOperations=-2147483648)
17:34:45.401 [main] DEBUG org.apache.kafka.clients.Metadata - [Consumer clientId=consumer-test-group-1, groupId=test-group] Setting the last seen epoch of partition weather-test-0 to 0 since the last known epoch was undefined.
17:34:45.401 [main] INFO org.apache.kafka.clients.Metadata - [Consumer clientId=consumer-test-group-1, groupId=test-group] Cluster ID: TXr5IlL8TRaRAG9J5qJ7AA
17:34:45.401 [main] DEBUG org.apache.kafka.clients.Metadata - [Consumer clientId=consumer-test-group-1, groupId=test-group] Updated cluster metadata updateVersion 2 to MetadataCache{clusterId='TXr5IlL8TRaRAG9J5qJ7AA', nodes={1=localhost:32785 (id: 1 rack: null)}, partitions=[PartitionMetadata(error=NONE, partition=weather-test-0, leader=Optional[1], leaderEpoch=Optional[0], replicas=1, isr=1, offlineReplicas=)], controller=localhost:32785 (id: 1 rack: null)}
17:34:45.427 [main] DEBUG org.apache.kafka.clients.NetworkClient - [Consumer clientId=consumer-test-group-1, groupId=test-group] Received FIND_COORDINATOR response from node -1 for request with header RequestHeader(apiKey=FIND_COORDINATOR, apiVersion=4, clientId=consumer-test-group-1, correlationId=0, headerVersion=2): FindCoordinatorResponseData(throttleTimeMs=0, errorCode=0, errorMessage='', nodeId=0, host='', port=0, coordinators=[Coordinator(key='test-group', nodeId=-1, host='', port=-1, errorCode=15, errorMessage='')])
17:34:45.428 [main] DEBUG org.apache.kafka.clients.consumer.internals.ConsumerCoordinator - [Consumer clientId=consumer-test-group-1, groupId=test-group] Received FindCoordinator response ClientResponse(receivedTimeMs=1734712485426, latencyMs=44, disconnected=false, timedOut=false, requestHeader=RequestHeader(apiKey=FIND_COORDINATOR, apiVersion=4, clientId=consumer-test-group-1, correlationId=0, headerVersion=2), responseBody=FindCoordinatorResponseData(throttleTimeMs=0, errorCode=0, errorMessage='', nodeId=0, host='', port=0, coordinators=[Coordinator(key='test-group', nodeId=-1, host='', port=-1, errorCode=15, errorMessage='')]))
17:34:45.428 [main] DEBUG org.apache.kafka.clients.consumer.internals.ConsumerCoordinator - [Consumer clientId=consumer-test-group-1, groupId=test-group] Group coordinator lookup failed: 
17:34:45.428 [main] DEBUG org.apache.kafka.clients.consumer.internals.ConsumerCoordinator - [Consumer clientId=consumer-test-group-1, groupId=test-group] Coordinator discovery failed, refreshing metadata
org.apache.kafka.common.errors.CoordinatorNotAvailableException: The coordinator is not available.
17:34:45.499 [main] DEBUG org.apache.kafka.clients.NetworkClient - [Consumer clientId=consumer-test-group-1, groupId=test-group] Initialize connection to node localhost:32785 (id: 1 rack: null) for sending metadata request
17:34:45.500 [main] DEBUG org.apache.kafka.clients.ClientUtils - Resolved host localhost as 127.0.0.1
17:34:45.500 [main] DEBUG org.apache.kafka.clients.NetworkClient - [Consumer clientId=consumer-test-group-1, groupId=test-group] Initiating connection to node localhost:32785 (id: 1 rack: null) using address localhost/127.0.0.1
17:34:45.502 [main] DEBUG org.apache.kafka.common.network.Selector - [Consumer clientId=consumer-test-group-1, groupId=test-group] Created socket with SO_RCVBUF = 65536, SO_SNDBUF = 131072, SO_TIMEOUT = 0 to node 1
17:34:45.502 [main] DEBUG org.apache.kafka.clients.NetworkClient - [Consumer clientId=consumer-test-group-1, groupId=test-group] Completed connection to node 1. Fetching API versions.
17:34:45.502 [main] DEBUG org.apache.kafka.clients.NetworkClient - [Consumer clientId=consumer-test-group-1, groupId=test-group] Initiating API versions fetch from node 1.
17:34:45.503 [main] DEBUG org.apache.kafka.clients.NetworkClient - [Consumer clientId=consumer-test-group-1, groupId=test-group] Sending API_VERSIONS request with header RequestHeader(apiKey=API_VERSIONS, apiVersion=3, clientId=consumer-test-group-1, correlationId=3, headerVersion=2) and timeout 30000 to node 1: ApiVersionsRequestData(clientSoftwareName='apache-kafka-java', clientSoftwareVersion='3.6.0')
17:34:45.505 [main] DEBUG org.apache.kafka.clients.NetworkClient - [Consumer clientId=consumer-test-group-1, groupId=test-group] Received API_VERSIONS response from node 1 for request with header RequestHeader(apiKey=API_VERSIONS, apiVersion=3, clientId=consumer-test-group-1, correlationId=3, headerVersion=2): ApiVersionsResponseData(errorCode=0, apiKeys=[ApiVersion(apiKey=0, minVersion=0, maxVersion=9), ApiVersion(apiKey=1, minVersion=0, maxVersion=13), ApiVersion(apiKey=2, minVersion=0, maxVersion=7), ApiVersion(apiKey=3, minVersion=0, maxVersion=12), ApiVersion(apiKey=4, minVersion=0, maxVersion=7), ApiVersion(apiKey=5, minVersion=0, maxVersion=4), ApiVersion(apiKey=6, minVersion=0, maxVersion=8), ApiVersion(apiKey=7, minVersion=0, maxVersion=3), ApiVersion(apiKey=8, minVersion=0, maxVersion=8), ApiVersion(apiKey=9, minVersion=0, maxVersion=8), ApiVersion(apiKey=10, minVersion=0, maxVersion=4), ApiVersion(apiKey=11, minVersion=0, maxVersion=9), ApiVersion(apiKey=12, minVersion=0, maxVersion=4), ApiVersion(apiKey=13, minVersion=0, maxVersion=5), ApiVersion(apiKey=14, minVersion=0, maxVersion=5), ApiVersion(apiKey=15, minVersion=0, maxVersion=5), ApiVersion(apiKey=16, minVersion=0, maxVersion=4), ApiVersion(apiKey=17, minVersion=0, maxVersion=1), ApiVersion(apiKey=18, minVersion=0, maxVersion=3), ApiVersion(apiKey=19, minVersion=0, maxVersion=7), ApiVersion(apiKey=20, minVersion=0, maxVersion=6), ApiVersion(apiKey=21, minVersion=0, maxVersion=2), ApiVersion(apiKey=22, minVersion=0, maxVersion=4), ApiVersion(apiKey=23, minVersion=0, maxVersion=4), ApiVersion(apiKey=24, minVersion=0, maxVersion=3), ApiVersion(apiKey=25, minVersion=0, maxVersion=3), ApiVersion(apiKey=26, minVersion=0, maxVersion=3), ApiVersion(apiKey=27, minVersion=0, maxVersion=1), ApiVersion(apiKey=28, minVersion=0, maxVersion=3), ApiVersion(apiKey=29, minVersion=0, maxVersion=3), ApiVersion(apiKey=30, minVersion=0, maxVersion=3), ApiVersion(apiKey=31, minVersion=0, maxVersion=3), ApiVersion(apiKey=32, minVersion=0, maxVersion=4), ApiVersion(apiKey=33, minVersion=0, maxVersion=2), ApiVersion(apiKey=34, minVersion=0, maxVersion=2), ApiVersion(apiKey=35, minVersion=0, maxVersion=4), ApiVersion(apiKey=36, minVersion=0, maxVersion=2), ApiVersion(apiKey=37, minVersion=0, maxVersion=3), ApiVersion(apiKey=38, minVersion=0, maxVersion=3), ApiVersion(apiKey=39, minVersion=0, maxVersion=2), ApiVersion(apiKey=40, minVersion=0, maxVersion=2), ApiVersion(apiKey=41, minVersion=0, maxVersion=3), ApiVersion(apiKey=42, minVersion=0, maxVersion=2), ApiVersion(apiKey=43, minVersion=0, maxVersion=2), ApiVersion(apiKey=44, minVersion=0, maxVersion=1), ApiVersion(apiKey=45, minVersion=0, maxVersion=0), ApiVersion(apiKey=46, minVersion=0, maxVersion=0), ApiVersion(apiKey=47, minVersion=0, maxVersion=0), ApiVersion(apiKey=48, minVersion=0, maxVersion=1), ApiVersion(apiKey=49, minVersion=0, maxVersion=1), ApiVersion(apiKey=50, minVersion=0, maxVersion=0), ApiVersion(apiKey=51, minVersion=0, maxVersion=0), ApiVersion(apiKey=56, minVersion=0, maxVersion=2), ApiVersion(apiKey=57, minVersion=0, maxVersion=1), ApiVersion(apiKey=58, minVersion=0, maxVersion=0), ApiVersion(apiKey=60, minVersion=0, maxVersion=0), ApiVersion(apiKey=61, minVersion=0, maxVersion=0), ApiVersion(apiKey=65, minVersion=0, maxVersion=0), ApiVersion(apiKey=66, minVersion=0, maxVersion=0), ApiVersion(apiKey=67, minVersion=0, maxVersion=0)], throttleTimeMs=0, supportedFeatures=[], finalizedFeaturesEpoch=0, finalizedFeatures=[], zkMigrationReady=false)
17:34:45.506 [main] DEBUG org.apache.kafka.clients.NetworkClient - [Consumer clientId=consumer-test-group-1, groupId=test-group] Node 1 has finalized features epoch: 0, finalized features: [], supported features: [], ZK migration ready: false, API versions: (Produce(0): 0 to 9 [usable: 9], Fetch(1): 0 to 13 [usable: 13], ListOffsets(2): 0 to 7 [usable: 7], Metadata(3): 0 to 12 [usable: 12], LeaderAndIsr(4): 0 to 7 [usable: 7], StopReplica(5): 0 to 4 [usable: 4], UpdateMetadata(6): 0 to 8 [usable: 8], ControlledShutdown(7): 0 to 3 [usable: 3], OffsetCommit(8): 0 to 8 [usable: 8], OffsetFetch(9): 0 to 8 [usable: 8], FindCoordinator(10): 0 to 4 [usable: 4], JoinGroup(11): 0 to 9 [usable: 9], Heartbeat(12): 0 to 4 [usable: 4], LeaveGroup(13): 0 to 5 [usable: 5], SyncGroup(14): 0 to 5 [usable: 5], DescribeGroups(15): 0 to 5 [usable: 5], ListGroups(16): 0 to 4 [usable: 4], SaslHandshake(17): 0 to 1 [usable: 1], ApiVersions(18): 0 to 3 [usable: 3], CreateTopics(19): 0 to 7 [usable: 7], DeleteTopics(20): 0 to 6 [usable: 6], DeleteRecords(21): 0 to 2 [usable: 2], InitProducerId(22): 0 to 4 [usable: 4], OffsetForLeaderEpoch(23): 0 to 4 [usable: 4], AddPartitionsToTxn(24): 0 to 3 [usable: 3], AddOffsetsToTxn(25): 0 to 3 [usable: 3], EndTxn(26): 0 to 3 [usable: 3], WriteTxnMarkers(27): 0 to 1 [usable: 1], TxnOffsetCommit(28): 0 to 3 [usable: 3], DescribeAcls(29): 0 to 3 [usable: 3], CreateAcls(30): 0 to 3 [usable: 3], DeleteAcls(31): 0 to 3 [usable: 3], DescribeConfigs(32): 0 to 4 [usable: 4], AlterConfigs(33): 0 to 2 [usable: 2], AlterReplicaLogDirs(34): 0 to 2 [usable: 2], DescribeLogDirs(35): 0 to 4 [usable: 4], SaslAuthenticate(36): 0 to 2 [usable: 2], CreatePartitions(37): 0 to 3 [usable: 3], CreateDelegationToken(38): 0 to 3 [usable: 3], RenewDelegationToken(39): 0 to 2 [usable: 2], ExpireDelegationToken(40): 0 to 2 [usable: 2], DescribeDelegationToken(41): 0 to 3 [usable: 3], DeleteGroups(42): 0 to 2 [usable: 2], ElectLeaders(43): 0 to 2 [usable: 2], IncrementalAlterConfigs(44): 0 to 1 [usable: 1], AlterPartitionReassignments(45): 0 [usable: 0], ListPartitionReassignments(46): 0 [usable: 0], OffsetDelete(47): 0 [usable: 0], DescribeClientQuotas(48): 0 to 1 [usable: 1], AlterClientQuotas(49): 0 to 1 [usable: 1], DescribeUserScramCredentials(50): 0 [usable: 0], AlterUserScramCredentials(51): 0 [usable: 0], DescribeQuorum(55): UNSUPPORTED, AlterPartition(56): 0 to 2 [usable: 2], UpdateFeatures(57): 0 to 1 [usable: 1], Envelope(58): 0 [usable: 0], DescribeCluster(60): 0 [usable: 0], DescribeProducers(61): 0 [usable: 0], UnregisterBroker(64): UNSUPPORTED, DescribeTransactions(65): 0 [usable: 0], ListTransactions(66): 0 [usable: 0], AllocateProducerIds(67): 0 [usable: 0], ConsumerGroupHeartbeat(68): UNSUPPORTED).
17:34:45.506 [main] DEBUG org.apache.kafka.clients.NetworkClient - [Consumer clientId=consumer-test-group-1, groupId=test-group] Sending metadata request MetadataRequestData(topics=[MetadataRequestTopic(topicId=AAAAAAAAAAAAAAAAAAAAAA, name='weather-test')], allowAutoTopicCreation=true, includeClusterAuthorizedOperations=false, includeTopicAuthorizedOperations=false) to node localhost:32785 (id: 1 rack: null)
17:34:45.506 [main] DEBUG org.apache.kafka.clients.NetworkClient - [Consumer clientId=consumer-test-group-1, groupId=test-group] Sending METADATA request with header RequestHeader(apiKey=METADATA, apiVersion=12, clientId=consumer-test-group-1, correlationId=4, headerVersion=2) and timeout 30000 to node 1: MetadataRequestData(topics=[MetadataRequestTopic(topicId=AAAAAAAAAAAAAAAAAAAAAA, name='weather-test')], allowAutoTopicCreation=true, includeClusterAuthorizedOperations=false, includeTopicAuthorizedOperations=false)
17:34:45.509 [main] DEBUG org.apache.kafka.clients.NetworkClient - [Consumer clientId=consumer-test-group-1, groupId=test-group] Received METADATA response from node 1 for request with header RequestHeader(apiKey=METADATA, apiVersion=12, clientId=consumer-test-group-1, correlationId=4, headerVersion=2): MetadataResponseData(throttleTimeMs=0, brokers=[MetadataResponseBroker(nodeId=1, host='localhost', port=32785, rack=null)], clusterId='TXr5IlL8TRaRAG9J5qJ7AA', controllerId=1, topics=[MetadataResponseTopic(errorCode=0, name='weather-test', topicId=IK-IRREDT36UWXmOYsfjAw, isInternal=false, partitions=[MetadataResponsePartition(errorCode=0, partitionIndex=0, leaderId=1, leaderEpoch=0, replicaNodes=[1], isrNodes=[1], offlineReplicas=[])], topicAuthorizedOperations=-2147483648)], clusterAuthorizedOperations=-2147483648)
17:34:45.510 [main] DEBUG org.apache.kafka.clients.Metadata - [Consumer clientId=consumer-test-group-1, groupId=test-group] Updating last seen epoch for partition weather-test-0 from 0 to epoch 0 from new metadata
17:34:45.510 [main] DEBUG org.apache.kafka.clients.Metadata - [Consumer clientId=consumer-test-group-1, groupId=test-group] Updated cluster metadata updateVersion 3 to MetadataCache{clusterId='TXr5IlL8TRaRAG9J5qJ7AA', nodes={1=localhost:32785 (id: 1 rack: null)}, partitions=[PartitionMetadata(error=NONE, partition=weather-test-0, leader=Optional[1], leaderEpoch=Optional[0], replicas=1, isr=1, offlineReplicas=)], controller=localhost:32785 (id: 1 rack: null)}
17:34:45.510 [main] DEBUG org.apache.kafka.clients.consumer.internals.ConsumerCoordinator - [Consumer clientId=consumer-test-group-1, groupId=test-group] Sending FindCoordinator request to broker localhost:32785 (id: 1 rack: null)
17:34:45.510 [main] DEBUG org.apache.kafka.clients.NetworkClient - [Consumer clientId=consumer-test-group-1, groupId=test-group] Sending FIND_COORDINATOR request with header RequestHeader(apiKey=FIND_COORDINATOR, apiVersion=4, clientId=consumer-test-group-1, correlationId=5, headerVersion=2) and timeout 30000 to node 1: FindCoordinatorRequestData(key='', keyType=0, coordinatorKeys=[test-group])
17:34:45.516 [main] DEBUG org.apache.kafka.clients.NetworkClient - [Consumer clientId=consumer-test-group-1, groupId=test-group] Received FIND_COORDINATOR response from node 1 for request with header RequestHeader(apiKey=FIND_COORDINATOR, apiVersion=4, clientId=consumer-test-group-1, correlationId=5, headerVersion=2): FindCoordinatorResponseData(throttleTimeMs=0, errorCode=0, errorMessage='', nodeId=0, host='', port=0, coordinators=[Coordinator(key='test-group', nodeId=1, host='localhost', port=32785, errorCode=0, errorMessage='')])
17:34:45.516 [main] DEBUG org.apache.kafka.clients.consumer.internals.ConsumerCoordinator - [Consumer clientId=consumer-test-group-1, groupId=test-group] Received FindCoordinator response ClientResponse(receivedTimeMs=1734712485516, latencyMs=6, disconnected=false, timedOut=false, requestHeader=RequestHeader(apiKey=FIND_COORDINATOR, apiVersion=4, clientId=consumer-test-group-1, correlationId=5, headerVersion=2), responseBody=FindCoordinatorResponseData(throttleTimeMs=0, errorCode=0, errorMessage='', nodeId=0, host='', port=0, coordinators=[Coordinator(key='test-group', nodeId=1, host='localhost', port=32785, errorCode=0, errorMessage='')]))
17:34:45.516 [main] INFO org.apache.kafka.clients.consumer.internals.ConsumerCoordinator - [Consumer clientId=consumer-test-group-1, groupId=test-group] Discovered group coordinator localhost:32785 (id: 2147483646 rack: null)
17:34:45.517 [main] DEBUG org.apache.kafka.clients.ClientUtils - Resolved host localhost as 127.0.0.1
17:34:45.517 [main] DEBUG org.apache.kafka.clients.NetworkClient - [Consumer clientId=consumer-test-group-1, groupId=test-group] Initiating connection to node localhost:32785 (id: 2147483646 rack: null) using address localhost/127.0.0.1
17:34:45.519 [main] DEBUG org.apache.kafka.clients.consumer.internals.ConsumerCoordinator - [Consumer clientId=consumer-test-group-1, groupId=test-group] Executing onJoinPrepare with generation -1 and memberId 
17:34:45.519 [kafka-coordinator-heartbeat-thread | test-group] DEBUG org.apache.kafka.clients.consumer.internals.ConsumerCoordinator - [Consumer clientId=consumer-test-group-1, groupId=test-group] Heartbeat thread started
17:34:45.519 [main] DEBUG org.apache.kafka.clients.consumer.internals.ConsumerCoordinator - [Consumer clientId=consumer-test-group-1, groupId=test-group] Marking assigned partitions pending for revocation: []
17:34:45.521 [main] DEBUG org.apache.kafka.clients.consumer.internals.ConsumerCoordinator - [Consumer clientId=consumer-test-group-1, groupId=test-group] Sending asynchronous auto-commit of offsets {}
17:34:45.524 [main] DEBUG org.apache.kafka.common.network.Selector - [Consumer clientId=consumer-test-group-1, groupId=test-group] Created socket with SO_RCVBUF = 65536, SO_SNDBUF = 131072, SO_TIMEOUT = 0 to node 2147483646
17:34:45.524 [main] DEBUG org.apache.kafka.clients.NetworkClient - [Consumer clientId=consumer-test-group-1, groupId=test-group] Completed connection to node 2147483646. Fetching API versions.
17:34:45.524 [main] DEBUG org.apache.kafka.clients.NetworkClient - [Consumer clientId=consumer-test-group-1, groupId=test-group] Initiating API versions fetch from node 2147483646.
17:34:45.524 [main] DEBUG org.apache.kafka.clients.NetworkClient - [Consumer clientId=consumer-test-group-1, groupId=test-group] Sending API_VERSIONS request with header RequestHeader(apiKey=API_VERSIONS, apiVersion=3, clientId=consumer-test-group-1, correlationId=6, headerVersion=2) and timeout 30000 to node 2147483646: ApiVersionsRequestData(clientSoftwareName='apache-kafka-java', clientSoftwareVersion='3.6.0')
17:34:45.525 [main] INFO org.apache.kafka.clients.consumer.internals.ConsumerCoordinator - [Consumer clientId=consumer-test-group-1, groupId=test-group] (Re-)joining group
17:34:45.526 [main] DEBUG org.apache.kafka.clients.consumer.internals.ConsumerCoordinator - [Consumer clientId=consumer-test-group-1, groupId=test-group] Joining group with current subscription: [weather-test]
17:34:45.532 [main] DEBUG org.apache.kafka.clients.consumer.internals.ConsumerCoordinator - [Consumer clientId=consumer-test-group-1, groupId=test-group] Sending JoinGroup (JoinGroupRequestData(groupId='test-group', sessionTimeoutMs=45000, rebalanceTimeoutMs=300000, memberId='', groupInstanceId=null, protocolType='consumer', protocols=[JoinGroupRequestProtocol(name='range', metadata=[0, 3, 0, 0, 0, 1, 0, 12, 119, 101, 97, 116, 104, 101, 114, 45, 116, 101, 115, 116, -1, -1, -1, -1, 0, 0, 0, 0, -1, -1, -1, -1, -1, -1]), JoinGroupRequestProtocol(name='cooperative-sticky', metadata=[0, 3, 0, 0, 0, 1, 0, 12, 119, 101, 97, 116, 104, 101, 114, 45, 116, 101, 115, 116, 0, 0, 0, 4, -1, -1, -1, -1, 0, 0, 0, 0, -1, -1, -1, -1, -1, -1])], reason='')) to coordinator localhost:32785 (id: 2147483646 rack: null)
17:34:45.534 [main] DEBUG org.apache.kafka.clients.NetworkClient - [Consumer clientId=consumer-test-group-1, groupId=test-group] Received API_VERSIONS response from node 2147483646 for request with header RequestHeader(apiKey=API_VERSIONS, apiVersion=3, clientId=consumer-test-group-1, correlationId=6, headerVersion=2): ApiVersionsResponseData(errorCode=0, apiKeys=[ApiVersion(apiKey=0, minVersion=0, maxVersion=9), ApiVersion(apiKey=1, minVersion=0, maxVersion=13), ApiVersion(apiKey=2, minVersion=0, maxVersion=7), ApiVersion(apiKey=3, minVersion=0, maxVersion=12), ApiVersion(apiKey=4, minVersion=0, maxVersion=7), ApiVersion(apiKey=5, minVersion=0, maxVersion=4), ApiVersion(apiKey=6, minVersion=0, maxVersion=8), ApiVersion(apiKey=7, minVersion=0, maxVersion=3), ApiVersion(apiKey=8, minVersion=0, maxVersion=8), ApiVersion(apiKey=9, minVersion=0, maxVersion=8), ApiVersion(apiKey=10, minVersion=0, maxVersion=4), ApiVersion(apiKey=11, minVersion=0, maxVersion=9), ApiVersion(apiKey=12, minVersion=0, maxVersion=4), ApiVersion(apiKey=13, minVersion=0, maxVersion=5), ApiVersion(apiKey=14, minVersion=0, maxVersion=5), ApiVersion(apiKey=15, minVersion=0, maxVersion=5), ApiVersion(apiKey=16, minVersion=0, maxVersion=4), ApiVersion(apiKey=17, minVersion=0, maxVersion=1), ApiVersion(apiKey=18, minVersion=0, maxVersion=3), ApiVersion(apiKey=19, minVersion=0, maxVersion=7), ApiVersion(apiKey=20, minVersion=0, maxVersion=6), ApiVersion(apiKey=21, minVersion=0, maxVersion=2), ApiVersion(apiKey=22, minVersion=0, maxVersion=4), ApiVersion(apiKey=23, minVersion=0, maxVersion=4), ApiVersion(apiKey=24, minVersion=0, maxVersion=3), ApiVersion(apiKey=25, minVersion=0, maxVersion=3), ApiVersion(apiKey=26, minVersion=0, maxVersion=3), ApiVersion(apiKey=27, minVersion=0, maxVersion=1), ApiVersion(apiKey=28, minVersion=0, maxVersion=3), ApiVersion(apiKey=29, minVersion=0, maxVersion=3), ApiVersion(apiKey=30, minVersion=0, maxVersion=3), ApiVersion(apiKey=31, minVersion=0, maxVersion=3), ApiVersion(apiKey=32, minVersion=0, maxVersion=4), ApiVersion(apiKey=33, minVersion=0, maxVersion=2), ApiVersion(apiKey=34, minVersion=0, maxVersion=2), ApiVersion(apiKey=35, minVersion=0, maxVersion=4), ApiVersion(apiKey=36, minVersion=0, maxVersion=2), ApiVersion(apiKey=37, minVersion=0, maxVersion=3), ApiVersion(apiKey=38, minVersion=0, maxVersion=3), ApiVersion(apiKey=39, minVersion=0, maxVersion=2), ApiVersion(apiKey=40, minVersion=0, maxVersion=2), ApiVersion(apiKey=41, minVersion=0, maxVersion=3), ApiVersion(apiKey=42, minVersion=0, maxVersion=2), ApiVersion(apiKey=43, minVersion=0, maxVersion=2), ApiVersion(apiKey=44, minVersion=0, maxVersion=1), ApiVersion(apiKey=45, minVersion=0, maxVersion=0), ApiVersion(apiKey=46, minVersion=0, maxVersion=0), ApiVersion(apiKey=47, minVersion=0, maxVersion=0), ApiVersion(apiKey=48, minVersion=0, maxVersion=1), ApiVersion(apiKey=49, minVersion=0, maxVersion=1), ApiVersion(apiKey=50, minVersion=0, maxVersion=0), ApiVersion(apiKey=51, minVersion=0, maxVersion=0), ApiVersion(apiKey=56, minVersion=0, maxVersion=2), ApiVersion(apiKey=57, minVersion=0, maxVersion=1), ApiVersion(apiKey=58, minVersion=0, maxVersion=0), ApiVersion(apiKey=60, minVersion=0, maxVersion=0), ApiVersion(apiKey=61, minVersion=0, maxVersion=0), ApiVersion(apiKey=65, minVersion=0, maxVersion=0), ApiVersion(apiKey=66, minVersion=0, maxVersion=0), ApiVersion(apiKey=67, minVersion=0, maxVersion=0)], throttleTimeMs=0, supportedFeatures=[], finalizedFeaturesEpoch=0, finalizedFeatures=[], zkMigrationReady=false)
17:34:45.536 [main] DEBUG org.apache.kafka.clients.NetworkClient - [Consumer clientId=consumer-test-group-1, groupId=test-group] Node 2147483646 has finalized features epoch: 0, finalized features: [], supported features: [], ZK migration ready: false, API versions: (Produce(0): 0 to 9 [usable: 9], Fetch(1): 0 to 13 [usable: 13], ListOffsets(2): 0 to 7 [usable: 7], Metadata(3): 0 to 12 [usable: 12], LeaderAndIsr(4): 0 to 7 [usable: 7], StopReplica(5): 0 to 4 [usable: 4], UpdateMetadata(6): 0 to 8 [usable: 8], ControlledShutdown(7): 0 to 3 [usable: 3], OffsetCommit(8): 0 to 8 [usable: 8], OffsetFetch(9): 0 to 8 [usable: 8], FindCoordinator(10): 0 to 4 [usable: 4], JoinGroup(11): 0 to 9 [usable: 9], Heartbeat(12): 0 to 4 [usable: 4], LeaveGroup(13): 0 to 5 [usable: 5], SyncGroup(14): 0 to 5 [usable: 5], DescribeGroups(15): 0 to 5 [usable: 5], ListGroups(16): 0 to 4 [usable: 4], SaslHandshake(17): 0 to 1 [usable: 1], ApiVersions(18): 0 to 3 [usable: 3], CreateTopics(19): 0 to 7 [usable: 7], DeleteTopics(20): 0 to 6 [usable: 6], DeleteRecords(21): 0 to 2 [usable: 2], InitProducerId(22): 0 to 4 [usable: 4], OffsetForLeaderEpoch(23): 0 to 4 [usable: 4], AddPartitionsToTxn(24): 0 to 3 [usable: 3], AddOffsetsToTxn(25): 0 to 3 [usable: 3], EndTxn(26): 0 to 3 [usable: 3], WriteTxnMarkers(27): 0 to 1 [usable: 1], TxnOffsetCommit(28): 0 to 3 [usable: 3], DescribeAcls(29): 0 to 3 [usable: 3], CreateAcls(30): 0 to 3 [usable: 3], DeleteAcls(31): 0 to 3 [usable: 3], DescribeConfigs(32): 0 to 4 [usable: 4], AlterConfigs(33): 0 to 2 [usable: 2], AlterReplicaLogDirs(34): 0 to 2 [usable: 2], DescribeLogDirs(35): 0 to 4 [usable: 4], SaslAuthenticate(36): 0 to 2 [usable: 2], CreatePartitions(37): 0 to 3 [usable: 3], CreateDelegationToken(38): 0 to 3 [usable: 3], RenewDelegationToken(39): 0 to 2 [usable: 2], ExpireDelegationToken(40): 0 to 2 [usable: 2], DescribeDelegationToken(41): 0 to 3 [usable: 3], DeleteGroups(42): 0 to 2 [usable: 2], ElectLeaders(43): 0 to 2 [usable: 2], IncrementalAlterConfigs(44): 0 to 1 [usable: 1], AlterPartitionReassignments(45): 0 [usable: 0], ListPartitionReassignments(46): 0 [usable: 0], OffsetDelete(47): 0 [usable: 0], DescribeClientQuotas(48): 0 to 1 [usable: 1], AlterClientQuotas(49): 0 to 1 [usable: 1], DescribeUserScramCredentials(50): 0 [usable: 0], AlterUserScramCredentials(51): 0 [usable: 0], DescribeQuorum(55): UNSUPPORTED, AlterPartition(56): 0 to 2 [usable: 2], UpdateFeatures(57): 0 to 1 [usable: 1], Envelope(58): 0 [usable: 0], DescribeCluster(60): 0 [usable: 0], DescribeProducers(61): 0 [usable: 0], UnregisterBroker(64): UNSUPPORTED, DescribeTransactions(65): 0 [usable: 0], ListTransactions(66): 0 [usable: 0], AllocateProducerIds(67): 0 [usable: 0], ConsumerGroupHeartbeat(68): UNSUPPORTED).
17:34:45.536 [main] DEBUG org.apache.kafka.clients.NetworkClient - [Consumer clientId=consumer-test-group-1, groupId=test-group] Sending JOIN_GROUP request with header RequestHeader(apiKey=JOIN_GROUP, apiVersion=9, clientId=consumer-test-group-1, correlationId=7, headerVersion=2) and timeout 305000 to node 2147483646: JoinGroupRequestData(groupId='test-group', sessionTimeoutMs=45000, rebalanceTimeoutMs=300000, memberId='', groupInstanceId=null, protocolType='consumer', protocols=[JoinGroupRequestProtocol(name='range', metadata=[0, 3, 0, 0, 0, 1, 0, 12, 119, 101, 97, 116, 104, 101, 114, 45, 116, 101, 115, 116, -1, -1, -1, -1, 0, 0, 0, 0, -1, -1, -1, -1, -1, -1]), JoinGroupRequestProtocol(name='cooperative-sticky', metadata=[0, 3, 0, 0, 0, 1, 0, 12, 119, 101, 97, 116, 104, 101, 114, 45, 116, 101, 115, 116, 0, 0, 0, 4, -1, -1, -1, -1, 0, 0, 0, 0, -1, -1, -1, -1, -1, -1])], reason='')
17:34:45.541 [main] DEBUG org.apache.kafka.clients.consumer.internals.ConsumerCoordinator - [Consumer clientId=consumer-test-group-1, groupId=test-group] Completed asynchronous auto-commit of offsets {}
17:34:45.566 [main] DEBUG org.apache.kafka.clients.NetworkClient - [Consumer clientId=consumer-test-group-1, groupId=test-group] Received JOIN_GROUP response from node 2147483646 for request with header RequestHeader(apiKey=JOIN_GROUP, apiVersion=9, clientId=consumer-test-group-1, correlationId=7, headerVersion=2): JoinGroupResponseData(throttleTimeMs=0, errorCode=79, generationId=-1, protocolType=null, protocolName=null, leader='', skipAssignment=false, memberId='consumer-test-group-1-f96f2c30-95a0-405d-a911-15fa4f9528ae', members=[])
17:34:45.566 [main] DEBUG org.apache.kafka.clients.consumer.internals.ConsumerCoordinator - [Consumer clientId=consumer-test-group-1, groupId=test-group] JoinGroup failed due to non-fatal error: MEMBER_ID_REQUIRED. Will set the member id as consumer-test-group-1-f96f2c30-95a0-405d-a911-15fa4f9528ae and then rejoin. Sent generation was Generation{generationId=-1, memberId='', protocol='null'}
17:34:45.566 [main] INFO org.apache.kafka.clients.consumer.internals.ConsumerCoordinator - [Consumer clientId=consumer-test-group-1, groupId=test-group] Request joining group due to: need to re-join with the given member-id: consumer-test-group-1-f96f2c30-95a0-405d-a911-15fa4f9528ae
17:34:45.567 [main] INFO org.apache.kafka.clients.consumer.internals.ConsumerCoordinator - [Consumer clientId=consumer-test-group-1, groupId=test-group] Request joining group due to: rebalance failed due to 'The group member needs to have a valid member id before actually entering a consumer group.' (MemberIdRequiredException)
17:34:45.567 [main] INFO org.apache.kafka.clients.consumer.internals.ConsumerCoordinator - [Consumer clientId=consumer-test-group-1, groupId=test-group] (Re-)joining group
17:34:45.567 [main] DEBUG org.apache.kafka.clients.consumer.internals.ConsumerCoordinator - [Consumer clientId=consumer-test-group-1, groupId=test-group] Joining group with current subscription: [weather-test]
17:34:45.567 [main] DEBUG org.apache.kafka.clients.consumer.internals.ConsumerCoordinator - [Consumer clientId=consumer-test-group-1, groupId=test-group] Sending JoinGroup (JoinGroupRequestData(groupId='test-group', sessionTimeoutMs=45000, rebalanceTimeoutMs=300000, memberId='consumer-test-group-1-f96f2c30-95a0-405d-a911-15fa4f9528ae', groupInstanceId=null, protocolType='consumer', protocols=[JoinGroupRequestProtocol(name='range', metadata=[0, 3, 0, 0, 0, 1, 0, 12, 119, 101, 97, 116, 104, 101, 114, 45, 116, 101, 115, 116, -1, -1, -1, -1, 0, 0, 0, 0, -1, -1, -1, -1, -1, -1]), JoinGroupRequestProtocol(name='cooperative-sticky', metadata=[0, 3, 0, 0, 0, 1, 0, 12, 119, 101, 97, 116, 104, 101, 114, 45, 116, 101, 115, 116, 0, 0, 0, 4, -1, -1, -1, -1, 0, 0, 0, 0, -1, -1, -1, -1, -1, -1])], reason='rebalance failed due to MemberIdRequiredException')) to coordinator localhost:32785 (id: 2147483646 rack: null)
17:34:45.567 [main] DEBUG org.apache.kafka.clients.NetworkClient - [Consumer clientId=consumer-test-group-1, groupId=test-group] Sending JOIN_GROUP request with header RequestHeader(apiKey=JOIN_GROUP, apiVersion=9, clientId=consumer-test-group-1, correlationId=8, headerVersion=2) and timeout 305000 to node 2147483646: JoinGroupRequestData(groupId='test-group', sessionTimeoutMs=45000, rebalanceTimeoutMs=300000, memberId='consumer-test-group-1-f96f2c30-95a0-405d-a911-15fa4f9528ae', groupInstanceId=null, protocolType='consumer', protocols=[JoinGroupRequestProtocol(name='range', metadata=[0, 3, 0, 0, 0, 1, 0, 12, 119, 101, 97, 116, 104, 101, 114, 45, 116, 101, 115, 116, -1, -1, -1, -1, 0, 0, 0, 0, -1, -1, -1, -1, -1, -1]), JoinGroupRequestProtocol(name='cooperative-sticky', metadata=[0, 3, 0, 0, 0, 1, 0, 12, 119, 101, 97, 116, 104, 101, 114, 45, 116, 101, 115, 116, 0, 0, 0, 4, -1, -1, -1, -1, 0, 0, 0, 0, -1, -1, -1, -1, -1, -1])], reason='rebalance failed due to MemberIdRequiredException')
17:34:45.596 [main] DEBUG org.apache.kafka.clients.NetworkClient - [Consumer clientId=consumer-test-group-1, groupId=test-group] Received JOIN_GROUP response from node 2147483646 for request with header RequestHeader(apiKey=JOIN_GROUP, apiVersion=9, clientId=consumer-test-group-1, correlationId=8, headerVersion=2): JoinGroupResponseData(throttleTimeMs=0, errorCode=0, generationId=1, protocolType='consumer', protocolName='range', leader='consumer-test-group-1-f96f2c30-95a0-405d-a911-15fa4f9528ae', skipAssignment=false, memberId='consumer-test-group-1-f96f2c30-95a0-405d-a911-15fa4f9528ae', members=[JoinGroupResponseMember(memberId='consumer-test-group-1-f96f2c30-95a0-405d-a911-15fa4f9528ae', groupInstanceId=null, metadata=[0, 3, 0, 0, 0, 1, 0, 12, 119, 101, 97, 116, 104, 101, 114, 45, 116, 101, 115, 116, -1, -1, -1, -1, 0, 0, 0, 0, -1, -1, -1, -1, -1, -1])])
17:34:45.597 [main] DEBUG org.apache.kafka.clients.consumer.internals.ConsumerCoordinator - [Consumer clientId=consumer-test-group-1, groupId=test-group] Received successful JoinGroup response: JoinGroupResponseData(throttleTimeMs=0, errorCode=0, generationId=1, protocolType='consumer', protocolName='range', leader='consumer-test-group-1-f96f2c30-95a0-405d-a911-15fa4f9528ae', skipAssignment=false, memberId='consumer-test-group-1-f96f2c30-95a0-405d-a911-15fa4f9528ae', members=[JoinGroupResponseMember(memberId='consumer-test-group-1-f96f2c30-95a0-405d-a911-15fa4f9528ae', groupInstanceId=null, metadata=[0, 3, 0, 0, 0, 1, 0, 12, 119, 101, 97, 116, 104, 101, 114, 45, 116, 101, 115, 116, -1, -1, -1, -1, 0, 0, 0, 0, -1, -1, -1, -1, -1, -1])])
17:34:45.597 [main] DEBUG org.apache.kafka.clients.consumer.internals.ConsumerCoordinator - [Consumer clientId=consumer-test-group-1, groupId=test-group] Enabling heartbeat thread
17:34:45.597 [main] INFO org.apache.kafka.clients.consumer.internals.ConsumerCoordinator - [Consumer clientId=consumer-test-group-1, groupId=test-group] Successfully joined group with generation Generation{generationId=1, memberId='consumer-test-group-1-f96f2c30-95a0-405d-a911-15fa4f9528ae', protocol='range'}
17:34:45.598 [main] DEBUG org.apache.kafka.clients.consumer.internals.ConsumerCoordinator - [Consumer clientId=consumer-test-group-1, groupId=test-group] Performing assignment using strategy range with subscriptions {consumer-test-group-1-f96f2c30-95a0-405d-a911-15fa4f9528ae=Subscription(topics=[weather-test], ownedPartitions=[], groupInstanceId=null, generationId=-1, rackId=null)}
17:34:45.608 [main] INFO org.apache.kafka.clients.consumer.internals.ConsumerCoordinator - [Consumer clientId=consumer-test-group-1, groupId=test-group] Finished assignment for group at generation 1: {consumer-test-group-1-f96f2c30-95a0-405d-a911-15fa4f9528ae=Assignment(partitions=[weather-test-0])}
17:34:45.610 [main] DEBUG org.apache.kafka.clients.consumer.internals.ConsumerCoordinator - [Consumer clientId=consumer-test-group-1, groupId=test-group] Sending leader SyncGroup to coordinator localhost:32785 (id: 2147483646 rack: null): SyncGroupRequestData(groupId='test-group', generationId=1, memberId='consumer-test-group-1-f96f2c30-95a0-405d-a911-15fa4f9528ae', groupInstanceId=null, protocolType='consumer', protocolName='range', assignments=[SyncGroupRequestAssignment(memberId='consumer-test-group-1-f96f2c30-95a0-405d-a911-15fa4f9528ae', assignment=[0, 3, 0, 0, 0, 1, 0, 12, 119, 101, 97, 116, 104, 101, 114, 45, 116, 101, 115, 116, 0, 0, 0, 1, 0, 0, 0, 0, -1, -1, -1, -1])])
17:34:45.611 [kafka-coordinator-heartbeat-thread | test-group] DEBUG org.apache.kafka.clients.NetworkClient - [Consumer clientId=consumer-test-group-1, groupId=test-group] Sending SYNC_GROUP request with header RequestHeader(apiKey=SYNC_GROUP, apiVersion=5, clientId=consumer-test-group-1, correlationId=9, headerVersion=2) and timeout 30000 to node 2147483646: SyncGroupRequestData(groupId='test-group', generationId=1, memberId='consumer-test-group-1-f96f2c30-95a0-405d-a911-15fa4f9528ae', groupInstanceId=null, protocolType='consumer', protocolName='range', assignments=[SyncGroupRequestAssignment(memberId='consumer-test-group-1-f96f2c30-95a0-405d-a911-15fa4f9528ae', assignment=[0, 3, 0, 0, 0, 1, 0, 12, 119, 101, 97, 116, 104, 101, 114, 45, 116, 101, 115, 116, 0, 0, 0, 1, 0, 0, 0, 0, -1, -1, -1, -1])])
17:34:45.646 [main] DEBUG org.apache.kafka.clients.NetworkClient - [Consumer clientId=consumer-test-group-1, groupId=test-group] Received SYNC_GROUP response from node 2147483646 for request with header RequestHeader(apiKey=SYNC_GROUP, apiVersion=5, clientId=consumer-test-group-1, correlationId=9, headerVersion=2): SyncGroupResponseData(throttleTimeMs=0, errorCode=0, protocolType='consumer', protocolName='range', assignment=[0, 3, 0, 0, 0, 1, 0, 12, 119, 101, 97, 116, 104, 101, 114, 45, 116, 101, 115, 116, 0, 0, 0, 1, 0, 0, 0, 0, -1, -1, -1, -1])
17:34:45.646 [main] DEBUG org.apache.kafka.clients.consumer.internals.ConsumerCoordinator - [Consumer clientId=consumer-test-group-1, groupId=test-group] Received successful SyncGroup response: SyncGroupResponseData(throttleTimeMs=0, errorCode=0, protocolType='consumer', protocolName='range', assignment=[0, 3, 0, 0, 0, 1, 0, 12, 119, 101, 97, 116, 104, 101, 114, 45, 116, 101, 115, 116, 0, 0, 0, 1, 0, 0, 0, 0, -1, -1, -1, -1])
17:34:45.646 [main] INFO org.apache.kafka.clients.consumer.internals.ConsumerCoordinator - [Consumer clientId=consumer-test-group-1, groupId=test-group] Successfully synced group in generation Generation{generationId=1, memberId='consumer-test-group-1-f96f2c30-95a0-405d-a911-15fa4f9528ae', protocol='range'}
17:34:45.647 [main] DEBUG org.apache.kafka.clients.consumer.internals.ConsumerCoordinator - [Consumer clientId=consumer-test-group-1, groupId=test-group] Executing onJoinComplete with generation 1 and memberId consumer-test-group-1-f96f2c30-95a0-405d-a911-15fa4f9528ae
17:34:45.647 [main] INFO org.apache.kafka.clients.consumer.internals.ConsumerCoordinator - [Consumer clientId=consumer-test-group-1, groupId=test-group] Notifying assignor about the new Assignment(partitions=[weather-test-0])
17:34:45.651 [main] INFO org.apache.kafka.clients.consumer.internals.ConsumerCoordinator - [Consumer clientId=consumer-test-group-1, groupId=test-group] Adding newly assigned partitions: weather-test-0
17:34:45.655 [main] DEBUG org.apache.kafka.clients.consumer.internals.ConsumerCoordinator - [Consumer clientId=consumer-test-group-1, groupId=test-group] Fetching committed offsets for partitions: [weather-test-0]
17:34:45.657 [main] DEBUG org.apache.kafka.clients.NetworkClient - [Consumer clientId=consumer-test-group-1, groupId=test-group] Sending OFFSET_FETCH request with header RequestHeader(apiKey=OFFSET_FETCH, apiVersion=8, clientId=consumer-test-group-1, correlationId=10, headerVersion=2) and timeout 30000 to node 2147483646: OffsetFetchRequestData(groupId='', topics=[], groups=[OffsetFetchRequestGroup(groupId='test-group', topics=[OffsetFetchRequestTopics(name='weather-test', partitionIndexes=[0])])], requireStable=true)
17:34:45.673 [main] DEBUG org.apache.kafka.clients.NetworkClient - [Consumer clientId=consumer-test-group-1, groupId=test-group] Received OFFSET_FETCH response from node 2147483646 for request with header RequestHeader(apiKey=OFFSET_FETCH, apiVersion=8, clientId=consumer-test-group-1, correlationId=10, headerVersion=2): OffsetFetchResponseData(throttleTimeMs=0, topics=[], errorCode=0, groups=[OffsetFetchResponseGroup(groupId='test-group', topics=[OffsetFetchResponseTopics(name='weather-test', partitions=[OffsetFetchResponsePartitions(partitionIndex=0, committedOffset=-1, committedLeaderEpoch=-1, metadata='', errorCode=0)])], errorCode=0)])
17:34:45.674 [main] INFO org.apache.kafka.clients.consumer.internals.ConsumerCoordinator - [Consumer clientId=consumer-test-group-1, groupId=test-group] Found no committed offset for partition weather-test-0
17:34:45.677 [main] DEBUG org.apache.kafka.clients.consumer.internals.OffsetFetcher - [Consumer clientId=consumer-test-group-1, groupId=test-group] Sending ListOffsetRequest ListOffsetsRequestData(replicaId=-1, isolationLevel=0, topics=[ListOffsetsTopic(name='weather-test', partitions=[ListOffsetsPartition(partitionIndex=0, currentLeaderEpoch=0, timestamp=-2, maxNumOffsets=1)])]) to broker localhost:32785 (id: 1 rack: null)
17:34:45.679 [main] DEBUG org.apache.kafka.clients.NetworkClient - [Consumer clientId=consumer-test-group-1, groupId=test-group] Sending LIST_OFFSETS request with header RequestHeader(apiKey=LIST_OFFSETS, apiVersion=7, clientId=consumer-test-group-1, correlationId=11, headerVersion=2) and timeout 30000 to node 1: ListOffsetsRequestData(replicaId=-1, isolationLevel=0, topics=[ListOffsetsTopic(name='weather-test', partitions=[ListOffsetsPartition(partitionIndex=0, currentLeaderEpoch=0, timestamp=-2, maxNumOffsets=1)])])
17:34:45.696 [main] DEBUG org.apache.kafka.clients.NetworkClient - [Consumer clientId=consumer-test-group-1, groupId=test-group] Received LIST_OFFSETS response from node 1 for request with header RequestHeader(apiKey=LIST_OFFSETS, apiVersion=7, clientId=consumer-test-group-1, correlationId=11, headerVersion=2): ListOffsetsResponseData(throttleTimeMs=0, topics=[ListOffsetsTopicResponse(name='weather-test', partitions=[ListOffsetsPartitionResponse(partitionIndex=0, errorCode=0, oldStyleOffsets=[], timestamp=-1, offset=0, leaderEpoch=0)])])
17:34:45.698 [main] DEBUG org.apache.kafka.clients.consumer.internals.OffsetFetcherUtils - [Consumer clientId=consumer-test-group-1, groupId=test-group] Handling ListOffsetResponse response for weather-test-0. Fetched offset 0, timestamp -1
17:34:45.700 [main] DEBUG org.apache.kafka.clients.Metadata - [Consumer clientId=consumer-test-group-1, groupId=test-group] Not replacing existing epoch 0 with new epoch 0 for partition weather-test-0
17:34:45.701 [main] INFO org.apache.kafka.clients.consumer.internals.SubscriptionState - [Consumer clientId=consumer-test-group-1, groupId=test-group] Resetting offset for partition weather-test-0 to position FetchPosition{offset=0, offsetEpoch=Optional.empty, currentLeader=LeaderAndEpoch{leader=Optional[localhost:32785 (id: 1 rack: null)], epoch=0}}.
17:34:45.705 [main] DEBUG org.apache.kafka.clients.consumer.internals.AbstractFetch - [Consumer clientId=consumer-test-group-1, groupId=test-group] Added READ_UNCOMMITTED fetch request for partition weather-test-0 at position FetchPosition{offset=0, offsetEpoch=Optional.empty, currentLeader=LeaderAndEpoch{leader=Optional[localhost:32785 (id: 1 rack: null)], epoch=0}} to node localhost:32785 (id: 1 rack: null)
17:34:45.705 [main] DEBUG org.apache.kafka.clients.FetchSessionHandler - [Consumer clientId=consumer-test-group-1, groupId=test-group] Built full fetch (sessionId=INVALID, epoch=INITIAL) for node 1 with 1 partition(s).
17:34:45.706 [main] DEBUG org.apache.kafka.clients.consumer.internals.AbstractFetch - [Consumer clientId=consumer-test-group-1, groupId=test-group] Sending READ_UNCOMMITTED FullFetchRequest(toSend=(weather-test-0), canUseTopicIds=True) to broker localhost:32785 (id: 1 rack: null)
17:34:45.706 [main] DEBUG org.apache.kafka.clients.consumer.internals.AbstractFetch - [Consumer clientId=consumer-test-group-1, groupId=test-group] Adding pending request for node localhost:32785 (id: 1 rack: null)
17:34:45.708 [main] DEBUG org.apache.kafka.clients.NetworkClient - [Consumer clientId=consumer-test-group-1, groupId=test-group] Sending FETCH request with header RequestHeader(apiKey=FETCH, apiVersion=13, clientId=consumer-test-group-1, correlationId=12, headerVersion=2) and timeout 30000 to node 1: FetchRequestData(clusterId=null, replicaId=-1, replicaState=ReplicaState(replicaId=-1, replicaEpoch=-1), maxWaitMs=500, minBytes=1, maxBytes=52428800, isolationLevel=0, sessionId=0, sessionEpoch=0, topics=[FetchTopic(topic='weather-test', topicId=IK-IRREDT36UWXmOYsfjAw, partitions=[FetchPartition(partition=0, currentLeaderEpoch=0, fetchOffset=0, lastFetchedEpoch=-1, logStartOffset=-1, partitionMaxBytes=1048576)])], forgottenTopicsData=[], rackId='')
17:34:45.758 [main] DEBUG org.apache.kafka.clients.NetworkClient - [Consumer clientId=consumer-test-group-1, groupId=test-group] Received FETCH response from node 1 for request with header RequestHeader(apiKey=FETCH, apiVersion=13, clientId=consumer-test-group-1, correlationId=12, headerVersion=2): FetchResponseData(throttleTimeMs=0, errorCode=0, sessionId=2073558490, responses=[FetchableTopicResponse(topic='', topicId=IK-IRREDT36UWXmOYsfjAw, partitions=[PartitionData(partitionIndex=0, errorCode=0, highWatermark=1, lastStableOffset=1, logStartOffset=0, divergingEpoch=EpochEndOffset(epoch=-1, endOffset=-1), currentLeader=LeaderIdAndEpoch(leaderId=-1, leaderEpoch=-1), snapshotId=SnapshotId(endOffset=-1, epoch=-1), abortedTransactions=null, preferredReadReplica=-1, records=MemoryRecords(size=95, buffer=java.nio.HeapByteBuffer[pos=0 lim=95 cap=98]))])])
17:34:45.760 [main] DEBUG org.apache.kafka.clients.FetchSessionHandler - [Consumer clientId=consumer-test-group-1, groupId=test-group] Node 1 sent a full fetch response that created a new incremental fetch session 2073558490 with 1 response partition(s)
17:34:45.761 [main] DEBUG org.apache.kafka.clients.consumer.internals.AbstractFetch - [Consumer clientId=consumer-test-group-1, groupId=test-group] Fetch READ_UNCOMMITTED at offset 0 for partition weather-test-0 returned fetch data PartitionData(partitionIndex=0, errorCode=0, highWatermark=1, lastStableOffset=1, logStartOffset=0, divergingEpoch=EpochEndOffset(epoch=-1, endOffset=-1), currentLeader=LeaderIdAndEpoch(leaderId=-1, leaderEpoch=-1), snapshotId=SnapshotId(endOffset=-1, epoch=-1), abortedTransactions=null, preferredReadReplica=-1, records=MemoryRecords(size=95, buffer=java.nio.HeapByteBuffer[pos=0 lim=95 cap=98]))
17:34:45.762 [main] DEBUG org.apache.kafka.clients.consumer.internals.AbstractFetch - [Consumer clientId=consumer-test-group-1, groupId=test-group] Removing pending request for node localhost:32785 (id: 1 rack: null)
17:34:45.770 [main] DEBUG org.apache.kafka.clients.consumer.internals.AbstractFetch - [Consumer clientId=consumer-test-group-1, groupId=test-group] Added READ_UNCOMMITTED fetch request for partition weather-test-0 at position FetchPosition{offset=1, offsetEpoch=Optional[0], currentLeader=LeaderAndEpoch{leader=Optional[localhost:32785 (id: 1 rack: null)], epoch=0}} to node localhost:32785 (id: 1 rack: null)
17:34:45.770 [main] DEBUG org.apache.kafka.clients.FetchSessionHandler - [Consumer clientId=consumer-test-group-1, groupId=test-group] Built incremental fetch (sessionId=2073558490, epoch=1) for node 1. Added 0 partition(s), altered 1 partition(s), removed 0 partition(s), replaced 0 partition(s) out of 1 partition(s)
17:34:45.770 [main] DEBUG org.apache.kafka.clients.consumer.internals.AbstractFetch - [Consumer clientId=consumer-test-group-1, groupId=test-group] Sending READ_UNCOMMITTED IncrementalFetchRequest(toSend=(weather-test-0), toForget=(), toReplace=(), implied=(), canUseTopicIds=True) to broker localhost:32785 (id: 1 rack: null)
17:34:45.770 [main] DEBUG org.apache.kafka.clients.consumer.internals.AbstractFetch - [Consumer clientId=consumer-test-group-1, groupId=test-group] Adding pending request for node localhost:32785 (id: 1 rack: null)
17:34:45.770 [main] DEBUG org.apache.kafka.clients.NetworkClient - [Consumer clientId=consumer-test-group-1, groupId=test-group] Sending FETCH request with header RequestHeader(apiKey=FETCH, apiVersion=13, clientId=consumer-test-group-1, correlationId=13, headerVersion=2) and timeout 30000 to node 1: FetchRequestData(clusterId=null, replicaId=-1, replicaState=ReplicaState(replicaId=-1, replicaEpoch=-1), maxWaitMs=500, minBytes=1, maxBytes=52428800, isolationLevel=0, sessionId=2073558490, sessionEpoch=1, topics=[FetchTopic(topic='weather-test', topicId=IK-IRREDT36UWXmOYsfjAw, partitions=[FetchPartition(partition=0, currentLeaderEpoch=0, fetchOffset=1, lastFetchedEpoch=-1, logStartOffset=-1, partitionMaxBytes=1048576)])], forgottenTopicsData=[], rackId='')
]]></system-out>
  </testcase>
</testsuite>